[0.636s] Invoking command in '/home/ubuntu/software_intro_task_big_dir/software_intro_task/teleop_py': AMENT_PREFIX_PATH=/home/ubuntu/software_intro_task_big_dir/install/teleop_msgs:${AMENT_PREFIX_PATH} CMAKE_PREFIX_PATH=/home/ubuntu/software_intro_task_big_dir/install/teleop_msgs LD_LIBRARY_PATH=/home/ubuntu/software_intro_task_big_dir/install/teleop_msgs/lib:${LD_LIBRARY_PATH} PYTHONPATH=/home/ubuntu/software_intro_task_big_dir/build/teleop_py/prefix_override:/home/ubuntu/software_intro_task_big_dir/install/teleop_py/lib/python3.8/site-packages:/home/ubuntu/software_intro_task_big_dir/install/teleop_msgs/lib/python3.8/site-packages:${PYTHONPATH} /usr/bin/python3 setup.py egg_info --egg-base ../../build/teleop_py build --build-base /home/ubuntu/software_intro_task_big_dir/build/teleop_py/build install --record /home/ubuntu/software_intro_task_big_dir/build/teleop_py/install.log --single-version-externally-managed
[0.780s] running egg_info
[0.782s] writing ../../build/teleop_py/teleop_py.egg-info/PKG-INFO
[0.783s] writing dependency_links to ../../build/teleop_py/teleop_py.egg-info/dependency_links.txt
[0.783s] writing entry points to ../../build/teleop_py/teleop_py.egg-info/entry_points.txt
[0.784s] writing requirements to ../../build/teleop_py/teleop_py.egg-info/requires.txt
[0.785s] writing top-level names to ../../build/teleop_py/teleop_py.egg-info/top_level.txt
[0.814s] reading manifest file '../../build/teleop_py/teleop_py.egg-info/SOURCES.txt'
[0.815s] writing manifest file '../../build/teleop_py/teleop_py.egg-info/SOURCES.txt'
[0.816s] running build
[0.816s] running build_py
[0.817s] copying teleop_py/sevice_member_function.py -> /home/ubuntu/software_intro_task_big_dir/build/teleop_py/build/lib/teleop_py
[0.818s] copying teleop_py/teleop_py_node.py -> /home/ubuntu/software_intro_task_big_dir/build/teleop_py/build/lib/teleop_py
[0.819s] running install
[0.820s] running install_lib
[0.821s] copying /home/ubuntu/software_intro_task_big_dir/build/teleop_py/build/lib/teleop_py/sevice_member_function.py -> /home/ubuntu/software_intro_task_big_dir/install/teleop_py/lib/python3.8/site-packages/teleop_py
[0.823s] byte-compiling /home/ubuntu/software_intro_task_big_dir/install/teleop_py/lib/python3.8/site-packages/teleop_py/sevice_member_function.py to sevice_member_function.cpython-38.pyc
[0.825s] byte-compiling /home/ubuntu/software_intro_task_big_dir/install/teleop_py/lib/python3.8/site-packages/teleop_py/teleop_py_node.py to teleop_py_node.cpython-38.pyc
[0.826s] running install_data
[0.827s] copying param/teleop_py.yaml -> /home/ubuntu/software_intro_task_big_dir/install/teleop_py/share/teleop_py/param
[0.828s] running install_egg_info
[0.830s] removing '/home/ubuntu/software_intro_task_big_dir/install/teleop_py/lib/python3.8/site-packages/teleop_py-1.0.0-py3.8.egg-info' (and everything under it)
[0.839s] Copying ../../build/teleop_py/teleop_py.egg-info to /home/ubuntu/software_intro_task_big_dir/install/teleop_py/lib/python3.8/site-packages/teleop_py-1.0.0-py3.8.egg-info
[0.840s] running install_scripts
[0.851s] Installing service script to /home/ubuntu/software_intro_task_big_dir/install/teleop_py/lib/teleop_py
[0.852s] Installing teleop_py_node_exe script to /home/ubuntu/software_intro_task_big_dir/install/teleop_py/lib/teleop_py
[0.853s] writing list of installed files to '/home/ubuntu/software_intro_task_big_dir/build/teleop_py/install.log'
[0.872s] Invoked command in '/home/ubuntu/software_intro_task_big_dir/software_intro_task/teleop_py' returned '0': AMENT_PREFIX_PATH=/home/ubuntu/software_intro_task_big_dir/install/teleop_msgs:${AMENT_PREFIX_PATH} CMAKE_PREFIX_PATH=/home/ubuntu/software_intro_task_big_dir/install/teleop_msgs LD_LIBRARY_PATH=/home/ubuntu/software_intro_task_big_dir/install/teleop_msgs/lib:${LD_LIBRARY_PATH} PYTHONPATH=/home/ubuntu/software_intro_task_big_dir/build/teleop_py/prefix_override:/home/ubuntu/software_intro_task_big_dir/install/teleop_py/lib/python3.8/site-packages:/home/ubuntu/software_intro_task_big_dir/install/teleop_msgs/lib/python3.8/site-packages:${PYTHONPATH} /usr/bin/python3 setup.py egg_info --egg-base ../../build/teleop_py build --build-base /home/ubuntu/software_intro_task_big_dir/build/teleop_py/build install --record /home/ubuntu/software_intro_task_big_dir/build/teleop_py/install.log --single-version-externally-managed
