[0.301s] DEBUG:colcon:Command line arguments: ['/usr/bin/colcon', 'build', '--packages-select', 'teleop_msgs']
[0.301s] DEBUG:colcon:Parsed command line arguments: Namespace(allow_overriding=[], ament_cmake_args=None, base_paths=['.'], build_base='build', catkin_cmake_args=None, catkin_skip_building_tests=False, cmake_args=None, cmake_clean_cache=False, cmake_clean_first=False, cmake_force_configure=False, cmake_target=None, cmake_target_skip_unavailable=False, continue_on_error=False, event_handlers=None, executor='parallel', ignore_user_meta=False, install_base='install', log_base=None, log_level=None, main=<bound method BuildVerb.main of <colcon_core.verb.build.BuildVerb object at 0x7faf07d1d3d0>>, merge_install=False, metas=['./colcon.meta'], packages_above=None, packages_above_and_dependencies=None, packages_above_depth=None, packages_end=None, packages_ignore=None, packages_ignore_regex=None, packages_select=['teleop_msgs'], packages_select_build_failed=False, packages_select_by_dep=None, packages_select_regex=None, packages_select_test_failures=False, packages_skip=None, packages_skip_build_finished=False, packages_skip_by_dep=None, packages_skip_regex=None, packages_skip_test_passed=False, packages_skip_up_to=None, packages_start=None, packages_up_to=None, packages_up_to_regex=None, parallel_workers=16, paths=None, symlink_install=False, test_result_base=None, verb_extension=<colcon_core.verb.build.BuildVerb object at 0x7faf07d1d3d0>, verb_name='build', verb_parser=<colcon_defaults.argument_parser.defaults.DefaultArgumentsDecorator object at 0x7faf07d1d910>)
[0.325s] Level 1:colcon.colcon_core.package_discovery:discover_packages(colcon_meta) check parameters
[0.325s] Level 1:colcon.colcon_core.package_discovery:discover_packages(recursive) check parameters
[0.325s] Level 1:colcon.colcon_core.package_discovery:discover_packages(ignore) check parameters
[0.325s] Level 1:colcon.colcon_core.package_discovery:discover_packages(path) check parameters
[0.325s] Level 1:colcon.colcon_core.package_discovery:discover_packages(colcon_meta) discover
[0.326s] Level 1:colcon.colcon_core.package_discovery:discover_packages(recursive) discover
[0.326s] INFO:colcon.colcon_core.package_discovery:Crawling recursively for packages in '/home/tritonai/Documents/software_intro_task/software_intro_task_big_dir'
[0.326s] Level 1:colcon.colcon_core.package_identification:_identify(.) by extensions ['ignore', 'ignore_ament_install']
[0.326s] Level 1:colcon.colcon_core.package_identification:_identify(.) by extension 'ignore'
[0.326s] Level 1:colcon.colcon_core.package_identification:_identify(.) by extension 'ignore_ament_install'
[0.326s] Level 1:colcon.colcon_core.package_identification:_identify(.) by extensions ['colcon_pkg']
[0.326s] Level 1:colcon.colcon_core.package_identification:_identify(.) by extension 'colcon_pkg'
[0.326s] Level 1:colcon.colcon_core.package_identification:_identify(.) by extensions ['colcon_meta']
[0.326s] Level 1:colcon.colcon_core.package_identification:_identify(.) by extension 'colcon_meta'
[0.326s] Level 1:colcon.colcon_core.package_identification:_identify(.) by extensions ['ros']
[0.326s] Level 1:colcon.colcon_core.package_identification:_identify(.) by extension 'ros'
[0.341s] Level 1:colcon.colcon_core.package_identification:_identify(.) by extensions ['cmake', 'python']
[0.341s] Level 1:colcon.colcon_core.package_identification:_identify(.) by extension 'cmake'
[0.341s] Level 1:colcon.colcon_core.package_identification:_identify(.) by extension 'python'
[0.341s] Level 1:colcon.colcon_core.package_identification:_identify(.) by extensions ['python_setup_py']
[0.341s] Level 1:colcon.colcon_core.package_identification:_identify(.) by extension 'python_setup_py'
[0.341s] Level 1:colcon.colcon_core.package_identification:_identify(build) by extensions ['ignore', 'ignore_ament_install']
[0.341s] Level 1:colcon.colcon_core.package_identification:_identify(build) by extension 'ignore'
[0.342s] Level 1:colcon.colcon_core.package_identification:_identify(build) ignored
[0.342s] Level 1:colcon.colcon_core.package_identification:_identify(install) by extensions ['ignore', 'ignore_ament_install']
[0.342s] Level 1:colcon.colcon_core.package_identification:_identify(install) by extension 'ignore'
[0.342s] Level 1:colcon.colcon_core.package_identification:_identify(install) ignored
[0.342s] Level 1:colcon.colcon_core.package_identification:_identify(log) by extensions ['ignore', 'ignore_ament_install']
[0.342s] Level 1:colcon.colcon_core.package_identification:_identify(log) by extension 'ignore'
[0.342s] Level 1:colcon.colcon_core.package_identification:_identify(log) ignored
[0.342s] Level 1:colcon.colcon_core.package_identification:_identify(software_intro_task_dir) by extensions ['ignore', 'ignore_ament_install']
[0.342s] Level 1:colcon.colcon_core.package_identification:_identify(software_intro_task_dir) by extension 'ignore'
[0.342s] Level 1:colcon.colcon_core.package_identification:_identify(software_intro_task_dir) by extension 'ignore_ament_install'
[0.342s] Level 1:colcon.colcon_core.package_identification:_identify(software_intro_task_dir) by extensions ['colcon_pkg']
[0.342s] Level 1:colcon.colcon_core.package_identification:_identify(software_intro_task_dir) by extension 'colcon_pkg'
[0.342s] Level 1:colcon.colcon_core.package_identification:_identify(software_intro_task_dir) by extensions ['colcon_meta']
[0.342s] Level 1:colcon.colcon_core.package_identification:_identify(software_intro_task_dir) by extension 'colcon_meta'
[0.342s] Level 1:colcon.colcon_core.package_identification:_identify(software_intro_task_dir) by extensions ['ros']
[0.342s] Level 1:colcon.colcon_core.package_identification:_identify(software_intro_task_dir) by extension 'ros'
[0.343s] Level 1:colcon.colcon_core.package_identification:_identify(software_intro_task_dir) by extensions ['cmake', 'python']
[0.343s] Level 1:colcon.colcon_core.package_identification:_identify(software_intro_task_dir) by extension 'cmake'
[0.343s] Level 1:colcon.colcon_core.package_identification:_identify(software_intro_task_dir) by extension 'python'
[0.343s] Level 1:colcon.colcon_core.package_identification:_identify(software_intro_task_dir) by extensions ['python_setup_py']
[0.343s] Level 1:colcon.colcon_core.package_identification:_identify(software_intro_task_dir) by extension 'python_setup_py'
[0.343s] Level 1:colcon.colcon_core.package_identification:_identify(software_intro_task_dir/teleop_cpp) by extensions ['ignore', 'ignore_ament_install']
[0.343s] Level 1:colcon.colcon_core.package_identification:_identify(software_intro_task_dir/teleop_cpp) by extension 'ignore'
[0.343s] Level 1:colcon.colcon_core.package_identification:_identify(software_intro_task_dir/teleop_cpp) by extension 'ignore_ament_install'
[0.343s] Level 1:colcon.colcon_core.package_identification:_identify(software_intro_task_dir/teleop_cpp) by extensions ['colcon_pkg']
[0.343s] Level 1:colcon.colcon_core.package_identification:_identify(software_intro_task_dir/teleop_cpp) by extension 'colcon_pkg'
[0.343s] Level 1:colcon.colcon_core.package_identification:_identify(software_intro_task_dir/teleop_cpp) by extensions ['colcon_meta']
[0.343s] Level 1:colcon.colcon_core.package_identification:_identify(software_intro_task_dir/teleop_cpp) by extension 'colcon_meta'
[0.343s] Level 1:colcon.colcon_core.package_identification:_identify(software_intro_task_dir/teleop_cpp) by extensions ['ros']
[0.343s] Level 1:colcon.colcon_core.package_identification:_identify(software_intro_task_dir/teleop_cpp) by extension 'ros'
[0.345s] DEBUG:colcon.colcon_core.package_identification:Package 'software_intro_task_dir/teleop_cpp' with type 'ros.ament_cmake' and name 'teleop_cpp'
[0.346s] Level 1:colcon.colcon_core.package_identification:_identify(software_intro_task_dir/teleop_msgs) by extensions ['ignore', 'ignore_ament_install']
[0.346s] Level 1:colcon.colcon_core.package_identification:_identify(software_intro_task_dir/teleop_msgs) by extension 'ignore'
[0.346s] Level 1:colcon.colcon_core.package_identification:_identify(software_intro_task_dir/teleop_msgs) by extension 'ignore_ament_install'
[0.346s] Level 1:colcon.colcon_core.package_identification:_identify(software_intro_task_dir/teleop_msgs) by extensions ['colcon_pkg']
[0.346s] Level 1:colcon.colcon_core.package_identification:_identify(software_intro_task_dir/teleop_msgs) by extension 'colcon_pkg'
[0.346s] Level 1:colcon.colcon_core.package_identification:_identify(software_intro_task_dir/teleop_msgs) by extensions ['colcon_meta']
[0.346s] Level 1:colcon.colcon_core.package_identification:_identify(software_intro_task_dir/teleop_msgs) by extension 'colcon_meta'
[0.346s] Level 1:colcon.colcon_core.package_identification:_identify(software_intro_task_dir/teleop_msgs) by extensions ['ros']
[0.346s] Level 1:colcon.colcon_core.package_identification:_identify(software_intro_task_dir/teleop_msgs) by extension 'ros'
[0.347s] DEBUG:colcon.colcon_core.package_identification:Package 'software_intro_task_dir/teleop_msgs' with type 'ros.ament_cmake' and name 'teleop_msgs'
[0.347s] Level 1:colcon.colcon_core.package_identification:_identify(software_intro_task_dir/teleop_py) by extensions ['ignore', 'ignore_ament_install']
[0.347s] Level 1:colcon.colcon_core.package_identification:_identify(software_intro_task_dir/teleop_py) by extension 'ignore'
[0.347s] Level 1:colcon.colcon_core.package_identification:_identify(software_intro_task_dir/teleop_py) by extension 'ignore_ament_install'
[0.347s] Level 1:colcon.colcon_core.package_identification:_identify(software_intro_task_dir/teleop_py) by extensions ['colcon_pkg']
[0.347s] Level 1:colcon.colcon_core.package_identification:_identify(software_intro_task_dir/teleop_py) by extension 'colcon_pkg'
[0.347s] Level 1:colcon.colcon_core.package_identification:_identify(software_intro_task_dir/teleop_py) by extensions ['colcon_meta']
[0.347s] Level 1:colcon.colcon_core.package_identification:_identify(software_intro_task_dir/teleop_py) by extension 'colcon_meta'
[0.347s] Level 1:colcon.colcon_core.package_identification:_identify(software_intro_task_dir/teleop_py) by extensions ['ros']
[0.347s] Level 1:colcon.colcon_core.package_identification:_identify(software_intro_task_dir/teleop_py) by extension 'ros'
[0.348s] DEBUG:colcon.colcon_core.package_identification:Package 'software_intro_task_dir/teleop_py' with type 'ros.ament_python' and name 'teleop_py'
[0.348s] Level 1:colcon.colcon_core.package_discovery:discover_packages(recursive) using defaults
[0.348s] Level 1:colcon.colcon_core.package_discovery:discover_packages(ignore) discover
[0.348s] Level 1:colcon.colcon_core.package_discovery:discover_packages(ignore) using defaults
[0.348s] Level 1:colcon.colcon_core.package_discovery:discover_packages(path) discover
[0.348s] Level 1:colcon.colcon_core.package_discovery:discover_packages(path) using defaults
[0.365s] INFO:colcon.colcon_core.package_selection:Skipping not selected package 'teleop_cpp' in 'software_intro_task_dir/teleop_cpp'
[0.366s] INFO:colcon.colcon_core.package_selection:Skipping not selected package 'teleop_py' in 'software_intro_task_dir/teleop_py'
[0.366s] Level 1:colcon.colcon_core.package_discovery:discover_packages(prefix_path) check parameters
[0.366s] Level 1:colcon.colcon_core.package_discovery:discover_packages(prefix_path) discover
[0.369s] DEBUG:colcon.colcon_installed_package_information.package_discovery:Found 341 installed packages in /opt/ros/galactic
[0.371s] Level 1:colcon.colcon_core.package_discovery:discover_packages(prefix_path) using defaults
[0.454s] Level 5:colcon.colcon_core.verb:set package 'teleop_msgs' build argument 'cmake_args' from command line to 'None'
[0.455s] Level 5:colcon.colcon_core.verb:set package 'teleop_msgs' build argument 'cmake_target' from command line to 'None'
[0.455s] Level 5:colcon.colcon_core.verb:set package 'teleop_msgs' build argument 'cmake_target_skip_unavailable' from command line to 'False'
[0.455s] Level 5:colcon.colcon_core.verb:set package 'teleop_msgs' build argument 'cmake_clean_cache' from command line to 'False'
[0.455s] Level 5:colcon.colcon_core.verb:set package 'teleop_msgs' build argument 'cmake_clean_first' from command line to 'False'
[0.455s] Level 5:colcon.colcon_core.verb:set package 'teleop_msgs' build argument 'cmake_force_configure' from command line to 'False'
[0.455s] Level 5:colcon.colcon_core.verb:set package 'teleop_msgs' build argument 'ament_cmake_args' from command line to 'None'
[0.455s] Level 5:colcon.colcon_core.verb:set package 'teleop_msgs' build argument 'catkin_cmake_args' from command line to 'None'
[0.455s] Level 5:colcon.colcon_core.verb:set package 'teleop_msgs' build argument 'catkin_skip_building_tests' from command line to 'False'
[0.455s] DEBUG:colcon.colcon_core.verb:Building package 'teleop_msgs' with the following arguments: {'ament_cmake_args': None, 'build_base': '/home/tritonai/Documents/software_intro_task/software_intro_task_big_dir/build/teleop_msgs', 'catkin_cmake_args': None, 'catkin_skip_building_tests': False, 'cmake_args': None, 'cmake_clean_cache': False, 'cmake_clean_first': False, 'cmake_force_configure': False, 'cmake_target': None, 'cmake_target_skip_unavailable': False, 'install_base': '/home/tritonai/Documents/software_intro_task/software_intro_task_big_dir/install/teleop_msgs', 'merge_install': False, 'path': '/home/tritonai/Documents/software_intro_task/software_intro_task_big_dir/software_intro_task_dir/teleop_msgs', 'symlink_install': False, 'test_result_base': None}
[0.455s] INFO:colcon.colcon_core.executor:Executing jobs using 'parallel' executor
[0.459s] DEBUG:colcon.colcon_parallel_executor.executor.parallel:run_until_complete
[0.459s] INFO:colcon.colcon_ros.task.ament_cmake.build:Building ROS package in '/home/tritonai/Documents/software_intro_task/software_intro_task_big_dir/software_intro_task_dir/teleop_msgs' with build type 'ament_cmake'
[0.459s] INFO:colcon.colcon_cmake.task.cmake.build:Building CMake package in '/home/tritonai/Documents/software_intro_task/software_intro_task_big_dir/software_intro_task_dir/teleop_msgs'
[0.463s] INFO:colcon.colcon_core.plugin_system:Skipping extension 'colcon_core.shell.bat': Not used on non-Windows systems
[0.463s] INFO:colcon.colcon_core.shell:Skip shell extension 'powershell' for command environment: Not usable outside of PowerShell
[0.463s] DEBUG:colcon.colcon_core.shell:Skip shell extension 'dsv' for command environment
[0.473s] DEBUG:colcon.colcon_core.event_handler.log_command:Invoking command in '/home/tritonai/Documents/software_intro_task/software_intro_task_big_dir/build/teleop_msgs': CMAKE_PREFIX_PATH=${CMAKE_PREFIX_PATH}:/opt/ros/galactic /opt/cmake-install/bin/cmake /home/tritonai/Documents/software_intro_task/software_intro_task_big_dir/software_intro_task_dir/teleop_msgs -DCMAKE_INSTALL_PREFIX=/home/tritonai/Documents/software_intro_task/software_intro_task_big_dir/install/teleop_msgs
[1.722s] DEBUG:colcon.colcon_core.event_handler.log_command:Invoked command in '/home/tritonai/Documents/software_intro_task/software_intro_task_big_dir/build/teleop_msgs' returned '0': CMAKE_PREFIX_PATH=${CMAKE_PREFIX_PATH}:/opt/ros/galactic /opt/cmake-install/bin/cmake /home/tritonai/Documents/software_intro_task/software_intro_task_big_dir/software_intro_task_dir/teleop_msgs -DCMAKE_INSTALL_PREFIX=/home/tritonai/Documents/software_intro_task/software_intro_task_big_dir/install/teleop_msgs
[1.725s] DEBUG:colcon.colcon_core.event_handler.log_command:Invoking command in '/home/tritonai/Documents/software_intro_task/software_intro_task_big_dir/build/teleop_msgs': CMAKE_PREFIX_PATH=${CMAKE_PREFIX_PATH}:/opt/ros/galactic /opt/cmake-install/bin/cmake --build /home/tritonai/Documents/software_intro_task/software_intro_task_big_dir/build/teleop_msgs -- -j16 -l16
[3.977s] DEBUG:colcon.colcon_core.event_handler.log_command:Invoked command in '/home/tritonai/Documents/software_intro_task/software_intro_task_big_dir/build/teleop_msgs' returned '0': CMAKE_PREFIX_PATH=${CMAKE_PREFIX_PATH}:/opt/ros/galactic /opt/cmake-install/bin/cmake --build /home/tritonai/Documents/software_intro_task/software_intro_task_big_dir/build/teleop_msgs -- -j16 -l16
[4.017s] DEBUG:colcon.colcon_core.event_handler.log_command:Invoking command in '/home/tritonai/Documents/software_intro_task/software_intro_task_big_dir/build/teleop_msgs': CMAKE_PREFIX_PATH=${CMAKE_PREFIX_PATH}:/opt/ros/galactic /opt/cmake-install/bin/cmake --install /home/tritonai/Documents/software_intro_task/software_intro_task_big_dir/build/teleop_msgs
[4.060s] Level 1:colcon.colcon_core.environment:create_environment_scripts_only(teleop_msgs)
[4.060s] DEBUG:colcon.colcon_core.event_handler.log_command:Invoked command in '/home/tritonai/Documents/software_intro_task/software_intro_task_big_dir/build/teleop_msgs' returned '0': CMAKE_PREFIX_PATH=${CMAKE_PREFIX_PATH}:/opt/ros/galactic /opt/cmake-install/bin/cmake --install /home/tritonai/Documents/software_intro_task/software_intro_task_big_dir/build/teleop_msgs
[4.065s] Level 1:colcon.colcon_core.environment:checking '/home/tritonai/Documents/software_intro_task/software_intro_task_big_dir/install/teleop_msgs' for CMake module files
[4.066s] Level 1:colcon.colcon_core.environment:checking '/home/tritonai/Documents/software_intro_task/software_intro_task_big_dir/install/teleop_msgs' for CMake config files
[4.066s] Level 1:colcon.colcon_core.shell:create_environment_hook('teleop_msgs', 'cmake_prefix_path')
[4.067s] INFO:colcon.colcon_core.shell:Creating environment hook '/home/tritonai/Documents/software_intro_task/software_intro_task_big_dir/install/teleop_msgs/share/teleop_msgs/hook/cmake_prefix_path.ps1'
[4.068s] INFO:colcon.colcon_core.shell:Creating environment descriptor '/home/tritonai/Documents/software_intro_task/software_intro_task_big_dir/install/teleop_msgs/share/teleop_msgs/hook/cmake_prefix_path.dsv'
[4.069s] INFO:colcon.colcon_core.shell:Creating environment hook '/home/tritonai/Documents/software_intro_task/software_intro_task_big_dir/install/teleop_msgs/share/teleop_msgs/hook/cmake_prefix_path.sh'
[4.069s] Level 1:colcon.colcon_core.environment:checking '/home/tritonai/Documents/software_intro_task/software_intro_task_big_dir/install/teleop_msgs/lib'
[4.070s] Level 1:colcon.colcon_core.shell:create_environment_hook('teleop_msgs', 'ld_library_path_lib')
[4.071s] INFO:colcon.colcon_core.shell:Creating environment hook '/home/tritonai/Documents/software_intro_task/software_intro_task_big_dir/install/teleop_msgs/share/teleop_msgs/hook/ld_library_path_lib.ps1'
[4.071s] INFO:colcon.colcon_core.shell:Creating environment descriptor '/home/tritonai/Documents/software_intro_task/software_intro_task_big_dir/install/teleop_msgs/share/teleop_msgs/hook/ld_library_path_lib.dsv'
[4.071s] INFO:colcon.colcon_core.shell:Creating environment hook '/home/tritonai/Documents/software_intro_task/software_intro_task_big_dir/install/teleop_msgs/share/teleop_msgs/hook/ld_library_path_lib.sh'
[4.072s] Level 1:colcon.colcon_core.environment:checking '/home/tritonai/Documents/software_intro_task/software_intro_task_big_dir/install/teleop_msgs/bin'
[4.072s] Level 1:colcon.colcon_core.environment:checking '/home/tritonai/Documents/software_intro_task/software_intro_task_big_dir/install/teleop_msgs/lib/pkgconfig/teleop_msgs.pc'
[4.072s] Level 1:colcon.colcon_core.environment:checking '/home/tritonai/Documents/software_intro_task/software_intro_task_big_dir/install/teleop_msgs/lib/python3.8/site-packages'
[4.072s] Level 1:colcon.colcon_core.shell:create_environment_hook('teleop_msgs', 'pythonpath')
[4.073s] INFO:colcon.colcon_core.shell:Creating environment hook '/home/tritonai/Documents/software_intro_task/software_intro_task_big_dir/install/teleop_msgs/share/teleop_msgs/hook/pythonpath.ps1'
[4.074s] INFO:colcon.colcon_core.shell:Creating environment descriptor '/home/tritonai/Documents/software_intro_task/software_intro_task_big_dir/install/teleop_msgs/share/teleop_msgs/hook/pythonpath.dsv'
[4.074s] INFO:colcon.colcon_core.shell:Creating environment hook '/home/tritonai/Documents/software_intro_task/software_intro_task_big_dir/install/teleop_msgs/share/teleop_msgs/hook/pythonpath.sh'
[4.074s] Level 1:colcon.colcon_core.environment:checking '/home/tritonai/Documents/software_intro_task/software_intro_task_big_dir/install/teleop_msgs/bin'
[4.076s] INFO:colcon.colcon_core.shell:Creating package script '/home/tritonai/Documents/software_intro_task/software_intro_task_big_dir/install/teleop_msgs/share/teleop_msgs/package.ps1'
[4.076s] INFO:colcon.colcon_core.shell:Creating package descriptor '/home/tritonai/Documents/software_intro_task/software_intro_task_big_dir/install/teleop_msgs/share/teleop_msgs/package.dsv'
[4.077s] INFO:colcon.colcon_core.shell:Creating package script '/home/tritonai/Documents/software_intro_task/software_intro_task_big_dir/install/teleop_msgs/share/teleop_msgs/package.sh'
[4.077s] INFO:colcon.colcon_core.shell:Creating package script '/home/tritonai/Documents/software_intro_task/software_intro_task_big_dir/install/teleop_msgs/share/teleop_msgs/package.bash'
[4.078s] INFO:colcon.colcon_core.shell:Creating package script '/home/tritonai/Documents/software_intro_task/software_intro_task_big_dir/install/teleop_msgs/share/teleop_msgs/package.zsh'
[4.079s] Level 1:colcon.colcon_core.environment:create_file_with_runtime_dependencies(/home/tritonai/Documents/software_intro_task/software_intro_task_big_dir/install/teleop_msgs/share/colcon-core/packages/teleop_msgs)
[4.116s] Level 1:colcon.colcon_core.environment:create_environment_scripts_only(teleop_msgs)
[4.118s] Level 1:colcon.colcon_core.environment:checking '/home/tritonai/Documents/software_intro_task/software_intro_task_big_dir/install/teleop_msgs' for CMake module files
[4.119s] Level 1:colcon.colcon_core.environment:checking '/home/tritonai/Documents/software_intro_task/software_intro_task_big_dir/install/teleop_msgs' for CMake config files
[4.119s] Level 1:colcon.colcon_core.shell:create_environment_hook('teleop_msgs', 'cmake_prefix_path')
[4.121s] INFO:colcon.colcon_core.shell:Creating environment hook '/home/tritonai/Documents/software_intro_task/software_intro_task_big_dir/install/teleop_msgs/share/teleop_msgs/hook/cmake_prefix_path.ps1'
[4.121s] INFO:colcon.colcon_core.shell:Creating environment descriptor '/home/tritonai/Documents/software_intro_task/software_intro_task_big_dir/install/teleop_msgs/share/teleop_msgs/hook/cmake_prefix_path.dsv'
[4.121s] INFO:colcon.colcon_core.shell:Creating environment hook '/home/tritonai/Documents/software_intro_task/software_intro_task_big_dir/install/teleop_msgs/share/teleop_msgs/hook/cmake_prefix_path.sh'
[4.122s] Level 1:colcon.colcon_core.environment:checking '/home/tritonai/Documents/software_intro_task/software_intro_task_big_dir/install/teleop_msgs/lib'
[4.122s] Level 1:colcon.colcon_core.shell:create_environment_hook('teleop_msgs', 'ld_library_path_lib')
[4.123s] INFO:colcon.colcon_core.shell:Creating environment hook '/home/tritonai/Documents/software_intro_task/software_intro_task_big_dir/install/teleop_msgs/share/teleop_msgs/hook/ld_library_path_lib.ps1'
[4.123s] INFO:colcon.colcon_core.shell:Creating environment descriptor '/home/tritonai/Documents/software_intro_task/software_intro_task_big_dir/install/teleop_msgs/share/teleop_msgs/hook/ld_library_path_lib.dsv'
[4.124s] INFO:colcon.colcon_core.shell:Creating environment hook '/home/tritonai/Documents/software_intro_task/software_intro_task_big_dir/install/teleop_msgs/share/teleop_msgs/hook/ld_library_path_lib.sh'
[4.124s] Level 1:colcon.colcon_core.environment:checking '/home/tritonai/Documents/software_intro_task/software_intro_task_big_dir/install/teleop_msgs/bin'
[4.124s] Level 1:colcon.colcon_core.environment:checking '/home/tritonai/Documents/software_intro_task/software_intro_task_big_dir/install/teleop_msgs/lib/pkgconfig/teleop_msgs.pc'
[4.124s] Level 1:colcon.colcon_core.environment:checking '/home/tritonai/Documents/software_intro_task/software_intro_task_big_dir/install/teleop_msgs/lib/python3.8/site-packages'
[4.124s] Level 1:colcon.colcon_core.shell:create_environment_hook('teleop_msgs', 'pythonpath')
[4.126s] INFO:colcon.colcon_core.shell:Creating environment hook '/home/tritonai/Documents/software_intro_task/software_intro_task_big_dir/install/teleop_msgs/share/teleop_msgs/hook/pythonpath.ps1'
[4.126s] INFO:colcon.colcon_core.shell:Creating environment descriptor '/home/tritonai/Documents/software_intro_task/software_intro_task_big_dir/install/teleop_msgs/share/teleop_msgs/hook/pythonpath.dsv'
[4.126s] INFO:colcon.colcon_core.shell:Creating environment hook '/home/tritonai/Documents/software_intro_task/software_intro_task_big_dir/install/teleop_msgs/share/teleop_msgs/hook/pythonpath.sh'
[4.127s] Level 1:colcon.colcon_core.environment:checking '/home/tritonai/Documents/software_intro_task/software_intro_task_big_dir/install/teleop_msgs/bin'
[4.128s] INFO:colcon.colcon_core.shell:Creating package script '/home/tritonai/Documents/software_intro_task/software_intro_task_big_dir/install/teleop_msgs/share/teleop_msgs/package.ps1'
[4.128s] INFO:colcon.colcon_core.shell:Creating package descriptor '/home/tritonai/Documents/software_intro_task/software_intro_task_big_dir/install/teleop_msgs/share/teleop_msgs/package.dsv'
[4.129s] INFO:colcon.colcon_core.shell:Creating package script '/home/tritonai/Documents/software_intro_task/software_intro_task_big_dir/install/teleop_msgs/share/teleop_msgs/package.sh'
[4.129s] INFO:colcon.colcon_core.shell:Creating package script '/home/tritonai/Documents/software_intro_task/software_intro_task_big_dir/install/teleop_msgs/share/teleop_msgs/package.bash'
[4.130s] INFO:colcon.colcon_core.shell:Creating package script '/home/tritonai/Documents/software_intro_task/software_intro_task_big_dir/install/teleop_msgs/share/teleop_msgs/package.zsh'
[4.130s] Level 1:colcon.colcon_core.environment:create_file_with_runtime_dependencies(/home/tritonai/Documents/software_intro_task/software_intro_task_big_dir/install/teleop_msgs/share/colcon-core/packages/teleop_msgs)
[4.130s] DEBUG:colcon.colcon_parallel_executor.executor.parallel:closing loop
[4.130s] DEBUG:colcon.colcon_parallel_executor.executor.parallel:loop closed
[4.131s] DEBUG:colcon.colcon_parallel_executor.executor.parallel:run_until_complete finished with '0'
[4.131s] DEBUG:colcon.colcon_core.event_reactor:joining thread
[4.135s] INFO:colcon.colcon_core.plugin_system:Skipping extension 'colcon_notification.desktop_notification.terminal_notifier': Not used on non-Darwin systems
[4.135s] INFO:colcon.colcon_core.plugin_system:Skipping extension 'colcon_notification.desktop_notification.win32': Not used on non-Windows systems
[4.135s] INFO:colcon.colcon_notification.desktop_notification:Sending desktop notification using 'notify2'
[4.150s] DEBUG:colcon.colcon_core.event_reactor:joined thread
[4.152s] INFO:colcon.colcon_core.shell:Creating prefix script '/home/tritonai/Documents/software_intro_task/software_intro_task_big_dir/install/local_setup.ps1'
[4.153s] INFO:colcon.colcon_core.shell:Creating prefix util module '/home/tritonai/Documents/software_intro_task/software_intro_task_big_dir/install/_local_setup_util_ps1.py'
[4.154s] INFO:colcon.colcon_core.shell:Creating prefix chain script '/home/tritonai/Documents/software_intro_task/software_intro_task_big_dir/install/setup.ps1'
[4.155s] INFO:colcon.colcon_core.shell:Creating prefix script '/home/tritonai/Documents/software_intro_task/software_intro_task_big_dir/install/local_setup.sh'
[4.156s] INFO:colcon.colcon_core.shell:Creating prefix util module '/home/tritonai/Documents/software_intro_task/software_intro_task_big_dir/install/_local_setup_util_sh.py'
[4.156s] INFO:colcon.colcon_core.shell:Creating prefix chain script '/home/tritonai/Documents/software_intro_task/software_intro_task_big_dir/install/setup.sh'
[4.157s] INFO:colcon.colcon_core.shell:Creating prefix script '/home/tritonai/Documents/software_intro_task/software_intro_task_big_dir/install/local_setup.bash'
[4.157s] INFO:colcon.colcon_core.shell:Creating prefix chain script '/home/tritonai/Documents/software_intro_task/software_intro_task_big_dir/install/setup.bash'
[4.158s] INFO:colcon.colcon_core.shell:Creating prefix script '/home/tritonai/Documents/software_intro_task/software_intro_task_big_dir/install/local_setup.zsh'
[4.159s] INFO:colcon.colcon_core.shell:Creating prefix chain script '/home/tritonai/Documents/software_intro_task/software_intro_task_big_dir/install/setup.zsh'
