[0.011s] Invoking command in '/home/tritonai/Documents/software_intro_task/software_intro_task_big_dir/build/teleop_msgs': CMAKE_PREFIX_PATH=${CMAKE_PREFIX_PATH}:/opt/ros/galactic /opt/cmake-install/bin/cmake /home/tritonai/Documents/software_intro_task/software_intro_task_big_dir/software_intro_task_dir/teleop_msgs -DCMAKE_INSTALL_PREFIX=/home/tritonai/Documents/software_intro_task/software_intro_task_big_dir/install/teleop_msgs
[0.050s] -- The C compiler identification is GNU 9.4.0
[0.095s] -- The CXX compiler identification is GNU 9.4.0
[0.101s] -- Detecting C compiler ABI info
[0.142s] -- Detecting C compiler ABI info - done
[0.150s] -- Check for working C compiler: /usr/bin/cc - skipped
[0.150s] -- Detecting C compile features
[0.151s] -- Detecting C compile features - done
[0.154s] -- Detecting CXX compiler ABI info
[0.209s] -- Detecting CXX compiler ABI info - done
[0.219s] -- Check for working CXX compiler: /usr/bin/c++ - skipped
[0.220s] -- Detecting CXX compile features
[0.220s] -- Detecting CXX compile features - done
[0.222s] -- Found ament_cmake_auto: 1.1.6 (/opt/ros/galactic/share/ament_cmake_auto/cmake)
[0.247s] -- Found PythonInterp: /usr/bin/python3 (found suitable version "3.8.10", minimum required is "3") 
[0.247s] -- Using PYTHON_EXECUTABLE: /usr/bin/python3
[0.396s] -- Using all available rosidl_typesupport_c: rosidl_typesupport_fastrtps_c;rosidl_typesupport_introspection_c
[0.401s] -- Found rosidl_adapter: 2.2.3 (/opt/ros/galactic/share/rosidl_adapter/cmake)
[0.452s] -- Found OpenSSL: /usr/lib/x86_64-linux-gnu/libcrypto.so (found version "1.1.1f")  
[0.475s] -- Found FastRTPS: /opt/ros/galactic/include  
[0.534s] -- Using all available rosidl_typesupport_cpp: rosidl_typesupport_fastrtps_cpp;rosidl_typesupport_introspection_cpp
[0.580s] -- Found rmw_implementation_cmake: 3.3.1 (/opt/ros/galactic/share/rmw_implementation_cmake/cmake)
[0.582s] -- Found rmw_cyclonedds_cpp: 0.22.6 (/opt/ros/galactic/share/rmw_cyclonedds_cpp/cmake)
[0.597s] -- Using RMW implementation 'rmw_cyclonedds_cpp' as default
[0.598s] -- Looking for pthread.h
[0.639s] -- Looking for pthread.h - found
[0.639s] -- Performing Test CMAKE_HAVE_LIBC_PTHREAD
[0.682s] -- Performing Test CMAKE_HAVE_LIBC_PTHREAD - Failed
[0.682s] -- Looking for pthread_create in pthreads
[0.730s] -- Looking for pthread_create in pthreads - not found
[0.731s] -- Looking for pthread_create in pthread
[0.781s] -- Looking for pthread_create in pthread - found
[0.783s] -- Found Threads: TRUE  
[0.977s] -- Found PythonInterp: /usr/bin/python3 (found version "3.8.10") 
[1.036s] -- Found ament_cmake_ros: 0.9.2 (/opt/ros/galactic/share/ament_cmake_ros/cmake)
[1.113s] -- Using all available rosidl_typesupport_c: rosidl_typesupport_fastrtps_c;rosidl_typesupport_introspection_c
[1.117s] -- Using all available rosidl_typesupport_cpp: rosidl_typesupport_fastrtps_cpp;rosidl_typesupport_introspection_cpp
[1.137s] -- Found PythonInterp: /usr/bin/python3 (found suitable version "3.8.10", minimum required is "3.5") 
[1.138s] -- Found python_cmake_module: 0.8.1 (/opt/ros/galactic/share/python_cmake_module/cmake)
[1.160s] -- Found PythonLibs: /usr/lib/x86_64-linux-gnu/libpython3.8.so (found suitable version "3.8.10", minimum required is "3.5") 
[1.160s] -- Using PYTHON_EXECUTABLE: /usr/bin/python3
[1.160s] -- Using PYTHON_INCLUDE_DIRS: /usr/include/python3.8
[1.160s] -- Using PYTHON_LIBRARIES: /usr/lib/x86_64-linux-gnu/libpython3.8.so
[1.177s] -- Found PythonExtra: .so  
[1.209s] -- Found ament_lint_auto: 0.10.7 (/opt/ros/galactic/share/ament_lint_auto/cmake)
[1.226s] -- Added test 'copyright' to check source files copyright and LICENSE
[1.228s] -- Added test 'lint_cmake' to check CMake code style
[1.228s] -- Added test 'xmllint' to check XML markup files
[1.231s] -- Configuring done
[1.256s] -- Generating done
[1.258s] -- Build files have been written to: /home/tritonai/Documents/software_intro_task/software_intro_task_big_dir/build/teleop_msgs
[1.265s] Invoked command in '/home/tritonai/Documents/software_intro_task/software_intro_task_big_dir/build/teleop_msgs' returned '0': CMAKE_PREFIX_PATH=${CMAKE_PREFIX_PATH}:/opt/ros/galactic /opt/cmake-install/bin/cmake /home/tritonai/Documents/software_intro_task/software_intro_task_big_dir/software_intro_task_dir/teleop_msgs -DCMAKE_INSTALL_PREFIX=/home/tritonai/Documents/software_intro_task/software_intro_task_big_dir/install/teleop_msgs
[1.268s] Invoking command in '/home/tritonai/Documents/software_intro_task/software_intro_task_big_dir/build/teleop_msgs': CMAKE_PREFIX_PATH=${CMAKE_PREFIX_PATH}:/opt/ros/galactic /opt/cmake-install/bin/cmake --build /home/tritonai/Documents/software_intro_task/software_intro_task_big_dir/build/teleop_msgs -- -j16 -l16
[1.284s] [  2%] [34m[1mGenerating C code for ROS interfaces[0m
[1.287s] [  5%] [34m[1mGenerating C++ code for ROS interfaces[0m
[1.525s] [  5%] Built target teleop_msgs__cpp
[1.528s] [  7%] [34m[1mGenerating C++ type support dispatch for ROS interfaces[0m
[1.528s] [ 10%] [34m[1mGenerating C++ type support for eProsima Fast-RTPS[0m
[1.528s] [ 12%] [34m[1mGenerating C++ introspection for ROS interfaces[0m
[1.543s] [ 15%] [32mBuilding C object CMakeFiles/teleop_msgs__rosidl_generator_c.dir/rosidl_generator_c/teleop_msgs/msg/detail/vehicle_control_data__functions.c.o[0m
[1.543s] [ 17%] [32mBuilding C object CMakeFiles/teleop_msgs__rosidl_generator_c.dir/rosidl_generator_c/teleop_msgs/srv/detail/e_stop_service__functions.c.o[0m
[1.580s] [ 20%] [32m[1mLinking C shared library libteleop_msgs__rosidl_generator_c.so[0m
[1.598s] [ 20%] Built target teleop_msgs__rosidl_generator_c
[1.602s] [ 25%] [34m[1mGenerating C type support dispatch for ROS interfaces[0m
[1.602s] [ 25%] [34m[1mGenerating C introspection for ROS interfaces[0m
[1.728s] [ 28%] [32mBuilding CXX object CMakeFiles/teleop_msgs__rosidl_typesupport_cpp.dir/rosidl_typesupport_cpp/teleop_msgs/msg/vehicle_control_data__type_support.cpp.o[0m
[1.728s] [ 30%] [32mBuilding CXX object CMakeFiles/teleop_msgs__rosidl_typesupport_cpp.dir/rosidl_typesupport_cpp/teleop_msgs/srv/e_stop_service__type_support.cpp.o[0m
[1.745s] [ 33%] [32mBuilding CXX object CMakeFiles/teleop_msgs__rosidl_typesupport_introspection_cpp.dir/rosidl_typesupport_introspection_cpp/teleop_msgs/msg/detail/vehicle_control_data__type_support.cpp.o[0m
[1.745s] [ 35%] [32mBuilding CXX object CMakeFiles/teleop_msgs__rosidl_typesupport_introspection_cpp.dir/rosidl_typesupport_introspection_cpp/teleop_msgs/srv/detail/e_stop_service__type_support.cpp.o[0m
[1.768s] [ 38%] [32mBuilding CXX object CMakeFiles/teleop_msgs__rosidl_typesupport_fastrtps_cpp.dir/rosidl_typesupport_fastrtps_cpp/teleop_msgs/msg/detail/dds_fastrtps/vehicle_control_data__type_support.cpp.o[0m
[1.768s] [ 41%] [32mBuilding CXX object CMakeFiles/teleop_msgs__rosidl_typesupport_fastrtps_cpp.dir/rosidl_typesupport_fastrtps_cpp/teleop_msgs/srv/detail/dds_fastrtps/e_stop_service__type_support.cpp.o[0m
[1.798s] [ 43%] [32mBuilding CXX object CMakeFiles/teleop_msgs__rosidl_typesupport_c.dir/rosidl_typesupport_c/teleop_msgs/msg/vehicle_control_data__type_support.cpp.o[0m
[1.799s] [ 46%] [32mBuilding CXX object CMakeFiles/teleop_msgs__rosidl_typesupport_c.dir/rosidl_typesupport_c/teleop_msgs/srv/e_stop_service__type_support.cpp.o[0m
[1.828s] [ 48%] [32mBuilding C object CMakeFiles/teleop_msgs__rosidl_typesupport_introspection_c.dir/rosidl_typesupport_introspection_c/teleop_msgs/msg/detail/vehicle_control_data__type_support.c.o[0m
[1.829s] [ 51%] [32mBuilding C object CMakeFiles/teleop_msgs__rosidl_typesupport_introspection_c.dir/rosidl_typesupport_introspection_c/teleop_msgs/srv/detail/e_stop_service__type_support.c.o[0m
[1.829s] [ 53%] [32m[1mLinking CXX shared library libteleop_msgs__rosidl_typesupport_c.so[0m
[1.853s] [ 53%] Built target teleop_msgs__rosidl_typesupport_c
[1.864s] [ 56%] [32m[1mLinking C shared library libteleop_msgs__rosidl_typesupport_introspection_c.so[0m
[1.878s] [ 56%] Built target teleop_msgs__rosidl_typesupport_introspection_c
[1.993s] [ 58%] [32m[1mLinking CXX shared library libteleop_msgs__rosidl_typesupport_introspection_cpp.so[0m
[1.995s] [ 61%] [32m[1mLinking CXX shared library libteleop_msgs__rosidl_typesupport_cpp.so[0m
[2.016s] [ 61%] Built target teleop_msgs__rosidl_typesupport_introspection_cpp
[2.017s] [ 61%] Built target teleop_msgs__rosidl_typesupport_cpp
[2.135s] [ 64%] [32m[1mLinking CXX shared library libteleop_msgs__rosidl_typesupport_fastrtps_cpp.so[0m
[2.191s] [ 64%] Built target teleop_msgs__rosidl_typesupport_fastrtps_cpp
[2.194s] [ 66%] [34m[1mGenerating C type support for eProsima Fast-RTPS[0m
[2.421s] [ 69%] [32mBuilding CXX object CMakeFiles/teleop_msgs__rosidl_typesupport_fastrtps_c.dir/rosidl_typesupport_fastrtps_c/teleop_msgs/msg/detail/vehicle_control_data__type_support_c.cpp.o[0m
[2.421s] [ 71%] [32mBuilding CXX object CMakeFiles/teleop_msgs__rosidl_typesupport_fastrtps_c.dir/rosidl_typesupport_fastrtps_c/teleop_msgs/srv/detail/e_stop_service__type_support_c.cpp.o[0m
[2.731s] [ 74%] [32m[1mLinking CXX shared library libteleop_msgs__rosidl_typesupport_fastrtps_c.so[0m
[2.787s] [ 74%] Built target teleop_msgs__rosidl_typesupport_fastrtps_c
[2.793s] [ 74%] Built target teleop_msgs
[2.800s] [ 76%] [34m[1mGenerating Python code for ROS interfaces[0m
[3.324s] [ 76%] Built target teleop_msgs__py
[3.331s] [ 79%] [32mBuilding C object CMakeFiles/teleop_msgs__python.dir/rosidl_generator_py/teleop_msgs/msg/_vehicle_control_data_s.c.o[0m
[3.331s] [ 82%] [32mBuilding C object CMakeFiles/teleop_msgs__python.dir/rosidl_generator_py/teleop_msgs/srv/_e_stop_service_s.c.o[0m
[3.402s] [ 84%] [32m[1mLinking C shared library rosidl_generator_py/teleop_msgs/libteleop_msgs__python.so[0m
[3.423s] [ 84%] Built target teleop_msgs__python
[3.430s] [ 89%] [32mBuilding C object CMakeFiles/teleop_msgs__rosidl_typesupport_fastrtps_c__pyext.dir/rosidl_generator_py/teleop_msgs/_teleop_msgs_s.ep.rosidl_typesupport_fastrtps_c.c.o[0m
[3.430s] [ 92%] [32mBuilding C object CMakeFiles/teleop_msgs__rosidl_typesupport_c__pyext.dir/rosidl_generator_py/teleop_msgs/_teleop_msgs_s.ep.rosidl_typesupport_c.c.o[0m
[3.430s] [ 89%] [32mBuilding C object CMakeFiles/teleop_msgs__rosidl_typesupport_introspection_c__pyext.dir/rosidl_generator_py/teleop_msgs/_teleop_msgs_s.ep.rosidl_typesupport_introspection_c.c.o[0m
[3.496s] [ 97%] [32m[1mLinking C shared library rosidl_generator_py/teleop_msgs/teleop_msgs_s__rosidl_typesupport_c.cpython-38-x86_64-linux-gnu.so[0m
[3.496s] [ 97%] [32m[1mLinking C shared library rosidl_generator_py/teleop_msgs/teleop_msgs_s__rosidl_typesupport_introspection_c.cpython-38-x86_64-linux-gnu.so[0m
[3.496s] [100%] [32m[1mLinking CXX shared library rosidl_generator_py/teleop_msgs/teleop_msgs_s__rosidl_typesupport_fastrtps_c.cpython-38-x86_64-linux-gnu.so[0m
[3.513s] [100%] Built target teleop_msgs__rosidl_typesupport_c__pyext
[3.513s] [100%] Built target teleop_msgs__rosidl_typesupport_introspection_c__pyext
[3.537s] [100%] Built target teleop_msgs__rosidl_typesupport_fastrtps_c__pyext
[3.542s] Invoked command in '/home/tritonai/Documents/software_intro_task/software_intro_task_big_dir/build/teleop_msgs' returned '0': CMAKE_PREFIX_PATH=${CMAKE_PREFIX_PATH}:/opt/ros/galactic /opt/cmake-install/bin/cmake --build /home/tritonai/Documents/software_intro_task/software_intro_task_big_dir/build/teleop_msgs -- -j16 -l16
[3.582s] Invoking command in '/home/tritonai/Documents/software_intro_task/software_intro_task_big_dir/build/teleop_msgs': CMAKE_PREFIX_PATH=${CMAKE_PREFIX_PATH}:/opt/ros/galactic /opt/cmake-install/bin/cmake --install /home/tritonai/Documents/software_intro_task/software_intro_task_big_dir/build/teleop_msgs
[3.584s] -- Install configuration: ""
[3.584s] -- Installing: /home/tritonai/Documents/software_intro_task/software_intro_task_big_dir/install/teleop_msgs/share/ament_index/resource_index/rosidl_interfaces/teleop_msgs
[3.584s] -- Installing: /home/tritonai/Documents/software_intro_task/software_intro_task_big_dir/install/teleop_msgs/include/teleop_msgs
[3.585s] -- Installing: /home/tritonai/Documents/software_intro_task/software_intro_task_big_dir/install/teleop_msgs/include/teleop_msgs/srv
[3.585s] -- Installing: /home/tritonai/Documents/software_intro_task/software_intro_task_big_dir/install/teleop_msgs/include/teleop_msgs/srv/detail
[3.585s] -- Installing: /home/tritonai/Documents/software_intro_task/software_intro_task_big_dir/install/teleop_msgs/include/teleop_msgs/srv/detail/e_stop_service__struct.h
[3.585s] -- Installing: /home/tritonai/Documents/software_intro_task/software_intro_task_big_dir/install/teleop_msgs/include/teleop_msgs/srv/detail/e_stop_service__type_support.h
[3.585s] -- Installing: /home/tritonai/Documents/software_intro_task/software_intro_task_big_dir/install/teleop_msgs/include/teleop_msgs/srv/detail/e_stop_service__functions.c
[3.585s] -- Installing: /home/tritonai/Documents/software_intro_task/software_intro_task_big_dir/install/teleop_msgs/include/teleop_msgs/srv/detail/e_stop_service__functions.h
[3.585s] -- Installing: /home/tritonai/Documents/software_intro_task/software_intro_task_big_dir/install/teleop_msgs/include/teleop_msgs/srv/e_stop_service.h
[3.585s] -- Installing: /home/tritonai/Documents/software_intro_task/software_intro_task_big_dir/install/teleop_msgs/include/teleop_msgs/msg
[3.585s] -- Installing: /home/tritonai/Documents/software_intro_task/software_intro_task_big_dir/install/teleop_msgs/include/teleop_msgs/msg/rosidl_generator_c__visibility_control.h
[3.585s] -- Installing: /home/tritonai/Documents/software_intro_task/software_intro_task_big_dir/install/teleop_msgs/include/teleop_msgs/msg/detail
[3.585s] -- Installing: /home/tritonai/Documents/software_intro_task/software_intro_task_big_dir/install/teleop_msgs/include/teleop_msgs/msg/detail/vehicle_control_data__functions.c
[3.585s] -- Installing: /home/tritonai/Documents/software_intro_task/software_intro_task_big_dir/install/teleop_msgs/include/teleop_msgs/msg/detail/vehicle_control_data__struct.h
[3.586s] -- Installing: /home/tritonai/Documents/software_intro_task/software_intro_task_big_dir/install/teleop_msgs/include/teleop_msgs/msg/detail/vehicle_control_data__type_support.h
[3.586s] -- Installing: /home/tritonai/Documents/software_intro_task/software_intro_task_big_dir/install/teleop_msgs/include/teleop_msgs/msg/detail/vehicle_control_data__functions.h
[3.586s] -- Installing: /home/tritonai/Documents/software_intro_task/software_intro_task_big_dir/install/teleop_msgs/include/teleop_msgs/msg/vehicle_control_data.h
[3.586s] -- Installing: /home/tritonai/Documents/software_intro_task/software_intro_task_big_dir/install/teleop_msgs/share/teleop_msgs/environment/library_path.sh
[3.586s] -- Installing: /home/tritonai/Documents/software_intro_task/software_intro_task_big_dir/install/teleop_msgs/share/teleop_msgs/environment/library_path.dsv
[3.586s] -- Installing: /home/tritonai/Documents/software_intro_task/software_intro_task_big_dir/install/teleop_msgs/lib/libteleop_msgs__rosidl_generator_c.so
[3.586s] -- Set runtime path of "/home/tritonai/Documents/software_intro_task/software_intro_task_big_dir/install/teleop_msgs/lib/libteleop_msgs__rosidl_generator_c.so" to ""
[3.586s] -- Up-to-date: /home/tritonai/Documents/software_intro_task/software_intro_task_big_dir/install/teleop_msgs/include/teleop_msgs
[3.586s] -- Up-to-date: /home/tritonai/Documents/software_intro_task/software_intro_task_big_dir/install/teleop_msgs/include/teleop_msgs/srv
[3.586s] -- Up-to-date: /home/tritonai/Documents/software_intro_task/software_intro_task_big_dir/install/teleop_msgs/include/teleop_msgs/srv/detail
[3.586s] -- Installing: /home/tritonai/Documents/software_intro_task/software_intro_task_big_dir/install/teleop_msgs/include/teleop_msgs/srv/detail/e_stop_service__rosidl_typesupport_fastrtps_c.h
[3.586s] -- Up-to-date: /home/tritonai/Documents/software_intro_task/software_intro_task_big_dir/install/teleop_msgs/include/teleop_msgs/msg
[3.586s] -- Up-to-date: /home/tritonai/Documents/software_intro_task/software_intro_task_big_dir/install/teleop_msgs/include/teleop_msgs/msg/detail
[3.586s] -- Installing: /home/tritonai/Documents/software_intro_task/software_intro_task_big_dir/install/teleop_msgs/include/teleop_msgs/msg/detail/vehicle_control_data__rosidl_typesupport_fastrtps_c.h
[3.587s] -- Installing: /home/tritonai/Documents/software_intro_task/software_intro_task_big_dir/install/teleop_msgs/include/teleop_msgs/msg/rosidl_typesupport_fastrtps_c__visibility_control.h
[3.587s] -- Installing: /home/tritonai/Documents/software_intro_task/software_intro_task_big_dir/install/teleop_msgs/lib/libteleop_msgs__rosidl_typesupport_fastrtps_c.so
[3.587s] -- Set runtime path of "/home/tritonai/Documents/software_intro_task/software_intro_task_big_dir/install/teleop_msgs/lib/libteleop_msgs__rosidl_typesupport_fastrtps_c.so" to ""
[3.587s] -- Up-to-date: /home/tritonai/Documents/software_intro_task/software_intro_task_big_dir/install/teleop_msgs/include/teleop_msgs
[3.587s] -- Up-to-date: /home/tritonai/Documents/software_intro_task/software_intro_task_big_dir/install/teleop_msgs/include/teleop_msgs/srv
[3.587s] -- Up-to-date: /home/tritonai/Documents/software_intro_task/software_intro_task_big_dir/install/teleop_msgs/include/teleop_msgs/srv/detail
[3.587s] -- Installing: /home/tritonai/Documents/software_intro_task/software_intro_task_big_dir/install/teleop_msgs/include/teleop_msgs/srv/detail/e_stop_service__rosidl_typesupport_fastrtps_cpp.hpp
[3.587s] -- Installing: /home/tritonai/Documents/software_intro_task/software_intro_task_big_dir/install/teleop_msgs/include/teleop_msgs/srv/detail/dds_fastrtps
[3.587s] -- Up-to-date: /home/tritonai/Documents/software_intro_task/software_intro_task_big_dir/install/teleop_msgs/include/teleop_msgs/msg
[3.587s] -- Installing: /home/tritonai/Documents/software_intro_task/software_intro_task_big_dir/install/teleop_msgs/include/teleop_msgs/msg/rosidl_typesupport_fastrtps_cpp__visibility_control.h
[3.587s] -- Up-to-date: /home/tritonai/Documents/software_intro_task/software_intro_task_big_dir/install/teleop_msgs/include/teleop_msgs/msg/detail
[3.587s] -- Installing: /home/tritonai/Documents/software_intro_task/software_intro_task_big_dir/install/teleop_msgs/include/teleop_msgs/msg/detail/vehicle_control_data__rosidl_typesupport_fastrtps_cpp.hpp
[3.587s] -- Installing: /home/tritonai/Documents/software_intro_task/software_intro_task_big_dir/install/teleop_msgs/include/teleop_msgs/msg/detail/dds_fastrtps
[3.588s] -- Installing: /home/tritonai/Documents/software_intro_task/software_intro_task_big_dir/install/teleop_msgs/lib/libteleop_msgs__rosidl_typesupport_fastrtps_cpp.so
[3.588s] -- Set runtime path of "/home/tritonai/Documents/software_intro_task/software_intro_task_big_dir/install/teleop_msgs/lib/libteleop_msgs__rosidl_typesupport_fastrtps_cpp.so" to ""
[3.588s] -- Up-to-date: /home/tritonai/Documents/software_intro_task/software_intro_task_big_dir/install/teleop_msgs/include/teleop_msgs
[3.588s] -- Up-to-date: /home/tritonai/Documents/software_intro_task/software_intro_task_big_dir/install/teleop_msgs/include/teleop_msgs/srv
[3.588s] -- Up-to-date: /home/tritonai/Documents/software_intro_task/software_intro_task_big_dir/install/teleop_msgs/include/teleop_msgs/srv/detail
[3.588s] -- Installing: /home/tritonai/Documents/software_intro_task/software_intro_task_big_dir/install/teleop_msgs/include/teleop_msgs/srv/detail/e_stop_service__rosidl_typesupport_introspection_c.h
[3.588s] -- Installing: /home/tritonai/Documents/software_intro_task/software_intro_task_big_dir/install/teleop_msgs/include/teleop_msgs/srv/detail/e_stop_service__type_support.c
[3.588s] -- Up-to-date: /home/tritonai/Documents/software_intro_task/software_intro_task_big_dir/install/teleop_msgs/include/teleop_msgs/msg
[3.588s] -- Up-to-date: /home/tritonai/Documents/software_intro_task/software_intro_task_big_dir/install/teleop_msgs/include/teleop_msgs/msg/detail
[3.588s] -- Installing: /home/tritonai/Documents/software_intro_task/software_intro_task_big_dir/install/teleop_msgs/include/teleop_msgs/msg/detail/vehicle_control_data__type_support.c
[3.588s] -- Installing: /home/tritonai/Documents/software_intro_task/software_intro_task_big_dir/install/teleop_msgs/include/teleop_msgs/msg/detail/vehicle_control_data__rosidl_typesupport_introspection_c.h
[3.588s] -- Installing: /home/tritonai/Documents/software_intro_task/software_intro_task_big_dir/install/teleop_msgs/include/teleop_msgs/msg/rosidl_typesupport_introspection_c__visibility_control.h
[3.588s] -- Installing: /home/tritonai/Documents/software_intro_task/software_intro_task_big_dir/install/teleop_msgs/lib/libteleop_msgs__rosidl_typesupport_introspection_c.so
[3.588s] -- Set runtime path of "/home/tritonai/Documents/software_intro_task/software_intro_task_big_dir/install/teleop_msgs/lib/libteleop_msgs__rosidl_typesupport_introspection_c.so" to ""
[3.589s] -- Installing: /home/tritonai/Documents/software_intro_task/software_intro_task_big_dir/install/teleop_msgs/lib/libteleop_msgs__rosidl_typesupport_c.so
[3.589s] -- Set runtime path of "/home/tritonai/Documents/software_intro_task/software_intro_task_big_dir/install/teleop_msgs/lib/libteleop_msgs__rosidl_typesupport_c.so" to ""
[3.589s] -- Up-to-date: /home/tritonai/Documents/software_intro_task/software_intro_task_big_dir/install/teleop_msgs/include/teleop_msgs
[3.589s] -- Up-to-date: /home/tritonai/Documents/software_intro_task/software_intro_task_big_dir/install/teleop_msgs/include/teleop_msgs/srv
[3.589s] -- Up-to-date: /home/tritonai/Documents/software_intro_task/software_intro_task_big_dir/install/teleop_msgs/include/teleop_msgs/srv/detail
[3.589s] -- Installing: /home/tritonai/Documents/software_intro_task/software_intro_task_big_dir/install/teleop_msgs/include/teleop_msgs/srv/detail/e_stop_service__struct.hpp
[3.589s] -- Installing: /home/tritonai/Documents/software_intro_task/software_intro_task_big_dir/install/teleop_msgs/include/teleop_msgs/srv/detail/e_stop_service__traits.hpp
[3.589s] -- Installing: /home/tritonai/Documents/software_intro_task/software_intro_task_big_dir/install/teleop_msgs/include/teleop_msgs/srv/detail/e_stop_service__builder.hpp
[3.589s] -- Installing: /home/tritonai/Documents/software_intro_task/software_intro_task_big_dir/install/teleop_msgs/include/teleop_msgs/srv/e_stop_service.hpp
[3.589s] -- Up-to-date: /home/tritonai/Documents/software_intro_task/software_intro_task_big_dir/install/teleop_msgs/include/teleop_msgs/msg
[3.589s] -- Up-to-date: /home/tritonai/Documents/software_intro_task/software_intro_task_big_dir/install/teleop_msgs/include/teleop_msgs/msg/detail
[3.589s] -- Installing: /home/tritonai/Documents/software_intro_task/software_intro_task_big_dir/install/teleop_msgs/include/teleop_msgs/msg/detail/vehicle_control_data__builder.hpp
[3.589s] -- Installing: /home/tritonai/Documents/software_intro_task/software_intro_task_big_dir/install/teleop_msgs/include/teleop_msgs/msg/detail/vehicle_control_data__struct.hpp
[3.589s] -- Installing: /home/tritonai/Documents/software_intro_task/software_intro_task_big_dir/install/teleop_msgs/include/teleop_msgs/msg/detail/vehicle_control_data__traits.hpp
[3.590s] -- Installing: /home/tritonai/Documents/software_intro_task/software_intro_task_big_dir/install/teleop_msgs/include/teleop_msgs/msg/vehicle_control_data.hpp
[3.590s] -- Up-to-date: /home/tritonai/Documents/software_intro_task/software_intro_task_big_dir/install/teleop_msgs/include/teleop_msgs
[3.590s] -- Up-to-date: /home/tritonai/Documents/software_intro_task/software_intro_task_big_dir/install/teleop_msgs/include/teleop_msgs/srv
[3.590s] -- Up-to-date: /home/tritonai/Documents/software_intro_task/software_intro_task_big_dir/install/teleop_msgs/include/teleop_msgs/srv/detail
[3.590s] -- Installing: /home/tritonai/Documents/software_intro_task/software_intro_task_big_dir/install/teleop_msgs/include/teleop_msgs/srv/detail/e_stop_service__type_support.cpp
[3.590s] -- Installing: /home/tritonai/Documents/software_intro_task/software_intro_task_big_dir/install/teleop_msgs/include/teleop_msgs/srv/detail/e_stop_service__rosidl_typesupport_introspection_cpp.hpp
[3.590s] -- Up-to-date: /home/tritonai/Documents/software_intro_task/software_intro_task_big_dir/install/teleop_msgs/include/teleop_msgs/msg
[3.590s] -- Up-to-date: /home/tritonai/Documents/software_intro_task/software_intro_task_big_dir/install/teleop_msgs/include/teleop_msgs/msg/detail
[3.590s] -- Installing: /home/tritonai/Documents/software_intro_task/software_intro_task_big_dir/install/teleop_msgs/include/teleop_msgs/msg/detail/vehicle_control_data__type_support.cpp
[3.590s] -- Installing: /home/tritonai/Documents/software_intro_task/software_intro_task_big_dir/install/teleop_msgs/include/teleop_msgs/msg/detail/vehicle_control_data__rosidl_typesupport_introspection_cpp.hpp
[3.590s] -- Installing: /home/tritonai/Documents/software_intro_task/software_intro_task_big_dir/install/teleop_msgs/lib/libteleop_msgs__rosidl_typesupport_introspection_cpp.so
[3.590s] -- Set runtime path of "/home/tritonai/Documents/software_intro_task/software_intro_task_big_dir/install/teleop_msgs/lib/libteleop_msgs__rosidl_typesupport_introspection_cpp.so" to ""
[3.590s] -- Installing: /home/tritonai/Documents/software_intro_task/software_intro_task_big_dir/install/teleop_msgs/lib/libteleop_msgs__rosidl_typesupport_cpp.so
[3.590s] -- Set runtime path of "/home/tritonai/Documents/software_intro_task/software_intro_task_big_dir/install/teleop_msgs/lib/libteleop_msgs__rosidl_typesupport_cpp.so" to ""
[3.590s] -- Installing: /home/tritonai/Documents/software_intro_task/software_intro_task_big_dir/install/teleop_msgs/share/teleop_msgs/environment/pythonpath.sh
[3.590s] -- Installing: /home/tritonai/Documents/software_intro_task/software_intro_task_big_dir/install/teleop_msgs/share/teleop_msgs/environment/pythonpath.dsv
[3.591s] -- Installing: /home/tritonai/Documents/software_intro_task/software_intro_task_big_dir/install/teleop_msgs/lib/python3.8/site-packages/teleop_msgs/__init__.py
[3.615s] Compiling '/home/tritonai/Documents/software_intro_task/software_intro_task_big_dir/install/teleop_msgs/lib/python3.8/site-packages/teleop_msgs/__init__.py'...
[3.618s] -- Installing: /home/tritonai/Documents/software_intro_task/software_intro_task_big_dir/install/teleop_msgs/lib/python3.8/site-packages/teleop_msgs/msg
[3.618s] -- Installing: /home/tritonai/Documents/software_intro_task/software_intro_task_big_dir/install/teleop_msgs/lib/python3.8/site-packages/teleop_msgs/msg/_vehicle_control_data.py
[3.618s] -- Installing: /home/tritonai/Documents/software_intro_task/software_intro_task_big_dir/install/teleop_msgs/lib/python3.8/site-packages/teleop_msgs/msg/_vehicle_control_data_s.c
[3.618s] -- Installing: /home/tritonai/Documents/software_intro_task/software_intro_task_big_dir/install/teleop_msgs/lib/python3.8/site-packages/teleop_msgs/msg/__init__.py
[3.618s] -- Installing: /home/tritonai/Documents/software_intro_task/software_intro_task_big_dir/install/teleop_msgs/lib/python3.8/site-packages/teleop_msgs/srv
[3.618s] -- Installing: /home/tritonai/Documents/software_intro_task/software_intro_task_big_dir/install/teleop_msgs/lib/python3.8/site-packages/teleop_msgs/srv/_e_stop_service_s.c
[3.618s] -- Installing: /home/tritonai/Documents/software_intro_task/software_intro_task_big_dir/install/teleop_msgs/lib/python3.8/site-packages/teleop_msgs/srv/__init__.py
[3.618s] -- Installing: /home/tritonai/Documents/software_intro_task/software_intro_task_big_dir/install/teleop_msgs/lib/python3.8/site-packages/teleop_msgs/srv/_e_stop_service.py
[3.618s] -- Installing: /home/tritonai/Documents/software_intro_task/software_intro_task_big_dir/install/teleop_msgs/lib/python3.8/site-packages/teleop_msgs/teleop_msgs_s__rosidl_typesupport_fastrtps_c.cpython-38-x86_64-linux-gnu.so
[3.618s] -- Set runtime path of "/home/tritonai/Documents/software_intro_task/software_intro_task_big_dir/install/teleop_msgs/lib/python3.8/site-packages/teleop_msgs/teleop_msgs_s__rosidl_typesupport_fastrtps_c.cpython-38-x86_64-linux-gnu.so" to ""
[3.619s] -- Installing: /home/tritonai/Documents/software_intro_task/software_intro_task_big_dir/install/teleop_msgs/lib/python3.8/site-packages/teleop_msgs/teleop_msgs_s__rosidl_typesupport_introspection_c.cpython-38-x86_64-linux-gnu.so
[3.619s] -- Set runtime path of "/home/tritonai/Documents/software_intro_task/software_intro_task_big_dir/install/teleop_msgs/lib/python3.8/site-packages/teleop_msgs/teleop_msgs_s__rosidl_typesupport_introspection_c.cpython-38-x86_64-linux-gnu.so" to ""
[3.619s] -- Installing: /home/tritonai/Documents/software_intro_task/software_intro_task_big_dir/install/teleop_msgs/lib/python3.8/site-packages/teleop_msgs/teleop_msgs_s__rosidl_typesupport_c.cpython-38-x86_64-linux-gnu.so
[3.619s] -- Set runtime path of "/home/tritonai/Documents/software_intro_task/software_intro_task_big_dir/install/teleop_msgs/lib/python3.8/site-packages/teleop_msgs/teleop_msgs_s__rosidl_typesupport_c.cpython-38-x86_64-linux-gnu.so" to ""
[3.619s] -- Installing: /home/tritonai/Documents/software_intro_task/software_intro_task_big_dir/install/teleop_msgs/lib/libteleop_msgs__python.so
[3.619s] -- Set runtime path of "/home/tritonai/Documents/software_intro_task/software_intro_task_big_dir/install/teleop_msgs/lib/libteleop_msgs__python.so" to ""
[3.619s] -- Installing: /home/tritonai/Documents/software_intro_task/software_intro_task_big_dir/install/teleop_msgs/share/teleop_msgs/msg/VehicleControlData.idl
[3.619s] -- Installing: /home/tritonai/Documents/software_intro_task/software_intro_task_big_dir/install/teleop_msgs/share/teleop_msgs/srv/EStopService.idl
[3.620s] -- Installing: /home/tritonai/Documents/software_intro_task/software_intro_task_big_dir/install/teleop_msgs/share/teleop_msgs/msg/VehicleControlData.msg
[3.620s] -- Installing: /home/tritonai/Documents/software_intro_task/software_intro_task_big_dir/install/teleop_msgs/share/teleop_msgs/srv/EStopService.srv
[3.620s] -- Installing: /home/tritonai/Documents/software_intro_task/software_intro_task_big_dir/install/teleop_msgs/share/teleop_msgs/srv/EStopService_Request.msg
[3.620s] -- Installing: /home/tritonai/Documents/software_intro_task/software_intro_task_big_dir/install/teleop_msgs/share/teleop_msgs/srv/EStopService_Response.msg
[3.620s] -- Installing: /home/tritonai/Documents/software_intro_task/software_intro_task_big_dir/install/teleop_msgs/share/ament_index/resource_index/package_run_dependencies/teleop_msgs
[3.620s] -- Installing: /home/tritonai/Documents/software_intro_task/software_intro_task_big_dir/install/teleop_msgs/share/ament_index/resource_index/parent_prefix_path/teleop_msgs
[3.620s] -- Installing: /home/tritonai/Documents/software_intro_task/software_intro_task_big_dir/install/teleop_msgs/share/teleop_msgs/environment/ament_prefix_path.sh
[3.620s] -- Installing: /home/tritonai/Documents/software_intro_task/software_intro_task_big_dir/install/teleop_msgs/share/teleop_msgs/environment/ament_prefix_path.dsv
[3.620s] -- Installing: /home/tritonai/Documents/software_intro_task/software_intro_task_big_dir/install/teleop_msgs/share/teleop_msgs/environment/path.sh
[3.620s] -- Installing: /home/tritonai/Documents/software_intro_task/software_intro_task_big_dir/install/teleop_msgs/share/teleop_msgs/environment/path.dsv
[3.620s] -- Installing: /home/tritonai/Documents/software_intro_task/software_intro_task_big_dir/install/teleop_msgs/share/teleop_msgs/local_setup.bash
[3.621s] -- Installing: /home/tritonai/Documents/software_intro_task/software_intro_task_big_dir/install/teleop_msgs/share/teleop_msgs/local_setup.sh
[3.621s] -- Installing: /home/tritonai/Documents/software_intro_task/software_intro_task_big_dir/install/teleop_msgs/share/teleop_msgs/local_setup.zsh
[3.621s] -- Installing: /home/tritonai/Documents/software_intro_task/software_intro_task_big_dir/install/teleop_msgs/share/teleop_msgs/local_setup.dsv
[3.621s] -- Installing: /home/tritonai/Documents/software_intro_task/software_intro_task_big_dir/install/teleop_msgs/share/teleop_msgs/package.dsv
[3.621s] -- Installing: /home/tritonai/Documents/software_intro_task/software_intro_task_big_dir/install/teleop_msgs/share/ament_index/resource_index/packages/teleop_msgs
[3.621s] -- Installing: /home/tritonai/Documents/software_intro_task/software_intro_task_big_dir/install/teleop_msgs/share/teleop_msgs/cmake/teleop_msgs__rosidl_generator_cExport.cmake
[3.621s] -- Installing: /home/tritonai/Documents/software_intro_task/software_intro_task_big_dir/install/teleop_msgs/share/teleop_msgs/cmake/teleop_msgs__rosidl_generator_cExport-noconfig.cmake
[3.621s] -- Installing: /home/tritonai/Documents/software_intro_task/software_intro_task_big_dir/install/teleop_msgs/share/teleop_msgs/cmake/teleop_msgs__rosidl_typesupport_introspection_cExport.cmake
[3.621s] -- Installing: /home/tritonai/Documents/software_intro_task/software_intro_task_big_dir/install/teleop_msgs/share/teleop_msgs/cmake/teleop_msgs__rosidl_typesupport_introspection_cExport-noconfig.cmake
[3.621s] -- Installing: /home/tritonai/Documents/software_intro_task/software_intro_task_big_dir/install/teleop_msgs/share/teleop_msgs/cmake/teleop_msgs__rosidl_typesupport_cExport.cmake
[3.622s] -- Installing: /home/tritonai/Documents/software_intro_task/software_intro_task_big_dir/install/teleop_msgs/share/teleop_msgs/cmake/teleop_msgs__rosidl_typesupport_cExport-noconfig.cmake
[3.622s] -- Installing: /home/tritonai/Documents/software_intro_task/software_intro_task_big_dir/install/teleop_msgs/share/teleop_msgs/cmake/teleop_msgs__rosidl_generator_cppExport.cmake
[3.622s] -- Installing: /home/tritonai/Documents/software_intro_task/software_intro_task_big_dir/install/teleop_msgs/share/teleop_msgs/cmake/teleop_msgs__rosidl_typesupport_introspection_cppExport.cmake
[3.622s] -- Installing: /home/tritonai/Documents/software_intro_task/software_intro_task_big_dir/install/teleop_msgs/share/teleop_msgs/cmake/teleop_msgs__rosidl_typesupport_introspection_cppExport-noconfig.cmake
[3.622s] -- Installing: /home/tritonai/Documents/software_intro_task/software_intro_task_big_dir/install/teleop_msgs/share/teleop_msgs/cmake/teleop_msgs__rosidl_typesupport_cppExport.cmake
[3.622s] -- Installing: /home/tritonai/Documents/software_intro_task/software_intro_task_big_dir/install/teleop_msgs/share/teleop_msgs/cmake/teleop_msgs__rosidl_typesupport_cppExport-noconfig.cmake
[3.622s] -- Installing: /home/tritonai/Documents/software_intro_task/software_intro_task_big_dir/install/teleop_msgs/share/teleop_msgs/cmake/rosidl_cmake-extras.cmake
[3.622s] -- Installing: /home/tritonai/Documents/software_intro_task/software_intro_task_big_dir/install/teleop_msgs/share/teleop_msgs/cmake/ament_cmake_export_dependencies-extras.cmake
[3.622s] -- Installing: /home/tritonai/Documents/software_intro_task/software_intro_task_big_dir/install/teleop_msgs/share/teleop_msgs/cmake/ament_cmake_export_libraries-extras.cmake
[3.622s] -- Installing: /home/tritonai/Documents/software_intro_task/software_intro_task_big_dir/install/teleop_msgs/share/teleop_msgs/cmake/ament_cmake_export_targets-extras.cmake
[3.622s] -- Installing: /home/tritonai/Documents/software_intro_task/software_intro_task_big_dir/install/teleop_msgs/share/teleop_msgs/cmake/ament_cmake_export_include_directories-extras.cmake
[3.623s] -- Installing: /home/tritonai/Documents/software_intro_task/software_intro_task_big_dir/install/teleop_msgs/share/teleop_msgs/cmake/rosidl_cmake_export_typesupport_libraries-extras.cmake
[3.623s] -- Installing: /home/tritonai/Documents/software_intro_task/software_intro_task_big_dir/install/teleop_msgs/share/teleop_msgs/cmake/rosidl_cmake_export_typesupport_targets-extras.cmake
[3.623s] -- Installing: /home/tritonai/Documents/software_intro_task/software_intro_task_big_dir/install/teleop_msgs/share/teleop_msgs/cmake/teleop_msgsConfig.cmake
[3.623s] -- Installing: /home/tritonai/Documents/software_intro_task/software_intro_task_big_dir/install/teleop_msgs/share/teleop_msgs/cmake/teleop_msgsConfig-version.cmake
[3.623s] -- Installing: /home/tritonai/Documents/software_intro_task/software_intro_task_big_dir/install/teleop_msgs/share/teleop_msgs/package.xml
[3.625s] Invoked command in '/home/tritonai/Documents/software_intro_task/software_intro_task_big_dir/build/teleop_msgs' returned '0': CMAKE_PREFIX_PATH=${CMAKE_PREFIX_PATH}:/opt/ros/galactic /opt/cmake-install/bin/cmake --install /home/tritonai/Documents/software_intro_task/software_intro_task_big_dir/build/teleop_msgs
