[0.635s] Invoking command in '/home/ubuntu/software_intro_task/software_intro_task_big_dir/software_intro_task/teleop_py': PYTHONPATH=/home/ubuntu/software_intro_task/software_intro_task_big_dir/build/teleop_py/prefix_override:/home/ubuntu/software_intro_task/software_intro_task_big_dir/install/teleop_py/lib/python3.8/site-packages:/home/ubuntu/software_intro_task/software_intro_task_big_dir/install/teleop_msgs/lib/python3.8/site-packages:/home/ubuntu/software_intro_task/software_intro_task_big_dir/install/teleop_py/lib/python3.8/site-packages:/opt/ros/galactic/lib/python3.8/site-packages /usr/bin/python3 setup.py egg_info --egg-base ../../build/teleop_py build --build-base /home/ubuntu/software_intro_task/software_intro_task_big_dir/build/teleop_py/build install --record /home/ubuntu/software_intro_task/software_intro_task_big_dir/build/teleop_py/install.log --single-version-externally-managed
[0.785s] running egg_info
[0.786s] creating ../../build/teleop_py/teleop_py.egg-info
[0.788s] writing ../../build/teleop_py/teleop_py.egg-info/PKG-INFO
[0.791s] writing dependency_links to ../../build/teleop_py/teleop_py.egg-info/dependency_links.txt
[0.793s] writing entry points to ../../build/teleop_py/teleop_py.egg-info/entry_points.txt
[0.795s] writing requirements to ../../build/teleop_py/teleop_py.egg-info/requires.txt
[0.796s] writing top-level names to ../../build/teleop_py/teleop_py.egg-info/top_level.txt
[0.800s] writing manifest file '../../build/teleop_py/teleop_py.egg-info/SOURCES.txt'
[0.830s] reading manifest file '../../build/teleop_py/teleop_py.egg-info/SOURCES.txt'
[0.831s] writing manifest file '../../build/teleop_py/teleop_py.egg-info/SOURCES.txt'
[0.833s] running build
[0.834s] running build_py
[0.835s] creating /home/ubuntu/software_intro_task/software_intro_task_big_dir/build/teleop_py/build
[0.836s] creating /home/ubuntu/software_intro_task/software_intro_task_big_dir/build/teleop_py/build/lib
[0.837s] creating /home/ubuntu/software_intro_task/software_intro_task_big_dir/build/teleop_py/build/lib/teleop_py
[0.839s] copying teleop_py/sevice_member_function.py -> /home/ubuntu/software_intro_task/software_intro_task_big_dir/build/teleop_py/build/lib/teleop_py
[0.840s] copying teleop_py/teleop_py.py -> /home/ubuntu/software_intro_task/software_intro_task_big_dir/build/teleop_py/build/lib/teleop_py
[0.841s] copying teleop_py/__init__.py -> /home/ubuntu/software_intro_task/software_intro_task_big_dir/build/teleop_py/build/lib/teleop_py
[0.841s] copying teleop_py/teleop_py_node.py -> /home/ubuntu/software_intro_task/software_intro_task_big_dir/build/teleop_py/build/lib/teleop_py
[0.842s] running install
[0.843s] running install_lib
[0.847s] creating /home/ubuntu/software_intro_task/software_intro_task_big_dir/install/teleop_py/lib/python3.8/site-packages/teleop_py
[0.847s] copying /home/ubuntu/software_intro_task/software_intro_task_big_dir/build/teleop_py/build/lib/teleop_py/sevice_member_function.py -> /home/ubuntu/software_intro_task/software_intro_task_big_dir/install/teleop_py/lib/python3.8/site-packages/teleop_py
[0.850s] copying /home/ubuntu/software_intro_task/software_intro_task_big_dir/build/teleop_py/build/lib/teleop_py/teleop_py.py -> /home/ubuntu/software_intro_task/software_intro_task_big_dir/install/teleop_py/lib/python3.8/site-packages/teleop_py
[0.850s] copying /home/ubuntu/software_intro_task/software_intro_task_big_dir/build/teleop_py/build/lib/teleop_py/__init__.py -> /home/ubuntu/software_intro_task/software_intro_task_big_dir/install/teleop_py/lib/python3.8/site-packages/teleop_py
[0.851s] copying /home/ubuntu/software_intro_task/software_intro_task_big_dir/build/teleop_py/build/lib/teleop_py/teleop_py_node.py -> /home/ubuntu/software_intro_task/software_intro_task_big_dir/install/teleop_py/lib/python3.8/site-packages/teleop_py
[0.851s] byte-compiling /home/ubuntu/software_intro_task/software_intro_task_big_dir/install/teleop_py/lib/python3.8/site-packages/teleop_py/sevice_member_function.py to sevice_member_function.cpython-38.pyc
[0.855s] byte-compiling /home/ubuntu/software_intro_task/software_intro_task_big_dir/install/teleop_py/lib/python3.8/site-packages/teleop_py/teleop_py.py to teleop_py.cpython-38.pyc
[0.855s] byte-compiling /home/ubuntu/software_intro_task/software_intro_task_big_dir/install/teleop_py/lib/python3.8/site-packages/teleop_py/__init__.py to __init__.cpython-38.pyc
[0.855s] byte-compiling /home/ubuntu/software_intro_task/software_intro_task_big_dir/install/teleop_py/lib/python3.8/site-packages/teleop_py/teleop_py_node.py to teleop_py_node.cpython-38.pyc
[0.856s] running install_data
[0.859s] creating /home/ubuntu/software_intro_task/software_intro_task_big_dir/install/teleop_py/share/ament_index
[0.859s] creating /home/ubuntu/software_intro_task/software_intro_task_big_dir/install/teleop_py/share/ament_index/resource_index
[0.859s] creating /home/ubuntu/software_intro_task/software_intro_task_big_dir/install/teleop_py/share/ament_index/resource_index/packages
[0.860s] copying resource/teleop_py -> /home/ubuntu/software_intro_task/software_intro_task_big_dir/install/teleop_py/share/ament_index/resource_index/packages
[0.860s] copying package.xml -> /home/ubuntu/software_intro_task/software_intro_task_big_dir/install/teleop_py/share/teleop_py
[0.860s] creating /home/ubuntu/software_intro_task/software_intro_task_big_dir/install/teleop_py/share/teleop_py/launch
[0.860s] copying launch/teleop_py.launch.py -> /home/ubuntu/software_intro_task/software_intro_task_big_dir/install/teleop_py/share/teleop_py/launch
[0.861s] creating /home/ubuntu/software_intro_task/software_intro_task_big_dir/install/teleop_py/share/teleop_py/param
[0.861s] copying param/teleop_py.yaml -> /home/ubuntu/software_intro_task/software_intro_task_big_dir/install/teleop_py/share/teleop_py/param
[0.861s] running install_egg_info
[0.863s] Copying ../../build/teleop_py/teleop_py.egg-info to /home/ubuntu/software_intro_task/software_intro_task_big_dir/install/teleop_py/lib/python3.8/site-packages/teleop_py-1.0.0-py3.8.egg-info
[0.867s] running install_scripts
[0.889s] Installing service script to /home/ubuntu/software_intro_task/software_intro_task_big_dir/install/teleop_py/lib/teleop_py
[0.891s] Installing teleop_py_node_exe script to /home/ubuntu/software_intro_task/software_intro_task_big_dir/install/teleop_py/lib/teleop_py
[0.893s] writing list of installed files to '/home/ubuntu/software_intro_task/software_intro_task_big_dir/build/teleop_py/install.log'
[0.915s] Invoked command in '/home/ubuntu/software_intro_task/software_intro_task_big_dir/software_intro_task/teleop_py' returned '0': PYTHONPATH=/home/ubuntu/software_intro_task/software_intro_task_big_dir/build/teleop_py/prefix_override:/home/ubuntu/software_intro_task/software_intro_task_big_dir/install/teleop_py/lib/python3.8/site-packages:/home/ubuntu/software_intro_task/software_intro_task_big_dir/install/teleop_msgs/lib/python3.8/site-packages:/home/ubuntu/software_intro_task/software_intro_task_big_dir/install/teleop_py/lib/python3.8/site-packages:/opt/ros/galactic/lib/python3.8/site-packages /usr/bin/python3 setup.py egg_info --egg-base ../../build/teleop_py build --build-base /home/ubuntu/software_intro_task/software_intro_task_big_dir/build/teleop_py/build install --record /home/ubuntu/software_intro_task/software_intro_task_big_dir/build/teleop_py/install.log --single-version-externally-managed
