/home/triton-ai/Documents/software_intro_task/software_intro_task_big_dir/install/teleop_py/lib/python3.10/site-packages/teleop_py/teleop_py_node.py
/home/triton-ai/Documents/software_intro_task/software_intro_task_big_dir/install/teleop_py/lib/python3.10/site-packages/teleop_py/sevice_member_function.py
/home/triton-ai/Documents/software_intro_task/software_intro_task_big_dir/install/teleop_py/lib/python3.10/site-packages/teleop_py/teleop_py.py
/home/triton-ai/Documents/software_intro_task/software_intro_task_big_dir/install/teleop_py/lib/python3.10/site-packages/teleop_py/__init__.py
/home/triton-ai/Documents/software_intro_task/software_intro_task_big_dir/install/teleop_py/lib/python3.10/site-packages/teleop_py/__pycache__/teleop_py_node.cpython-310.pyc
/home/triton-ai/Documents/software_intro_task/software_intro_task_big_dir/install/teleop_py/lib/python3.10/site-packages/teleop_py/__pycache__/sevice_member_function.cpython-310.pyc
/home/triton-ai/Documents/software_intro_task/software_intro_task_big_dir/install/teleop_py/lib/python3.10/site-packages/teleop_py/__pycache__/teleop_py.cpython-310.pyc
/home/triton-ai/Documents/software_intro_task/software_intro_task_big_dir/install/teleop_py/lib/python3.10/site-packages/teleop_py/__pycache__/__init__.cpython-310.pyc
/home/triton-ai/Documents/software_intro_task/software_intro_task_big_dir/install/teleop_py/share/ament_index/resource_index/packages/teleop_py
/home/triton-ai/Documents/software_intro_task/software_intro_task_big_dir/install/teleop_py/share/teleop_py/package.xml
/home/triton-ai/Documents/software_intro_task/software_intro_task_big_dir/install/teleop_py/share/teleop_py/launch/teleop_py.launch.py
/home/triton-ai/Documents/software_intro_task/software_intro_task_big_dir/install/teleop_py/share/teleop_py/param/teleop_py.yaml
/home/triton-ai/Documents/software_intro_task/software_intro_task_big_dir/install/teleop_py/lib/python3.10/site-packages/teleop_py-1.0.0-py3.10.egg-info/dependency_links.txt
/home/triton-ai/Documents/software_intro_task/software_intro_task_big_dir/install/teleop_py/lib/python3.10/site-packages/teleop_py-1.0.0-py3.10.egg-info/requires.txt
/home/triton-ai/Documents/software_intro_task/software_intro_task_big_dir/install/teleop_py/lib/python3.10/site-packages/teleop_py-1.0.0-py3.10.egg-info/top_level.txt
/home/triton-ai/Documents/software_intro_task/software_intro_task_big_dir/install/teleop_py/lib/python3.10/site-packages/teleop_py-1.0.0-py3.10.egg-info/entry_points.txt
/home/triton-ai/Documents/software_intro_task/software_intro_task_big_dir/install/teleop_py/lib/python3.10/site-packages/teleop_py-1.0.0-py3.10.egg-info/zip-safe
/home/triton-ai/Documents/software_intro_task/software_intro_task_big_dir/install/teleop_py/lib/python3.10/site-packages/teleop_py-1.0.0-py3.10.egg-info/SOURCES.txt
/home/triton-ai/Documents/software_intro_task/software_intro_task_big_dir/install/teleop_py/lib/python3.10/site-packages/teleop_py-1.0.0-py3.10.egg-info/PKG-INFO
/home/triton-ai/Documents/software_intro_task/software_intro_task_big_dir/install/teleop_py/lib/teleop_py/service
/home/triton-ai/Documents/software_intro_task/software_intro_task_big_dir/install/teleop_py/lib/teleop_py/teleop_py_node_exe
