[0.102s] Invoking command in '/home/ubuntu/software_intro_task_big_dir/build/teleop_msgs': CMAKE_PREFIX_PATH=${CMAKE_PREFIX_PATH}:/home/ubuntu/software_intro_task_big_dir/install/teleop_py:/home/ubuntu/software_intro_task/install/teleop_py:/opt/ros/galactic /usr/bin/cmake --build /home/ubuntu/software_intro_task_big_dir/build/teleop_msgs -- -j1 -l1
[0.158s] [  3%] Built target teleop_msgs__cpp
[0.178s] [ 17%] Built target teleop_msgs__rosidl_typesupport_introspection_cpp
[0.196s] [ 31%] Built target teleop_msgs__rosidl_typesupport_cpp
[0.213s] [ 44%] Built target teleop_msgs__rosidl_generator_c
[0.230s] [ 58%] Built target teleop_msgs__rosidl_typesupport_introspection_c
[0.249s] [ 72%] Built target teleop_msgs__rosidl_typesupport_c
[0.265s] [ 72%] Built target teleop_msgs
[0.281s] [ 75%] Built target teleop_msgs__py
[0.300s] [ 86%] Built target teleop_msgs__python
[0.319s] [ 93%] Built target teleop_msgs__rosidl_typesupport_c__pyext
[0.337s] [100%] Built target teleop_msgs__rosidl_typesupport_introspection_c__pyext
[0.354s] Invoked command in '/home/ubuntu/software_intro_task_big_dir/build/teleop_msgs' returned '0': CMAKE_PREFIX_PATH=${CMAKE_PREFIX_PATH}:/home/ubuntu/software_intro_task_big_dir/install/teleop_py:/home/ubuntu/software_intro_task/install/teleop_py:/opt/ros/galactic /usr/bin/cmake --build /home/ubuntu/software_intro_task_big_dir/build/teleop_msgs -- -j1 -l1
[0.401s] Invoking command in '/home/ubuntu/software_intro_task_big_dir/build/teleop_msgs': CMAKE_PREFIX_PATH=${CMAKE_PREFIX_PATH}:/home/ubuntu/software_intro_task_big_dir/install/teleop_py:/home/ubuntu/software_intro_task/install/teleop_py:/opt/ros/galactic /usr/bin/cmake --install /home/ubuntu/software_intro_task_big_dir/build/teleop_msgs
[0.410s] -- Install configuration: ""
[0.411s] -- Up-to-date: /home/ubuntu/software_intro_task_big_dir/install/teleop_msgs/share/ament_index/resource_index/rosidl_interfaces/teleop_msgs
[0.411s] -- Up-to-date: /home/ubuntu/software_intro_task_big_dir/install/teleop_msgs/include/teleop_msgs
[0.412s] -- Up-to-date: /home/ubuntu/software_intro_task_big_dir/install/teleop_msgs/include/teleop_msgs/srv
[0.413s] -- Up-to-date: /home/ubuntu/software_intro_task_big_dir/install/teleop_msgs/include/teleop_msgs/srv/e_stop_service.h
[0.413s] -- Up-to-date: /home/ubuntu/software_intro_task_big_dir/install/teleop_msgs/include/teleop_msgs/srv/detail
[0.414s] -- Up-to-date: /home/ubuntu/software_intro_task_big_dir/install/teleop_msgs/include/teleop_msgs/srv/detail/e_stop_service__functions.h
[0.414s] -- Up-to-date: /home/ubuntu/software_intro_task_big_dir/install/teleop_msgs/include/teleop_msgs/srv/detail/e_stop_service__struct.h
[0.415s] -- Up-to-date: /home/ubuntu/software_intro_task_big_dir/install/teleop_msgs/include/teleop_msgs/srv/detail/e_stop_service__type_support.h
[0.415s] -- Up-to-date: /home/ubuntu/software_intro_task_big_dir/install/teleop_msgs/include/teleop_msgs/srv/detail/e_stop_service__functions.c
[0.415s] -- Up-to-date: /home/ubuntu/software_intro_task_big_dir/install/teleop_msgs/include/teleop_msgs/msg
[0.415s] -- Up-to-date: /home/ubuntu/software_intro_task_big_dir/install/teleop_msgs/include/teleop_msgs/msg/rosidl_generator_c__visibility_control.h
[0.417s] -- Up-to-date: /home/ubuntu/software_intro_task_big_dir/install/teleop_msgs/include/teleop_msgs/msg/vehicle_control_data.h
[0.417s] -- Up-to-date: /home/ubuntu/software_intro_task_big_dir/install/teleop_msgs/include/teleop_msgs/msg/detail
[0.417s] -- Up-to-date: /home/ubuntu/software_intro_task_big_dir/install/teleop_msgs/include/teleop_msgs/msg/detail/vehicle_control_data__type_support.h
[0.417s] -- Up-to-date: /home/ubuntu/software_intro_task_big_dir/install/teleop_msgs/include/teleop_msgs/msg/detail/vehicle_control_data__functions.c
[0.417s] -- Up-to-date: /home/ubuntu/software_intro_task_big_dir/install/teleop_msgs/include/teleop_msgs/msg/detail/vehicle_control_data__struct.h
[0.418s] -- Up-to-date: /home/ubuntu/software_intro_task_big_dir/install/teleop_msgs/include/teleop_msgs/msg/detail/vehicle_control_data__functions.h
[0.418s] -- Up-to-date: /home/ubuntu/software_intro_task_big_dir/install/teleop_msgs/share/teleop_msgs/environment/library_path.sh
[0.418s] -- Up-to-date: /home/ubuntu/software_intro_task_big_dir/install/teleop_msgs/share/teleop_msgs/environment/library_path.dsv
[0.418s] -- Up-to-date: /home/ubuntu/software_intro_task_big_dir/install/teleop_msgs/lib/libteleop_msgs__rosidl_generator_c.so
[0.418s] -- Up-to-date: /home/ubuntu/software_intro_task_big_dir/install/teleop_msgs/include/teleop_msgs
[0.419s] -- Up-to-date: /home/ubuntu/software_intro_task_big_dir/install/teleop_msgs/include/teleop_msgs/srv
[0.419s] -- Up-to-date: /home/ubuntu/software_intro_task_big_dir/install/teleop_msgs/include/teleop_msgs/srv/detail
[0.419s] -- Up-to-date: /home/ubuntu/software_intro_task_big_dir/install/teleop_msgs/include/teleop_msgs/srv/detail/e_stop_service__rosidl_typesupport_introspection_c.h
[0.419s] -- Up-to-date: /home/ubuntu/software_intro_task_big_dir/install/teleop_msgs/include/teleop_msgs/srv/detail/e_stop_service__type_support.c
[0.419s] -- Up-to-date: /home/ubuntu/software_intro_task_big_dir/install/teleop_msgs/include/teleop_msgs/msg
[0.419s] -- Up-to-date: /home/ubuntu/software_intro_task_big_dir/install/teleop_msgs/include/teleop_msgs/msg/rosidl_typesupport_introspection_c__visibility_control.h
[0.419s] -- Up-to-date: /home/ubuntu/software_intro_task_big_dir/install/teleop_msgs/include/teleop_msgs/msg/detail
[0.419s] -- Up-to-date: /home/ubuntu/software_intro_task_big_dir/install/teleop_msgs/include/teleop_msgs/msg/detail/vehicle_control_data__rosidl_typesupport_introspection_c.h
[0.420s] -- Up-to-date: /home/ubuntu/software_intro_task_big_dir/install/teleop_msgs/include/teleop_msgs/msg/detail/vehicle_control_data__type_support.c
[0.420s] -- Up-to-date: /home/ubuntu/software_intro_task_big_dir/install/teleop_msgs/lib/libteleop_msgs__rosidl_typesupport_introspection_c.so
[0.420s] -- Up-to-date: /home/ubuntu/software_intro_task_big_dir/install/teleop_msgs/lib/libteleop_msgs__rosidl_typesupport_c.so
[0.421s] -- Up-to-date: /home/ubuntu/software_intro_task_big_dir/install/teleop_msgs/include/teleop_msgs
[0.421s] -- Up-to-date: /home/ubuntu/software_intro_task_big_dir/install/teleop_msgs/include/teleop_msgs/srv
[0.421s] -- Up-to-date: /home/ubuntu/software_intro_task_big_dir/install/teleop_msgs/include/teleop_msgs/srv/e_stop_service.hpp
[0.421s] -- Up-to-date: /home/ubuntu/software_intro_task_big_dir/install/teleop_msgs/include/teleop_msgs/srv/detail
[0.421s] -- Up-to-date: /home/ubuntu/software_intro_task_big_dir/install/teleop_msgs/include/teleop_msgs/srv/detail/e_stop_service__traits.hpp
[0.421s] -- Up-to-date: /home/ubuntu/software_intro_task_big_dir/install/teleop_msgs/include/teleop_msgs/srv/detail/e_stop_service__builder.hpp
[0.421s] -- Up-to-date: /home/ubuntu/software_intro_task_big_dir/install/teleop_msgs/include/teleop_msgs/srv/detail/e_stop_service__struct.hpp
[0.421s] -- Up-to-date: /home/ubuntu/software_intro_task_big_dir/install/teleop_msgs/include/teleop_msgs/msg
[0.423s] -- Up-to-date: /home/ubuntu/software_intro_task_big_dir/install/teleop_msgs/include/teleop_msgs/msg/vehicle_control_data.hpp
[0.423s] -- Up-to-date: /home/ubuntu/software_intro_task_big_dir/install/teleop_msgs/include/teleop_msgs/msg/detail
[0.423s] -- Up-to-date: /home/ubuntu/software_intro_task_big_dir/install/teleop_msgs/include/teleop_msgs/msg/detail/vehicle_control_data__struct.hpp
[0.423s] -- Up-to-date: /home/ubuntu/software_intro_task_big_dir/install/teleop_msgs/include/teleop_msgs/msg/detail/vehicle_control_data__traits.hpp
[0.423s] -- Up-to-date: /home/ubuntu/software_intro_task_big_dir/install/teleop_msgs/include/teleop_msgs/msg/detail/vehicle_control_data__builder.hpp
[0.424s] -- Up-to-date: /home/ubuntu/software_intro_task_big_dir/install/teleop_msgs/include/teleop_msgs
[0.424s] -- Up-to-date: /home/ubuntu/software_intro_task_big_dir/install/teleop_msgs/include/teleop_msgs/srv
[0.424s] -- Up-to-date: /home/ubuntu/software_intro_task_big_dir/install/teleop_msgs/include/teleop_msgs/srv/detail
[0.424s] -- Up-to-date: /home/ubuntu/software_intro_task_big_dir/install/teleop_msgs/include/teleop_msgs/srv/detail/e_stop_service__type_support.cpp
[0.424s] -- Up-to-date: /home/ubuntu/software_intro_task_big_dir/install/teleop_msgs/include/teleop_msgs/srv/detail/e_stop_service__rosidl_typesupport_introspection_cpp.hpp
[0.424s] -- Up-to-date: /home/ubuntu/software_intro_task_big_dir/install/teleop_msgs/include/teleop_msgs/msg
[0.424s] -- Up-to-date: /home/ubuntu/software_intro_task_big_dir/install/teleop_msgs/include/teleop_msgs/msg/detail
[0.424s] -- Up-to-date: /home/ubuntu/software_intro_task_big_dir/install/teleop_msgs/include/teleop_msgs/msg/detail/vehicle_control_data__rosidl_typesupport_introspection_cpp.hpp
[0.424s] -- Up-to-date: /home/ubuntu/software_intro_task_big_dir/install/teleop_msgs/include/teleop_msgs/msg/detail/vehicle_control_data__type_support.cpp
[0.425s] -- Up-to-date: /home/ubuntu/software_intro_task_big_dir/install/teleop_msgs/lib/libteleop_msgs__rosidl_typesupport_introspection_cpp.so
[0.425s] -- Up-to-date: /home/ubuntu/software_intro_task_big_dir/install/teleop_msgs/lib/libteleop_msgs__rosidl_typesupport_cpp.so
[0.425s] -- Up-to-date: /home/ubuntu/software_intro_task_big_dir/install/teleop_msgs/share/teleop_msgs/environment/pythonpath.sh
[0.425s] -- Up-to-date: /home/ubuntu/software_intro_task_big_dir/install/teleop_msgs/share/teleop_msgs/environment/pythonpath.dsv
[0.426s] -- Up-to-date: /home/ubuntu/software_intro_task_big_dir/install/teleop_msgs/lib/python3.8/site-packages/teleop_msgs/__init__.py
[0.473s] -- Up-to-date: /home/ubuntu/software_intro_task_big_dir/install/teleop_msgs/lib/python3.8/site-packages/teleop_msgs/msg
[0.473s] -- Up-to-date: /home/ubuntu/software_intro_task_big_dir/install/teleop_msgs/lib/python3.8/site-packages/teleop_msgs/msg/_vehicle_control_data_s.c
[0.473s] -- Up-to-date: /home/ubuntu/software_intro_task_big_dir/install/teleop_msgs/lib/python3.8/site-packages/teleop_msgs/msg/__init__.py
[0.473s] -- Up-to-date: /home/ubuntu/software_intro_task_big_dir/install/teleop_msgs/lib/python3.8/site-packages/teleop_msgs/msg/_vehicle_control_data.py
[0.475s] -- Up-to-date: /home/ubuntu/software_intro_task_big_dir/install/teleop_msgs/lib/python3.8/site-packages/teleop_msgs/srv
[0.475s] -- Up-to-date: /home/ubuntu/software_intro_task_big_dir/install/teleop_msgs/lib/python3.8/site-packages/teleop_msgs/srv/__init__.py
[0.475s] -- Up-to-date: /home/ubuntu/software_intro_task_big_dir/install/teleop_msgs/lib/python3.8/site-packages/teleop_msgs/srv/_e_stop_service_s.c
[0.475s] -- Up-to-date: /home/ubuntu/software_intro_task_big_dir/install/teleop_msgs/lib/python3.8/site-packages/teleop_msgs/srv/_e_stop_service.py
[0.475s] -- Up-to-date: /home/ubuntu/software_intro_task_big_dir/install/teleop_msgs/lib/python3.8/site-packages/teleop_msgs/teleop_msgs_s__rosidl_typesupport_introspection_c.cpython-38-aarch64-linux-gnu.so
[0.478s] -- Up-to-date: /home/ubuntu/software_intro_task_big_dir/install/teleop_msgs/lib/python3.8/site-packages/teleop_msgs/teleop_msgs_s__rosidl_typesupport_c.cpython-38-aarch64-linux-gnu.so
[0.479s] -- Up-to-date: /home/ubuntu/software_intro_task_big_dir/install/teleop_msgs/lib/libteleop_msgs__python.so
[0.479s] -- Up-to-date: /home/ubuntu/software_intro_task_big_dir/install/teleop_msgs/share/teleop_msgs/msg/VehicleControlData.idl
[0.479s] -- Up-to-date: /home/ubuntu/software_intro_task_big_dir/install/teleop_msgs/share/teleop_msgs/srv/EStopService.idl
[0.479s] -- Up-to-date: /home/ubuntu/software_intro_task_big_dir/install/teleop_msgs/share/teleop_msgs/msg/VehicleControlData.msg
[0.479s] -- Up-to-date: /home/ubuntu/software_intro_task_big_dir/install/teleop_msgs/share/teleop_msgs/srv/EStopService.srv
[0.479s] -- Up-to-date: /home/ubuntu/software_intro_task_big_dir/install/teleop_msgs/share/teleop_msgs/srv/EStopService_Request.msg
[0.480s] -- Up-to-date: /home/ubuntu/software_intro_task_big_dir/install/teleop_msgs/share/teleop_msgs/srv/EStopService_Response.msg
[0.480s] -- Up-to-date: /home/ubuntu/software_intro_task_big_dir/install/teleop_msgs/share/ament_index/resource_index/package_run_dependencies/teleop_msgs
[0.480s] -- Up-to-date: /home/ubuntu/software_intro_task_big_dir/install/teleop_msgs/share/ament_index/resource_index/parent_prefix_path/teleop_msgs
[0.480s] -- Up-to-date: /home/ubuntu/software_intro_task_big_dir/install/teleop_msgs/share/teleop_msgs/environment/ament_prefix_path.sh
[0.480s] -- Up-to-date: /home/ubuntu/software_intro_task_big_dir/install/teleop_msgs/share/teleop_msgs/environment/ament_prefix_path.dsv
[0.480s] -- Up-to-date: /home/ubuntu/software_intro_task_big_dir/install/teleop_msgs/share/teleop_msgs/environment/path.sh
[0.480s] -- Up-to-date: /home/ubuntu/software_intro_task_big_dir/install/teleop_msgs/share/teleop_msgs/environment/path.dsv
[0.483s] -- Up-to-date: /home/ubuntu/software_intro_task_big_dir/install/teleop_msgs/share/teleop_msgs/local_setup.bash
[0.483s] -- Up-to-date: /home/ubuntu/software_intro_task_big_dir/install/teleop_msgs/share/teleop_msgs/local_setup.sh
[0.483s] -- Up-to-date: /home/ubuntu/software_intro_task_big_dir/install/teleop_msgs/share/teleop_msgs/local_setup.zsh
[0.484s] -- Up-to-date: /home/ubuntu/software_intro_task_big_dir/install/teleop_msgs/share/teleop_msgs/local_setup.dsv
[0.484s] -- Installing: /home/ubuntu/software_intro_task_big_dir/install/teleop_msgs/share/teleop_msgs/package.dsv
[0.484s] -- Up-to-date: /home/ubuntu/software_intro_task_big_dir/install/teleop_msgs/share/ament_index/resource_index/packages/teleop_msgs
[0.484s] -- Up-to-date: /home/ubuntu/software_intro_task_big_dir/install/teleop_msgs/share/teleop_msgs/cmake/teleop_msgs__rosidl_generator_cExport.cmake
[0.485s] -- Up-to-date: /home/ubuntu/software_intro_task_big_dir/install/teleop_msgs/share/teleop_msgs/cmake/teleop_msgs__rosidl_generator_cExport-noconfig.cmake
[0.485s] -- Up-to-date: /home/ubuntu/software_intro_task_big_dir/install/teleop_msgs/share/teleop_msgs/cmake/teleop_msgs__rosidl_typesupport_introspection_cExport.cmake
[0.485s] -- Up-to-date: /home/ubuntu/software_intro_task_big_dir/install/teleop_msgs/share/teleop_msgs/cmake/teleop_msgs__rosidl_typesupport_introspection_cExport-noconfig.cmake
[0.486s] -- Up-to-date: /home/ubuntu/software_intro_task_big_dir/install/teleop_msgs/share/teleop_msgs/cmake/teleop_msgs__rosidl_typesupport_cExport.cmake
[0.486s] -- Up-to-date: /home/ubuntu/software_intro_task_big_dir/install/teleop_msgs/share/teleop_msgs/cmake/teleop_msgs__rosidl_typesupport_cExport-noconfig.cmake
[0.486s] -- Up-to-date: /home/ubuntu/software_intro_task_big_dir/install/teleop_msgs/share/teleop_msgs/cmake/teleop_msgs__rosidl_generator_cppExport.cmake
[0.486s] -- Up-to-date: /home/ubuntu/software_intro_task_big_dir/install/teleop_msgs/share/teleop_msgs/cmake/teleop_msgs__rosidl_typesupport_introspection_cppExport.cmake
[0.486s] -- Up-to-date: /home/ubuntu/software_intro_task_big_dir/install/teleop_msgs/share/teleop_msgs/cmake/teleop_msgs__rosidl_typesupport_introspection_cppExport-noconfig.cmake
[0.487s] -- Up-to-date: /home/ubuntu/software_intro_task_big_dir/install/teleop_msgs/share/teleop_msgs/cmake/teleop_msgs__rosidl_typesupport_cppExport.cmake
[0.487s] -- Up-to-date: /home/ubuntu/software_intro_task_big_dir/install/teleop_msgs/share/teleop_msgs/cmake/teleop_msgs__rosidl_typesupport_cppExport-noconfig.cmake
[0.487s] -- Up-to-date: /home/ubuntu/software_intro_task_big_dir/install/teleop_msgs/share/teleop_msgs/cmake/rosidl_cmake-extras.cmake
[0.487s] -- Up-to-date: /home/ubuntu/software_intro_task_big_dir/install/teleop_msgs/share/teleop_msgs/cmake/ament_cmake_export_dependencies-extras.cmake
[0.487s] -- Up-to-date: /home/ubuntu/software_intro_task_big_dir/install/teleop_msgs/share/teleop_msgs/cmake/ament_cmake_export_libraries-extras.cmake
[0.487s] -- Up-to-date: /home/ubuntu/software_intro_task_big_dir/install/teleop_msgs/share/teleop_msgs/cmake/ament_cmake_export_targets-extras.cmake
[0.488s] -- Up-to-date: /home/ubuntu/software_intro_task_big_dir/install/teleop_msgs/share/teleop_msgs/cmake/ament_cmake_export_include_directories-extras.cmake
[0.491s] -- Up-to-date: /home/ubuntu/software_intro_task_big_dir/install/teleop_msgs/share/teleop_msgs/cmake/rosidl_cmake_export_typesupport_targets-extras.cmake
[0.491s] -- Up-to-date: /home/ubuntu/software_intro_task_big_dir/install/teleop_msgs/share/teleop_msgs/cmake/teleop_msgsConfig.cmake
[0.492s] -- Up-to-date: /home/ubuntu/software_intro_task_big_dir/install/teleop_msgs/share/teleop_msgs/cmake/teleop_msgsConfig-version.cmake
[0.492s] -- Up-to-date: /home/ubuntu/software_intro_task_big_dir/install/teleop_msgs/share/teleop_msgs/package.xml
[0.495s] Invoked command in '/home/ubuntu/software_intro_task_big_dir/build/teleop_msgs' returned '0': CMAKE_PREFIX_PATH=${CMAKE_PREFIX_PATH}:/home/ubuntu/software_intro_task_big_dir/install/teleop_py:/home/ubuntu/software_intro_task/install/teleop_py:/opt/ros/galactic /usr/bin/cmake --install /home/ubuntu/software_intro_task_big_dir/build/teleop_msgs
