[0.077s] Invoking command in '/home/ubuntu/software_intro_task_big_dir/build/teleop_msgs': CMAKE_PREFIX_PATH=/opt/ros/galactic /usr/bin/cmake --build /home/ubuntu/software_intro_task_big_dir/build/teleop_msgs -- -j1 -l1
[0.120s] [  3%] Built target teleop_msgs__cpp
[0.135s] [ 17%] Built target teleop_msgs__rosidl_typesupport_introspection_cpp
[0.149s] [ 31%] Built target teleop_msgs__rosidl_typesupport_cpp
[0.164s] [ 44%] Built target teleop_msgs__rosidl_generator_c
[0.179s] [ 58%] Built target teleop_msgs__rosidl_typesupport_introspection_c
[0.193s] [ 72%] Built target teleop_msgs__rosidl_typesupport_c
[0.207s] [ 72%] Built target teleop_msgs
[0.236s] [ 75%] Built target teleop_msgs__py
[0.273s] [ 86%] Built target teleop_msgs__python
[0.292s] [ 93%] Built target teleop_msgs__rosidl_typesupport_c__pyext
[0.312s] [100%] Built target teleop_msgs__rosidl_typesupport_introspection_c__pyext
[0.331s] Invoked command in '/home/ubuntu/software_intro_task_big_dir/build/teleop_msgs' returned '0': CMAKE_PREFIX_PATH=/opt/ros/galactic /usr/bin/cmake --build /home/ubuntu/software_intro_task_big_dir/build/teleop_msgs -- -j1 -l1
[0.369s] Invoking command in '/home/ubuntu/software_intro_task_big_dir/build/teleop_msgs': CMAKE_PREFIX_PATH=/opt/ros/galactic /usr/bin/cmake --install /home/ubuntu/software_intro_task_big_dir/build/teleop_msgs
[0.377s] -- Install configuration: ""
[0.378s] -- Up-to-date: /home/ubuntu/software_intro_task_big_dir/install/teleop_msgs/share/ament_index/resource_index/rosidl_interfaces/teleop_msgs
[0.378s] -- Up-to-date: /home/ubuntu/software_intro_task_big_dir/install/teleop_msgs/include/teleop_msgs
[0.379s] -- Up-to-date: /home/ubuntu/software_intro_task_big_dir/install/teleop_msgs/include/teleop_msgs/srv
[0.379s] -- Up-to-date: /home/ubuntu/software_intro_task_big_dir/install/teleop_msgs/include/teleop_msgs/srv/e_stop_service.h
[0.380s] -- Up-to-date: /home/ubuntu/software_intro_task_big_dir/install/teleop_msgs/include/teleop_msgs/srv/detail
[0.381s] -- Up-to-date: /home/ubuntu/software_intro_task_big_dir/install/teleop_msgs/include/teleop_msgs/srv/detail/e_stop_service__functions.h
[0.381s] -- Up-to-date: /home/ubuntu/software_intro_task_big_dir/install/teleop_msgs/include/teleop_msgs/srv/detail/e_stop_service__struct.h
[0.382s] -- Up-to-date: /home/ubuntu/software_intro_task_big_dir/install/teleop_msgs/include/teleop_msgs/srv/detail/e_stop_service__type_support.h
[0.382s] -- Up-to-date: /home/ubuntu/software_intro_task_big_dir/install/teleop_msgs/include/teleop_msgs/srv/detail/e_stop_service__functions.c
[0.382s] -- Up-to-date: /home/ubuntu/software_intro_task_big_dir/install/teleop_msgs/include/teleop_msgs/msg
[0.382s] -- Up-to-date: /home/ubuntu/software_intro_task_big_dir/install/teleop_msgs/include/teleop_msgs/msg/rosidl_generator_c__visibility_control.h
[0.382s] -- Up-to-date: /home/ubuntu/software_intro_task_big_dir/install/teleop_msgs/include/teleop_msgs/msg/vehicle_control_data.h
[0.382s] -- Up-to-date: /home/ubuntu/software_intro_task_big_dir/install/teleop_msgs/include/teleop_msgs/msg/detail
[0.383s] -- Up-to-date: /home/ubuntu/software_intro_task_big_dir/install/teleop_msgs/include/teleop_msgs/msg/detail/vehicle_control_data__type_support.h
[0.383s] -- Up-to-date: /home/ubuntu/software_intro_task_big_dir/install/teleop_msgs/include/teleop_msgs/msg/detail/vehicle_control_data__functions.c
[0.383s] -- Up-to-date: /home/ubuntu/software_intro_task_big_dir/install/teleop_msgs/include/teleop_msgs/msg/detail/vehicle_control_data__struct.h
[0.384s] -- Up-to-date: /home/ubuntu/software_intro_task_big_dir/install/teleop_msgs/include/teleop_msgs/msg/detail/vehicle_control_data__functions.h
[0.384s] -- Up-to-date: /home/ubuntu/software_intro_task_big_dir/install/teleop_msgs/share/teleop_msgs/environment/library_path.sh
[0.384s] -- Up-to-date: /home/ubuntu/software_intro_task_big_dir/install/teleop_msgs/share/teleop_msgs/environment/library_path.dsv
[0.384s] -- Up-to-date: /home/ubuntu/software_intro_task_big_dir/install/teleop_msgs/lib/libteleop_msgs__rosidl_generator_c.so
[0.384s] -- Up-to-date: /home/ubuntu/software_intro_task_big_dir/install/teleop_msgs/include/teleop_msgs
[0.384s] -- Up-to-date: /home/ubuntu/software_intro_task_big_dir/install/teleop_msgs/include/teleop_msgs/srv
[0.385s] -- Up-to-date: /home/ubuntu/software_intro_task_big_dir/install/teleop_msgs/include/teleop_msgs/srv/detail
[0.385s] -- Up-to-date: /home/ubuntu/software_intro_task_big_dir/install/teleop_msgs/include/teleop_msgs/srv/detail/e_stop_service__rosidl_typesupport_introspection_c.h
[0.385s] -- Up-to-date: /home/ubuntu/software_intro_task_big_dir/install/teleop_msgs/include/teleop_msgs/srv/detail/e_stop_service__type_support.c
[0.385s] -- Up-to-date: /home/ubuntu/software_intro_task_big_dir/install/teleop_msgs/include/teleop_msgs/msg
[0.385s] -- Up-to-date: /home/ubuntu/software_intro_task_big_dir/install/teleop_msgs/include/teleop_msgs/msg/rosidl_typesupport_introspection_c__visibility_control.h
[0.385s] -- Up-to-date: /home/ubuntu/software_intro_task_big_dir/install/teleop_msgs/include/teleop_msgs/msg/detail
[0.385s] -- Up-to-date: /home/ubuntu/software_intro_task_big_dir/install/teleop_msgs/include/teleop_msgs/msg/detail/vehicle_control_data__rosidl_typesupport_introspection_c.h
[0.385s] -- Up-to-date: /home/ubuntu/software_intro_task_big_dir/install/teleop_msgs/include/teleop_msgs/msg/detail/vehicle_control_data__type_support.c
[0.387s] -- Up-to-date: /home/ubuntu/software_intro_task_big_dir/install/teleop_msgs/lib/libteleop_msgs__rosidl_typesupport_introspection_c.so
[0.388s] -- Up-to-date: /home/ubuntu/software_intro_task_big_dir/install/teleop_msgs/lib/libteleop_msgs__rosidl_typesupport_c.so
[0.388s] -- Up-to-date: /home/ubuntu/software_intro_task_big_dir/install/teleop_msgs/include/teleop_msgs
[0.388s] -- Up-to-date: /home/ubuntu/software_intro_task_big_dir/install/teleop_msgs/include/teleop_msgs/srv
[0.388s] -- Up-to-date: /home/ubuntu/software_intro_task_big_dir/install/teleop_msgs/include/teleop_msgs/srv/e_stop_service.hpp
[0.388s] -- Up-to-date: /home/ubuntu/software_intro_task_big_dir/install/teleop_msgs/include/teleop_msgs/srv/detail
[0.388s] -- Up-to-date: /home/ubuntu/software_intro_task_big_dir/install/teleop_msgs/include/teleop_msgs/srv/detail/e_stop_service__traits.hpp
[0.388s] -- Up-to-date: /home/ubuntu/software_intro_task_big_dir/install/teleop_msgs/include/teleop_msgs/srv/detail/e_stop_service__builder.hpp
[0.388s] -- Up-to-date: /home/ubuntu/software_intro_task_big_dir/install/teleop_msgs/include/teleop_msgs/srv/detail/e_stop_service__struct.hpp
[0.389s] -- Up-to-date: /home/ubuntu/software_intro_task_big_dir/install/teleop_msgs/include/teleop_msgs/msg
[0.389s] -- Up-to-date: /home/ubuntu/software_intro_task_big_dir/install/teleop_msgs/include/teleop_msgs/msg/vehicle_control_data.hpp
[0.389s] -- Up-to-date: /home/ubuntu/software_intro_task_big_dir/install/teleop_msgs/include/teleop_msgs/msg/detail
[0.389s] -- Up-to-date: /home/ubuntu/software_intro_task_big_dir/install/teleop_msgs/include/teleop_msgs/msg/detail/vehicle_control_data__struct.hpp
[0.389s] -- Up-to-date: /home/ubuntu/software_intro_task_big_dir/install/teleop_msgs/include/teleop_msgs/msg/detail/vehicle_control_data__traits.hpp
[0.389s] -- Up-to-date: /home/ubuntu/software_intro_task_big_dir/install/teleop_msgs/include/teleop_msgs/msg/detail/vehicle_control_data__builder.hpp
[0.389s] -- Up-to-date: /home/ubuntu/software_intro_task_big_dir/install/teleop_msgs/include/teleop_msgs
[0.389s] -- Up-to-date: /home/ubuntu/software_intro_task_big_dir/install/teleop_msgs/include/teleop_msgs/srv
[0.389s] -- Up-to-date: /home/ubuntu/software_intro_task_big_dir/install/teleop_msgs/include/teleop_msgs/srv/detail
[0.389s] -- Up-to-date: /home/ubuntu/software_intro_task_big_dir/install/teleop_msgs/include/teleop_msgs/srv/detail/e_stop_service__type_support.cpp
[0.390s] -- Up-to-date: /home/ubuntu/software_intro_task_big_dir/install/teleop_msgs/include/teleop_msgs/srv/detail/e_stop_service__rosidl_typesupport_introspection_cpp.hpp
[0.390s] -- Up-to-date: /home/ubuntu/software_intro_task_big_dir/install/teleop_msgs/include/teleop_msgs/msg
[0.390s] -- Up-to-date: /home/ubuntu/software_intro_task_big_dir/install/teleop_msgs/include/teleop_msgs/msg/detail
[0.390s] -- Up-to-date: /home/ubuntu/software_intro_task_big_dir/install/teleop_msgs/include/teleop_msgs/msg/detail/vehicle_control_data__rosidl_typesupport_introspection_cpp.hpp
[0.390s] -- Up-to-date: /home/ubuntu/software_intro_task_big_dir/install/teleop_msgs/include/teleop_msgs/msg/detail/vehicle_control_data__type_support.cpp
[0.390s] -- Up-to-date: /home/ubuntu/software_intro_task_big_dir/install/teleop_msgs/lib/libteleop_msgs__rosidl_typesupport_introspection_cpp.so
[0.391s] -- Up-to-date: /home/ubuntu/software_intro_task_big_dir/install/teleop_msgs/lib/libteleop_msgs__rosidl_typesupport_cpp.so
[0.391s] -- Up-to-date: /home/ubuntu/software_intro_task_big_dir/install/teleop_msgs/share/teleop_msgs/environment/pythonpath.sh
[0.391s] -- Up-to-date: /home/ubuntu/software_intro_task_big_dir/install/teleop_msgs/share/teleop_msgs/environment/pythonpath.dsv
[0.392s] -- Up-to-date: /home/ubuntu/software_intro_task_big_dir/install/teleop_msgs/lib/python3.8/site-packages/teleop_msgs/__init__.py
[0.435s] -- Up-to-date: /home/ubuntu/software_intro_task_big_dir/install/teleop_msgs/lib/python3.8/site-packages/teleop_msgs/msg
[0.436s] -- Up-to-date: /home/ubuntu/software_intro_task_big_dir/install/teleop_msgs/lib/python3.8/site-packages/teleop_msgs/msg/_vehicle_control_data_s.c
[0.436s] -- Up-to-date: /home/ubuntu/software_intro_task_big_dir/install/teleop_msgs/lib/python3.8/site-packages/teleop_msgs/msg/__init__.py
[0.436s] -- Up-to-date: /home/ubuntu/software_intro_task_big_dir/install/teleop_msgs/lib/python3.8/site-packages/teleop_msgs/msg/_vehicle_control_data.py
[0.436s] -- Up-to-date: /home/ubuntu/software_intro_task_big_dir/install/teleop_msgs/lib/python3.8/site-packages/teleop_msgs/srv
[0.438s] -- Up-to-date: /home/ubuntu/software_intro_task_big_dir/install/teleop_msgs/lib/python3.8/site-packages/teleop_msgs/srv/__init__.py
[0.438s] -- Up-to-date: /home/ubuntu/software_intro_task_big_dir/install/teleop_msgs/lib/python3.8/site-packages/teleop_msgs/srv/_e_stop_service_s.c
[0.438s] -- Up-to-date: /home/ubuntu/software_intro_task_big_dir/install/teleop_msgs/lib/python3.8/site-packages/teleop_msgs/srv/_e_stop_service.py
[0.438s] -- Up-to-date: /home/ubuntu/software_intro_task_big_dir/install/teleop_msgs/lib/python3.8/site-packages/teleop_msgs/teleop_msgs_s__rosidl_typesupport_introspection_c.cpython-38-aarch64-linux-gnu.so
[0.439s] -- Up-to-date: /home/ubuntu/software_intro_task_big_dir/install/teleop_msgs/lib/python3.8/site-packages/teleop_msgs/teleop_msgs_s__rosidl_typesupport_c.cpython-38-aarch64-linux-gnu.so
[0.441s] -- Up-to-date: /home/ubuntu/software_intro_task_big_dir/install/teleop_msgs/lib/libteleop_msgs__python.so
[0.441s] -- Up-to-date: /home/ubuntu/software_intro_task_big_dir/install/teleop_msgs/share/teleop_msgs/msg/VehicleControlData.idl
[0.441s] -- Up-to-date: /home/ubuntu/software_intro_task_big_dir/install/teleop_msgs/share/teleop_msgs/srv/EStopService.idl
[0.441s] -- Up-to-date: /home/ubuntu/software_intro_task_big_dir/install/teleop_msgs/share/teleop_msgs/msg/VehicleControlData.msg
[0.442s] -- Up-to-date: /home/ubuntu/software_intro_task_big_dir/install/teleop_msgs/share/teleop_msgs/srv/EStopService.srv
[0.442s] -- Up-to-date: /home/ubuntu/software_intro_task_big_dir/install/teleop_msgs/share/teleop_msgs/srv/EStopService_Request.msg
[0.442s] -- Up-to-date: /home/ubuntu/software_intro_task_big_dir/install/teleop_msgs/share/teleop_msgs/srv/EStopService_Response.msg
[0.442s] -- Up-to-date: /home/ubuntu/software_intro_task_big_dir/install/teleop_msgs/share/ament_index/resource_index/package_run_dependencies/teleop_msgs
[0.442s] -- Up-to-date: /home/ubuntu/software_intro_task_big_dir/install/teleop_msgs/share/ament_index/resource_index/parent_prefix_path/teleop_msgs
[0.442s] -- Up-to-date: /home/ubuntu/software_intro_task_big_dir/install/teleop_msgs/share/teleop_msgs/environment/ament_prefix_path.sh
[0.442s] -- Up-to-date: /home/ubuntu/software_intro_task_big_dir/install/teleop_msgs/share/teleop_msgs/environment/ament_prefix_path.dsv
[0.442s] -- Up-to-date: /home/ubuntu/software_intro_task_big_dir/install/teleop_msgs/share/teleop_msgs/environment/path.sh
[0.443s] -- Up-to-date: /home/ubuntu/software_intro_task_big_dir/install/teleop_msgs/share/teleop_msgs/environment/path.dsv
[0.443s] -- Up-to-date: /home/ubuntu/software_intro_task_big_dir/install/teleop_msgs/share/teleop_msgs/local_setup.bash
[0.443s] -- Up-to-date: /home/ubuntu/software_intro_task_big_dir/install/teleop_msgs/share/teleop_msgs/local_setup.sh
[0.443s] -- Up-to-date: /home/ubuntu/software_intro_task_big_dir/install/teleop_msgs/share/teleop_msgs/local_setup.zsh
[0.443s] -- Up-to-date: /home/ubuntu/software_intro_task_big_dir/install/teleop_msgs/share/teleop_msgs/local_setup.dsv
[0.443s] -- Installing: /home/ubuntu/software_intro_task_big_dir/install/teleop_msgs/share/teleop_msgs/package.dsv
[0.443s] -- Up-to-date: /home/ubuntu/software_intro_task_big_dir/install/teleop_msgs/share/ament_index/resource_index/packages/teleop_msgs
[0.447s] -- Up-to-date: /home/ubuntu/software_intro_task_big_dir/install/teleop_msgs/share/teleop_msgs/cmake/teleop_msgs__rosidl_generator_cExport.cmake
[0.447s] -- Up-to-date: /home/ubuntu/software_intro_task_big_dir/install/teleop_msgs/share/teleop_msgs/cmake/teleop_msgs__rosidl_generator_cExport-noconfig.cmake
[0.448s] -- Up-to-date: /home/ubuntu/software_intro_task_big_dir/install/teleop_msgs/share/teleop_msgs/cmake/teleop_msgs__rosidl_typesupport_introspection_cExport.cmake
[0.448s] -- Up-to-date: /home/ubuntu/software_intro_task_big_dir/install/teleop_msgs/share/teleop_msgs/cmake/teleop_msgs__rosidl_typesupport_introspection_cExport-noconfig.cmake
[0.448s] -- Up-to-date: /home/ubuntu/software_intro_task_big_dir/install/teleop_msgs/share/teleop_msgs/cmake/teleop_msgs__rosidl_typesupport_cExport.cmake
[0.448s] -- Up-to-date: /home/ubuntu/software_intro_task_big_dir/install/teleop_msgs/share/teleop_msgs/cmake/teleop_msgs__rosidl_typesupport_cExport-noconfig.cmake
[0.448s] -- Up-to-date: /home/ubuntu/software_intro_task_big_dir/install/teleop_msgs/share/teleop_msgs/cmake/teleop_msgs__rosidl_generator_cppExport.cmake
[0.449s] -- Up-to-date: /home/ubuntu/software_intro_task_big_dir/install/teleop_msgs/share/teleop_msgs/cmake/teleop_msgs__rosidl_typesupport_introspection_cppExport.cmake
[0.449s] -- Up-to-date: /home/ubuntu/software_intro_task_big_dir/install/teleop_msgs/share/teleop_msgs/cmake/teleop_msgs__rosidl_typesupport_introspection_cppExport-noconfig.cmake
[0.449s] -- Up-to-date: /home/ubuntu/software_intro_task_big_dir/install/teleop_msgs/share/teleop_msgs/cmake/teleop_msgs__rosidl_typesupport_cppExport.cmake
[0.449s] -- Up-to-date: /home/ubuntu/software_intro_task_big_dir/install/teleop_msgs/share/teleop_msgs/cmake/teleop_msgs__rosidl_typesupport_cppExport-noconfig.cmake
[0.449s] -- Up-to-date: /home/ubuntu/software_intro_task_big_dir/install/teleop_msgs/share/teleop_msgs/cmake/rosidl_cmake-extras.cmake
[0.449s] -- Up-to-date: /home/ubuntu/software_intro_task_big_dir/install/teleop_msgs/share/teleop_msgs/cmake/ament_cmake_export_dependencies-extras.cmake
[0.449s] -- Up-to-date: /home/ubuntu/software_intro_task_big_dir/install/teleop_msgs/share/teleop_msgs/cmake/ament_cmake_export_libraries-extras.cmake
[0.449s] -- Up-to-date: /home/ubuntu/software_intro_task_big_dir/install/teleop_msgs/share/teleop_msgs/cmake/ament_cmake_export_targets-extras.cmake
[0.450s] -- Up-to-date: /home/ubuntu/software_intro_task_big_dir/install/teleop_msgs/share/teleop_msgs/cmake/ament_cmake_export_include_directories-extras.cmake
[0.450s] -- Up-to-date: /home/ubuntu/software_intro_task_big_dir/install/teleop_msgs/share/teleop_msgs/cmake/rosidl_cmake_export_typesupport_targets-extras.cmake
[0.450s] -- Up-to-date: /home/ubuntu/software_intro_task_big_dir/install/teleop_msgs/share/teleop_msgs/cmake/teleop_msgsConfig.cmake
[0.450s] -- Up-to-date: /home/ubuntu/software_intro_task_big_dir/install/teleop_msgs/share/teleop_msgs/cmake/teleop_msgsConfig-version.cmake
[0.450s] -- Up-to-date: /home/ubuntu/software_intro_task_big_dir/install/teleop_msgs/share/teleop_msgs/package.xml
[0.459s] Invoked command in '/home/ubuntu/software_intro_task_big_dir/build/teleop_msgs' returned '0': CMAKE_PREFIX_PATH=/opt/ros/galactic /usr/bin/cmake --install /home/ubuntu/software_intro_task_big_dir/build/teleop_msgs
