[0.671s] Invoking command in '/home/ubuntu/software_intro_task_big_dir/software_intro_task/teleop_py': PYTHONPATH=/home/ubuntu/software_intro_task_big_dir/build/teleop_py/prefix_override:/home/ubuntu/software_intro_task_big_dir/install/teleop_py/lib/python3.8/site-packages:${PYTHONPATH} /usr/bin/python3 setup.py egg_info --egg-base ../../build/teleop_py build --build-base /home/ubuntu/software_intro_task_big_dir/build/teleop_py/build install --record /home/ubuntu/software_intro_task_big_dir/build/teleop_py/install.log --single-version-externally-managed
[0.826s] running egg_info
[0.827s] writing ../../build/teleop_py/teleop_py.egg-info/PKG-INFO
[0.828s] writing dependency_links to ../../build/teleop_py/teleop_py.egg-info/dependency_links.txt
[0.829s] writing entry points to ../../build/teleop_py/teleop_py.egg-info/entry_points.txt
[0.830s] writing requirements to ../../build/teleop_py/teleop_py.egg-info/requires.txt
[0.831s] writing top-level names to ../../build/teleop_py/teleop_py.egg-info/top_level.txt
[0.860s] reading manifest file '../../build/teleop_py/teleop_py.egg-info/SOURCES.txt'
[0.861s] writing manifest file '../../build/teleop_py/teleop_py.egg-info/SOURCES.txt'
[0.862s] running build
[0.863s] running build_py
[0.864s] running install
[0.865s] running install_lib
[0.866s] running install_data
[0.867s] copying package.xml -> /home/ubuntu/software_intro_task_big_dir/install/teleop_py/share/teleop_py
[0.869s] running install_egg_info
[0.870s] removing '/home/ubuntu/software_intro_task_big_dir/install/teleop_py/lib/python3.8/site-packages/teleop_py-1.0.0-py3.8.egg-info' (and everything under it)
[0.876s] Copying ../../build/teleop_py/teleop_py.egg-info to /home/ubuntu/software_intro_task_big_dir/install/teleop_py/lib/python3.8/site-packages/teleop_py-1.0.0-py3.8.egg-info
[0.880s] running install_scripts
[0.895s] Installing teleop_py_node_exe script to /home/ubuntu/software_intro_task_big_dir/install/teleop_py/lib/teleop_py
[0.897s] writing list of installed files to '/home/ubuntu/software_intro_task_big_dir/build/teleop_py/install.log'
[0.916s] Invoked command in '/home/ubuntu/software_intro_task_big_dir/software_intro_task/teleop_py' returned '0': PYTHONPATH=/home/ubuntu/software_intro_task_big_dir/build/teleop_py/prefix_override:/home/ubuntu/software_intro_task_big_dir/install/teleop_py/lib/python3.8/site-packages:${PYTHONPATH} /usr/bin/python3 setup.py egg_info --egg-base ../../build/teleop_py build --build-base /home/ubuntu/software_intro_task_big_dir/build/teleop_py/build install --record /home/ubuntu/software_intro_task_big_dir/build/teleop_py/install.log --single-version-externally-managed
