[0.581s] Invoking command in '/home/ubuntu/software_intro_task_big_dir/software_intro_task/teleop_py': AMENT_PREFIX_PATH=/home/ubuntu/software_intro_task_big_dir/install/teleop_msgs:${AMENT_PREFIX_PATH} CMAKE_PREFIX_PATH=/home/ubuntu/software_intro_task_big_dir/install/teleop_msgs LD_LIBRARY_PATH=/home/ubuntu/software_intro_task_big_dir/install/teleop_msgs/lib:${LD_LIBRARY_PATH} PYTHONPATH=/home/ubuntu/software_intro_task_big_dir/build/teleop_py/prefix_override:/home/ubuntu/software_intro_task_big_dir/install/teleop_py/lib/python3.8/site-packages:/home/ubuntu/software_intro_task_big_dir/install/teleop_msgs/lib/python3.8/site-packages:${PYTHONPATH} /usr/bin/python3 setup.py egg_info --egg-base ../../build/teleop_py build --build-base /home/ubuntu/software_intro_task_big_dir/build/teleop_py/build install --record /home/ubuntu/software_intro_task_big_dir/build/teleop_py/install.log --single-version-externally-managed
[0.725s] running egg_info
[0.727s] writing ../../build/teleop_py/teleop_py.egg-info/PKG-INFO
[0.727s] writing dependency_links to ../../build/teleop_py/teleop_py.egg-info/dependency_links.txt
[0.729s] writing entry points to ../../build/teleop_py/teleop_py.egg-info/entry_points.txt
[0.729s] writing requirements to ../../build/teleop_py/teleop_py.egg-info/requires.txt
[0.730s] writing top-level names to ../../build/teleop_py/teleop_py.egg-info/top_level.txt
[0.758s] reading manifest file '../../build/teleop_py/teleop_py.egg-info/SOURCES.txt'
[0.759s] writing manifest file '../../build/teleop_py/teleop_py.egg-info/SOURCES.txt'
[0.760s] running build
[0.761s] running build_py
[0.761s] running install
[0.762s] running install_lib
[0.764s] running install_data
[0.765s] running install_egg_info
[0.766s] removing '/home/ubuntu/software_intro_task_big_dir/install/teleop_py/lib/python3.8/site-packages/teleop_py-1.0.0-py3.8.egg-info' (and everything under it)
[0.772s] Copying ../../build/teleop_py/teleop_py.egg-info to /home/ubuntu/software_intro_task_big_dir/install/teleop_py/lib/python3.8/site-packages/teleop_py-1.0.0-py3.8.egg-info
[0.775s] running install_scripts
[0.789s] Installing service script to /home/ubuntu/software_intro_task_big_dir/install/teleop_py/lib/teleop_py
[0.790s] Installing teleop_py_node_exe script to /home/ubuntu/software_intro_task_big_dir/install/teleop_py/lib/teleop_py
[0.791s] writing list of installed files to '/home/ubuntu/software_intro_task_big_dir/build/teleop_py/install.log'
[0.812s] Invoked command in '/home/ubuntu/software_intro_task_big_dir/software_intro_task/teleop_py' returned '0': AMENT_PREFIX_PATH=/home/ubuntu/software_intro_task_big_dir/install/teleop_msgs:${AMENT_PREFIX_PATH} CMAKE_PREFIX_PATH=/home/ubuntu/software_intro_task_big_dir/install/teleop_msgs LD_LIBRARY_PATH=/home/ubuntu/software_intro_task_big_dir/install/teleop_msgs/lib:${LD_LIBRARY_PATH} PYTHONPATH=/home/ubuntu/software_intro_task_big_dir/build/teleop_py/prefix_override:/home/ubuntu/software_intro_task_big_dir/install/teleop_py/lib/python3.8/site-packages:/home/ubuntu/software_intro_task_big_dir/install/teleop_msgs/lib/python3.8/site-packages:${PYTHONPATH} /usr/bin/python3 setup.py egg_info --egg-base ../../build/teleop_py build --build-base /home/ubuntu/software_intro_task_big_dir/build/teleop_py/build install --record /home/ubuntu/software_intro_task_big_dir/build/teleop_py/install.log --single-version-externally-managed
