[0.077s] Invoking command in '/home/ubuntu/software_intro_task_big_dir/build/teleop_msgs': CMAKE_PREFIX_PATH=/opt/ros/galactic /usr/bin/cmake --build /home/ubuntu/software_intro_task_big_dir/build/teleop_msgs -- -j1 -l1
[0.112s] -- Found ament_cmake_auto: 1.1.6 (/opt/ros/galactic/share/ament_cmake_auto/cmake)
[0.130s] -- Found PythonInterp: /usr/bin/python3 (found suitable version "3.8.10", minimum required is "3") 
[0.131s] -- Using PYTHON_EXECUTABLE: /usr/bin/python3
[0.274s] -- Using single rosidl_typesupport_c: rosidl_typesupport_introspection_c
[0.278s] -- Found rosidl_adapter: 2.2.3 (/opt/ros/galactic/share/rosidl_adapter/cmake)
[0.297s] -- Using single rosidl_typesupport_cpp: rosidl_typesupport_introspection_cpp
[0.358s] -- Found rmw_implementation_cmake: 3.3.1 (/opt/ros/galactic/share/rmw_implementation_cmake/cmake)
[0.360s] -- Found rmw_cyclonedds_cpp: 0.22.6 (/opt/ros/galactic/share/rmw_cyclonedds_cpp/cmake)
[0.380s] -- Using RMW implementation 'rmw_cyclonedds_cpp' as default
[0.643s] -- Found PythonInterp: /usr/bin/python3 (found version "3.8.10") 
[0.716s] -- Using single rosidl_typesupport_c: rosidl_typesupport_introspection_c
[0.727s] -- Using single rosidl_typesupport_cpp: rosidl_typesupport_introspection_cpp
[0.746s] -- Found PythonInterp: /usr/bin/python3 (found suitable version "3.8.10", minimum required is "3.5") 
[0.747s] -- Found python_cmake_module: 0.8.1 (/opt/ros/galactic/share/python_cmake_module/cmake)
[0.765s] -- Using PYTHON_EXECUTABLE: /usr/bin/python3
[0.765s] -- Using PYTHON_INCLUDE_DIRS: /usr/include/python3.8
[0.766s] -- Using PYTHON_LIBRARIES: /usr/lib/aarch64-linux-gnu/libpython3.8.so
[0.782s] -- Found ament_lint_auto: 0.10.7 (/opt/ros/galactic/share/ament_lint_auto/cmake)
[0.798s] -- Added test 'copyright' to check source files copyright and LICENSE
[0.800s] -- Added test 'lint_cmake' to check CMake code style
[0.802s] -- Added test 'xmllint' to check XML markup files
[0.807s] -- Configuring done
[0.855s] -- Generating done
[0.867s] -- Build files have been written to: /home/ubuntu/software_intro_task_big_dir/build/teleop_msgs
[0.891s] [  3%] [34m[1mGenerating C++ code for ROS interfaces[0m
[1.134s] [  3%] Built target teleop_msgs__cpp
[1.144s] [  6%] [34m[1mGenerating C++ introspection for ROS interfaces[0m
[1.352s] [35m[1mScanning dependencies of target teleop_msgs__rosidl_typesupport_introspection_cpp[0m
[1.372s] [ 10%] [32mBuilding CXX object CMakeFiles/teleop_msgs__rosidl_typesupport_introspection_cpp.dir/rosidl_typesupport_introspection_cpp/teleop_msgs/msg/detail/vehicle_control_data__type_support.cpp.o[0m
[1.417s] In file included from [01m[K/home/ubuntu/software_intro_task_big_dir/build/teleop_msgs/rosidl_typesupport_introspection_cpp/teleop_msgs/msg/detail/vehicle_control_data__type_support.cpp:12[m[K:
[1.418s] [01m[K/home/ubuntu/software_intro_task_big_dir/build/teleop_msgs/rosidl_generator_cpp/teleop_msgs/msg/detail/vehicle_control_data__struct.hpp:19:10:[m[K [01;31m[Kfatal error: [m[Kteleop_msgs/msg/detail/header__struct.hpp: No such file or directory
[1.418s]    19 | #include [01;31m[K"teleop_msgs/msg/detail/header__struct.hpp"[m[K
[1.419s]       |          [01;31m[K^~~~~~~~~~~~~~~~~~~~~~~~~~~~~~~~~~~~~~~~~~~[m[K
[1.419s] compilation terminated.
[1.421s] make[2]: *** [CMakeFiles/teleop_msgs__rosidl_typesupport_introspection_cpp.dir/build.make:85: CMakeFiles/teleop_msgs__rosidl_typesupport_introspection_cpp.dir/rosidl_typesupport_introspection_cpp/teleop_msgs/msg/detail/vehicle_control_data__type_support.cpp.o] Error 1
[1.423s] make[1]: *** [CMakeFiles/Makefile2:287: CMakeFiles/teleop_msgs__rosidl_typesupport_introspection_cpp.dir/all] Error 2
[1.423s] make: *** [Makefile:141: all] Error 2
[1.425s] Invoked command in '/home/ubuntu/software_intro_task_big_dir/build/teleop_msgs' returned '2': CMAKE_PREFIX_PATH=/opt/ros/galactic /usr/bin/cmake --build /home/ubuntu/software_intro_task_big_dir/build/teleop_msgs -- -j1 -l1
