-- The C compiler identification is GNU 9.4.0
-- The CXX compiler identification is GNU 9.4.0
-- Check for working C compiler: /usr/bin/cc
-- Check for working C compiler: /usr/bin/cc -- works
-- Detecting C compiler ABI info
-- Detecting C compiler ABI info - done
-- Detecting C compile features
-- Detecting C compile features - done
-- Check for working CXX compiler: /usr/bin/c++
-- Check for working CXX compiler: /usr/bin/c++ -- works
-- Detecting CXX compiler ABI info
-- Detecting CXX compiler ABI info - done
-- Detecting CXX compile features
-- Detecting CXX compile features - done
-- Found ament_cmake_auto: 1.1.6 (/opt/ros/galactic/share/ament_cmake_auto/cmake)
-- Found PythonInterp: /usr/bin/python3 (found suitable version "3.8.10", minimum required is "3") 
-- Using PYTHON_EXECUTABLE: /usr/bin/python3
-- Using single rosidl_typesupport_c: rosidl_typesupport_introspection_c
-- Found rosidl_adapter: 2.2.3 (/opt/ros/galactic/share/rosidl_adapter/cmake)
-- Using single rosidl_typesupport_cpp: rosidl_typesupport_introspection_cpp
-- Found rmw_implementation_cmake: 3.3.1 (/opt/ros/galactic/share/rmw_implementation_cmake/cmake)
-- Found rmw_cyclonedds_cpp: 0.22.6 (/opt/ros/galactic/share/rmw_cyclonedds_cpp/cmake)
-- Using RMW implementation 'rmw_cyclonedds_cpp' as default
-- Looking for pthread.h
-- Looking for pthread.h - found
-- Performing Test CMAKE_HAVE_LIBC_PTHREAD
-- Performing Test CMAKE_HAVE_LIBC_PTHREAD - Failed
-- Looking for pthread_create in pthreads
-- Looking for pthread_create in pthreads - not found
-- Looking for pthread_create in pthread
-- Looking for pthread_create in pthread - found
-- Found Threads: TRUE  
-- Found PythonInterp: /usr/bin/python3 (found version "3.8.10") 
-- Using single rosidl_typesupport_c: rosidl_typesupport_introspection_c
-- Using single rosidl_typesupport_cpp: rosidl_typesupport_introspection_cpp
-- Found PythonInterp: /usr/bin/python3 (found suitable version "3.8.10", minimum required is "3.5") 
-- Found python_cmake_module: 0.8.1 (/opt/ros/galactic/share/python_cmake_module/cmake)
-- Found PythonLibs: /usr/lib/aarch64-linux-gnu/libpython3.8.so (found suitable version "3.8.10", minimum required is "3.5") 
-- Using PYTHON_EXECUTABLE: /usr/bin/python3
-- Using PYTHON_INCLUDE_DIRS: /usr/include/python3.8
-- Using PYTHON_LIBRARIES: /usr/lib/aarch64-linux-gnu/libpython3.8.so
-- Found PythonExtra: .so  
-- Found ament_lint_auto: 0.10.7 (/opt/ros/galactic/share/ament_lint_auto/cmake)
-- Added test 'copyright' to check source files copyright and LICENSE
-- Added test 'lint_cmake' to check CMake code style
-- Added test 'xmllint' to check XML markup files
-- Configuring done
-- Generating done
-- Build files have been written to: /home/ubuntu/software_intro_task/software_intro_task_big_dir/build/teleop_msgs
[35m[1mScanning dependencies of target teleop_msgs__cpp[0m
[  3%] [34m[1mGenerating C++ code for ROS interfaces[0m
[  3%] Built target teleop_msgs__cpp
[  6%] [34m[1mGenerating C++ introspection for ROS interfaces[0m
[35m[1mScanning dependencies of target teleop_msgs__rosidl_typesupport_introspection_cpp[0m
[ 10%] [32mBuilding CXX object CMakeFiles/teleop_msgs__rosidl_typesupport_introspection_cpp.dir/rosidl_typesupport_introspection_cpp/teleop_msgs/msg/detail/vehicle_control_data__type_support.cpp.o[0m
[ 13%] [32mBuilding CXX object CMakeFiles/teleop_msgs__rosidl_typesupport_introspection_cpp.dir/rosidl_typesupport_introspection_cpp/teleop_msgs/srv/detail/e_stop_service__type_support.cpp.o[0m
[ 17%] [32m[1mLinking CXX shared library libteleop_msgs__rosidl_typesupport_introspection_cpp.so[0m
[ 17%] Built target teleop_msgs__rosidl_typesupport_introspection_cpp
[ 20%] [34m[1mGenerating C++ type support dispatch for ROS interfaces[0m
[35m[1mScanning dependencies of target teleop_msgs__rosidl_typesupport_cpp[0m
[ 24%] [32mBuilding CXX object CMakeFiles/teleop_msgs__rosidl_typesupport_cpp.dir/rosidl_typesupport_cpp/teleop_msgs/msg/vehicle_control_data__type_support.cpp.o[0m
[ 27%] [32mBuilding CXX object CMakeFiles/teleop_msgs__rosidl_typesupport_cpp.dir/rosidl_typesupport_cpp/teleop_msgs/srv/e_stop_service__type_support.cpp.o[0m
[ 31%] [32m[1mLinking CXX shared library libteleop_msgs__rosidl_typesupport_cpp.so[0m
[ 31%] Built target teleop_msgs__rosidl_typesupport_cpp
[ 34%] [34m[1mGenerating C code for ROS interfaces[0m
[35m[1mScanning dependencies of target teleop_msgs__rosidl_generator_c[0m
[ 37%] [32mBuilding C object CMakeFiles/teleop_msgs__rosidl_generator_c.dir/rosidl_generator_c/teleop_msgs/msg/detail/vehicle_control_data__functions.c.o[0m
[ 41%] [32mBuilding C object CMakeFiles/teleop_msgs__rosidl_generator_c.dir/rosidl_generator_c/teleop_msgs/srv/detail/e_stop_service__functions.c.o[0m
[ 44%] [32m[1mLinking C shared library libteleop_msgs__rosidl_generator_c.so[0m
[ 44%] Built target teleop_msgs__rosidl_generator_c
[ 48%] [34m[1mGenerating C introspection for ROS interfaces[0m
[35m[1mScanning dependencies of target teleop_msgs__rosidl_typesupport_introspection_c[0m
[ 51%] [32mBuilding C object CMakeFiles/teleop_msgs__rosidl_typesupport_introspection_c.dir/rosidl_typesupport_introspection_c/teleop_msgs/msg/detail/vehicle_control_data__type_support.c.o[0m
[ 55%] [32mBuilding C object CMakeFiles/teleop_msgs__rosidl_typesupport_introspection_c.dir/rosidl_typesupport_introspection_c/teleop_msgs/srv/detail/e_stop_service__type_support.c.o[0m
[ 58%] [32m[1mLinking C shared library libteleop_msgs__rosidl_typesupport_introspection_c.so[0m
[ 58%] Built target teleop_msgs__rosidl_typesupport_introspection_c
[ 62%] [34m[1mGenerating C type support dispatch for ROS interfaces[0m
[35m[1mScanning dependencies of target teleop_msgs__rosidl_typesupport_c[0m
[ 65%] [32mBuilding CXX object CMakeFiles/teleop_msgs__rosidl_typesupport_c.dir/rosidl_typesupport_c/teleop_msgs/msg/vehicle_control_data__type_support.cpp.o[0m
[ 68%] [32mBuilding CXX object CMakeFiles/teleop_msgs__rosidl_typesupport_c.dir/rosidl_typesupport_c/teleop_msgs/srv/e_stop_service__type_support.cpp.o[0m
[ 72%] [32m[1mLinking CXX shared library libteleop_msgs__rosidl_typesupport_c.so[0m
[ 72%] Built target teleop_msgs__rosidl_typesupport_c
[35m[1mScanning dependencies of target teleop_msgs[0m
[ 72%] Built target teleop_msgs
[35m[1mScanning dependencies of target teleop_msgs__py[0m
[ 75%] [34m[1mGenerating Python code for ROS interfaces[0m
[ 75%] Built target teleop_msgs__py
[35m[1mScanning dependencies of target teleop_msgs__python[0m
[ 79%] [32mBuilding C object CMakeFiles/teleop_msgs__python.dir/rosidl_generator_py/teleop_msgs/msg/_vehicle_control_data_s.c.o[0m
[ 82%] [32mBuilding C object CMakeFiles/teleop_msgs__python.dir/rosidl_generator_py/teleop_msgs/srv/_e_stop_service_s.c.o[0m
[ 86%] [32m[1mLinking C shared library rosidl_generator_py/teleop_msgs/libteleop_msgs__python.so[0m
[ 86%] Built target teleop_msgs__python
[35m[1mScanning dependencies of target teleop_msgs__rosidl_typesupport_c__pyext[0m
[ 89%] [32mBuilding C object CMakeFiles/teleop_msgs__rosidl_typesupport_c__pyext.dir/rosidl_generator_py/teleop_msgs/_teleop_msgs_s.ep.rosidl_typesupport_c.c.o[0m
[ 93%] [32m[1mLinking C shared library rosidl_generator_py/teleop_msgs/teleop_msgs_s__rosidl_typesupport_c.cpython-38-aarch64-linux-gnu.so[0m
[ 93%] Built target teleop_msgs__rosidl_typesupport_c__pyext
[35m[1mScanning dependencies of target teleop_msgs__rosidl_typesupport_introspection_c__pyext[0m
[ 96%] [32mBuilding C object CMakeFiles/teleop_msgs__rosidl_typesupport_introspection_c__pyext.dir/rosidl_generator_py/teleop_msgs/_teleop_msgs_s.ep.rosidl_typesupport_introspection_c.c.o[0m
[100%] [32m[1mLinking C shared library rosidl_generator_py/teleop_msgs/teleop_msgs_s__rosidl_typesupport_introspection_c.cpython-38-aarch64-linux-gnu.so[0m
[100%] Built target teleop_msgs__rosidl_typesupport_introspection_c__pyext
-- Install configuration: ""
-- Installing: /home/ubuntu/software_intro_task/software_intro_task_big_dir/install/teleop_msgs/share/ament_index/resource_index/rosidl_interfaces/teleop_msgs
-- Installing: /home/ubuntu/software_intro_task/software_intro_task_big_dir/install/teleop_msgs/include/teleop_msgs
-- Installing: /home/ubuntu/software_intro_task/software_intro_task_big_dir/install/teleop_msgs/include/teleop_msgs/srv
-- Installing: /home/ubuntu/software_intro_task/software_intro_task_big_dir/install/teleop_msgs/include/teleop_msgs/srv/e_stop_service.h
-- Installing: /home/ubuntu/software_intro_task/software_intro_task_big_dir/install/teleop_msgs/include/teleop_msgs/srv/detail
-- Installing: /home/ubuntu/software_intro_task/software_intro_task_big_dir/install/teleop_msgs/include/teleop_msgs/srv/detail/e_stop_service__functions.h
-- Installing: /home/ubuntu/software_intro_task/software_intro_task_big_dir/install/teleop_msgs/include/teleop_msgs/srv/detail/e_stop_service__struct.h
-- Installing: /home/ubuntu/software_intro_task/software_intro_task_big_dir/install/teleop_msgs/include/teleop_msgs/srv/detail/e_stop_service__type_support.h
-- Installing: /home/ubuntu/software_intro_task/software_intro_task_big_dir/install/teleop_msgs/include/teleop_msgs/srv/detail/e_stop_service__functions.c
-- Installing: /home/ubuntu/software_intro_task/software_intro_task_big_dir/install/teleop_msgs/include/teleop_msgs/msg
-- Installing: /home/ubuntu/software_intro_task/software_intro_task_big_dir/install/teleop_msgs/include/teleop_msgs/msg/rosidl_generator_c__visibility_control.h
-- Installing: /home/ubuntu/software_intro_task/software_intro_task_big_dir/install/teleop_msgs/include/teleop_msgs/msg/vehicle_control_data.h
-- Installing: /home/ubuntu/software_intro_task/software_intro_task_big_dir/install/teleop_msgs/include/teleop_msgs/msg/detail
-- Installing: /home/ubuntu/software_intro_task/software_intro_task_big_dir/install/teleop_msgs/include/teleop_msgs/msg/detail/vehicle_control_data__type_support.h
-- Installing: /home/ubuntu/software_intro_task/software_intro_task_big_dir/install/teleop_msgs/include/teleop_msgs/msg/detail/vehicle_control_data__functions.c
-- Installing: /home/ubuntu/software_intro_task/software_intro_task_big_dir/install/teleop_msgs/include/teleop_msgs/msg/detail/vehicle_control_data__struct.h
-- Installing: /home/ubuntu/software_intro_task/software_intro_task_big_dir/install/teleop_msgs/include/teleop_msgs/msg/detail/vehicle_control_data__functions.h
-- Installing: /home/ubuntu/software_intro_task/software_intro_task_big_dir/install/teleop_msgs/share/teleop_msgs/environment/library_path.sh
-- Installing: /home/ubuntu/software_intro_task/software_intro_task_big_dir/install/teleop_msgs/share/teleop_msgs/environment/library_path.dsv
-- Installing: /home/ubuntu/software_intro_task/software_intro_task_big_dir/install/teleop_msgs/lib/libteleop_msgs__rosidl_generator_c.so
-- Set runtime path of "/home/ubuntu/software_intro_task/software_intro_task_big_dir/install/teleop_msgs/lib/libteleop_msgs__rosidl_generator_c.so" to ""
-- Up-to-date: /home/ubuntu/software_intro_task/software_intro_task_big_dir/install/teleop_msgs/include/teleop_msgs
-- Up-to-date: /home/ubuntu/software_intro_task/software_intro_task_big_dir/install/teleop_msgs/include/teleop_msgs/srv
-- Up-to-date: /home/ubuntu/software_intro_task/software_intro_task_big_dir/install/teleop_msgs/include/teleop_msgs/srv/detail
-- Installing: /home/ubuntu/software_intro_task/software_intro_task_big_dir/install/teleop_msgs/include/teleop_msgs/srv/detail/e_stop_service__rosidl_typesupport_introspection_c.h
-- Installing: /home/ubuntu/software_intro_task/software_intro_task_big_dir/install/teleop_msgs/include/teleop_msgs/srv/detail/e_stop_service__type_support.c
-- Up-to-date: /home/ubuntu/software_intro_task/software_intro_task_big_dir/install/teleop_msgs/include/teleop_msgs/msg
-- Installing: /home/ubuntu/software_intro_task/software_intro_task_big_dir/install/teleop_msgs/include/teleop_msgs/msg/rosidl_typesupport_introspection_c__visibility_control.h
-- Up-to-date: /home/ubuntu/software_intro_task/software_intro_task_big_dir/install/teleop_msgs/include/teleop_msgs/msg/detail
-- Installing: /home/ubuntu/software_intro_task/software_intro_task_big_dir/install/teleop_msgs/include/teleop_msgs/msg/detail/vehicle_control_data__rosidl_typesupport_introspection_c.h
-- Installing: /home/ubuntu/software_intro_task/software_intro_task_big_dir/install/teleop_msgs/include/teleop_msgs/msg/detail/vehicle_control_data__type_support.c
-- Installing: /home/ubuntu/software_intro_task/software_intro_task_big_dir/install/teleop_msgs/lib/libteleop_msgs__rosidl_typesupport_introspection_c.so
-- Set runtime path of "/home/ubuntu/software_intro_task/software_intro_task_big_dir/install/teleop_msgs/lib/libteleop_msgs__rosidl_typesupport_introspection_c.so" to ""
-- Installing: /home/ubuntu/software_intro_task/software_intro_task_big_dir/install/teleop_msgs/lib/libteleop_msgs__rosidl_typesupport_c.so
-- Set runtime path of "/home/ubuntu/software_intro_task/software_intro_task_big_dir/install/teleop_msgs/lib/libteleop_msgs__rosidl_typesupport_c.so" to ""
-- Up-to-date: /home/ubuntu/software_intro_task/software_intro_task_big_dir/install/teleop_msgs/include/teleop_msgs
-- Up-to-date: /home/ubuntu/software_intro_task/software_intro_task_big_dir/install/teleop_msgs/include/teleop_msgs/srv
-- Installing: /home/ubuntu/software_intro_task/software_intro_task_big_dir/install/teleop_msgs/include/teleop_msgs/srv/e_stop_service.hpp
-- Up-to-date: /home/ubuntu/software_intro_task/software_intro_task_big_dir/install/teleop_msgs/include/teleop_msgs/srv/detail
-- Installing: /home/ubuntu/software_intro_task/software_intro_task_big_dir/install/teleop_msgs/include/teleop_msgs/srv/detail/e_stop_service__traits.hpp
-- Installing: /home/ubuntu/software_intro_task/software_intro_task_big_dir/install/teleop_msgs/include/teleop_msgs/srv/detail/e_stop_service__builder.hpp
-- Installing: /home/ubuntu/software_intro_task/software_intro_task_big_dir/install/teleop_msgs/include/teleop_msgs/srv/detail/e_stop_service__struct.hpp
-- Up-to-date: /home/ubuntu/software_intro_task/software_intro_task_big_dir/install/teleop_msgs/include/teleop_msgs/msg
-- Installing: /home/ubuntu/software_intro_task/software_intro_task_big_dir/install/teleop_msgs/include/teleop_msgs/msg/vehicle_control_data.hpp
-- Up-to-date: /home/ubuntu/software_intro_task/software_intro_task_big_dir/install/teleop_msgs/include/teleop_msgs/msg/detail
-- Installing: /home/ubuntu/software_intro_task/software_intro_task_big_dir/install/teleop_msgs/include/teleop_msgs/msg/detail/vehicle_control_data__struct.hpp
-- Installing: /home/ubuntu/software_intro_task/software_intro_task_big_dir/install/teleop_msgs/include/teleop_msgs/msg/detail/vehicle_control_data__traits.hpp
-- Installing: /home/ubuntu/software_intro_task/software_intro_task_big_dir/install/teleop_msgs/include/teleop_msgs/msg/detail/vehicle_control_data__builder.hpp
-- Up-to-date: /home/ubuntu/software_intro_task/software_intro_task_big_dir/install/teleop_msgs/include/teleop_msgs
-- Up-to-date: /home/ubuntu/software_intro_task/software_intro_task_big_dir/install/teleop_msgs/include/teleop_msgs/srv
-- Up-to-date: /home/ubuntu/software_intro_task/software_intro_task_big_dir/install/teleop_msgs/include/teleop_msgs/srv/detail
-- Installing: /home/ubuntu/software_intro_task/software_intro_task_big_dir/install/teleop_msgs/include/teleop_msgs/srv/detail/e_stop_service__type_support.cpp
-- Installing: /home/ubuntu/software_intro_task/software_intro_task_big_dir/install/teleop_msgs/include/teleop_msgs/srv/detail/e_stop_service__rosidl_typesupport_introspection_cpp.hpp
-- Up-to-date: /home/ubuntu/software_intro_task/software_intro_task_big_dir/install/teleop_msgs/include/teleop_msgs/msg
-- Up-to-date: /home/ubuntu/software_intro_task/software_intro_task_big_dir/install/teleop_msgs/include/teleop_msgs/msg/detail
-- Installing: /home/ubuntu/software_intro_task/software_intro_task_big_dir/install/teleop_msgs/include/teleop_msgs/msg/detail/vehicle_control_data__rosidl_typesupport_introspection_cpp.hpp
-- Installing: /home/ubuntu/software_intro_task/software_intro_task_big_dir/install/teleop_msgs/include/teleop_msgs/msg/detail/vehicle_control_data__type_support.cpp
-- Installing: /home/ubuntu/software_intro_task/software_intro_task_big_dir/install/teleop_msgs/lib/libteleop_msgs__rosidl_typesupport_introspection_cpp.so
-- Set runtime path of "/home/ubuntu/software_intro_task/software_intro_task_big_dir/install/teleop_msgs/lib/libteleop_msgs__rosidl_typesupport_introspection_cpp.so" to ""
-- Installing: /home/ubuntu/software_intro_task/software_intro_task_big_dir/install/teleop_msgs/lib/libteleop_msgs__rosidl_typesupport_cpp.so
-- Set runtime path of "/home/ubuntu/software_intro_task/software_intro_task_big_dir/install/teleop_msgs/lib/libteleop_msgs__rosidl_typesupport_cpp.so" to ""
-- Installing: /home/ubuntu/software_intro_task/software_intro_task_big_dir/install/teleop_msgs/share/teleop_msgs/environment/pythonpath.sh
-- Installing: /home/ubuntu/software_intro_task/software_intro_task_big_dir/install/teleop_msgs/share/teleop_msgs/environment/pythonpath.dsv
-- Installing: /home/ubuntu/software_intro_task/software_intro_task_big_dir/install/teleop_msgs/lib/python3.8/site-packages/teleop_msgs/__init__.py
Compiling '/home/ubuntu/software_intro_task/software_intro_task_big_dir/install/teleop_msgs/lib/python3.8/site-packages/teleop_msgs/__init__.py'...
-- Installing: /home/ubuntu/software_intro_task/software_intro_task_big_dir/install/teleop_msgs/lib/python3.8/site-packages/teleop_msgs/msg
-- Installing: /home/ubuntu/software_intro_task/software_intro_task_big_dir/install/teleop_msgs/lib/python3.8/site-packages/teleop_msgs/msg/_vehicle_control_data_s.c
-- Installing: /home/ubuntu/software_intro_task/software_intro_task_big_dir/install/teleop_msgs/lib/python3.8/site-packages/teleop_msgs/msg/__init__.py
-- Installing: /home/ubuntu/software_intro_task/software_intro_task_big_dir/install/teleop_msgs/lib/python3.8/site-packages/teleop_msgs/msg/_vehicle_control_data.py
-- Installing: /home/ubuntu/software_intro_task/software_intro_task_big_dir/install/teleop_msgs/lib/python3.8/site-packages/teleop_msgs/srv
-- Installing: /home/ubuntu/software_intro_task/software_intro_task_big_dir/install/teleop_msgs/lib/python3.8/site-packages/teleop_msgs/srv/__init__.py
-- Installing: /home/ubuntu/software_intro_task/software_intro_task_big_dir/install/teleop_msgs/lib/python3.8/site-packages/teleop_msgs/srv/_e_stop_service_s.c
-- Installing: /home/ubuntu/software_intro_task/software_intro_task_big_dir/install/teleop_msgs/lib/python3.8/site-packages/teleop_msgs/srv/_e_stop_service.py
-- Installing: /home/ubuntu/software_intro_task/software_intro_task_big_dir/install/teleop_msgs/lib/python3.8/site-packages/teleop_msgs/teleop_msgs_s__rosidl_typesupport_introspection_c.cpython-38-aarch64-linux-gnu.so
-- Set runtime path of "/home/ubuntu/software_intro_task/software_intro_task_big_dir/install/teleop_msgs/lib/python3.8/site-packages/teleop_msgs/teleop_msgs_s__rosidl_typesupport_introspection_c.cpython-38-aarch64-linux-gnu.so" to ""
-- Installing: /home/ubuntu/software_intro_task/software_intro_task_big_dir/install/teleop_msgs/lib/python3.8/site-packages/teleop_msgs/teleop_msgs_s__rosidl_typesupport_c.cpython-38-aarch64-linux-gnu.so
-- Set runtime path of "/home/ubuntu/software_intro_task/software_intro_task_big_dir/install/teleop_msgs/lib/python3.8/site-packages/teleop_msgs/teleop_msgs_s__rosidl_typesupport_c.cpython-38-aarch64-linux-gnu.so" to ""
-- Installing: /home/ubuntu/software_intro_task/software_intro_task_big_dir/install/teleop_msgs/lib/libteleop_msgs__python.so
-- Set runtime path of "/home/ubuntu/software_intro_task/software_intro_task_big_dir/install/teleop_msgs/lib/libteleop_msgs__python.so" to ""
-- Installing: /home/ubuntu/software_intro_task/software_intro_task_big_dir/install/teleop_msgs/share/teleop_msgs/msg/VehicleControlData.idl
-- Installing: /home/ubuntu/software_intro_task/software_intro_task_big_dir/install/teleop_msgs/share/teleop_msgs/srv/EStopService.idl
-- Installing: /home/ubuntu/software_intro_task/software_intro_task_big_dir/install/teleop_msgs/share/teleop_msgs/msg/VehicleControlData.msg
-- Installing: /home/ubuntu/software_intro_task/software_intro_task_big_dir/install/teleop_msgs/share/teleop_msgs/srv/EStopService.srv
-- Installing: /home/ubuntu/software_intro_task/software_intro_task_big_dir/install/teleop_msgs/share/teleop_msgs/srv/EStopService_Request.msg
-- Installing: /home/ubuntu/software_intro_task/software_intro_task_big_dir/install/teleop_msgs/share/teleop_msgs/srv/EStopService_Response.msg
-- Installing: /home/ubuntu/software_intro_task/software_intro_task_big_dir/install/teleop_msgs/share/ament_index/resource_index/package_run_dependencies/teleop_msgs
-- Installing: /home/ubuntu/software_intro_task/software_intro_task_big_dir/install/teleop_msgs/share/ament_index/resource_index/parent_prefix_path/teleop_msgs
-- Installing: /home/ubuntu/software_intro_task/software_intro_task_big_dir/install/teleop_msgs/share/teleop_msgs/environment/ament_prefix_path.sh
-- Installing: /home/ubuntu/software_intro_task/software_intro_task_big_dir/install/teleop_msgs/share/teleop_msgs/environment/ament_prefix_path.dsv
-- Installing: /home/ubuntu/software_intro_task/software_intro_task_big_dir/install/teleop_msgs/share/teleop_msgs/environment/path.sh
-- Installing: /home/ubuntu/software_intro_task/software_intro_task_big_dir/install/teleop_msgs/share/teleop_msgs/environment/path.dsv
-- Installing: /home/ubuntu/software_intro_task/software_intro_task_big_dir/install/teleop_msgs/share/teleop_msgs/local_setup.bash
-- Installing: /home/ubuntu/software_intro_task/software_intro_task_big_dir/install/teleop_msgs/share/teleop_msgs/local_setup.sh
-- Installing: /home/ubuntu/software_intro_task/software_intro_task_big_dir/install/teleop_msgs/share/teleop_msgs/local_setup.zsh
-- Installing: /home/ubuntu/software_intro_task/software_intro_task_big_dir/install/teleop_msgs/share/teleop_msgs/local_setup.dsv
-- Installing: /home/ubuntu/software_intro_task/software_intro_task_big_dir/install/teleop_msgs/share/teleop_msgs/package.dsv
-- Installing: /home/ubuntu/software_intro_task/software_intro_task_big_dir/install/teleop_msgs/share/ament_index/resource_index/packages/teleop_msgs
-- Installing: /home/ubuntu/software_intro_task/software_intro_task_big_dir/install/teleop_msgs/share/teleop_msgs/cmake/teleop_msgs__rosidl_generator_cExport.cmake
-- Installing: /home/ubuntu/software_intro_task/software_intro_task_big_dir/install/teleop_msgs/share/teleop_msgs/cmake/teleop_msgs__rosidl_generator_cExport-noconfig.cmake
-- Installing: /home/ubuntu/software_intro_task/software_intro_task_big_dir/install/teleop_msgs/share/teleop_msgs/cmake/teleop_msgs__rosidl_typesupport_introspection_cExport.cmake
-- Installing: /home/ubuntu/software_intro_task/software_intro_task_big_dir/install/teleop_msgs/share/teleop_msgs/cmake/teleop_msgs__rosidl_typesupport_introspection_cExport-noconfig.cmake
-- Installing: /home/ubuntu/software_intro_task/software_intro_task_big_dir/install/teleop_msgs/share/teleop_msgs/cmake/teleop_msgs__rosidl_typesupport_cExport.cmake
-- Installing: /home/ubuntu/software_intro_task/software_intro_task_big_dir/install/teleop_msgs/share/teleop_msgs/cmake/teleop_msgs__rosidl_typesupport_cExport-noconfig.cmake
-- Installing: /home/ubuntu/software_intro_task/software_intro_task_big_dir/install/teleop_msgs/share/teleop_msgs/cmake/teleop_msgs__rosidl_generator_cppExport.cmake
-- Installing: /home/ubuntu/software_intro_task/software_intro_task_big_dir/install/teleop_msgs/share/teleop_msgs/cmake/teleop_msgs__rosidl_typesupport_introspection_cppExport.cmake
-- Installing: /home/ubuntu/software_intro_task/software_intro_task_big_dir/install/teleop_msgs/share/teleop_msgs/cmake/teleop_msgs__rosidl_typesupport_introspection_cppExport-noconfig.cmake
-- Installing: /home/ubuntu/software_intro_task/software_intro_task_big_dir/install/teleop_msgs/share/teleop_msgs/cmake/teleop_msgs__rosidl_typesupport_cppExport.cmake
-- Installing: /home/ubuntu/software_intro_task/software_intro_task_big_dir/install/teleop_msgs/share/teleop_msgs/cmake/teleop_msgs__rosidl_typesupport_cppExport-noconfig.cmake
-- Installing: /home/ubuntu/software_intro_task/software_intro_task_big_dir/install/teleop_msgs/share/teleop_msgs/cmake/rosidl_cmake-extras.cmake
-- Installing: /home/ubuntu/software_intro_task/software_intro_task_big_dir/install/teleop_msgs/share/teleop_msgs/cmake/ament_cmake_export_dependencies-extras.cmake
-- Installing: /home/ubuntu/software_intro_task/software_intro_task_big_dir/install/teleop_msgs/share/teleop_msgs/cmake/ament_cmake_export_libraries-extras.cmake
-- Installing: /home/ubuntu/software_intro_task/software_intro_task_big_dir/install/teleop_msgs/share/teleop_msgs/cmake/ament_cmake_export_targets-extras.cmake
-- Installing: /home/ubuntu/software_intro_task/software_intro_task_big_dir/install/teleop_msgs/share/teleop_msgs/cmake/ament_cmake_export_include_directories-extras.cmake
-- Installing: /home/ubuntu/software_intro_task/software_intro_task_big_dir/install/teleop_msgs/share/teleop_msgs/cmake/rosidl_cmake_export_typesupport_targets-extras.cmake
-- Installing: /home/ubuntu/software_intro_task/software_intro_task_big_dir/install/teleop_msgs/share/teleop_msgs/cmake/teleop_msgsConfig.cmake
-- Installing: /home/ubuntu/software_intro_task/software_intro_task_big_dir/install/teleop_msgs/share/teleop_msgs/cmake/teleop_msgsConfig-version.cmake
-- Installing: /home/ubuntu/software_intro_task/software_intro_task_big_dir/install/teleop_msgs/share/teleop_msgs/package.xml
