[0.109s] Invoking command in '/home/ubuntu/software_intro_task/software_intro_task_big_dir/build/teleop_msgs': CMAKE_PREFIX_PATH=${CMAKE_PREFIX_PATH}:/home/ubuntu/software_intro_task/software_intro_task_big_dir/install/teleop_py:/opt/ros/galactic /usr/bin/cmake /home/ubuntu/software_intro_task/software_intro_task_big_dir/software_intro_task/teleop_msgs -DCMAKE_INSTALL_PREFIX=/home/ubuntu/software_intro_task/software_intro_task_big_dir/install/teleop_msgs
[0.335s] -- The C compiler identification is GNU 9.4.0
[0.402s] -- The CXX compiler identification is GNU 9.4.0
[0.417s] -- Check for working C compiler: /usr/bin/cc
[0.507s] -- Check for working C compiler: /usr/bin/cc -- works
[0.510s] -- Detecting C compiler ABI info
[0.584s] -- Detecting C compiler ABI info - done
[0.604s] -- Detecting C compile features
[0.606s] -- Detecting C compile features - done
[0.613s] -- Check for working CXX compiler: /usr/bin/c++
[0.708s] -- Check for working CXX compiler: /usr/bin/c++ -- works
[0.709s] -- Detecting CXX compiler ABI info
[0.792s] -- Detecting CXX compiler ABI info - done
[0.812s] -- Detecting CXX compile features
[0.813s] -- Detecting CXX compile features - done
[0.823s] -- Found ament_cmake_auto: 1.1.6 (/opt/ros/galactic/share/ament_cmake_auto/cmake)
[0.872s] -- Found PythonInterp: /usr/bin/python3 (found suitable version "3.8.10", minimum required is "3") 
[0.873s] -- Using PYTHON_EXECUTABLE: /usr/bin/python3
[1.113s] -- Using single rosidl_typesupport_c: rosidl_typesupport_introspection_c
[1.126s] -- Found rosidl_adapter: 2.2.3 (/opt/ros/galactic/share/rosidl_adapter/cmake)
[1.168s] -- Using single rosidl_typesupport_cpp: rosidl_typesupport_introspection_cpp
[1.267s] -- Found rmw_implementation_cmake: 3.3.1 (/opt/ros/galactic/share/rmw_implementation_cmake/cmake)
[1.273s] -- Found rmw_cyclonedds_cpp: 0.22.6 (/opt/ros/galactic/share/rmw_cyclonedds_cpp/cmake)
[1.303s] -- Using RMW implementation 'rmw_cyclonedds_cpp' as default
[1.309s] -- Looking for pthread.h
[1.404s] -- Looking for pthread.h - found
[1.404s] -- Performing Test CMAKE_HAVE_LIBC_PTHREAD
[1.484s] -- Performing Test CMAKE_HAVE_LIBC_PTHREAD - Failed
[1.484s] -- Looking for pthread_create in pthreads
[1.558s] -- Looking for pthread_create in pthreads - not found
[1.558s] -- Looking for pthread_create in pthread
[1.636s] -- Looking for pthread_create in pthread - found
[1.637s] -- Found Threads: TRUE  
[1.963s] -- Found PythonInterp: /usr/bin/python3 (found version "3.8.10") 
[2.065s] -- Using single rosidl_typesupport_c: rosidl_typesupport_introspection_c
[2.090s] -- Using single rosidl_typesupport_cpp: rosidl_typesupport_introspection_cpp
[2.111s] -- Found PythonInterp: /usr/bin/python3 (found suitable version "3.8.10", minimum required is "3.5") 
[2.115s] -- Found python_cmake_module: 0.8.1 (/opt/ros/galactic/share/python_cmake_module/cmake)
[2.141s] -- Found PythonLibs: /usr/lib/aarch64-linux-gnu/libpython3.8.so (found suitable version "3.8.10", minimum required is "3.5") 
[2.142s] -- Using PYTHON_EXECUTABLE: /usr/bin/python3
[2.143s] -- Using PYTHON_INCLUDE_DIRS: /usr/include/python3.8
[2.144s] -- Using PYTHON_LIBRARIES: /usr/lib/aarch64-linux-gnu/libpython3.8.so
[2.161s] -- Found PythonExtra: .so  
[2.205s] -- Found ament_lint_auto: 0.10.7 (/opt/ros/galactic/share/ament_lint_auto/cmake)
[2.255s] -- Added test 'copyright' to check source files copyright and LICENSE
[2.262s] -- Added test 'lint_cmake' to check CMake code style
[2.264s] -- Added test 'xmllint' to check XML markup files
[2.276s] -- Configuring done
[2.337s] -- Generating done
[2.344s] -- Build files have been written to: /home/ubuntu/software_intro_task/software_intro_task_big_dir/build/teleop_msgs
[2.360s] Invoked command in '/home/ubuntu/software_intro_task/software_intro_task_big_dir/build/teleop_msgs' returned '0': CMAKE_PREFIX_PATH=${CMAKE_PREFIX_PATH}:/home/ubuntu/software_intro_task/software_intro_task_big_dir/install/teleop_py:/opt/ros/galactic /usr/bin/cmake /home/ubuntu/software_intro_task/software_intro_task_big_dir/software_intro_task/teleop_msgs -DCMAKE_INSTALL_PREFIX=/home/ubuntu/software_intro_task/software_intro_task_big_dir/install/teleop_msgs
[2.360s] Invoking command in '/home/ubuntu/software_intro_task/software_intro_task_big_dir/build/teleop_msgs': CMAKE_PREFIX_PATH=${CMAKE_PREFIX_PATH}:/home/ubuntu/software_intro_task/software_intro_task_big_dir/install/teleop_py:/opt/ros/galactic /usr/bin/cmake --build /home/ubuntu/software_intro_task/software_intro_task_big_dir/build/teleop_msgs -- -j1 -l1
[2.400s] [35m[1mScanning dependencies of target teleop_msgs__cpp[0m
[2.412s] [  3%] [34m[1mGenerating C++ code for ROS interfaces[0m
[2.678s] [  3%] Built target teleop_msgs__cpp
[2.686s] [  6%] [34m[1mGenerating C++ introspection for ROS interfaces[0m
[2.900s] [35m[1mScanning dependencies of target teleop_msgs__rosidl_typesupport_introspection_cpp[0m
[2.939s] [ 10%] [32mBuilding CXX object CMakeFiles/teleop_msgs__rosidl_typesupport_introspection_cpp.dir/rosidl_typesupport_introspection_cpp/teleop_msgs/msg/detail/vehicle_control_data__type_support.cpp.o[0m
[3.170s] [ 13%] [32mBuilding CXX object CMakeFiles/teleop_msgs__rosidl_typesupport_introspection_cpp.dir/rosidl_typesupport_introspection_cpp/teleop_msgs/srv/detail/e_stop_service__type_support.cpp.o[0m
[3.384s] [ 17%] [32m[1mLinking CXX shared library libteleop_msgs__rosidl_typesupport_introspection_cpp.so[0m
[3.423s] [ 17%] Built target teleop_msgs__rosidl_typesupport_introspection_cpp
[3.432s] [ 20%] [34m[1mGenerating C++ type support dispatch for ROS interfaces[0m
[3.625s] [35m[1mScanning dependencies of target teleop_msgs__rosidl_typesupport_cpp[0m
[3.654s] [ 24%] [32mBuilding CXX object CMakeFiles/teleop_msgs__rosidl_typesupport_cpp.dir/rosidl_typesupport_cpp/teleop_msgs/msg/vehicle_control_data__type_support.cpp.o[0m
[3.860s] [ 27%] [32mBuilding CXX object CMakeFiles/teleop_msgs__rosidl_typesupport_cpp.dir/rosidl_typesupport_cpp/teleop_msgs/srv/e_stop_service__type_support.cpp.o[0m
[4.069s] [ 31%] [32m[1mLinking CXX shared library libteleop_msgs__rosidl_typesupport_cpp.so[0m
[4.107s] [ 31%] Built target teleop_msgs__rosidl_typesupport_cpp
[4.116s] [ 34%] [34m[1mGenerating C code for ROS interfaces[0m
[4.369s] [35m[1mScanning dependencies of target teleop_msgs__rosidl_generator_c[0m
[4.388s] [ 37%] [32mBuilding C object CMakeFiles/teleop_msgs__rosidl_generator_c.dir/rosidl_generator_c/teleop_msgs/msg/detail/vehicle_control_data__functions.c.o[0m
[4.427s] [ 41%] [32mBuilding C object CMakeFiles/teleop_msgs__rosidl_generator_c.dir/rosidl_generator_c/teleop_msgs/srv/detail/e_stop_service__functions.c.o[0m
[4.470s] [ 44%] [32m[1mLinking C shared library libteleop_msgs__rosidl_generator_c.so[0m
[4.503s] [ 44%] Built target teleop_msgs__rosidl_generator_c
[4.512s] [ 48%] [34m[1mGenerating C introspection for ROS interfaces[0m
[4.728s] [35m[1mScanning dependencies of target teleop_msgs__rosidl_typesupport_introspection_c[0m
[4.763s] [ 51%] [32mBuilding C object CMakeFiles/teleop_msgs__rosidl_typesupport_introspection_c.dir/rosidl_typesupport_introspection_c/teleop_msgs/msg/detail/vehicle_control_data__type_support.c.o[0m
[4.790s] [ 55%] [32mBuilding C object CMakeFiles/teleop_msgs__rosidl_typesupport_introspection_c.dir/rosidl_typesupport_introspection_c/teleop_msgs/srv/detail/e_stop_service__type_support.c.o[0m
[4.820s] [ 58%] [32m[1mLinking C shared library libteleop_msgs__rosidl_typesupport_introspection_c.so[0m
[4.849s] [ 58%] Built target teleop_msgs__rosidl_typesupport_introspection_c
[4.857s] [ 62%] [34m[1mGenerating C type support dispatch for ROS interfaces[0m
[5.047s] [35m[1mScanning dependencies of target teleop_msgs__rosidl_typesupport_c[0m
[5.072s] [ 65%] [32mBuilding CXX object CMakeFiles/teleop_msgs__rosidl_typesupport_c.dir/rosidl_typesupport_c/teleop_msgs/msg/vehicle_control_data__type_support.cpp.o[0m
[5.097s] [ 68%] [32mBuilding CXX object CMakeFiles/teleop_msgs__rosidl_typesupport_c.dir/rosidl_typesupport_c/teleop_msgs/srv/e_stop_service__type_support.cpp.o[0m
[5.124s] [ 72%] [32m[1mLinking CXX shared library libteleop_msgs__rosidl_typesupport_c.so[0m
[5.161s] [ 72%] Built target teleop_msgs__rosidl_typesupport_c
[5.168s] [35m[1mScanning dependencies of target teleop_msgs[0m
[5.178s] [ 72%] Built target teleop_msgs
[5.185s] [35m[1mScanning dependencies of target teleop_msgs__py[0m
[5.194s] [ 75%] [34m[1mGenerating Python code for ROS interfaces[0m
[5.724s] [ 75%] Built target teleop_msgs__py
[5.732s] [35m[1mScanning dependencies of target teleop_msgs__python[0m
[5.816s] [ 79%] [32mBuilding C object CMakeFiles/teleop_msgs__python.dir/rosidl_generator_py/teleop_msgs/msg/_vehicle_control_data_s.c.o[0m
[5.985s] [ 82%] [32mBuilding C object CMakeFiles/teleop_msgs__python.dir/rosidl_generator_py/teleop_msgs/srv/_e_stop_service_s.c.o[0m
[6.067s] [ 86%] [32m[1mLinking C shared library rosidl_generator_py/teleop_msgs/libteleop_msgs__python.so[0m
[6.107s] [ 86%] Built target teleop_msgs__python
[6.118s] [35m[1mScanning dependencies of target teleop_msgs__rosidl_typesupport_c__pyext[0m
[6.184s] [ 89%] [32mBuilding C object CMakeFiles/teleop_msgs__rosidl_typesupport_c__pyext.dir/rosidl_generator_py/teleop_msgs/_teleop_msgs_s.ep.rosidl_typesupport_c.c.o[0m
[6.290s] [ 93%] [32m[1mLinking C shared library rosidl_generator_py/teleop_msgs/teleop_msgs_s__rosidl_typesupport_c.cpython-38-aarch64-linux-gnu.so[0m
[6.322s] [ 93%] Built target teleop_msgs__rosidl_typesupport_c__pyext
[6.330s] [35m[1mScanning dependencies of target teleop_msgs__rosidl_typesupport_introspection_c__pyext[0m
[6.380s] [ 96%] [32mBuilding C object CMakeFiles/teleop_msgs__rosidl_typesupport_introspection_c__pyext.dir/rosidl_generator_py/teleop_msgs/_teleop_msgs_s.ep.rosidl_typesupport_introspection_c.c.o[0m
[6.490s] [100%] [32m[1mLinking C shared library rosidl_generator_py/teleop_msgs/teleop_msgs_s__rosidl_typesupport_introspection_c.cpython-38-aarch64-linux-gnu.so[0m
[6.522s] [100%] Built target teleop_msgs__rosidl_typesupport_introspection_c__pyext
[6.545s] Invoked command in '/home/ubuntu/software_intro_task/software_intro_task_big_dir/build/teleop_msgs' returned '0': CMAKE_PREFIX_PATH=${CMAKE_PREFIX_PATH}:/home/ubuntu/software_intro_task/software_intro_task_big_dir/install/teleop_py:/opt/ros/galactic /usr/bin/cmake --build /home/ubuntu/software_intro_task/software_intro_task_big_dir/build/teleop_msgs -- -j1 -l1
[6.591s] Invoking command in '/home/ubuntu/software_intro_task/software_intro_task_big_dir/build/teleop_msgs': CMAKE_PREFIX_PATH=${CMAKE_PREFIX_PATH}:/home/ubuntu/software_intro_task/software_intro_task_big_dir/install/teleop_py:/opt/ros/galactic /usr/bin/cmake --install /home/ubuntu/software_intro_task/software_intro_task_big_dir/build/teleop_msgs
[6.600s] -- Install configuration: ""
[6.602s] -- Installing: /home/ubuntu/software_intro_task/software_intro_task_big_dir/install/teleop_msgs/share/ament_index/resource_index/rosidl_interfaces/teleop_msgs
[6.606s] -- Installing: /home/ubuntu/software_intro_task/software_intro_task_big_dir/install/teleop_msgs/include/teleop_msgs
[6.607s] -- Installing: /home/ubuntu/software_intro_task/software_intro_task_big_dir/install/teleop_msgs/include/teleop_msgs/srv
[6.608s] -- Installing: /home/ubuntu/software_intro_task/software_intro_task_big_dir/install/teleop_msgs/include/teleop_msgs/srv/e_stop_service.h
[6.609s] -- Installing: /home/ubuntu/software_intro_task/software_intro_task_big_dir/install/teleop_msgs/include/teleop_msgs/srv/detail
[6.610s] -- Installing: /home/ubuntu/software_intro_task/software_intro_task_big_dir/install/teleop_msgs/include/teleop_msgs/srv/detail/e_stop_service__functions.h
[6.610s] -- Installing: /home/ubuntu/software_intro_task/software_intro_task_big_dir/install/teleop_msgs/include/teleop_msgs/srv/detail/e_stop_service__struct.h
[6.610s] -- Installing: /home/ubuntu/software_intro_task/software_intro_task_big_dir/install/teleop_msgs/include/teleop_msgs/srv/detail/e_stop_service__type_support.h
[6.612s] -- Installing: /home/ubuntu/software_intro_task/software_intro_task_big_dir/install/teleop_msgs/include/teleop_msgs/srv/detail/e_stop_service__functions.c
[6.612s] -- Installing: /home/ubuntu/software_intro_task/software_intro_task_big_dir/install/teleop_msgs/include/teleop_msgs/msg
[6.614s] -- Installing: /home/ubuntu/software_intro_task/software_intro_task_big_dir/install/teleop_msgs/include/teleop_msgs/msg/rosidl_generator_c__visibility_control.h
[6.614s] -- Installing: /home/ubuntu/software_intro_task/software_intro_task_big_dir/install/teleop_msgs/include/teleop_msgs/msg/vehicle_control_data.h
[6.614s] -- Installing: /home/ubuntu/software_intro_task/software_intro_task_big_dir/install/teleop_msgs/include/teleop_msgs/msg/detail
[6.615s] -- Installing: /home/ubuntu/software_intro_task/software_intro_task_big_dir/install/teleop_msgs/include/teleop_msgs/msg/detail/vehicle_control_data__type_support.h
[6.615s] -- Installing: /home/ubuntu/software_intro_task/software_intro_task_big_dir/install/teleop_msgs/include/teleop_msgs/msg/detail/vehicle_control_data__functions.c
[6.615s] -- Installing: /home/ubuntu/software_intro_task/software_intro_task_big_dir/install/teleop_msgs/include/teleop_msgs/msg/detail/vehicle_control_data__struct.h
[6.615s] -- Installing: /home/ubuntu/software_intro_task/software_intro_task_big_dir/install/teleop_msgs/include/teleop_msgs/msg/detail/vehicle_control_data__functions.h
[6.616s] -- Installing: /home/ubuntu/software_intro_task/software_intro_task_big_dir/install/teleop_msgs/share/teleop_msgs/environment/library_path.sh
[6.616s] -- Installing: /home/ubuntu/software_intro_task/software_intro_task_big_dir/install/teleop_msgs/share/teleop_msgs/environment/library_path.dsv
[6.616s] -- Installing: /home/ubuntu/software_intro_task/software_intro_task_big_dir/install/teleop_msgs/lib/libteleop_msgs__rosidl_generator_c.so
[6.620s] -- Set runtime path of "/home/ubuntu/software_intro_task/software_intro_task_big_dir/install/teleop_msgs/lib/libteleop_msgs__rosidl_generator_c.so" to ""
[6.620s] -- Up-to-date: /home/ubuntu/software_intro_task/software_intro_task_big_dir/install/teleop_msgs/include/teleop_msgs
[6.620s] -- Up-to-date: /home/ubuntu/software_intro_task/software_intro_task_big_dir/install/teleop_msgs/include/teleop_msgs/srv
[6.620s] -- Up-to-date: /home/ubuntu/software_intro_task/software_intro_task_big_dir/install/teleop_msgs/include/teleop_msgs/srv/detail
[6.620s] -- Installing: /home/ubuntu/software_intro_task/software_intro_task_big_dir/install/teleop_msgs/include/teleop_msgs/srv/detail/e_stop_service__rosidl_typesupport_introspection_c.h
[6.620s] -- Installing: /home/ubuntu/software_intro_task/software_intro_task_big_dir/install/teleop_msgs/include/teleop_msgs/srv/detail/e_stop_service__type_support.c
[6.620s] -- Up-to-date: /home/ubuntu/software_intro_task/software_intro_task_big_dir/install/teleop_msgs/include/teleop_msgs/msg
[6.620s] -- Installing: /home/ubuntu/software_intro_task/software_intro_task_big_dir/install/teleop_msgs/include/teleop_msgs/msg/rosidl_typesupport_introspection_c__visibility_control.h
[6.621s] -- Up-to-date: /home/ubuntu/software_intro_task/software_intro_task_big_dir/install/teleop_msgs/include/teleop_msgs/msg/detail
[6.621s] -- Installing: /home/ubuntu/software_intro_task/software_intro_task_big_dir/install/teleop_msgs/include/teleop_msgs/msg/detail/vehicle_control_data__rosidl_typesupport_introspection_c.h
[6.621s] -- Installing: /home/ubuntu/software_intro_task/software_intro_task_big_dir/install/teleop_msgs/include/teleop_msgs/msg/detail/vehicle_control_data__type_support.c
[6.621s] -- Installing: /home/ubuntu/software_intro_task/software_intro_task_big_dir/install/teleop_msgs/lib/libteleop_msgs__rosidl_typesupport_introspection_c.so
[6.624s] -- Set runtime path of "/home/ubuntu/software_intro_task/software_intro_task_big_dir/install/teleop_msgs/lib/libteleop_msgs__rosidl_typesupport_introspection_c.so" to ""
[6.624s] -- Installing: /home/ubuntu/software_intro_task/software_intro_task_big_dir/install/teleop_msgs/lib/libteleop_msgs__rosidl_typesupport_c.so
[6.624s] -- Set runtime path of "/home/ubuntu/software_intro_task/software_intro_task_big_dir/install/teleop_msgs/lib/libteleop_msgs__rosidl_typesupport_c.so" to ""
[6.624s] -- Up-to-date: /home/ubuntu/software_intro_task/software_intro_task_big_dir/install/teleop_msgs/include/teleop_msgs
[6.625s] -- Up-to-date: /home/ubuntu/software_intro_task/software_intro_task_big_dir/install/teleop_msgs/include/teleop_msgs/srv
[6.625s] -- Installing: /home/ubuntu/software_intro_task/software_intro_task_big_dir/install/teleop_msgs/include/teleop_msgs/srv/e_stop_service.hpp
[6.625s] -- Up-to-date: /home/ubuntu/software_intro_task/software_intro_task_big_dir/install/teleop_msgs/include/teleop_msgs/srv/detail
[6.625s] -- Installing: /home/ubuntu/software_intro_task/software_intro_task_big_dir/install/teleop_msgs/include/teleop_msgs/srv/detail/e_stop_service__traits.hpp
[6.625s] -- Installing: /home/ubuntu/software_intro_task/software_intro_task_big_dir/install/teleop_msgs/include/teleop_msgs/srv/detail/e_stop_service__builder.hpp
[6.625s] -- Installing: /home/ubuntu/software_intro_task/software_intro_task_big_dir/install/teleop_msgs/include/teleop_msgs/srv/detail/e_stop_service__struct.hpp
[6.625s] -- Up-to-date: /home/ubuntu/software_intro_task/software_intro_task_big_dir/install/teleop_msgs/include/teleop_msgs/msg
[6.625s] -- Installing: /home/ubuntu/software_intro_task/software_intro_task_big_dir/install/teleop_msgs/include/teleop_msgs/msg/vehicle_control_data.hpp
[6.626s] -- Up-to-date: /home/ubuntu/software_intro_task/software_intro_task_big_dir/install/teleop_msgs/include/teleop_msgs/msg/detail
[6.626s] -- Installing: /home/ubuntu/software_intro_task/software_intro_task_big_dir/install/teleop_msgs/include/teleop_msgs/msg/detail/vehicle_control_data__struct.hpp
[6.626s] -- Installing: /home/ubuntu/software_intro_task/software_intro_task_big_dir/install/teleop_msgs/include/teleop_msgs/msg/detail/vehicle_control_data__traits.hpp
[6.626s] -- Installing: /home/ubuntu/software_intro_task/software_intro_task_big_dir/install/teleop_msgs/include/teleop_msgs/msg/detail/vehicle_control_data__builder.hpp
[6.626s] -- Up-to-date: /home/ubuntu/software_intro_task/software_intro_task_big_dir/install/teleop_msgs/include/teleop_msgs
[6.626s] -- Up-to-date: /home/ubuntu/software_intro_task/software_intro_task_big_dir/install/teleop_msgs/include/teleop_msgs/srv
[6.626s] -- Up-to-date: /home/ubuntu/software_intro_task/software_intro_task_big_dir/install/teleop_msgs/include/teleop_msgs/srv/detail
[6.626s] -- Installing: /home/ubuntu/software_intro_task/software_intro_task_big_dir/install/teleop_msgs/include/teleop_msgs/srv/detail/e_stop_service__type_support.cpp
[6.626s] -- Installing: /home/ubuntu/software_intro_task/software_intro_task_big_dir/install/teleop_msgs/include/teleop_msgs/srv/detail/e_stop_service__rosidl_typesupport_introspection_cpp.hpp
[6.627s] -- Up-to-date: /home/ubuntu/software_intro_task/software_intro_task_big_dir/install/teleop_msgs/include/teleop_msgs/msg
[6.627s] -- Up-to-date: /home/ubuntu/software_intro_task/software_intro_task_big_dir/install/teleop_msgs/include/teleop_msgs/msg/detail
[6.627s] -- Installing: /home/ubuntu/software_intro_task/software_intro_task_big_dir/install/teleop_msgs/include/teleop_msgs/msg/detail/vehicle_control_data__rosidl_typesupport_introspection_cpp.hpp
[6.627s] -- Installing: /home/ubuntu/software_intro_task/software_intro_task_big_dir/install/teleop_msgs/include/teleop_msgs/msg/detail/vehicle_control_data__type_support.cpp
[6.628s] -- Installing: /home/ubuntu/software_intro_task/software_intro_task_big_dir/install/teleop_msgs/lib/libteleop_msgs__rosidl_typesupport_introspection_cpp.so
[6.628s] -- Set runtime path of "/home/ubuntu/software_intro_task/software_intro_task_big_dir/install/teleop_msgs/lib/libteleop_msgs__rosidl_typesupport_introspection_cpp.so" to ""
[6.632s] -- Installing: /home/ubuntu/software_intro_task/software_intro_task_big_dir/install/teleop_msgs/lib/libteleop_msgs__rosidl_typesupport_cpp.so
[6.636s] -- Set runtime path of "/home/ubuntu/software_intro_task/software_intro_task_big_dir/install/teleop_msgs/lib/libteleop_msgs__rosidl_typesupport_cpp.so" to ""
[6.636s] -- Installing: /home/ubuntu/software_intro_task/software_intro_task_big_dir/install/teleop_msgs/share/teleop_msgs/environment/pythonpath.sh
[6.636s] -- Installing: /home/ubuntu/software_intro_task/software_intro_task_big_dir/install/teleop_msgs/share/teleop_msgs/environment/pythonpath.dsv
[6.636s] -- Installing: /home/ubuntu/software_intro_task/software_intro_task_big_dir/install/teleop_msgs/lib/python3.8/site-packages/teleop_msgs/__init__.py
[6.696s] Compiling '/home/ubuntu/software_intro_task/software_intro_task_big_dir/install/teleop_msgs/lib/python3.8/site-packages/teleop_msgs/__init__.py'...
[6.700s] -- Installing: /home/ubuntu/software_intro_task/software_intro_task_big_dir/install/teleop_msgs/lib/python3.8/site-packages/teleop_msgs/msg
[6.701s] -- Installing: /home/ubuntu/software_intro_task/software_intro_task_big_dir/install/teleop_msgs/lib/python3.8/site-packages/teleop_msgs/msg/_vehicle_control_data_s.c
[6.701s] -- Installing: /home/ubuntu/software_intro_task/software_intro_task_big_dir/install/teleop_msgs/lib/python3.8/site-packages/teleop_msgs/msg/__init__.py
[6.701s] -- Installing: /home/ubuntu/software_intro_task/software_intro_task_big_dir/install/teleop_msgs/lib/python3.8/site-packages/teleop_msgs/msg/_vehicle_control_data.py
[6.704s] -- Installing: /home/ubuntu/software_intro_task/software_intro_task_big_dir/install/teleop_msgs/lib/python3.8/site-packages/teleop_msgs/srv
[6.704s] -- Installing: /home/ubuntu/software_intro_task/software_intro_task_big_dir/install/teleop_msgs/lib/python3.8/site-packages/teleop_msgs/srv/__init__.py
[6.704s] -- Installing: /home/ubuntu/software_intro_task/software_intro_task_big_dir/install/teleop_msgs/lib/python3.8/site-packages/teleop_msgs/srv/_e_stop_service_s.c
[6.704s] -- Installing: /home/ubuntu/software_intro_task/software_intro_task_big_dir/install/teleop_msgs/lib/python3.8/site-packages/teleop_msgs/srv/_e_stop_service.py
[6.704s] -- Installing: /home/ubuntu/software_intro_task/software_intro_task_big_dir/install/teleop_msgs/lib/python3.8/site-packages/teleop_msgs/teleop_msgs_s__rosidl_typesupport_introspection_c.cpython-38-aarch64-linux-gnu.so
[6.708s] -- Set runtime path of "/home/ubuntu/software_intro_task/software_intro_task_big_dir/install/teleop_msgs/lib/python3.8/site-packages/teleop_msgs/teleop_msgs_s__rosidl_typesupport_introspection_c.cpython-38-aarch64-linux-gnu.so" to ""
[6.709s] -- Installing: /home/ubuntu/software_intro_task/software_intro_task_big_dir/install/teleop_msgs/lib/python3.8/site-packages/teleop_msgs/teleop_msgs_s__rosidl_typesupport_c.cpython-38-aarch64-linux-gnu.so
[6.709s] -- Set runtime path of "/home/ubuntu/software_intro_task/software_intro_task_big_dir/install/teleop_msgs/lib/python3.8/site-packages/teleop_msgs/teleop_msgs_s__rosidl_typesupport_c.cpython-38-aarch64-linux-gnu.so" to ""
[6.710s] -- Installing: /home/ubuntu/software_intro_task/software_intro_task_big_dir/install/teleop_msgs/lib/libteleop_msgs__python.so
[6.710s] -- Set runtime path of "/home/ubuntu/software_intro_task/software_intro_task_big_dir/install/teleop_msgs/lib/libteleop_msgs__python.so" to ""
[6.712s] -- Installing: /home/ubuntu/software_intro_task/software_intro_task_big_dir/install/teleop_msgs/share/teleop_msgs/msg/VehicleControlData.idl
[6.712s] -- Installing: /home/ubuntu/software_intro_task/software_intro_task_big_dir/install/teleop_msgs/share/teleop_msgs/srv/EStopService.idl
[6.712s] -- Installing: /home/ubuntu/software_intro_task/software_intro_task_big_dir/install/teleop_msgs/share/teleop_msgs/msg/VehicleControlData.msg
[6.712s] -- Installing: /home/ubuntu/software_intro_task/software_intro_task_big_dir/install/teleop_msgs/share/teleop_msgs/srv/EStopService.srv
[6.712s] -- Installing: /home/ubuntu/software_intro_task/software_intro_task_big_dir/install/teleop_msgs/share/teleop_msgs/srv/EStopService_Request.msg
[6.712s] -- Installing: /home/ubuntu/software_intro_task/software_intro_task_big_dir/install/teleop_msgs/share/teleop_msgs/srv/EStopService_Response.msg
[6.713s] -- Installing: /home/ubuntu/software_intro_task/software_intro_task_big_dir/install/teleop_msgs/share/ament_index/resource_index/package_run_dependencies/teleop_msgs
[6.713s] -- Installing: /home/ubuntu/software_intro_task/software_intro_task_big_dir/install/teleop_msgs/share/ament_index/resource_index/parent_prefix_path/teleop_msgs
[6.713s] -- Installing: /home/ubuntu/software_intro_task/software_intro_task_big_dir/install/teleop_msgs/share/teleop_msgs/environment/ament_prefix_path.sh
[6.715s] -- Installing: /home/ubuntu/software_intro_task/software_intro_task_big_dir/install/teleop_msgs/share/teleop_msgs/environment/ament_prefix_path.dsv
[6.715s] -- Installing: /home/ubuntu/software_intro_task/software_intro_task_big_dir/install/teleop_msgs/share/teleop_msgs/environment/path.sh
[6.715s] -- Installing: /home/ubuntu/software_intro_task/software_intro_task_big_dir/install/teleop_msgs/share/teleop_msgs/environment/path.dsv
[6.716s] -- Installing: /home/ubuntu/software_intro_task/software_intro_task_big_dir/install/teleop_msgs/share/teleop_msgs/local_setup.bash
[6.720s] -- Installing: /home/ubuntu/software_intro_task/software_intro_task_big_dir/install/teleop_msgs/share/teleop_msgs/local_setup.sh
[6.720s] -- Installing: /home/ubuntu/software_intro_task/software_intro_task_big_dir/install/teleop_msgs/share/teleop_msgs/local_setup.zsh
[6.724s] -- Installing: /home/ubuntu/software_intro_task/software_intro_task_big_dir/install/teleop_msgs/share/teleop_msgs/local_setup.dsv
[6.724s] -- Installing: /home/ubuntu/software_intro_task/software_intro_task_big_dir/install/teleop_msgs/share/teleop_msgs/package.dsv
[6.724s] -- Installing: /home/ubuntu/software_intro_task/software_intro_task_big_dir/install/teleop_msgs/share/ament_index/resource_index/packages/teleop_msgs
[6.724s] -- Installing: /home/ubuntu/software_intro_task/software_intro_task_big_dir/install/teleop_msgs/share/teleop_msgs/cmake/teleop_msgs__rosidl_generator_cExport.cmake
[6.724s] -- Installing: /home/ubuntu/software_intro_task/software_intro_task_big_dir/install/teleop_msgs/share/teleop_msgs/cmake/teleop_msgs__rosidl_generator_cExport-noconfig.cmake
[6.725s] -- Installing: /home/ubuntu/software_intro_task/software_intro_task_big_dir/install/teleop_msgs/share/teleop_msgs/cmake/teleop_msgs__rosidl_typesupport_introspection_cExport.cmake
[6.725s] -- Installing: /home/ubuntu/software_intro_task/software_intro_task_big_dir/install/teleop_msgs/share/teleop_msgs/cmake/teleop_msgs__rosidl_typesupport_introspection_cExport-noconfig.cmake
[6.725s] -- Installing: /home/ubuntu/software_intro_task/software_intro_task_big_dir/install/teleop_msgs/share/teleop_msgs/cmake/teleop_msgs__rosidl_typesupport_cExport.cmake
[6.725s] -- Installing: /home/ubuntu/software_intro_task/software_intro_task_big_dir/install/teleop_msgs/share/teleop_msgs/cmake/teleop_msgs__rosidl_typesupport_cExport-noconfig.cmake
[6.725s] -- Installing: /home/ubuntu/software_intro_task/software_intro_task_big_dir/install/teleop_msgs/share/teleop_msgs/cmake/teleop_msgs__rosidl_generator_cppExport.cmake
[6.726s] -- Installing: /home/ubuntu/software_intro_task/software_intro_task_big_dir/install/teleop_msgs/share/teleop_msgs/cmake/teleop_msgs__rosidl_typesupport_introspection_cppExport.cmake
[6.726s] -- Installing: /home/ubuntu/software_intro_task/software_intro_task_big_dir/install/teleop_msgs/share/teleop_msgs/cmake/teleop_msgs__rosidl_typesupport_introspection_cppExport-noconfig.cmake
[6.726s] -- Installing: /home/ubuntu/software_intro_task/software_intro_task_big_dir/install/teleop_msgs/share/teleop_msgs/cmake/teleop_msgs__rosidl_typesupport_cppExport.cmake
[6.726s] -- Installing: /home/ubuntu/software_intro_task/software_intro_task_big_dir/install/teleop_msgs/share/teleop_msgs/cmake/teleop_msgs__rosidl_typesupport_cppExport-noconfig.cmake
[6.726s] -- Installing: /home/ubuntu/software_intro_task/software_intro_task_big_dir/install/teleop_msgs/share/teleop_msgs/cmake/rosidl_cmake-extras.cmake
[6.726s] -- Installing: /home/ubuntu/software_intro_task/software_intro_task_big_dir/install/teleop_msgs/share/teleop_msgs/cmake/ament_cmake_export_dependencies-extras.cmake
[6.727s] -- Installing: /home/ubuntu/software_intro_task/software_intro_task_big_dir/install/teleop_msgs/share/teleop_msgs/cmake/ament_cmake_export_libraries-extras.cmake
[6.727s] -- Installing: /home/ubuntu/software_intro_task/software_intro_task_big_dir/install/teleop_msgs/share/teleop_msgs/cmake/ament_cmake_export_targets-extras.cmake
[6.727s] -- Installing: /home/ubuntu/software_intro_task/software_intro_task_big_dir/install/teleop_msgs/share/teleop_msgs/cmake/ament_cmake_export_include_directories-extras.cmake
[6.727s] -- Installing: /home/ubuntu/software_intro_task/software_intro_task_big_dir/install/teleop_msgs/share/teleop_msgs/cmake/rosidl_cmake_export_typesupport_targets-extras.cmake
[6.727s] -- Installing: /home/ubuntu/software_intro_task/software_intro_task_big_dir/install/teleop_msgs/share/teleop_msgs/cmake/teleop_msgsConfig.cmake
[6.727s] -- Installing: /home/ubuntu/software_intro_task/software_intro_task_big_dir/install/teleop_msgs/share/teleop_msgs/cmake/teleop_msgsConfig-version.cmake
[6.728s] -- Installing: /home/ubuntu/software_intro_task/software_intro_task_big_dir/install/teleop_msgs/share/teleop_msgs/package.xml
[6.732s] Invoked command in '/home/ubuntu/software_intro_task/software_intro_task_big_dir/build/teleop_msgs' returned '0': CMAKE_PREFIX_PATH=${CMAKE_PREFIX_PATH}:/home/ubuntu/software_intro_task/software_intro_task_big_dir/install/teleop_py:/opt/ros/galactic /usr/bin/cmake --install /home/ubuntu/software_intro_task/software_intro_task_big_dir/build/teleop_msgs
