[ 33%] Built target teleop_cpp
[ 66%] Built target teleop_cpp_node
[100%] Built target teleop_cpp_node_exe
-- Install configuration: ""
-- Up-to-date: /home/ubuntu/software_intro_task_big_dir/install/teleop_cpp/lib/teleop_cpp/teleop_cpp_node_exe
-- Up-to-date: /home/ubuntu/software_intro_task_big_dir/install/teleop_cpp/include
-- Up-to-date: /home/ubuntu/software_intro_task_big_dir/install/teleop_cpp/include/teleop_cpp
-- Up-to-date: /home/ubuntu/software_intro_task_big_dir/install/teleop_cpp/include/teleop_cpp/visibility_control.hpp
-- Up-to-date: /home/ubuntu/software_intro_task_big_dir/install/teleop_cpp/include/teleop_cpp/teleop_cpp_node.hpp
-- Up-to-date: /home/ubuntu/software_intro_task_big_dir/install/teleop_cpp/include/teleop_cpp/teleop_cpp.hpp
-- Up-to-date: /home/ubuntu/software_intro_task_big_dir/install/teleop_cpp/share/teleop_cpp/environment/library_path.sh
-- Up-to-date: /home/ubuntu/software_intro_task_big_dir/install/teleop_cpp/share/teleop_cpp/environment/library_path.dsv
-- Up-to-date: /home/ubuntu/software_intro_task_big_dir/install/teleop_cpp/lib/libteleop_cpp.so
-- Up-to-date: /home/ubuntu/software_intro_task_big_dir/install/teleop_cpp/lib/libteleop_cpp_node.so
-- Up-to-date: /home/ubuntu/software_intro_task_big_dir/install/teleop_cpp/share/teleop_cpp/param
-- Up-to-date: /home/ubuntu/software_intro_task_big_dir/install/teleop_cpp/share/teleop_cpp/param/teleop_cpp.yaml
-- Up-to-date: /home/ubuntu/software_intro_task_big_dir/install/teleop_cpp/share/teleop_cpp/launch
-- Up-to-date: /home/ubuntu/software_intro_task_big_dir/install/teleop_cpp/share/teleop_cpp/launch/teleop_cpp.launch.py
-- Up-to-date: /home/ubuntu/software_intro_task_big_dir/install/teleop_cpp/share/ament_index/resource_index/package_run_dependencies/teleop_cpp
-- Up-to-date: /home/ubuntu/software_intro_task_big_dir/install/teleop_cpp/share/ament_index/resource_index/parent_prefix_path/teleop_cpp
-- Up-to-date: /home/ubuntu/software_intro_task_big_dir/install/teleop_cpp/share/teleop_cpp/environment/ament_prefix_path.sh
-- Up-to-date: /home/ubuntu/software_intro_task_big_dir/install/teleop_cpp/share/teleop_cpp/environment/ament_prefix_path.dsv
-- Up-to-date: /home/ubuntu/software_intro_task_big_dir/install/teleop_cpp/share/teleop_cpp/environment/path.sh
-- Up-to-date: /home/ubuntu/software_intro_task_big_dir/install/teleop_cpp/share/teleop_cpp/environment/path.dsv
-- Up-to-date: /home/ubuntu/software_intro_task_big_dir/install/teleop_cpp/share/teleop_cpp/local_setup.bash
-- Up-to-date: /home/ubuntu/software_intro_task_big_dir/install/teleop_cpp/share/teleop_cpp/local_setup.sh
-- Up-to-date: /home/ubuntu/software_intro_task_big_dir/install/teleop_cpp/share/teleop_cpp/local_setup.zsh
-- Up-to-date: /home/ubuntu/software_intro_task_big_dir/install/teleop_cpp/share/teleop_cpp/local_setup.dsv
-- Installing: /home/ubuntu/software_intro_task_big_dir/install/teleop_cpp/share/teleop_cpp/package.dsv
-- Up-to-date: /home/ubuntu/software_intro_task_big_dir/install/teleop_cpp/share/ament_index/resource_index/packages/teleop_cpp
-- Up-to-date: /home/ubuntu/software_intro_task_big_dir/install/teleop_cpp/share/ament_index/resource_index/rclcpp_components/teleop_cpp
-- Up-to-date: /home/ubuntu/software_intro_task_big_dir/install/teleop_cpp/share/teleop_cpp/cmake/ament_cmake_export_dependencies-extras.cmake
-- Up-to-date: /home/ubuntu/software_intro_task_big_dir/install/teleop_cpp/share/teleop_cpp/cmake/ament_cmake_export_include_directories-extras.cmake
-- Up-to-date: /home/ubuntu/software_intro_task_big_dir/install/teleop_cpp/share/teleop_cpp/cmake/ament_cmake_export_libraries-extras.cmake
-- Up-to-date: /home/ubuntu/software_intro_task_big_dir/install/teleop_cpp/share/teleop_cpp/cmake/teleop_cppConfig.cmake
-- Up-to-date: /home/ubuntu/software_intro_task_big_dir/install/teleop_cpp/share/teleop_cpp/cmake/teleop_cppConfig-version.cmake
-- Up-to-date: /home/ubuntu/software_intro_task_big_dir/install/teleop_cpp/share/teleop_cpp/package.xml
