[0.078s] Invoking command in '/home/ubuntu/software_intro_task_big_dir/build/teleop_cpp': CMAKE_PREFIX_PATH=/home/ubuntu/software_intro_task/install/teleop_py:/opt/ros/galactic /usr/bin/cmake --build /home/ubuntu/software_intro_task_big_dir/build/teleop_cpp -- -j1 -l1
[0.130s] [ 33%] Built target teleop_cpp
[0.153s] [ 66%] Built target teleop_cpp_node
[0.178s] [100%] Built target teleop_cpp_node_exe
[0.196s] Invoked command in '/home/ubuntu/software_intro_task_big_dir/build/teleop_cpp' returned '0': CMAKE_PREFIX_PATH=/home/ubuntu/software_intro_task/install/teleop_py:/opt/ros/galactic /usr/bin/cmake --build /home/ubuntu/software_intro_task_big_dir/build/teleop_cpp -- -j1 -l1
[0.229s] Invoking command in '/home/ubuntu/software_intro_task_big_dir/build/teleop_cpp': CMAKE_PREFIX_PATH=/home/ubuntu/software_intro_task/install/teleop_py:/opt/ros/galactic /usr/bin/cmake --install /home/ubuntu/software_intro_task_big_dir/build/teleop_cpp
[0.239s] -- Install configuration: ""
[0.239s] -- Up-to-date: /home/ubuntu/software_intro_task_big_dir/install/teleop_cpp/lib/teleop_cpp/teleop_cpp_node_exe
[0.240s] -- Up-to-date: /home/ubuntu/software_intro_task_big_dir/install/teleop_cpp/include
[0.241s] -- Up-to-date: /home/ubuntu/software_intro_task_big_dir/install/teleop_cpp/include/teleop_cpp
[0.242s] -- Up-to-date: /home/ubuntu/software_intro_task_big_dir/install/teleop_cpp/include/teleop_cpp/visibility_control.hpp
[0.242s] -- Up-to-date: /home/ubuntu/software_intro_task_big_dir/install/teleop_cpp/include/teleop_cpp/teleop_cpp_node.hpp
[0.243s] -- Up-to-date: /home/ubuntu/software_intro_task_big_dir/install/teleop_cpp/include/teleop_cpp/teleop_cpp.hpp
[0.243s] -- Up-to-date: /home/ubuntu/software_intro_task_big_dir/install/teleop_cpp/share/teleop_cpp/environment/library_path.sh
[0.244s] -- Up-to-date: /home/ubuntu/software_intro_task_big_dir/install/teleop_cpp/share/teleop_cpp/environment/library_path.dsv
[0.244s] -- Up-to-date: /home/ubuntu/software_intro_task_big_dir/install/teleop_cpp/lib/libteleop_cpp.so
[0.245s] -- Up-to-date: /home/ubuntu/software_intro_task_big_dir/install/teleop_cpp/lib/libteleop_cpp_node.so
[0.245s] -- Up-to-date: /home/ubuntu/software_intro_task_big_dir/install/teleop_cpp/share/teleop_cpp/param
[0.246s] -- Up-to-date: /home/ubuntu/software_intro_task_big_dir/install/teleop_cpp/share/teleop_cpp/param/teleop_cpp.yaml
[0.246s] -- Up-to-date: /home/ubuntu/software_intro_task_big_dir/install/teleop_cpp/share/teleop_cpp/launch
[0.247s] -- Up-to-date: /home/ubuntu/software_intro_task_big_dir/install/teleop_cpp/share/teleop_cpp/launch/teleop_cpp.launch.py
[0.247s] -- Up-to-date: /home/ubuntu/software_intro_task_big_dir/install/teleop_cpp/share/ament_index/resource_index/package_run_dependencies/teleop_cpp
[0.247s] -- Up-to-date: /home/ubuntu/software_intro_task_big_dir/install/teleop_cpp/share/ament_index/resource_index/parent_prefix_path/teleop_cpp
[0.247s] -- Up-to-date: /home/ubuntu/software_intro_task_big_dir/install/teleop_cpp/share/teleop_cpp/environment/ament_prefix_path.sh
[0.247s] -- Up-to-date: /home/ubuntu/software_intro_task_big_dir/install/teleop_cpp/share/teleop_cpp/environment/ament_prefix_path.dsv
[0.247s] -- Up-to-date: /home/ubuntu/software_intro_task_big_dir/install/teleop_cpp/share/teleop_cpp/environment/path.sh
[0.247s] -- Up-to-date: /home/ubuntu/software_intro_task_big_dir/install/teleop_cpp/share/teleop_cpp/environment/path.dsv
[0.247s] -- Up-to-date: /home/ubuntu/software_intro_task_big_dir/install/teleop_cpp/share/teleop_cpp/local_setup.bash
[0.248s] -- Up-to-date: /home/ubuntu/software_intro_task_big_dir/install/teleop_cpp/share/teleop_cpp/local_setup.sh
[0.248s] -- Up-to-date: /home/ubuntu/software_intro_task_big_dir/install/teleop_cpp/share/teleop_cpp/local_setup.zsh
[0.248s] -- Up-to-date: /home/ubuntu/software_intro_task_big_dir/install/teleop_cpp/share/teleop_cpp/local_setup.dsv
[0.248s] -- Installing: /home/ubuntu/software_intro_task_big_dir/install/teleop_cpp/share/teleop_cpp/package.dsv
[0.251s] -- Up-to-date: /home/ubuntu/software_intro_task_big_dir/install/teleop_cpp/share/ament_index/resource_index/packages/teleop_cpp
[0.252s] -- Up-to-date: /home/ubuntu/software_intro_task_big_dir/install/teleop_cpp/share/ament_index/resource_index/rclcpp_components/teleop_cpp
[0.252s] -- Up-to-date: /home/ubuntu/software_intro_task_big_dir/install/teleop_cpp/share/teleop_cpp/cmake/ament_cmake_export_dependencies-extras.cmake
[0.252s] -- Up-to-date: /home/ubuntu/software_intro_task_big_dir/install/teleop_cpp/share/teleop_cpp/cmake/ament_cmake_export_include_directories-extras.cmake
[0.252s] -- Up-to-date: /home/ubuntu/software_intro_task_big_dir/install/teleop_cpp/share/teleop_cpp/cmake/ament_cmake_export_libraries-extras.cmake
[0.252s] -- Up-to-date: /home/ubuntu/software_intro_task_big_dir/install/teleop_cpp/share/teleop_cpp/cmake/teleop_cppConfig.cmake
[0.252s] -- Up-to-date: /home/ubuntu/software_intro_task_big_dir/install/teleop_cpp/share/teleop_cpp/cmake/teleop_cppConfig-version.cmake
[0.252s] -- Up-to-date: /home/ubuntu/software_intro_task_big_dir/install/teleop_cpp/share/teleop_cpp/package.xml
[0.256s] Invoked command in '/home/ubuntu/software_intro_task_big_dir/build/teleop_cpp' returned '0': CMAKE_PREFIX_PATH=/home/ubuntu/software_intro_task/install/teleop_py:/opt/ros/galactic /usr/bin/cmake --install /home/ubuntu/software_intro_task_big_dir/build/teleop_cpp
