[0.802s] Invoking command in '/home/ubuntu/software_intro_task_big_dir/software_intro_task/teleop_py': PYTHONPATH=/home/ubuntu/software_intro_task_big_dir/build/teleop_py/prefix_override:/home/ubuntu/software_intro_task_big_dir/install/teleop_py/lib/python3.8/site-packages:${PYTHONPATH} /usr/bin/python3 setup.py egg_info --egg-base ../../build/teleop_py build --build-base /home/ubuntu/software_intro_task_big_dir/build/teleop_py/build install --record /home/ubuntu/software_intro_task_big_dir/build/teleop_py/install.log --single-version-externally-managed
[0.953s] running egg_info
[0.954s] creating ../../build/teleop_py/teleop_py.egg-info
[0.955s] writing ../../build/teleop_py/teleop_py.egg-info/PKG-INFO
[0.956s] writing dependency_links to ../../build/teleop_py/teleop_py.egg-info/dependency_links.txt
[0.956s] writing entry points to ../../build/teleop_py/teleop_py.egg-info/entry_points.txt
[0.957s] writing requirements to ../../build/teleop_py/teleop_py.egg-info/requires.txt
[0.958s] writing top-level names to ../../build/teleop_py/teleop_py.egg-info/top_level.txt
[0.964s] writing manifest file '../../build/teleop_py/teleop_py.egg-info/SOURCES.txt'
[0.993s] reading manifest file '../../build/teleop_py/teleop_py.egg-info/SOURCES.txt'
[0.994s] writing manifest file '../../build/teleop_py/teleop_py.egg-info/SOURCES.txt'
[0.995s] running build
[0.996s] running build_py
[0.996s] creating /home/ubuntu/software_intro_task_big_dir/build/teleop_py/build
[0.997s] creating /home/ubuntu/software_intro_task_big_dir/build/teleop_py/build/lib
[0.997s] creating /home/ubuntu/software_intro_task_big_dir/build/teleop_py/build/lib/teleop_py
[0.998s] copying teleop_py/teleop_py.py -> /home/ubuntu/software_intro_task_big_dir/build/teleop_py/build/lib/teleop_py
[0.999s] copying teleop_py/__init__.py -> /home/ubuntu/software_intro_task_big_dir/build/teleop_py/build/lib/teleop_py
[0.999s] copying teleop_py/teleop_py_node.py -> /home/ubuntu/software_intro_task_big_dir/build/teleop_py/build/lib/teleop_py
[1.000s] running install
[1.001s] running install_lib
[1.002s] creating /home/ubuntu/software_intro_task_big_dir/install/teleop_py/lib/python3.8/site-packages/teleop_py
[1.003s] copying /home/ubuntu/software_intro_task_big_dir/build/teleop_py/build/lib/teleop_py/teleop_py.py -> /home/ubuntu/software_intro_task_big_dir/install/teleop_py/lib/python3.8/site-packages/teleop_py
[1.004s] copying /home/ubuntu/software_intro_task_big_dir/build/teleop_py/build/lib/teleop_py/__init__.py -> /home/ubuntu/software_intro_task_big_dir/install/teleop_py/lib/python3.8/site-packages/teleop_py
[1.004s] copying /home/ubuntu/software_intro_task_big_dir/build/teleop_py/build/lib/teleop_py/teleop_py_node.py -> /home/ubuntu/software_intro_task_big_dir/install/teleop_py/lib/python3.8/site-packages/teleop_py
[1.006s] byte-compiling /home/ubuntu/software_intro_task_big_dir/install/teleop_py/lib/python3.8/site-packages/teleop_py/teleop_py.py to teleop_py.cpython-38.pyc
[1.007s] byte-compiling /home/ubuntu/software_intro_task_big_dir/install/teleop_py/lib/python3.8/site-packages/teleop_py/__init__.py to __init__.cpython-38.pyc
[1.007s] byte-compiling /home/ubuntu/software_intro_task_big_dir/install/teleop_py/lib/python3.8/site-packages/teleop_py/teleop_py_node.py to teleop_py_node.cpython-38.pyc
[1.009s] running install_data
[1.010s] creating /home/ubuntu/software_intro_task_big_dir/install/teleop_py/share/ament_index
[1.010s] creating /home/ubuntu/software_intro_task_big_dir/install/teleop_py/share/ament_index/resource_index
[1.010s] creating /home/ubuntu/software_intro_task_big_dir/install/teleop_py/share/ament_index/resource_index/packages
[1.010s] copying resource/teleop_py -> /home/ubuntu/software_intro_task_big_dir/install/teleop_py/share/ament_index/resource_index/packages
[1.010s] copying package.xml -> /home/ubuntu/software_intro_task_big_dir/install/teleop_py/share/teleop_py
[1.011s] creating /home/ubuntu/software_intro_task_big_dir/install/teleop_py/share/teleop_py/launch
[1.011s] copying launch/teleop_py.launch.py -> /home/ubuntu/software_intro_task_big_dir/install/teleop_py/share/teleop_py/launch
[1.011s] creating /home/ubuntu/software_intro_task_big_dir/install/teleop_py/share/teleop_py/param
[1.011s] copying param/teleop_py.yaml -> /home/ubuntu/software_intro_task_big_dir/install/teleop_py/share/teleop_py/param
[1.011s] running install_egg_info
[1.014s] Copying ../../build/teleop_py/teleop_py.egg-info to /home/ubuntu/software_intro_task_big_dir/install/teleop_py/lib/python3.8/site-packages/teleop_py-1.0.0-py3.8.egg-info
[1.015s] running install_scripts
[1.031s] Installing teleop_py_node_exe script to /home/ubuntu/software_intro_task_big_dir/install/teleop_py/lib/teleop_py
[1.032s] writing list of installed files to '/home/ubuntu/software_intro_task_big_dir/build/teleop_py/install.log'
[1.050s] Invoked command in '/home/ubuntu/software_intro_task_big_dir/software_intro_task/teleop_py' returned '0': PYTHONPATH=/home/ubuntu/software_intro_task_big_dir/build/teleop_py/prefix_override:/home/ubuntu/software_intro_task_big_dir/install/teleop_py/lib/python3.8/site-packages:${PYTHONPATH} /usr/bin/python3 setup.py egg_info --egg-base ../../build/teleop_py build --build-base /home/ubuntu/software_intro_task_big_dir/build/teleop_py/build install --record /home/ubuntu/software_intro_task_big_dir/build/teleop_py/install.log --single-version-externally-managed
