[1.430s] DEBUG:colcon:Command line arguments: ['/usr/bin/colcon', 'build', '--packages-select', 'teleop_py']
[1.430s] DEBUG:colcon:Parsed command line arguments: Namespace(allow_overriding=[], ament_cmake_args=None, base_paths=['.'], build_base='build', catkin_cmake_args=None, catkin_skip_building_tests=False, cmake_args=None, cmake_clean_cache=False, cmake_clean_first=False, cmake_force_configure=False, cmake_target=None, cmake_target_skip_unavailable=False, continue_on_error=False, event_handlers=None, executor='parallel', ignore_user_meta=False, install_base='install', log_base=None, log_level=None, main=<bound method BuildVerb.main of <colcon_core.verb.build.BuildVerb object at 0xffffb8a9ee80>>, merge_install=False, metas=['./colcon.meta'], packages_above=None, packages_above_and_dependencies=None, packages_above_depth=None, packages_end=None, packages_ignore=None, packages_ignore_regex=None, packages_select=['teleop_py'], packages_select_build_failed=False, packages_select_by_dep=None, packages_select_regex=None, packages_select_test_failures=False, packages_skip=None, packages_skip_build_finished=False, packages_skip_by_dep=None, packages_skip_regex=None, packages_skip_test_passed=False, packages_skip_up_to=None, packages_start=None, packages_up_to=None, packages_up_to_regex=None, parallel_workers=1, paths=None, symlink_install=False, test_result_base=None, verb_extension=<colcon_core.verb.build.BuildVerb object at 0xffffb8a9ee80>, verb_name='build', verb_parser=<colcon_defaults.argument_parser.defaults.DefaultArgumentsDecorator object at 0xffffb85e5610>)
[1.490s] Level 1:colcon.colcon_core.package_discovery:discover_packages(colcon_meta) check parameters
[1.491s] Level 1:colcon.colcon_core.package_discovery:discover_packages(recursive) check parameters
[1.491s] Level 1:colcon.colcon_core.package_discovery:discover_packages(ignore) check parameters
[1.491s] Level 1:colcon.colcon_core.package_discovery:discover_packages(path) check parameters
[1.491s] Level 1:colcon.colcon_core.package_discovery:discover_packages(colcon_meta) discover
[1.491s] Level 1:colcon.colcon_core.package_discovery:discover_packages(recursive) discover
[1.491s] INFO:colcon.colcon_core.package_discovery:Crawling recursively for packages in '/home/ubuntu/software_intro_task_big_dir'
[1.491s] Level 1:colcon.colcon_core.package_identification:_identify(.) by extensions ['ignore', 'ignore_ament_install']
[1.492s] Level 1:colcon.colcon_core.package_identification:_identify(.) by extension 'ignore'
[1.492s] Level 1:colcon.colcon_core.package_identification:_identify(.) by extension 'ignore_ament_install'
[1.492s] Level 1:colcon.colcon_core.package_identification:_identify(.) by extensions ['colcon_pkg']
[1.492s] Level 1:colcon.colcon_core.package_identification:_identify(.) by extension 'colcon_pkg'
[1.492s] Level 1:colcon.colcon_core.package_identification:_identify(.) by extensions ['colcon_meta']
[1.492s] Level 1:colcon.colcon_core.package_identification:_identify(.) by extension 'colcon_meta'
[1.492s] Level 1:colcon.colcon_core.package_identification:_identify(.) by extensions ['ros']
[1.492s] Level 1:colcon.colcon_core.package_identification:_identify(.) by extension 'ros'
[1.503s] Level 1:colcon.colcon_core.package_identification:_identify(.) by extensions ['cmake', 'python']
[1.503s] Level 1:colcon.colcon_core.package_identification:_identify(.) by extension 'cmake'
[1.503s] Level 1:colcon.colcon_core.package_identification:_identify(.) by extension 'python'
[1.503s] Level 1:colcon.colcon_core.package_identification:_identify(.) by extensions ['python_setup_py']
[1.503s] Level 1:colcon.colcon_core.package_identification:_identify(.) by extension 'python_setup_py'
[1.504s] Level 1:colcon.colcon_core.package_identification:_identify(build) by extensions ['ignore', 'ignore_ament_install']
[1.504s] Level 1:colcon.colcon_core.package_identification:_identify(build) by extension 'ignore'
[1.504s] Level 1:colcon.colcon_core.package_identification:_identify(build) ignored
[1.504s] Level 1:colcon.colcon_core.package_identification:_identify(install) by extensions ['ignore', 'ignore_ament_install']
[1.504s] Level 1:colcon.colcon_core.package_identification:_identify(install) by extension 'ignore'
[1.504s] Level 1:colcon.colcon_core.package_identification:_identify(install) ignored
[1.504s] Level 1:colcon.colcon_core.package_identification:_identify(log) by extensions ['ignore', 'ignore_ament_install']
[1.505s] Level 1:colcon.colcon_core.package_identification:_identify(log) by extension 'ignore'
[1.505s] Level 1:colcon.colcon_core.package_identification:_identify(log) ignored
[1.505s] Level 1:colcon.colcon_core.package_identification:_identify(software_intro_task) by extensions ['ignore', 'ignore_ament_install']
[1.505s] Level 1:colcon.colcon_core.package_identification:_identify(software_intro_task) by extension 'ignore'
[1.505s] Level 1:colcon.colcon_core.package_identification:_identify(software_intro_task) by extension 'ignore_ament_install'
[1.505s] Level 1:colcon.colcon_core.package_identification:_identify(software_intro_task) by extensions ['colcon_pkg']
[1.505s] Level 1:colcon.colcon_core.package_identification:_identify(software_intro_task) by extension 'colcon_pkg'
[1.505s] Level 1:colcon.colcon_core.package_identification:_identify(software_intro_task) by extensions ['colcon_meta']
[1.506s] Level 1:colcon.colcon_core.package_identification:_identify(software_intro_task) by extension 'colcon_meta'
[1.506s] Level 1:colcon.colcon_core.package_identification:_identify(software_intro_task) by extensions ['ros']
[1.506s] Level 1:colcon.colcon_core.package_identification:_identify(software_intro_task) by extension 'ros'
[1.506s] Level 1:colcon.colcon_core.package_identification:_identify(software_intro_task) by extensions ['cmake', 'python']
[1.506s] Level 1:colcon.colcon_core.package_identification:_identify(software_intro_task) by extension 'cmake'
[1.506s] Level 1:colcon.colcon_core.package_identification:_identify(software_intro_task) by extension 'python'
[1.506s] Level 1:colcon.colcon_core.package_identification:_identify(software_intro_task) by extensions ['python_setup_py']
[1.506s] Level 1:colcon.colcon_core.package_identification:_identify(software_intro_task) by extension 'python_setup_py'
[1.507s] Level 1:colcon.colcon_core.package_identification:_identify(software_intro_task/teleop_cpp) by extensions ['ignore', 'ignore_ament_install']
[1.507s] Level 1:colcon.colcon_core.package_identification:_identify(software_intro_task/teleop_cpp) by extension 'ignore'
[1.507s] Level 1:colcon.colcon_core.package_identification:_identify(software_intro_task/teleop_cpp) by extension 'ignore_ament_install'
[1.507s] Level 1:colcon.colcon_core.package_identification:_identify(software_intro_task/teleop_cpp) by extensions ['colcon_pkg']
[1.507s] Level 1:colcon.colcon_core.package_identification:_identify(software_intro_task/teleop_cpp) by extension 'colcon_pkg'
[1.507s] Level 1:colcon.colcon_core.package_identification:_identify(software_intro_task/teleop_cpp) by extensions ['colcon_meta']
[1.507s] Level 1:colcon.colcon_core.package_identification:_identify(software_intro_task/teleop_cpp) by extension 'colcon_meta'
[1.507s] Level 1:colcon.colcon_core.package_identification:_identify(software_intro_task/teleop_cpp) by extensions ['ros']
[1.508s] Level 1:colcon.colcon_core.package_identification:_identify(software_intro_task/teleop_cpp) by extension 'ros'
[1.510s] DEBUG:colcon.colcon_core.package_identification:Package 'software_intro_task/teleop_cpp' with type 'ros.ament_cmake' and name 'teleop_cpp'
[1.510s] Level 1:colcon.colcon_core.package_identification:_identify(software_intro_task/teleop_msgs) by extensions ['ignore', 'ignore_ament_install']
[1.510s] Level 1:colcon.colcon_core.package_identification:_identify(software_intro_task/teleop_msgs) by extension 'ignore'
[1.511s] Level 1:colcon.colcon_core.package_identification:_identify(software_intro_task/teleop_msgs) by extension 'ignore_ament_install'
[1.511s] Level 1:colcon.colcon_core.package_identification:_identify(software_intro_task/teleop_msgs) by extensions ['colcon_pkg']
[1.511s] Level 1:colcon.colcon_core.package_identification:_identify(software_intro_task/teleop_msgs) by extension 'colcon_pkg'
[1.511s] Level 1:colcon.colcon_core.package_identification:_identify(software_intro_task/teleop_msgs) by extensions ['colcon_meta']
[1.511s] Level 1:colcon.colcon_core.package_identification:_identify(software_intro_task/teleop_msgs) by extension 'colcon_meta'
[1.511s] Level 1:colcon.colcon_core.package_identification:_identify(software_intro_task/teleop_msgs) by extensions ['ros']
[1.511s] Level 1:colcon.colcon_core.package_identification:_identify(software_intro_task/teleop_msgs) by extension 'ros'
[1.512s] DEBUG:colcon.colcon_core.package_identification:Package 'software_intro_task/teleop_msgs' with type 'ros.ament_cmake' and name 'teleop_msgs'
[1.512s] Level 1:colcon.colcon_core.package_identification:_identify(software_intro_task/teleop_py) by extensions ['ignore', 'ignore_ament_install']
[1.512s] Level 1:colcon.colcon_core.package_identification:_identify(software_intro_task/teleop_py) by extension 'ignore'
[1.512s] Level 1:colcon.colcon_core.package_identification:_identify(software_intro_task/teleop_py) by extension 'ignore_ament_install'
[1.512s] Level 1:colcon.colcon_core.package_identification:_identify(software_intro_task/teleop_py) by extensions ['colcon_pkg']
[1.513s] Level 1:colcon.colcon_core.package_identification:_identify(software_intro_task/teleop_py) by extension 'colcon_pkg'
[1.513s] Level 1:colcon.colcon_core.package_identification:_identify(software_intro_task/teleop_py) by extensions ['colcon_meta']
[1.513s] Level 1:colcon.colcon_core.package_identification:_identify(software_intro_task/teleop_py) by extension 'colcon_meta'
[1.513s] Level 1:colcon.colcon_core.package_identification:_identify(software_intro_task/teleop_py) by extensions ['ros']
[1.513s] Level 1:colcon.colcon_core.package_identification:_identify(software_intro_task/teleop_py) by extension 'ros'
[1.514s] DEBUG:colcon.colcon_core.package_identification:Package 'software_intro_task/teleop_py' with type 'ros.ament_python' and name 'teleop_py'
[1.514s] Level 1:colcon.colcon_core.package_discovery:discover_packages(recursive) using defaults
[1.514s] Level 1:colcon.colcon_core.package_discovery:discover_packages(ignore) discover
[1.514s] Level 1:colcon.colcon_core.package_discovery:discover_packages(ignore) using defaults
[1.514s] Level 1:colcon.colcon_core.package_discovery:discover_packages(path) discover
[1.514s] Level 1:colcon.colcon_core.package_discovery:discover_packages(path) using defaults
[1.595s] INFO:colcon.colcon_core.package_selection:Skipping not selected package 'teleop_cpp' in 'software_intro_task/teleop_cpp'
[1.595s] INFO:colcon.colcon_core.package_selection:Skipping not selected package 'teleop_msgs' in 'software_intro_task/teleop_msgs'
[1.636s] Level 1:colcon.colcon_core.package_discovery:discover_packages(prefix_path) check parameters
[1.636s] Level 1:colcon.colcon_core.package_discovery:discover_packages(prefix_path) discover
[1.661s] WARNING:colcon.colcon_core.prefix_path.colcon:The path '/home/ubuntu/software_intro_task/install' in the environment variable COLCON_PREFIX_PATH doesn't exist
[1.662s] WARNING:colcon.colcon_ros.prefix_path.ament:The path '/home/ubuntu/software_intro_task/install/teleop_py' in the environment variable AMENT_PREFIX_PATH doesn't exist
[1.697s] DEBUG:colcon.colcon_installed_package_information.package_discovery:Found 3 installed packages in /home/ubuntu/software_intro_task_big_dir/install
[1.730s] DEBUG:colcon.colcon_installed_package_information.package_discovery:Found 173 installed packages in /opt/ros/galactic
[1.731s] Level 1:colcon.colcon_core.package_discovery:discover_packages(prefix_path) using defaults
[1.814s] Level 5:colcon.colcon_core.verb:set package 'teleop_py' build argument 'cmake_args' from command line to 'None'
[1.814s] Level 5:colcon.colcon_core.verb:set package 'teleop_py' build argument 'cmake_target' from command line to 'None'
[1.814s] Level 5:colcon.colcon_core.verb:set package 'teleop_py' build argument 'cmake_target_skip_unavailable' from command line to 'False'
[1.814s] Level 5:colcon.colcon_core.verb:set package 'teleop_py' build argument 'cmake_clean_cache' from command line to 'False'
[1.815s] Level 5:colcon.colcon_core.verb:set package 'teleop_py' build argument 'cmake_clean_first' from command line to 'False'
[1.815s] Level 5:colcon.colcon_core.verb:set package 'teleop_py' build argument 'cmake_force_configure' from command line to 'False'
[1.815s] Level 5:colcon.colcon_core.verb:set package 'teleop_py' build argument 'ament_cmake_args' from command line to 'None'
[1.815s] Level 5:colcon.colcon_core.verb:set package 'teleop_py' build argument 'catkin_cmake_args' from command line to 'None'
[1.815s] Level 5:colcon.colcon_core.verb:set package 'teleop_py' build argument 'catkin_skip_building_tests' from command line to 'False'
[1.815s] DEBUG:colcon.colcon_core.verb:Building package 'teleop_py' with the following arguments: {'ament_cmake_args': None, 'build_base': '/home/ubuntu/software_intro_task_big_dir/build/teleop_py', 'catkin_cmake_args': None, 'catkin_skip_building_tests': False, 'cmake_args': None, 'cmake_clean_cache': False, 'cmake_clean_first': False, 'cmake_force_configure': False, 'cmake_target': None, 'cmake_target_skip_unavailable': False, 'install_base': '/home/ubuntu/software_intro_task_big_dir/install/teleop_py', 'merge_install': False, 'path': '/home/ubuntu/software_intro_task_big_dir/software_intro_task/teleop_py', 'symlink_install': False, 'test_result_base': None}
[1.836s] INFO:colcon.colcon_core.executor:Executing jobs using 'parallel' executor
[1.858s] DEBUG:colcon.colcon_parallel_executor.executor.parallel:run_until_complete
[1.859s] INFO:colcon.colcon_ros.task.ament_python.build:Building ROS package in '/home/ubuntu/software_intro_task_big_dir/software_intro_task/teleop_py' with build type 'ament_python'
[1.859s] Level 1:colcon.colcon_core.shell:create_environment_hook('teleop_py', 'ament_prefix_path')
[1.883s] INFO:colcon.colcon_core.plugin_system:Skipping extension 'colcon_core.shell.bat': Not used on non-Windows systems
[1.883s] INFO:colcon.colcon_core.shell:Creating environment hook '/home/ubuntu/software_intro_task_big_dir/install/teleop_py/share/teleop_py/hook/ament_prefix_path.ps1'
[1.884s] INFO:colcon.colcon_core.shell:Creating environment descriptor '/home/ubuntu/software_intro_task_big_dir/install/teleop_py/share/teleop_py/hook/ament_prefix_path.dsv'
[1.885s] INFO:colcon.colcon_core.shell:Creating environment hook '/home/ubuntu/software_intro_task_big_dir/install/teleop_py/share/teleop_py/hook/ament_prefix_path.sh'
[1.911s] INFO:colcon.colcon_core.shell:Skip shell extension 'powershell' for command environment: Not usable outside of PowerShell
[1.911s] DEBUG:colcon.colcon_core.shell:Skip shell extension 'dsv' for command environment
[2.144s] INFO:colcon.colcon_core.task.python.build:Building Python package in '/home/ubuntu/software_intro_task_big_dir/software_intro_task/teleop_py'
[2.167s] INFO:colcon.colcon_core.shell:Skip shell extension 'powershell' for command environment: Not usable outside of PowerShell
[2.167s] DEBUG:colcon.colcon_core.shell:Skip shell extension 'dsv' for command environment
[2.500s] DEBUG:colcon.colcon_core.event_handler.log_command:Invoking command in '/home/ubuntu/software_intro_task_big_dir/software_intro_task/teleop_py': PYTHONPATH=/home/ubuntu/software_intro_task_big_dir/build/teleop_py/prefix_override:/home/ubuntu/software_intro_task_big_dir/install/teleop_py/lib/python3.8/site-packages:${PYTHONPATH} /usr/bin/python3 setup.py egg_info --egg-base ../../build/teleop_py build --build-base /home/ubuntu/software_intro_task_big_dir/build/teleop_py/build install --record /home/ubuntu/software_intro_task_big_dir/build/teleop_py/install.log --single-version-externally-managed
[2.738s] DEBUG:colcon.colcon_core.event_handler.log_command:Invoked command in '/home/ubuntu/software_intro_task_big_dir/software_intro_task/teleop_py' returned '0': PYTHONPATH=/home/ubuntu/software_intro_task_big_dir/build/teleop_py/prefix_override:/home/ubuntu/software_intro_task_big_dir/install/teleop_py/lib/python3.8/site-packages:${PYTHONPATH} /usr/bin/python3 setup.py egg_info --egg-base ../../build/teleop_py build --build-base /home/ubuntu/software_intro_task_big_dir/build/teleop_py/build install --record /home/ubuntu/software_intro_task_big_dir/build/teleop_py/install.log --single-version-externally-managed
[2.762s] Level 1:colcon.colcon_core.environment:checking '/home/ubuntu/software_intro_task_big_dir/install/teleop_py' for CMake module files
[2.762s] Level 1:colcon.colcon_core.environment:checking '/home/ubuntu/software_intro_task_big_dir/install/teleop_py' for CMake config files
[2.763s] Level 1:colcon.colcon_core.environment:checking '/home/ubuntu/software_intro_task_big_dir/install/teleop_py/lib'
[2.763s] Level 1:colcon.colcon_core.environment:checking '/home/ubuntu/software_intro_task_big_dir/install/teleop_py/bin'
[2.763s] Level 1:colcon.colcon_core.environment:checking '/home/ubuntu/software_intro_task_big_dir/install/teleop_py/lib/pkgconfig/teleop_py.pc'
[2.764s] Level 1:colcon.colcon_core.environment:checking '/home/ubuntu/software_intro_task_big_dir/install/teleop_py/lib/python3.8/site-packages'
[2.764s] Level 1:colcon.colcon_core.shell:create_environment_hook('teleop_py', 'pythonpath')
[2.785s] INFO:colcon.colcon_core.shell:Creating environment hook '/home/ubuntu/software_intro_task_big_dir/install/teleop_py/share/teleop_py/hook/pythonpath.ps1'
[2.786s] INFO:colcon.colcon_core.shell:Creating environment descriptor '/home/ubuntu/software_intro_task_big_dir/install/teleop_py/share/teleop_py/hook/pythonpath.dsv'
[2.787s] INFO:colcon.colcon_core.shell:Creating environment hook '/home/ubuntu/software_intro_task_big_dir/install/teleop_py/share/teleop_py/hook/pythonpath.sh'
[2.787s] Level 1:colcon.colcon_core.environment:checking '/home/ubuntu/software_intro_task_big_dir/install/teleop_py/bin'
[2.788s] Level 1:colcon.colcon_core.environment:create_environment_scripts_only(teleop_py)
[2.808s] INFO:colcon.colcon_core.shell:Creating package script '/home/ubuntu/software_intro_task_big_dir/install/teleop_py/share/teleop_py/package.ps1'
[2.809s] INFO:colcon.colcon_core.shell:Creating package descriptor '/home/ubuntu/software_intro_task_big_dir/install/teleop_py/share/teleop_py/package.dsv'
[2.810s] INFO:colcon.colcon_core.shell:Creating package script '/home/ubuntu/software_intro_task_big_dir/install/teleop_py/share/teleop_py/package.sh'
[2.811s] INFO:colcon.colcon_core.shell:Creating package script '/home/ubuntu/software_intro_task_big_dir/install/teleop_py/share/teleop_py/package.bash'
[2.812s] INFO:colcon.colcon_core.shell:Creating package script '/home/ubuntu/software_intro_task_big_dir/install/teleop_py/share/teleop_py/package.zsh'
[2.813s] Level 1:colcon.colcon_core.environment:create_file_with_runtime_dependencies(/home/ubuntu/software_intro_task_big_dir/install/teleop_py/share/colcon-core/packages/teleop_py)
[2.814s] DEBUG:colcon.colcon_parallel_executor.executor.parallel:closing loop
[2.814s] DEBUG:colcon.colcon_parallel_executor.executor.parallel:loop closed
[2.815s] DEBUG:colcon.colcon_parallel_executor.executor.parallel:run_until_complete finished with '0'
[2.815s] DEBUG:colcon.colcon_core.event_reactor:joining thread
[2.845s] INFO:colcon.colcon_core.plugin_system:Skipping extension 'colcon_notification.desktop_notification.notify_send': Could not find 'notify-send'
[2.845s] INFO:colcon.colcon_core.plugin_system:Skipping extension 'colcon_notification.desktop_notification.terminal_notifier': Not used on non-Darwin systems
[2.845s] INFO:colcon.colcon_core.plugin_system:Skipping extension 'colcon_notification.desktop_notification.win32': Not used on non-Windows systems
[2.846s] INFO:colcon.colcon_notification.desktop_notification:Sending desktop notification using 'notify2'
[2.846s] DEBUG:colcon.colcon_notification.desktop_notification.notify2:Failed to initialize notify2: org.freedesktop.DBus.Error.ServiceUnknown: The name org.freedesktop.Notifications was not provided by any .service files
[2.846s] DEBUG:colcon.colcon_core.event_reactor:joined thread
[2.868s] INFO:colcon.colcon_core.shell:Creating prefix script '/home/ubuntu/software_intro_task_big_dir/install/local_setup.ps1'
[2.869s] INFO:colcon.colcon_core.shell:Creating prefix util module '/home/ubuntu/software_intro_task_big_dir/install/_local_setup_util_ps1.py'
[2.871s] INFO:colcon.colcon_core.shell:Creating prefix chain script '/home/ubuntu/software_intro_task_big_dir/install/setup.ps1'
[2.892s] INFO:colcon.colcon_core.shell:Creating prefix script '/home/ubuntu/software_intro_task_big_dir/install/local_setup.sh'
[2.893s] INFO:colcon.colcon_core.shell:Creating prefix util module '/home/ubuntu/software_intro_task_big_dir/install/_local_setup_util_sh.py'
[2.894s] INFO:colcon.colcon_core.shell:Creating prefix chain script '/home/ubuntu/software_intro_task_big_dir/install/setup.sh'
[2.915s] INFO:colcon.colcon_core.shell:Creating prefix script '/home/ubuntu/software_intro_task_big_dir/install/local_setup.bash'
[2.915s] INFO:colcon.colcon_core.shell:Creating prefix chain script '/home/ubuntu/software_intro_task_big_dir/install/setup.bash'
[2.937s] INFO:colcon.colcon_core.shell:Creating prefix script '/home/ubuntu/software_intro_task_big_dir/install/local_setup.zsh'
[2.938s] INFO:colcon.colcon_core.shell:Creating prefix chain script '/home/ubuntu/software_intro_task_big_dir/install/setup.zsh'
