[1.050s] Invoking command in '/home/ubuntu/software_intro_task_big_dir/software_intro_task/teleop_py': PYTHONPATH=/home/ubuntu/software_intro_task_big_dir/build/teleop_py/prefix_override:/home/ubuntu/software_intro_task_big_dir/install/teleop_py/lib/python3.8/site-packages:${PYTHONPATH} /usr/bin/python3 setup.py egg_info --egg-base ../../build/teleop_py build --build-base /home/ubuntu/software_intro_task_big_dir/build/teleop_py/build install --record /home/ubuntu/software_intro_task_big_dir/build/teleop_py/install.log --single-version-externally-managed
[1.306s] running egg_info
[1.308s] writing ../../build/teleop_py/teleop_py.egg-info/PKG-INFO
[1.310s] writing dependency_links to ../../build/teleop_py/teleop_py.egg-info/dependency_links.txt
[1.311s] writing entry points to ../../build/teleop_py/teleop_py.egg-info/entry_points.txt
[1.312s] writing requirements to ../../build/teleop_py/teleop_py.egg-info/requires.txt
[1.314s] writing top-level names to ../../build/teleop_py/teleop_py.egg-info/top_level.txt
[1.357s] reading manifest file '../../build/teleop_py/teleop_py.egg-info/SOURCES.txt'
[1.358s] writing manifest file '../../build/teleop_py/teleop_py.egg-info/SOURCES.txt'
[1.359s] running build
[1.360s] running build_py
[1.361s] running install
[1.362s] running install_lib
[1.364s] running install_data
[1.366s] running install_egg_info
[1.369s] removing '/home/ubuntu/software_intro_task_big_dir/install/teleop_py/lib/python3.8/site-packages/teleop_py-1.0.0-py3.8.egg-info' (and everything under it)
[1.377s] Copying ../../build/teleop_py/teleop_py.egg-info to /home/ubuntu/software_intro_task_big_dir/install/teleop_py/lib/python3.8/site-packages/teleop_py-1.0.0-py3.8.egg-info
[1.380s] running install_scripts
[1.401s] Installing teleop_py_node_exe script to /home/ubuntu/software_intro_task_big_dir/install/teleop_py/lib/teleop_py
[1.403s] writing list of installed files to '/home/ubuntu/software_intro_task_big_dir/build/teleop_py/install.log'
[1.433s] Invoked command in '/home/ubuntu/software_intro_task_big_dir/software_intro_task/teleop_py' returned '0': PYTHONPATH=/home/ubuntu/software_intro_task_big_dir/build/teleop_py/prefix_override:/home/ubuntu/software_intro_task_big_dir/install/teleop_py/lib/python3.8/site-packages:${PYTHONPATH} /usr/bin/python3 setup.py egg_info --egg-base ../../build/teleop_py build --build-base /home/ubuntu/software_intro_task_big_dir/build/teleop_py/build install --record /home/ubuntu/software_intro_task_big_dir/build/teleop_py/install.log --single-version-externally-managed
