[0.577s] Invoking command in '/home/tritonai/Documents/software_intro_task/software_intro_task_big_dir/software_intro_task_dir/teleop_py': AMENT_PREFIX_PATH=/home/tritonai/Documents/software_intro_task/software_intro_task_big_dir/install/teleop_msgs:${AMENT_PREFIX_PATH} CMAKE_PREFIX_PATH=/home/tritonai/Documents/software_intro_task/software_intro_task_big_dir/install/teleop_msgs:/opt/cmake-install LD_LIBRARY_PATH=/home/tritonai/Documents/software_intro_task/software_intro_task_big_dir/install/teleop_msgs/lib:${LD_LIBRARY_PATH} PYTHONPATH=/home/tritonai/Documents/software_intro_task/software_intro_task_big_dir/build/teleop_py/prefix_override:/home/tritonai/Documents/software_intro_task/software_intro_task_big_dir/install/teleop_py/lib/python3.8/site-packages:/home/tritonai/Documents/software_intro_task/software_intro_task_big_dir/install/teleop_msgs/lib/python3.8/site-packages:${PYTHONPATH} /usr/bin/python3 setup.py egg_info --egg-base ../../build/teleop_py build --build-base /home/tritonai/Documents/software_intro_task/software_intro_task_big_dir/build/teleop_py/build install --record /home/tritonai/Documents/software_intro_task/software_intro_task_big_dir/build/teleop_py/install.log --single-version-externally-managed
[0.778s] running egg_info
[0.778s] creating ../../build/teleop_py/teleop_py.egg-info
[0.778s] writing ../../build/teleop_py/teleop_py.egg-info/PKG-INFO
[0.778s] writing dependency_links to ../../build/teleop_py/teleop_py.egg-info/dependency_links.txt
[0.778s] writing entry points to ../../build/teleop_py/teleop_py.egg-info/entry_points.txt
[0.779s] writing requirements to ../../build/teleop_py/teleop_py.egg-info/requires.txt
[0.779s] writing top-level names to ../../build/teleop_py/teleop_py.egg-info/top_level.txt
[0.780s] writing manifest file '../../build/teleop_py/teleop_py.egg-info/SOURCES.txt'
[0.809s] reading manifest file '../../build/teleop_py/teleop_py.egg-info/SOURCES.txt'
[0.810s] writing manifest file '../../build/teleop_py/teleop_py.egg-info/SOURCES.txt'
[0.810s] running build
[0.810s] running build_py
[0.810s] creating /home/tritonai/Documents/software_intro_task/software_intro_task_big_dir/build/teleop_py/build
[0.810s] creating /home/tritonai/Documents/software_intro_task/software_intro_task_big_dir/build/teleop_py/build/lib
[0.810s] creating /home/tritonai/Documents/software_intro_task/software_intro_task_big_dir/build/teleop_py/build/lib/teleop_py
[0.810s] copying teleop_py/teleop_py_node.py -> /home/tritonai/Documents/software_intro_task/software_intro_task_big_dir/build/teleop_py/build/lib/teleop_py
[0.810s] copying teleop_py/teleop_py.py -> /home/tritonai/Documents/software_intro_task/software_intro_task_big_dir/build/teleop_py/build/lib/teleop_py
[0.810s] copying teleop_py/sevice_member_function.py -> /home/tritonai/Documents/software_intro_task/software_intro_task_big_dir/build/teleop_py/build/lib/teleop_py
[0.810s] copying teleop_py/__init__.py -> /home/tritonai/Documents/software_intro_task/software_intro_task_big_dir/build/teleop_py/build/lib/teleop_py
[0.811s] running install
[0.811s] running install_lib
[0.812s] creating /home/tritonai/Documents/software_intro_task/software_intro_task_big_dir/install/teleop_py/lib/python3.8/site-packages/teleop_py
[0.812s] copying /home/tritonai/Documents/software_intro_task/software_intro_task_big_dir/build/teleop_py/build/lib/teleop_py/teleop_py_node.py -> /home/tritonai/Documents/software_intro_task/software_intro_task_big_dir/install/teleop_py/lib/python3.8/site-packages/teleop_py
[0.812s] copying /home/tritonai/Documents/software_intro_task/software_intro_task_big_dir/build/teleop_py/build/lib/teleop_py/teleop_py.py -> /home/tritonai/Documents/software_intro_task/software_intro_task_big_dir/install/teleop_py/lib/python3.8/site-packages/teleop_py
[0.812s] copying /home/tritonai/Documents/software_intro_task/software_intro_task_big_dir/build/teleop_py/build/lib/teleop_py/sevice_member_function.py -> /home/tritonai/Documents/software_intro_task/software_intro_task_big_dir/install/teleop_py/lib/python3.8/site-packages/teleop_py
[0.812s] copying /home/tritonai/Documents/software_intro_task/software_intro_task_big_dir/build/teleop_py/build/lib/teleop_py/__init__.py -> /home/tritonai/Documents/software_intro_task/software_intro_task_big_dir/install/teleop_py/lib/python3.8/site-packages/teleop_py
[0.812s] byte-compiling /home/tritonai/Documents/software_intro_task/software_intro_task_big_dir/install/teleop_py/lib/python3.8/site-packages/teleop_py/teleop_py_node.py to teleop_py_node.cpython-38.pyc
[0.814s] byte-compiling /home/tritonai/Documents/software_intro_task/software_intro_task_big_dir/install/teleop_py/lib/python3.8/site-packages/teleop_py/teleop_py.py to teleop_py.cpython-38.pyc
[0.814s] byte-compiling /home/tritonai/Documents/software_intro_task/software_intro_task_big_dir/install/teleop_py/lib/python3.8/site-packages/teleop_py/sevice_member_function.py to sevice_member_function.cpython-38.pyc
[0.814s] byte-compiling /home/tritonai/Documents/software_intro_task/software_intro_task_big_dir/install/teleop_py/lib/python3.8/site-packages/teleop_py/__init__.py to __init__.cpython-38.pyc
[0.814s] running install_data
[0.814s] creating /home/tritonai/Documents/software_intro_task/software_intro_task_big_dir/install/teleop_py/share/ament_index
[0.815s] creating /home/tritonai/Documents/software_intro_task/software_intro_task_big_dir/install/teleop_py/share/ament_index/resource_index
[0.815s] creating /home/tritonai/Documents/software_intro_task/software_intro_task_big_dir/install/teleop_py/share/ament_index/resource_index/packages
[0.815s] copying resource/teleop_py -> /home/tritonai/Documents/software_intro_task/software_intro_task_big_dir/install/teleop_py/share/ament_index/resource_index/packages
[0.815s] copying package.xml -> /home/tritonai/Documents/software_intro_task/software_intro_task_big_dir/install/teleop_py/share/teleop_py
[0.815s] creating /home/tritonai/Documents/software_intro_task/software_intro_task_big_dir/install/teleop_py/share/teleop_py/launch
[0.815s] copying launch/teleop_py.launch.py -> /home/tritonai/Documents/software_intro_task/software_intro_task_big_dir/install/teleop_py/share/teleop_py/launch
[0.815s] creating /home/tritonai/Documents/software_intro_task/software_intro_task_big_dir/install/teleop_py/share/teleop_py/param
[0.815s] copying param/teleop_py.yaml -> /home/tritonai/Documents/software_intro_task/software_intro_task_big_dir/install/teleop_py/share/teleop_py/param
[0.815s] running install_egg_info
[0.816s] Copying ../../build/teleop_py/teleop_py.egg-info to /home/tritonai/Documents/software_intro_task/software_intro_task_big_dir/install/teleop_py/lib/python3.8/site-packages/teleop_py-1.0.0-py3.8.egg-info
[0.817s] running install_scripts
[0.831s] Installing service script to /home/tritonai/Documents/software_intro_task/software_intro_task_big_dir/install/teleop_py/lib/teleop_py
[0.831s] Installing teleop_py_node_exe script to /home/tritonai/Documents/software_intro_task/software_intro_task_big_dir/install/teleop_py/lib/teleop_py
[0.831s] writing list of installed files to '/home/tritonai/Documents/software_intro_task/software_intro_task_big_dir/build/teleop_py/install.log'
[0.845s] Invoked command in '/home/tritonai/Documents/software_intro_task/software_intro_task_big_dir/software_intro_task_dir/teleop_py' returned '0': AMENT_PREFIX_PATH=/home/tritonai/Documents/software_intro_task/software_intro_task_big_dir/install/teleop_msgs:${AMENT_PREFIX_PATH} CMAKE_PREFIX_PATH=/home/tritonai/Documents/software_intro_task/software_intro_task_big_dir/install/teleop_msgs:/opt/cmake-install LD_LIBRARY_PATH=/home/tritonai/Documents/software_intro_task/software_intro_task_big_dir/install/teleop_msgs/lib:${LD_LIBRARY_PATH} PYTHONPATH=/home/tritonai/Documents/software_intro_task/software_intro_task_big_dir/build/teleop_py/prefix_override:/home/tritonai/Documents/software_intro_task/software_intro_task_big_dir/install/teleop_py/lib/python3.8/site-packages:/home/tritonai/Documents/software_intro_task/software_intro_task_big_dir/install/teleop_msgs/lib/python3.8/site-packages:${PYTHONPATH} /usr/bin/python3 setup.py egg_info --egg-base ../../build/teleop_py build --build-base /home/tritonai/Documents/software_intro_task/software_intro_task_big_dir/build/teleop_py/build install --record /home/tritonai/Documents/software_intro_task/software_intro_task_big_dir/build/teleop_py/install.log --single-version-externally-managed
