[0.652s] Invoking command in '/home/ubuntu/software_intro_task_big_dir/software_intro_task/teleop_py': PYTHONPATH=/home/ubuntu/software_intro_task_big_dir/build/teleop_py/prefix_override:/home/ubuntu/software_intro_task_big_dir/install/teleop_py/lib/python3.8/site-packages:${PYTHONPATH} /usr/bin/python3 setup.py egg_info --egg-base ../../build/teleop_py build --build-base /home/ubuntu/software_intro_task_big_dir/build/teleop_py/build install --record /home/ubuntu/software_intro_task_big_dir/build/teleop_py/install.log --single-version-externally-managed
[0.802s] running egg_info
[0.803s] writing ../../build/teleop_py/teleop_py.egg-info/PKG-INFO
[0.804s] writing dependency_links to ../../build/teleop_py/teleop_py.egg-info/dependency_links.txt
[0.805s] writing entry points to ../../build/teleop_py/teleop_py.egg-info/entry_points.txt
[0.806s] writing requirements to ../../build/teleop_py/teleop_py.egg-info/requires.txt
[0.808s] writing top-level names to ../../build/teleop_py/teleop_py.egg-info/top_level.txt
[0.838s] reading manifest file '../../build/teleop_py/teleop_py.egg-info/SOURCES.txt'
[0.839s] writing manifest file '../../build/teleop_py/teleop_py.egg-info/SOURCES.txt'
[0.840s] running build
[0.841s] running build_py
[0.841s] copying teleop_py/teleop_py_node.py -> /home/ubuntu/software_intro_task_big_dir/build/teleop_py/build/lib/teleop_py
[0.842s] running install
[0.844s] running install_lib
[0.846s] copying /home/ubuntu/software_intro_task_big_dir/build/teleop_py/build/lib/teleop_py/teleop_py_node.py -> /home/ubuntu/software_intro_task_big_dir/install/teleop_py/lib/python3.8/site-packages/teleop_py
[0.847s] byte-compiling /home/ubuntu/software_intro_task_big_dir/install/teleop_py/lib/python3.8/site-packages/teleop_py/teleop_py_node.py to teleop_py_node.cpython-38.pyc
[0.850s] running install_data
[0.851s] running install_egg_info
[0.852s] removing '/home/ubuntu/software_intro_task_big_dir/install/teleop_py/lib/python3.8/site-packages/teleop_py-1.0.0-py3.8.egg-info' (and everything under it)
[0.863s] Copying ../../build/teleop_py/teleop_py.egg-info to /home/ubuntu/software_intro_task_big_dir/install/teleop_py/lib/python3.8/site-packages/teleop_py-1.0.0-py3.8.egg-info
[0.863s] running install_scripts
[0.879s] Installing teleop_py_node_exe script to /home/ubuntu/software_intro_task_big_dir/install/teleop_py/lib/teleop_py
[0.881s] writing list of installed files to '/home/ubuntu/software_intro_task_big_dir/build/teleop_py/install.log'
[0.899s] Invoked command in '/home/ubuntu/software_intro_task_big_dir/software_intro_task/teleop_py' returned '0': PYTHONPATH=/home/ubuntu/software_intro_task_big_dir/build/teleop_py/prefix_override:/home/ubuntu/software_intro_task_big_dir/install/teleop_py/lib/python3.8/site-packages:${PYTHONPATH} /usr/bin/python3 setup.py egg_info --egg-base ../../build/teleop_py build --build-base /home/ubuntu/software_intro_task_big_dir/build/teleop_py/build install --record /home/ubuntu/software_intro_task_big_dir/build/teleop_py/install.log --single-version-externally-managed
