[1.298s] DEBUG:colcon:Command line arguments: ['/usr/bin/colcon', 'build', '--packages-select', 'teleop_msgs']
[1.299s] DEBUG:colcon:Parsed command line arguments: Namespace(allow_overriding=[], ament_cmake_args=None, base_paths=['.'], build_base='build', catkin_cmake_args=None, catkin_skip_building_tests=False, cmake_args=None, cmake_clean_cache=False, cmake_clean_first=False, cmake_force_configure=False, cmake_target=None, cmake_target_skip_unavailable=False, continue_on_error=False, event_handlers=None, executor='parallel', ignore_user_meta=False, install_base='install', log_base=None, log_level=None, main=<bound method BuildVerb.main of <colcon_core.verb.build.BuildVerb object at 0xffff93d56e80>>, merge_install=False, metas=['./colcon.meta'], packages_above=None, packages_above_and_dependencies=None, packages_above_depth=None, packages_end=None, packages_ignore=None, packages_ignore_regex=None, packages_select=['teleop_msgs'], packages_select_build_failed=False, packages_select_by_dep=None, packages_select_regex=None, packages_select_test_failures=False, packages_skip=None, packages_skip_build_finished=False, packages_skip_by_dep=None, packages_skip_regex=None, packages_skip_test_passed=False, packages_skip_up_to=None, packages_start=None, packages_up_to=None, packages_up_to_regex=None, parallel_workers=1, paths=None, symlink_install=False, test_result_base=None, verb_extension=<colcon_core.verb.build.BuildVerb object at 0xffff93d56e80>, verb_name='build', verb_parser=<colcon_defaults.argument_parser.defaults.DefaultArgumentsDecorator object at 0xffff9389e5b0>)
[1.357s] Level 1:colcon.colcon_core.package_discovery:discover_packages(colcon_meta) check parameters
[1.357s] Level 1:colcon.colcon_core.package_discovery:discover_packages(recursive) check parameters
[1.357s] Level 1:colcon.colcon_core.package_discovery:discover_packages(ignore) check parameters
[1.357s] Level 1:colcon.colcon_core.package_discovery:discover_packages(path) check parameters
[1.357s] Level 1:colcon.colcon_core.package_discovery:discover_packages(colcon_meta) discover
[1.357s] Level 1:colcon.colcon_core.package_discovery:discover_packages(recursive) discover
[1.358s] INFO:colcon.colcon_core.package_discovery:Crawling recursively for packages in '/home/ubuntu/software_intro_task_big_dir'
[1.358s] Level 1:colcon.colcon_core.package_identification:_identify(.) by extensions ['ignore', 'ignore_ament_install']
[1.358s] Level 1:colcon.colcon_core.package_identification:_identify(.) by extension 'ignore'
[1.358s] Level 1:colcon.colcon_core.package_identification:_identify(.) by extension 'ignore_ament_install'
[1.358s] Level 1:colcon.colcon_core.package_identification:_identify(.) by extensions ['colcon_pkg']
[1.358s] Level 1:colcon.colcon_core.package_identification:_identify(.) by extension 'colcon_pkg'
[1.358s] Level 1:colcon.colcon_core.package_identification:_identify(.) by extensions ['colcon_meta']
[1.359s] Level 1:colcon.colcon_core.package_identification:_identify(.) by extension 'colcon_meta'
[1.359s] Level 1:colcon.colcon_core.package_identification:_identify(.) by extensions ['ros']
[1.359s] Level 1:colcon.colcon_core.package_identification:_identify(.) by extension 'ros'
[1.369s] Level 1:colcon.colcon_core.package_identification:_identify(.) by extensions ['cmake', 'python']
[1.369s] Level 1:colcon.colcon_core.package_identification:_identify(.) by extension 'cmake'
[1.370s] Level 1:colcon.colcon_core.package_identification:_identify(.) by extension 'python'
[1.370s] Level 1:colcon.colcon_core.package_identification:_identify(.) by extensions ['python_setup_py']
[1.370s] Level 1:colcon.colcon_core.package_identification:_identify(.) by extension 'python_setup_py'
[1.370s] Level 1:colcon.colcon_core.package_identification:_identify(build) by extensions ['ignore', 'ignore_ament_install']
[1.370s] Level 1:colcon.colcon_core.package_identification:_identify(build) by extension 'ignore'
[1.370s] Level 1:colcon.colcon_core.package_identification:_identify(build) ignored
[1.370s] Level 1:colcon.colcon_core.package_identification:_identify(install) by extensions ['ignore', 'ignore_ament_install']
[1.371s] Level 1:colcon.colcon_core.package_identification:_identify(install) by extension 'ignore'
[1.371s] Level 1:colcon.colcon_core.package_identification:_identify(install) ignored
[1.371s] Level 1:colcon.colcon_core.package_identification:_identify(log) by extensions ['ignore', 'ignore_ament_install']
[1.371s] Level 1:colcon.colcon_core.package_identification:_identify(log) by extension 'ignore'
[1.371s] Level 1:colcon.colcon_core.package_identification:_identify(log) ignored
[1.371s] Level 1:colcon.colcon_core.package_identification:_identify(software_intro_task) by extensions ['ignore', 'ignore_ament_install']
[1.371s] Level 1:colcon.colcon_core.package_identification:_identify(software_intro_task) by extension 'ignore'
[1.372s] Level 1:colcon.colcon_core.package_identification:_identify(software_intro_task) by extension 'ignore_ament_install'
[1.372s] Level 1:colcon.colcon_core.package_identification:_identify(software_intro_task) by extensions ['colcon_pkg']
[1.372s] Level 1:colcon.colcon_core.package_identification:_identify(software_intro_task) by extension 'colcon_pkg'
[1.372s] Level 1:colcon.colcon_core.package_identification:_identify(software_intro_task) by extensions ['colcon_meta']
[1.372s] Level 1:colcon.colcon_core.package_identification:_identify(software_intro_task) by extension 'colcon_meta'
[1.372s] Level 1:colcon.colcon_core.package_identification:_identify(software_intro_task) by extensions ['ros']
[1.372s] Level 1:colcon.colcon_core.package_identification:_identify(software_intro_task) by extension 'ros'
[1.372s] Level 1:colcon.colcon_core.package_identification:_identify(software_intro_task) by extensions ['cmake', 'python']
[1.373s] Level 1:colcon.colcon_core.package_identification:_identify(software_intro_task) by extension 'cmake'
[1.373s] Level 1:colcon.colcon_core.package_identification:_identify(software_intro_task) by extension 'python'
[1.373s] Level 1:colcon.colcon_core.package_identification:_identify(software_intro_task) by extensions ['python_setup_py']
[1.373s] Level 1:colcon.colcon_core.package_identification:_identify(software_intro_task) by extension 'python_setup_py'
[1.373s] Level 1:colcon.colcon_core.package_identification:_identify(software_intro_task/teleop_cpp) by extensions ['ignore', 'ignore_ament_install']
[1.373s] Level 1:colcon.colcon_core.package_identification:_identify(software_intro_task/teleop_cpp) by extension 'ignore'
[1.373s] Level 1:colcon.colcon_core.package_identification:_identify(software_intro_task/teleop_cpp) by extension 'ignore_ament_install'
[1.373s] Level 1:colcon.colcon_core.package_identification:_identify(software_intro_task/teleop_cpp) by extensions ['colcon_pkg']
[1.374s] Level 1:colcon.colcon_core.package_identification:_identify(software_intro_task/teleop_cpp) by extension 'colcon_pkg'
[1.374s] Level 1:colcon.colcon_core.package_identification:_identify(software_intro_task/teleop_cpp) by extensions ['colcon_meta']
[1.374s] Level 1:colcon.colcon_core.package_identification:_identify(software_intro_task/teleop_cpp) by extension 'colcon_meta'
[1.374s] Level 1:colcon.colcon_core.package_identification:_identify(software_intro_task/teleop_cpp) by extensions ['ros']
[1.374s] Level 1:colcon.colcon_core.package_identification:_identify(software_intro_task/teleop_cpp) by extension 'ros'
[1.376s] DEBUG:colcon.colcon_core.package_identification:Package 'software_intro_task/teleop_cpp' with type 'ros.ament_cmake' and name 'teleop_cpp'
[1.377s] Level 1:colcon.colcon_core.package_identification:_identify(software_intro_task/teleop_msgs) by extensions ['ignore', 'ignore_ament_install']
[1.377s] Level 1:colcon.colcon_core.package_identification:_identify(software_intro_task/teleop_msgs) by extension 'ignore'
[1.377s] Level 1:colcon.colcon_core.package_identification:_identify(software_intro_task/teleop_msgs) by extension 'ignore_ament_install'
[1.377s] Level 1:colcon.colcon_core.package_identification:_identify(software_intro_task/teleop_msgs) by extensions ['colcon_pkg']
[1.377s] Level 1:colcon.colcon_core.package_identification:_identify(software_intro_task/teleop_msgs) by extension 'colcon_pkg'
[1.377s] Level 1:colcon.colcon_core.package_identification:_identify(software_intro_task/teleop_msgs) by extensions ['colcon_meta']
[1.377s] Level 1:colcon.colcon_core.package_identification:_identify(software_intro_task/teleop_msgs) by extension 'colcon_meta'
[1.378s] Level 1:colcon.colcon_core.package_identification:_identify(software_intro_task/teleop_msgs) by extensions ['ros']
[1.378s] Level 1:colcon.colcon_core.package_identification:_identify(software_intro_task/teleop_msgs) by extension 'ros'
[1.378s] DEBUG:colcon.colcon_core.package_identification:Package 'software_intro_task/teleop_msgs' with type 'ros.ament_cmake' and name 'teleop_msgs'
[1.379s] Level 1:colcon.colcon_core.package_identification:_identify(software_intro_task/teleop_py) by extensions ['ignore', 'ignore_ament_install']
[1.379s] Level 1:colcon.colcon_core.package_identification:_identify(software_intro_task/teleop_py) by extension 'ignore'
[1.379s] Level 1:colcon.colcon_core.package_identification:_identify(software_intro_task/teleop_py) by extension 'ignore_ament_install'
[1.379s] Level 1:colcon.colcon_core.package_identification:_identify(software_intro_task/teleop_py) by extensions ['colcon_pkg']
[1.379s] Level 1:colcon.colcon_core.package_identification:_identify(software_intro_task/teleop_py) by extension 'colcon_pkg'
[1.379s] Level 1:colcon.colcon_core.package_identification:_identify(software_intro_task/teleop_py) by extensions ['colcon_meta']
[1.379s] Level 1:colcon.colcon_core.package_identification:_identify(software_intro_task/teleop_py) by extension 'colcon_meta'
[1.379s] Level 1:colcon.colcon_core.package_identification:_identify(software_intro_task/teleop_py) by extensions ['ros']
[1.380s] Level 1:colcon.colcon_core.package_identification:_identify(software_intro_task/teleop_py) by extension 'ros'
[1.380s] DEBUG:colcon.colcon_core.package_identification:Package 'software_intro_task/teleop_py' with type 'ros.ament_python' and name 'teleop_py'
[1.380s] Level 1:colcon.colcon_core.package_discovery:discover_packages(recursive) using defaults
[1.380s] Level 1:colcon.colcon_core.package_discovery:discover_packages(ignore) discover
[1.381s] Level 1:colcon.colcon_core.package_discovery:discover_packages(ignore) using defaults
[1.381s] Level 1:colcon.colcon_core.package_discovery:discover_packages(path) discover
[1.381s] Level 1:colcon.colcon_core.package_discovery:discover_packages(path) using defaults
[1.467s] INFO:colcon.colcon_core.package_selection:Skipping not selected package 'teleop_cpp' in 'software_intro_task/teleop_cpp'
[1.467s] INFO:colcon.colcon_core.package_selection:Skipping not selected package 'teleop_py' in 'software_intro_task/teleop_py'
[1.509s] Level 1:colcon.colcon_core.package_discovery:discover_packages(prefix_path) check parameters
[1.510s] Level 1:colcon.colcon_core.package_discovery:discover_packages(prefix_path) discover
[1.531s] WARNING:colcon.colcon_core.prefix_path.colcon:The path '/home/ubuntu/software_intro_task/install' in the environment variable COLCON_PREFIX_PATH doesn't exist
[1.532s] WARNING:colcon.colcon_ros.prefix_path.ament:The path '/home/ubuntu/software_intro_task/install/teleop_py' in the environment variable AMENT_PREFIX_PATH doesn't exist
[1.553s] DEBUG:colcon.colcon_installed_package_information.package_discovery:Found 3 installed packages in /home/ubuntu/software_intro_task_big_dir/install
[1.579s] DEBUG:colcon.colcon_installed_package_information.package_discovery:Found 173 installed packages in /opt/ros/galactic
[1.580s] Level 1:colcon.colcon_core.package_discovery:discover_packages(prefix_path) using defaults
[1.661s] Level 5:colcon.colcon_core.verb:set package 'teleop_msgs' build argument 'cmake_args' from command line to 'None'
[1.661s] Level 5:colcon.colcon_core.verb:set package 'teleop_msgs' build argument 'cmake_target' from command line to 'None'
[1.662s] Level 5:colcon.colcon_core.verb:set package 'teleop_msgs' build argument 'cmake_target_skip_unavailable' from command line to 'False'
[1.662s] Level 5:colcon.colcon_core.verb:set package 'teleop_msgs' build argument 'cmake_clean_cache' from command line to 'False'
[1.662s] Level 5:colcon.colcon_core.verb:set package 'teleop_msgs' build argument 'cmake_clean_first' from command line to 'False'
[1.662s] Level 5:colcon.colcon_core.verb:set package 'teleop_msgs' build argument 'cmake_force_configure' from command line to 'False'
[1.662s] Level 5:colcon.colcon_core.verb:set package 'teleop_msgs' build argument 'ament_cmake_args' from command line to 'None'
[1.662s] Level 5:colcon.colcon_core.verb:set package 'teleop_msgs' build argument 'catkin_cmake_args' from command line to 'None'
[1.662s] Level 5:colcon.colcon_core.verb:set package 'teleop_msgs' build argument 'catkin_skip_building_tests' from command line to 'False'
[1.662s] DEBUG:colcon.colcon_core.verb:Building package 'teleop_msgs' with the following arguments: {'ament_cmake_args': None, 'build_base': '/home/ubuntu/software_intro_task_big_dir/build/teleop_msgs', 'catkin_cmake_args': None, 'catkin_skip_building_tests': False, 'cmake_args': None, 'cmake_clean_cache': False, 'cmake_clean_first': False, 'cmake_force_configure': False, 'cmake_target': None, 'cmake_target_skip_unavailable': False, 'install_base': '/home/ubuntu/software_intro_task_big_dir/install/teleop_msgs', 'merge_install': False, 'path': '/home/ubuntu/software_intro_task_big_dir/software_intro_task/teleop_msgs', 'symlink_install': False, 'test_result_base': None}
[1.682s] INFO:colcon.colcon_core.executor:Executing jobs using 'parallel' executor
[1.703s] DEBUG:colcon.colcon_parallel_executor.executor.parallel:run_until_complete
[1.703s] INFO:colcon.colcon_ros.task.ament_cmake.build:Building ROS package in '/home/ubuntu/software_intro_task_big_dir/software_intro_task/teleop_msgs' with build type 'ament_cmake'
[1.703s] INFO:colcon.colcon_cmake.task.cmake.build:Building CMake package in '/home/ubuntu/software_intro_task_big_dir/software_intro_task/teleop_msgs'
[1.729s] INFO:colcon.colcon_core.plugin_system:Skipping extension 'colcon_core.shell.bat': Not used on non-Windows systems
[1.729s] INFO:colcon.colcon_core.shell:Skip shell extension 'powershell' for command environment: Not usable outside of PowerShell
[1.729s] DEBUG:colcon.colcon_core.shell:Skip shell extension 'dsv' for command environment
[1.824s] DEBUG:colcon.colcon_core.event_handler.log_command:Invoking command in '/home/ubuntu/software_intro_task_big_dir/build/teleop_msgs': CMAKE_PREFIX_PATH=${CMAKE_PREFIX_PATH}:/home/ubuntu/software_intro_task_big_dir/install/teleop_py:/home/ubuntu/software_intro_task/install/teleop_py:/opt/ros/galactic /usr/bin/cmake --build /home/ubuntu/software_intro_task_big_dir/build/teleop_msgs -- -j1 -l1
[2.086s] DEBUG:colcon.colcon_core.event_handler.log_command:Invoked command in '/home/ubuntu/software_intro_task_big_dir/build/teleop_msgs' returned '0': CMAKE_PREFIX_PATH=${CMAKE_PREFIX_PATH}:/home/ubuntu/software_intro_task_big_dir/install/teleop_py:/home/ubuntu/software_intro_task/install/teleop_py:/opt/ros/galactic /usr/bin/cmake --build /home/ubuntu/software_intro_task_big_dir/build/teleop_msgs -- -j1 -l1
[2.137s] DEBUG:colcon.colcon_core.event_handler.log_command:Invoking command in '/home/ubuntu/software_intro_task_big_dir/build/teleop_msgs': CMAKE_PREFIX_PATH=${CMAKE_PREFIX_PATH}:/home/ubuntu/software_intro_task_big_dir/install/teleop_py:/home/ubuntu/software_intro_task/install/teleop_py:/opt/ros/galactic /usr/bin/cmake --install /home/ubuntu/software_intro_task_big_dir/build/teleop_msgs
[2.219s] Level 1:colcon.colcon_core.environment:create_environment_scripts_only(teleop_msgs)
[2.222s] DEBUG:colcon.colcon_core.event_handler.log_command:Invoked command in '/home/ubuntu/software_intro_task_big_dir/build/teleop_msgs' returned '0': CMAKE_PREFIX_PATH=${CMAKE_PREFIX_PATH}:/home/ubuntu/software_intro_task_big_dir/install/teleop_py:/home/ubuntu/software_intro_task/install/teleop_py:/opt/ros/galactic /usr/bin/cmake --install /home/ubuntu/software_intro_task_big_dir/build/teleop_msgs
[2.258s] Level 1:colcon.colcon_core.environment:checking '/home/ubuntu/software_intro_task_big_dir/install/teleop_msgs' for CMake module files
[2.259s] Level 1:colcon.colcon_core.environment:checking '/home/ubuntu/software_intro_task_big_dir/install/teleop_msgs' for CMake config files
[2.259s] Level 1:colcon.colcon_core.shell:create_environment_hook('teleop_msgs', 'cmake_prefix_path')
[2.282s] INFO:colcon.colcon_core.shell:Creating environment hook '/home/ubuntu/software_intro_task_big_dir/install/teleop_msgs/share/teleop_msgs/hook/cmake_prefix_path.ps1'
[2.284s] INFO:colcon.colcon_core.shell:Creating environment descriptor '/home/ubuntu/software_intro_task_big_dir/install/teleop_msgs/share/teleop_msgs/hook/cmake_prefix_path.dsv'
[2.285s] INFO:colcon.colcon_core.shell:Creating environment hook '/home/ubuntu/software_intro_task_big_dir/install/teleop_msgs/share/teleop_msgs/hook/cmake_prefix_path.sh'
[2.286s] Level 1:colcon.colcon_core.environment:checking '/home/ubuntu/software_intro_task_big_dir/install/teleop_msgs/lib'
[2.286s] Level 1:colcon.colcon_core.shell:create_environment_hook('teleop_msgs', 'ld_library_path_lib')
[2.309s] INFO:colcon.colcon_core.shell:Creating environment hook '/home/ubuntu/software_intro_task_big_dir/install/teleop_msgs/share/teleop_msgs/hook/ld_library_path_lib.ps1'
[2.310s] INFO:colcon.colcon_core.shell:Creating environment descriptor '/home/ubuntu/software_intro_task_big_dir/install/teleop_msgs/share/teleop_msgs/hook/ld_library_path_lib.dsv'
[2.311s] INFO:colcon.colcon_core.shell:Creating environment hook '/home/ubuntu/software_intro_task_big_dir/install/teleop_msgs/share/teleop_msgs/hook/ld_library_path_lib.sh'
[2.312s] Level 1:colcon.colcon_core.environment:checking '/home/ubuntu/software_intro_task_big_dir/install/teleop_msgs/bin'
[2.313s] Level 1:colcon.colcon_core.environment:checking '/home/ubuntu/software_intro_task_big_dir/install/teleop_msgs/lib/pkgconfig/teleop_msgs.pc'
[2.313s] Level 1:colcon.colcon_core.environment:checking '/home/ubuntu/software_intro_task_big_dir/install/teleop_msgs/lib/python3.8/site-packages'
[2.313s] Level 1:colcon.colcon_core.shell:create_environment_hook('teleop_msgs', 'pythonpath')
[2.337s] INFO:colcon.colcon_core.shell:Creating environment hook '/home/ubuntu/software_intro_task_big_dir/install/teleop_msgs/share/teleop_msgs/hook/pythonpath.ps1'
[2.338s] INFO:colcon.colcon_core.shell:Creating environment descriptor '/home/ubuntu/software_intro_task_big_dir/install/teleop_msgs/share/teleop_msgs/hook/pythonpath.dsv'
[2.339s] INFO:colcon.colcon_core.shell:Creating environment hook '/home/ubuntu/software_intro_task_big_dir/install/teleop_msgs/share/teleop_msgs/hook/pythonpath.sh'
[2.340s] Level 1:colcon.colcon_core.environment:checking '/home/ubuntu/software_intro_task_big_dir/install/teleop_msgs/bin'
[2.365s] INFO:colcon.colcon_core.shell:Creating package script '/home/ubuntu/software_intro_task_big_dir/install/teleop_msgs/share/teleop_msgs/package.ps1'
[2.366s] INFO:colcon.colcon_core.shell:Creating package descriptor '/home/ubuntu/software_intro_task_big_dir/install/teleop_msgs/share/teleop_msgs/package.dsv'
[2.367s] INFO:colcon.colcon_core.shell:Creating package script '/home/ubuntu/software_intro_task_big_dir/install/teleop_msgs/share/teleop_msgs/package.sh'
[2.368s] INFO:colcon.colcon_core.shell:Creating package script '/home/ubuntu/software_intro_task_big_dir/install/teleop_msgs/share/teleop_msgs/package.bash'
[2.370s] INFO:colcon.colcon_core.shell:Creating package script '/home/ubuntu/software_intro_task_big_dir/install/teleop_msgs/share/teleop_msgs/package.zsh'
[2.371s] Level 1:colcon.colcon_core.environment:create_file_with_runtime_dependencies(/home/ubuntu/software_intro_task_big_dir/install/teleop_msgs/share/colcon-core/packages/teleop_msgs)
[2.435s] Level 1:colcon.colcon_core.environment:create_environment_scripts_only(teleop_msgs)
[2.456s] Level 1:colcon.colcon_core.environment:checking '/home/ubuntu/software_intro_task_big_dir/install/teleop_msgs' for CMake module files
[2.457s] Level 1:colcon.colcon_core.environment:checking '/home/ubuntu/software_intro_task_big_dir/install/teleop_msgs' for CMake config files
[2.457s] Level 1:colcon.colcon_core.shell:create_environment_hook('teleop_msgs', 'cmake_prefix_path')
[2.478s] INFO:colcon.colcon_core.shell:Creating environment hook '/home/ubuntu/software_intro_task_big_dir/install/teleop_msgs/share/teleop_msgs/hook/cmake_prefix_path.ps1'
[2.479s] INFO:colcon.colcon_core.shell:Creating environment descriptor '/home/ubuntu/software_intro_task_big_dir/install/teleop_msgs/share/teleop_msgs/hook/cmake_prefix_path.dsv'
[2.479s] INFO:colcon.colcon_core.shell:Creating environment hook '/home/ubuntu/software_intro_task_big_dir/install/teleop_msgs/share/teleop_msgs/hook/cmake_prefix_path.sh'
[2.480s] Level 1:colcon.colcon_core.environment:checking '/home/ubuntu/software_intro_task_big_dir/install/teleop_msgs/lib'
[2.480s] Level 1:colcon.colcon_core.shell:create_environment_hook('teleop_msgs', 'ld_library_path_lib')
[2.503s] INFO:colcon.colcon_core.shell:Creating environment hook '/home/ubuntu/software_intro_task_big_dir/install/teleop_msgs/share/teleop_msgs/hook/ld_library_path_lib.ps1'
[2.504s] INFO:colcon.colcon_core.shell:Creating environment descriptor '/home/ubuntu/software_intro_task_big_dir/install/teleop_msgs/share/teleop_msgs/hook/ld_library_path_lib.dsv'
[2.504s] INFO:colcon.colcon_core.shell:Creating environment hook '/home/ubuntu/software_intro_task_big_dir/install/teleop_msgs/share/teleop_msgs/hook/ld_library_path_lib.sh'
[2.505s] Level 1:colcon.colcon_core.environment:checking '/home/ubuntu/software_intro_task_big_dir/install/teleop_msgs/bin'
[2.505s] Level 1:colcon.colcon_core.environment:checking '/home/ubuntu/software_intro_task_big_dir/install/teleop_msgs/lib/pkgconfig/teleop_msgs.pc'
[2.506s] Level 1:colcon.colcon_core.environment:checking '/home/ubuntu/software_intro_task_big_dir/install/teleop_msgs/lib/python3.8/site-packages'
[2.506s] Level 1:colcon.colcon_core.shell:create_environment_hook('teleop_msgs', 'pythonpath')
[2.529s] INFO:colcon.colcon_core.shell:Creating environment hook '/home/ubuntu/software_intro_task_big_dir/install/teleop_msgs/share/teleop_msgs/hook/pythonpath.ps1'
[2.530s] INFO:colcon.colcon_core.shell:Creating environment descriptor '/home/ubuntu/software_intro_task_big_dir/install/teleop_msgs/share/teleop_msgs/hook/pythonpath.dsv'
[2.530s] INFO:colcon.colcon_core.shell:Creating environment hook '/home/ubuntu/software_intro_task_big_dir/install/teleop_msgs/share/teleop_msgs/hook/pythonpath.sh'
[2.531s] Level 1:colcon.colcon_core.environment:checking '/home/ubuntu/software_intro_task_big_dir/install/teleop_msgs/bin'
[2.552s] INFO:colcon.colcon_core.shell:Creating package script '/home/ubuntu/software_intro_task_big_dir/install/teleop_msgs/share/teleop_msgs/package.ps1'
[2.553s] INFO:colcon.colcon_core.shell:Creating package descriptor '/home/ubuntu/software_intro_task_big_dir/install/teleop_msgs/share/teleop_msgs/package.dsv'
[2.554s] INFO:colcon.colcon_core.shell:Creating package script '/home/ubuntu/software_intro_task_big_dir/install/teleop_msgs/share/teleop_msgs/package.sh'
[2.555s] INFO:colcon.colcon_core.shell:Creating package script '/home/ubuntu/software_intro_task_big_dir/install/teleop_msgs/share/teleop_msgs/package.bash'
[2.556s] INFO:colcon.colcon_core.shell:Creating package script '/home/ubuntu/software_intro_task_big_dir/install/teleop_msgs/share/teleop_msgs/package.zsh'
[2.557s] Level 1:colcon.colcon_core.environment:create_file_with_runtime_dependencies(/home/ubuntu/software_intro_task_big_dir/install/teleop_msgs/share/colcon-core/packages/teleop_msgs)
[2.558s] DEBUG:colcon.colcon_parallel_executor.executor.parallel:closing loop
[2.558s] DEBUG:colcon.colcon_parallel_executor.executor.parallel:loop closed
[2.559s] DEBUG:colcon.colcon_parallel_executor.executor.parallel:run_until_complete finished with '0'
[2.559s] DEBUG:colcon.colcon_core.event_reactor:joining thread
[2.589s] INFO:colcon.colcon_core.plugin_system:Skipping extension 'colcon_notification.desktop_notification.notify_send': Could not find 'notify-send'
[2.589s] INFO:colcon.colcon_core.plugin_system:Skipping extension 'colcon_notification.desktop_notification.terminal_notifier': Not used on non-Darwin systems
[2.590s] INFO:colcon.colcon_core.plugin_system:Skipping extension 'colcon_notification.desktop_notification.win32': Not used on non-Windows systems
[2.590s] INFO:colcon.colcon_notification.desktop_notification:Sending desktop notification using 'notify2'
[2.591s] DEBUG:colcon.colcon_notification.desktop_notification.notify2:Failed to initialize notify2: org.freedesktop.DBus.Error.ServiceUnknown: The name org.freedesktop.Notifications was not provided by any .service files
[2.591s] DEBUG:colcon.colcon_core.event_reactor:joined thread
[2.615s] INFO:colcon.colcon_core.shell:Creating prefix script '/home/ubuntu/software_intro_task_big_dir/install/local_setup.ps1'
[2.616s] INFO:colcon.colcon_core.shell:Creating prefix util module '/home/ubuntu/software_intro_task_big_dir/install/_local_setup_util_ps1.py'
[2.618s] INFO:colcon.colcon_core.shell:Creating prefix chain script '/home/ubuntu/software_intro_task_big_dir/install/setup.ps1'
[2.642s] INFO:colcon.colcon_core.shell:Creating prefix script '/home/ubuntu/software_intro_task_big_dir/install/local_setup.sh'
[2.643s] INFO:colcon.colcon_core.shell:Creating prefix util module '/home/ubuntu/software_intro_task_big_dir/install/_local_setup_util_sh.py'
[2.643s] INFO:colcon.colcon_core.shell:Creating prefix chain script '/home/ubuntu/software_intro_task_big_dir/install/setup.sh'
[2.665s] INFO:colcon.colcon_core.shell:Creating prefix script '/home/ubuntu/software_intro_task_big_dir/install/local_setup.bash'
[2.666s] INFO:colcon.colcon_core.shell:Creating prefix chain script '/home/ubuntu/software_intro_task_big_dir/install/setup.bash'
[2.687s] INFO:colcon.colcon_core.shell:Creating prefix script '/home/ubuntu/software_intro_task_big_dir/install/local_setup.zsh'
[2.688s] INFO:colcon.colcon_core.shell:Creating prefix chain script '/home/ubuntu/software_intro_task_big_dir/install/setup.zsh'
