[0.801s] Invoking command in '/home/ubuntu/software_intro_task_big_dir/software_intro_task/teleop_py': AMENT_PREFIX_PATH=/home/ubuntu/software_intro_task_big_dir/install/teleop_msgs:${AMENT_PREFIX_PATH} CMAKE_PREFIX_PATH=/home/ubuntu/software_intro_task_big_dir/install/teleop_msgs LD_LIBRARY_PATH=/home/ubuntu/software_intro_task_big_dir/install/teleop_msgs/lib:${LD_LIBRARY_PATH} PYTHONPATH=/home/ubuntu/software_intro_task_big_dir/build/teleop_py/prefix_override:/home/ubuntu/software_intro_task_big_dir/install/teleop_py/lib/python3.8/site-packages:/home/ubuntu/software_intro_task_big_dir/install/teleop_msgs/lib/python3.8/site-packages:${PYTHONPATH} /usr/bin/python3 setup.py egg_info --egg-base ../../build/teleop_py build --build-base /home/ubuntu/software_intro_task_big_dir/build/teleop_py/build install --record /home/ubuntu/software_intro_task_big_dir/build/teleop_py/install.log --single-version-externally-managed
[0.962s] running egg_info
[0.963s] writing ../../build/teleop_py/teleop_py.egg-info/PKG-INFO
[0.964s] writing dependency_links to ../../build/teleop_py/teleop_py.egg-info/dependency_links.txt
[0.965s] writing entry points to ../../build/teleop_py/teleop_py.egg-info/entry_points.txt
[0.966s] writing requirements to ../../build/teleop_py/teleop_py.egg-info/requires.txt
[0.967s] writing top-level names to ../../build/teleop_py/teleop_py.egg-info/top_level.txt
[1.003s] reading manifest file '../../build/teleop_py/teleop_py.egg-info/SOURCES.txt'
[1.005s] writing manifest file '../../build/teleop_py/teleop_py.egg-info/SOURCES.txt'
[1.006s] running build
[1.006s] running build_py
[1.007s] running install
[1.008s] running install_lib
[1.010s] byte-compiling /home/ubuntu/software_intro_task_big_dir/install/teleop_py/lib/python3.8/site-packages/teleop_py/teleop_py_node.py to teleop_py_node.cpython-38.pyc
[1.013s] running install_data
[1.014s] copying package.xml -> /home/ubuntu/software_intro_task_big_dir/install/teleop_py/share/teleop_py
[1.015s] running install_egg_info
[1.017s] removing '/home/ubuntu/software_intro_task_big_dir/install/teleop_py/lib/python3.8/site-packages/teleop_py-1.0.0-py3.8.egg-info' (and everything under it)
[1.026s] Copying ../../build/teleop_py/teleop_py.egg-info to /home/ubuntu/software_intro_task_big_dir/install/teleop_py/lib/python3.8/site-packages/teleop_py-1.0.0-py3.8.egg-info
[1.028s] running install_scripts
[1.045s] Installing teleop_py_node_exe script to /home/ubuntu/software_intro_task_big_dir/install/teleop_py/lib/teleop_py
[1.046s] writing list of installed files to '/home/ubuntu/software_intro_task_big_dir/build/teleop_py/install.log'
[1.064s] Invoked command in '/home/ubuntu/software_intro_task_big_dir/software_intro_task/teleop_py' returned '0': AMENT_PREFIX_PATH=/home/ubuntu/software_intro_task_big_dir/install/teleop_msgs:${AMENT_PREFIX_PATH} CMAKE_PREFIX_PATH=/home/ubuntu/software_intro_task_big_dir/install/teleop_msgs LD_LIBRARY_PATH=/home/ubuntu/software_intro_task_big_dir/install/teleop_msgs/lib:${LD_LIBRARY_PATH} PYTHONPATH=/home/ubuntu/software_intro_task_big_dir/build/teleop_py/prefix_override:/home/ubuntu/software_intro_task_big_dir/install/teleop_py/lib/python3.8/site-packages:/home/ubuntu/software_intro_task_big_dir/install/teleop_msgs/lib/python3.8/site-packages:${PYTHONPATH} /usr/bin/python3 setup.py egg_info --egg-base ../../build/teleop_py build --build-base /home/ubuntu/software_intro_task_big_dir/build/teleop_py/build install --record /home/ubuntu/software_intro_task_big_dir/build/teleop_py/install.log --single-version-externally-managed
