[1.781s] DEBUG:colcon:Command line arguments: ['/usr/bin/colcon', 'build', '--packages-select', 'teleop_msgs']
[1.781s] DEBUG:colcon:Parsed command line arguments: Namespace(allow_overriding=[], ament_cmake_args=None, base_paths=['.'], build_base='build', catkin_cmake_args=None, catkin_skip_building_tests=False, cmake_args=None, cmake_clean_cache=False, cmake_clean_first=False, cmake_force_configure=False, cmake_target=None, cmake_target_skip_unavailable=False, continue_on_error=False, event_handlers=None, executor='parallel', ignore_user_meta=False, install_base='install', log_base=None, log_level=None, main=<bound method BuildVerb.main of <colcon_core.verb.build.BuildVerb object at 0xffff8489c8b0>>, merge_install=False, metas=['./colcon.meta'], packages_above=None, packages_above_and_dependencies=None, packages_above_depth=None, packages_end=None, packages_ignore=None, packages_ignore_regex=None, packages_select=['teleop_msgs'], packages_select_build_failed=False, packages_select_by_dep=None, packages_select_regex=None, packages_select_test_failures=False, packages_skip=None, packages_skip_build_finished=False, packages_skip_by_dep=None, packages_skip_regex=None, packages_skip_test_passed=False, packages_skip_up_to=None, packages_start=None, packages_up_to=None, packages_up_to_regex=None, parallel_workers=1, paths=None, symlink_install=False, test_result_base=None, verb_extension=<colcon_core.verb.build.BuildVerb object at 0xffff8489c8b0>, verb_name='build', verb_parser=<colcon_defaults.argument_parser.defaults.DefaultArgumentsDecorator object at 0xffff848a3070>)
[1.862s] Level 1:colcon.colcon_core.package_discovery:discover_packages(colcon_meta) check parameters
[1.863s] Level 1:colcon.colcon_core.package_discovery:discover_packages(recursive) check parameters
[1.863s] Level 1:colcon.colcon_core.package_discovery:discover_packages(ignore) check parameters
[1.863s] Level 1:colcon.colcon_core.package_discovery:discover_packages(path) check parameters
[1.863s] Level 1:colcon.colcon_core.package_discovery:discover_packages(colcon_meta) discover
[1.864s] Level 1:colcon.colcon_core.package_discovery:discover_packages(recursive) discover
[1.864s] INFO:colcon.colcon_core.package_discovery:Crawling recursively for packages in '/home/ubuntu/software_intro_task/software_intro_task_big_dir'
[1.864s] Level 1:colcon.colcon_core.package_identification:_identify(.) by extensions ['ignore', 'ignore_ament_install']
[1.864s] Level 1:colcon.colcon_core.package_identification:_identify(.) by extension 'ignore'
[1.865s] Level 1:colcon.colcon_core.package_identification:_identify(.) by extension 'ignore_ament_install'
[1.865s] Level 1:colcon.colcon_core.package_identification:_identify(.) by extensions ['colcon_pkg']
[1.865s] Level 1:colcon.colcon_core.package_identification:_identify(.) by extension 'colcon_pkg'
[1.865s] Level 1:colcon.colcon_core.package_identification:_identify(.) by extensions ['colcon_meta']
[1.866s] Level 1:colcon.colcon_core.package_identification:_identify(.) by extension 'colcon_meta'
[1.866s] Level 1:colcon.colcon_core.package_identification:_identify(.) by extensions ['ros']
[1.866s] Level 1:colcon.colcon_core.package_identification:_identify(.) by extension 'ros'
[1.887s] Level 1:colcon.colcon_core.package_identification:_identify(.) by extensions ['cmake', 'python']
[1.887s] Level 1:colcon.colcon_core.package_identification:_identify(.) by extension 'cmake'
[1.887s] Level 1:colcon.colcon_core.package_identification:_identify(.) by extension 'python'
[1.888s] Level 1:colcon.colcon_core.package_identification:_identify(.) by extensions ['python_setup_py']
[1.888s] Level 1:colcon.colcon_core.package_identification:_identify(.) by extension 'python_setup_py'
[1.888s] Level 1:colcon.colcon_core.package_identification:_identify(build) by extensions ['ignore', 'ignore_ament_install']
[1.889s] Level 1:colcon.colcon_core.package_identification:_identify(build) by extension 'ignore'
[1.889s] Level 1:colcon.colcon_core.package_identification:_identify(build) ignored
[1.889s] Level 1:colcon.colcon_core.package_identification:_identify(install) by extensions ['ignore', 'ignore_ament_install']
[1.889s] Level 1:colcon.colcon_core.package_identification:_identify(install) by extension 'ignore'
[1.890s] Level 1:colcon.colcon_core.package_identification:_identify(install) ignored
[1.890s] Level 1:colcon.colcon_core.package_identification:_identify(log) by extensions ['ignore', 'ignore_ament_install']
[1.890s] Level 1:colcon.colcon_core.package_identification:_identify(log) by extension 'ignore'
[1.890s] Level 1:colcon.colcon_core.package_identification:_identify(log) ignored
[1.891s] Level 1:colcon.colcon_core.package_identification:_identify(software_intro_task) by extensions ['ignore', 'ignore_ament_install']
[1.891s] Level 1:colcon.colcon_core.package_identification:_identify(software_intro_task) by extension 'ignore'
[1.891s] Level 1:colcon.colcon_core.package_identification:_identify(software_intro_task) by extension 'ignore_ament_install'
[1.891s] Level 1:colcon.colcon_core.package_identification:_identify(software_intro_task) by extensions ['colcon_pkg']
[1.892s] Level 1:colcon.colcon_core.package_identification:_identify(software_intro_task) by extension 'colcon_pkg'
[1.892s] Level 1:colcon.colcon_core.package_identification:_identify(software_intro_task) by extensions ['colcon_meta']
[1.892s] Level 1:colcon.colcon_core.package_identification:_identify(software_intro_task) by extension 'colcon_meta'
[1.892s] Level 1:colcon.colcon_core.package_identification:_identify(software_intro_task) by extensions ['ros']
[1.893s] Level 1:colcon.colcon_core.package_identification:_identify(software_intro_task) by extension 'ros'
[1.893s] Level 1:colcon.colcon_core.package_identification:_identify(software_intro_task) by extensions ['cmake', 'python']
[1.893s] Level 1:colcon.colcon_core.package_identification:_identify(software_intro_task) by extension 'cmake'
[1.893s] Level 1:colcon.colcon_core.package_identification:_identify(software_intro_task) by extension 'python'
[1.894s] Level 1:colcon.colcon_core.package_identification:_identify(software_intro_task) by extensions ['python_setup_py']
[1.894s] Level 1:colcon.colcon_core.package_identification:_identify(software_intro_task) by extension 'python_setup_py'
[1.895s] Level 1:colcon.colcon_core.package_identification:_identify(software_intro_task/teleop_cpp) by extensions ['ignore', 'ignore_ament_install']
[1.895s] Level 1:colcon.colcon_core.package_identification:_identify(software_intro_task/teleop_cpp) by extension 'ignore'
[1.895s] Level 1:colcon.colcon_core.package_identification:_identify(software_intro_task/teleop_cpp) by extension 'ignore_ament_install'
[1.896s] Level 1:colcon.colcon_core.package_identification:_identify(software_intro_task/teleop_cpp) by extensions ['colcon_pkg']
[1.896s] Level 1:colcon.colcon_core.package_identification:_identify(software_intro_task/teleop_cpp) by extension 'colcon_pkg'
[1.896s] Level 1:colcon.colcon_core.package_identification:_identify(software_intro_task/teleop_cpp) by extensions ['colcon_meta']
[1.896s] Level 1:colcon.colcon_core.package_identification:_identify(software_intro_task/teleop_cpp) by extension 'colcon_meta'
[1.897s] Level 1:colcon.colcon_core.package_identification:_identify(software_intro_task/teleop_cpp) by extensions ['ros']
[1.897s] Level 1:colcon.colcon_core.package_identification:_identify(software_intro_task/teleop_cpp) by extension 'ros'
[1.901s] DEBUG:colcon.colcon_core.package_identification:Package 'software_intro_task/teleop_cpp' with type 'ros.ament_cmake' and name 'teleop_cpp'
[1.901s] Level 1:colcon.colcon_core.package_identification:_identify(software_intro_task/teleop_msgs) by extensions ['ignore', 'ignore_ament_install']
[1.901s] Level 1:colcon.colcon_core.package_identification:_identify(software_intro_task/teleop_msgs) by extension 'ignore'
[1.902s] Level 1:colcon.colcon_core.package_identification:_identify(software_intro_task/teleop_msgs) by extension 'ignore_ament_install'
[1.902s] Level 1:colcon.colcon_core.package_identification:_identify(software_intro_task/teleop_msgs) by extensions ['colcon_pkg']
[1.902s] Level 1:colcon.colcon_core.package_identification:_identify(software_intro_task/teleop_msgs) by extension 'colcon_pkg'
[1.902s] Level 1:colcon.colcon_core.package_identification:_identify(software_intro_task/teleop_msgs) by extensions ['colcon_meta']
[1.903s] Level 1:colcon.colcon_core.package_identification:_identify(software_intro_task/teleop_msgs) by extension 'colcon_meta'
[1.903s] Level 1:colcon.colcon_core.package_identification:_identify(software_intro_task/teleop_msgs) by extensions ['ros']
[1.903s] Level 1:colcon.colcon_core.package_identification:_identify(software_intro_task/teleop_msgs) by extension 'ros'
[1.904s] DEBUG:colcon.colcon_core.package_identification:Package 'software_intro_task/teleop_msgs' with type 'ros.ament_cmake' and name 'teleop_msgs'
[1.905s] Level 1:colcon.colcon_core.package_identification:_identify(software_intro_task/teleop_py) by extensions ['ignore', 'ignore_ament_install']
[1.905s] Level 1:colcon.colcon_core.package_identification:_identify(software_intro_task/teleop_py) by extension 'ignore'
[1.905s] Level 1:colcon.colcon_core.package_identification:_identify(software_intro_task/teleop_py) by extension 'ignore_ament_install'
[1.906s] Level 1:colcon.colcon_core.package_identification:_identify(software_intro_task/teleop_py) by extensions ['colcon_pkg']
[1.906s] Level 1:colcon.colcon_core.package_identification:_identify(software_intro_task/teleop_py) by extension 'colcon_pkg'
[1.906s] Level 1:colcon.colcon_core.package_identification:_identify(software_intro_task/teleop_py) by extensions ['colcon_meta']
[1.906s] Level 1:colcon.colcon_core.package_identification:_identify(software_intro_task/teleop_py) by extension 'colcon_meta'
[1.907s] Level 1:colcon.colcon_core.package_identification:_identify(software_intro_task/teleop_py) by extensions ['ros']
[1.907s] Level 1:colcon.colcon_core.package_identification:_identify(software_intro_task/teleop_py) by extension 'ros'
[1.908s] DEBUG:colcon.colcon_core.package_identification:Package 'software_intro_task/teleop_py' with type 'ros.ament_python' and name 'teleop_py'
[1.908s] Level 1:colcon.colcon_core.package_discovery:discover_packages(recursive) using defaults
[1.908s] Level 1:colcon.colcon_core.package_discovery:discover_packages(ignore) discover
[1.909s] Level 1:colcon.colcon_core.package_discovery:discover_packages(ignore) using defaults
[1.909s] Level 1:colcon.colcon_core.package_discovery:discover_packages(path) discover
[1.910s] Level 1:colcon.colcon_core.package_discovery:discover_packages(path) using defaults
[2.088s] INFO:colcon.colcon_core.package_selection:Skipping not selected package 'teleop_cpp' in 'software_intro_task/teleop_cpp'
[2.089s] INFO:colcon.colcon_core.package_selection:Skipping not selected package 'teleop_py' in 'software_intro_task/teleop_py'
[2.130s] Level 1:colcon.colcon_core.package_discovery:discover_packages(prefix_path) check parameters
[2.131s] Level 1:colcon.colcon_core.package_discovery:discover_packages(prefix_path) discover
[2.153s] WARNING:colcon.colcon_ros.prefix_path.ament:The path '/home/ubuntu/software_intro_task/software_intro_task_big_dir/install/teleop_py' in the environment variable AMENT_PREFIX_PATH doesn't exist
[2.154s] WARNING:colcon.colcon_ros.prefix_path.ament:The path '/home/ubuntu/software_intro_task/software_intro_task_big_dir/install/teleop_msgs' in the environment variable AMENT_PREFIX_PATH doesn't exist
[2.154s] WARNING:colcon.colcon_ros.prefix_path.ament:The path '/home/ubuntu/software_intro_task/software_intro_task_big_dir/install/teleop_cpp' in the environment variable AMENT_PREFIX_PATH doesn't exist
[2.154s] WARNING:colcon.colcon_ros.prefix_path.catkin:The path '/home/ubuntu/software_intro_task/software_intro_task_big_dir/install/teleop_msgs' in the environment variable CMAKE_PREFIX_PATH doesn't exist
[2.155s] WARNING:colcon.colcon_ros.prefix_path.catkin:The path '/home/ubuntu/software_intro_task/software_intro_task_big_dir/install/teleop_cpp' in the environment variable CMAKE_PREFIX_PATH doesn't exist
[2.181s] DEBUG:colcon.colcon_installed_package_information.package_discovery:Found 0 installed packages in /home/ubuntu/software_intro_task/software_intro_task_big_dir/install
[2.203s] DEBUG:colcon.colcon_installed_package_information.package_discovery:Found 173 installed packages in /opt/ros/galactic
[2.205s] Level 1:colcon.colcon_core.package_discovery:discover_packages(prefix_path) using defaults
[2.297s] Level 5:colcon.colcon_core.verb:set package 'teleop_msgs' build argument 'cmake_args' from command line to 'None'
[2.298s] Level 5:colcon.colcon_core.verb:set package 'teleop_msgs' build argument 'cmake_target' from command line to 'None'
[2.298s] Level 5:colcon.colcon_core.verb:set package 'teleop_msgs' build argument 'cmake_target_skip_unavailable' from command line to 'False'
[2.298s] Level 5:colcon.colcon_core.verb:set package 'teleop_msgs' build argument 'cmake_clean_cache' from command line to 'False'
[2.298s] Level 5:colcon.colcon_core.verb:set package 'teleop_msgs' build argument 'cmake_clean_first' from command line to 'False'
[2.299s] Level 5:colcon.colcon_core.verb:set package 'teleop_msgs' build argument 'cmake_force_configure' from command line to 'False'
[2.299s] Level 5:colcon.colcon_core.verb:set package 'teleop_msgs' build argument 'ament_cmake_args' from command line to 'None'
[2.299s] Level 5:colcon.colcon_core.verb:set package 'teleop_msgs' build argument 'catkin_cmake_args' from command line to 'None'
[2.299s] Level 5:colcon.colcon_core.verb:set package 'teleop_msgs' build argument 'catkin_skip_building_tests' from command line to 'False'
[2.300s] DEBUG:colcon.colcon_core.verb:Building package 'teleop_msgs' with the following arguments: {'ament_cmake_args': None, 'build_base': '/home/ubuntu/software_intro_task/software_intro_task_big_dir/build/teleop_msgs', 'catkin_cmake_args': None, 'catkin_skip_building_tests': False, 'cmake_args': None, 'cmake_clean_cache': False, 'cmake_clean_first': False, 'cmake_force_configure': False, 'cmake_target': None, 'cmake_target_skip_unavailable': False, 'install_base': '/home/ubuntu/software_intro_task/software_intro_task_big_dir/install/teleop_msgs', 'merge_install': False, 'path': '/home/ubuntu/software_intro_task/software_intro_task_big_dir/software_intro_task/teleop_msgs', 'symlink_install': False, 'test_result_base': None}
[2.320s] INFO:colcon.colcon_core.executor:Executing jobs using 'parallel' executor
[2.349s] DEBUG:colcon.colcon_parallel_executor.executor.parallel:run_until_complete
[2.349s] INFO:colcon.colcon_ros.task.ament_cmake.build:Building ROS package in '/home/ubuntu/software_intro_task/software_intro_task_big_dir/software_intro_task/teleop_msgs' with build type 'ament_cmake'
[2.349s] INFO:colcon.colcon_cmake.task.cmake.build:Building CMake package in '/home/ubuntu/software_intro_task/software_intro_task_big_dir/software_intro_task/teleop_msgs'
[2.380s] INFO:colcon.colcon_core.plugin_system:Skipping extension 'colcon_core.shell.bat': Not used on non-Windows systems
[2.380s] INFO:colcon.colcon_core.shell:Skip shell extension 'powershell' for command environment: Not usable outside of PowerShell
[2.381s] DEBUG:colcon.colcon_core.shell:Skip shell extension 'dsv' for command environment
[2.467s] DEBUG:colcon.colcon_core.event_handler.log_command:Invoking command in '/home/ubuntu/software_intro_task/software_intro_task_big_dir/build/teleop_msgs': CMAKE_PREFIX_PATH=${CMAKE_PREFIX_PATH}:/home/ubuntu/software_intro_task/software_intro_task_big_dir/install/teleop_py:/opt/ros/galactic /usr/bin/cmake /home/ubuntu/software_intro_task/software_intro_task_big_dir/software_intro_task/teleop_msgs -DCMAKE_INSTALL_PREFIX=/home/ubuntu/software_intro_task/software_intro_task_big_dir/install/teleop_msgs
[4.718s] DEBUG:colcon.colcon_core.event_handler.log_command:Invoked command in '/home/ubuntu/software_intro_task/software_intro_task_big_dir/build/teleop_msgs' returned '0': CMAKE_PREFIX_PATH=${CMAKE_PREFIX_PATH}:/home/ubuntu/software_intro_task/software_intro_task_big_dir/install/teleop_py:/opt/ros/galactic /usr/bin/cmake /home/ubuntu/software_intro_task/software_intro_task_big_dir/software_intro_task/teleop_msgs -DCMAKE_INSTALL_PREFIX=/home/ubuntu/software_intro_task/software_intro_task_big_dir/install/teleop_msgs
[4.718s] DEBUG:colcon.colcon_core.event_handler.log_command:Invoking command in '/home/ubuntu/software_intro_task/software_intro_task_big_dir/build/teleop_msgs': CMAKE_PREFIX_PATH=${CMAKE_PREFIX_PATH}:/home/ubuntu/software_intro_task/software_intro_task_big_dir/install/teleop_py:/opt/ros/galactic /usr/bin/cmake --build /home/ubuntu/software_intro_task/software_intro_task_big_dir/build/teleop_msgs -- -j1 -l1
[8.902s] DEBUG:colcon.colcon_core.event_handler.log_command:Invoked command in '/home/ubuntu/software_intro_task/software_intro_task_big_dir/build/teleop_msgs' returned '0': CMAKE_PREFIX_PATH=${CMAKE_PREFIX_PATH}:/home/ubuntu/software_intro_task/software_intro_task_big_dir/install/teleop_py:/opt/ros/galactic /usr/bin/cmake --build /home/ubuntu/software_intro_task/software_intro_task_big_dir/build/teleop_msgs -- -j1 -l1
[8.950s] DEBUG:colcon.colcon_core.event_handler.log_command:Invoking command in '/home/ubuntu/software_intro_task/software_intro_task_big_dir/build/teleop_msgs': CMAKE_PREFIX_PATH=${CMAKE_PREFIX_PATH}:/home/ubuntu/software_intro_task/software_intro_task_big_dir/install/teleop_py:/opt/ros/galactic /usr/bin/cmake --install /home/ubuntu/software_intro_task/software_intro_task_big_dir/build/teleop_msgs
[9.087s] Level 1:colcon.colcon_core.environment:create_environment_scripts_only(teleop_msgs)
[9.089s] DEBUG:colcon.colcon_core.event_handler.log_command:Invoked command in '/home/ubuntu/software_intro_task/software_intro_task_big_dir/build/teleop_msgs' returned '0': CMAKE_PREFIX_PATH=${CMAKE_PREFIX_PATH}:/home/ubuntu/software_intro_task/software_intro_task_big_dir/install/teleop_py:/opt/ros/galactic /usr/bin/cmake --install /home/ubuntu/software_intro_task/software_intro_task_big_dir/build/teleop_msgs
[9.162s] Level 1:colcon.colcon_core.environment:checking '/home/ubuntu/software_intro_task/software_intro_task_big_dir/install/teleop_msgs' for CMake module files
[9.163s] Level 1:colcon.colcon_core.environment:checking '/home/ubuntu/software_intro_task/software_intro_task_big_dir/install/teleop_msgs' for CMake config files
[9.164s] Level 1:colcon.colcon_core.shell:create_environment_hook('teleop_msgs', 'cmake_prefix_path')
[9.187s] INFO:colcon.colcon_core.shell:Creating environment hook '/home/ubuntu/software_intro_task/software_intro_task_big_dir/install/teleop_msgs/share/teleop_msgs/hook/cmake_prefix_path.ps1'
[9.189s] INFO:colcon.colcon_core.shell:Creating environment descriptor '/home/ubuntu/software_intro_task/software_intro_task_big_dir/install/teleop_msgs/share/teleop_msgs/hook/cmake_prefix_path.dsv'
[9.190s] INFO:colcon.colcon_core.shell:Creating environment hook '/home/ubuntu/software_intro_task/software_intro_task_big_dir/install/teleop_msgs/share/teleop_msgs/hook/cmake_prefix_path.sh'
[9.191s] Level 1:colcon.colcon_core.environment:checking '/home/ubuntu/software_intro_task/software_intro_task_big_dir/install/teleop_msgs/lib'
[9.192s] Level 1:colcon.colcon_core.shell:create_environment_hook('teleop_msgs', 'ld_library_path_lib')
[9.217s] INFO:colcon.colcon_core.shell:Creating environment hook '/home/ubuntu/software_intro_task/software_intro_task_big_dir/install/teleop_msgs/share/teleop_msgs/hook/ld_library_path_lib.ps1'
[9.218s] INFO:colcon.colcon_core.shell:Creating environment descriptor '/home/ubuntu/software_intro_task/software_intro_task_big_dir/install/teleop_msgs/share/teleop_msgs/hook/ld_library_path_lib.dsv'
[9.219s] INFO:colcon.colcon_core.shell:Creating environment hook '/home/ubuntu/software_intro_task/software_intro_task_big_dir/install/teleop_msgs/share/teleop_msgs/hook/ld_library_path_lib.sh'
[9.220s] Level 1:colcon.colcon_core.environment:checking '/home/ubuntu/software_intro_task/software_intro_task_big_dir/install/teleop_msgs/bin'
[9.220s] Level 1:colcon.colcon_core.environment:checking '/home/ubuntu/software_intro_task/software_intro_task_big_dir/install/teleop_msgs/lib/pkgconfig/teleop_msgs.pc'
[9.220s] Level 1:colcon.colcon_core.environment:checking '/home/ubuntu/software_intro_task/software_intro_task_big_dir/install/teleop_msgs/lib/python3.8/site-packages'
[9.221s] Level 1:colcon.colcon_core.shell:create_environment_hook('teleop_msgs', 'pythonpath')
[9.242s] INFO:colcon.colcon_core.shell:Creating environment hook '/home/ubuntu/software_intro_task/software_intro_task_big_dir/install/teleop_msgs/share/teleop_msgs/hook/pythonpath.ps1'
[9.243s] INFO:colcon.colcon_core.shell:Creating environment descriptor '/home/ubuntu/software_intro_task/software_intro_task_big_dir/install/teleop_msgs/share/teleop_msgs/hook/pythonpath.dsv'
[9.243s] INFO:colcon.colcon_core.shell:Creating environment hook '/home/ubuntu/software_intro_task/software_intro_task_big_dir/install/teleop_msgs/share/teleop_msgs/hook/pythonpath.sh'
[9.244s] Level 1:colcon.colcon_core.environment:checking '/home/ubuntu/software_intro_task/software_intro_task_big_dir/install/teleop_msgs/bin'
[9.265s] INFO:colcon.colcon_core.shell:Creating package script '/home/ubuntu/software_intro_task/software_intro_task_big_dir/install/teleop_msgs/share/teleop_msgs/package.ps1'
[9.266s] INFO:colcon.colcon_core.shell:Creating package descriptor '/home/ubuntu/software_intro_task/software_intro_task_big_dir/install/teleop_msgs/share/teleop_msgs/package.dsv'
[9.268s] INFO:colcon.colcon_core.shell:Creating package script '/home/ubuntu/software_intro_task/software_intro_task_big_dir/install/teleop_msgs/share/teleop_msgs/package.sh'
[9.269s] INFO:colcon.colcon_core.shell:Creating package script '/home/ubuntu/software_intro_task/software_intro_task_big_dir/install/teleop_msgs/share/teleop_msgs/package.bash'
[9.270s] INFO:colcon.colcon_core.shell:Creating package script '/home/ubuntu/software_intro_task/software_intro_task_big_dir/install/teleop_msgs/share/teleop_msgs/package.zsh'
[9.272s] Level 1:colcon.colcon_core.environment:create_file_with_runtime_dependencies(/home/ubuntu/software_intro_task/software_intro_task_big_dir/install/teleop_msgs/share/colcon-core/packages/teleop_msgs)
[9.331s] Level 1:colcon.colcon_core.environment:create_environment_scripts_only(teleop_msgs)
[9.352s] Level 1:colcon.colcon_core.environment:checking '/home/ubuntu/software_intro_task/software_intro_task_big_dir/install/teleop_msgs' for CMake module files
[9.353s] Level 1:colcon.colcon_core.environment:checking '/home/ubuntu/software_intro_task/software_intro_task_big_dir/install/teleop_msgs' for CMake config files
[9.354s] Level 1:colcon.colcon_core.shell:create_environment_hook('teleop_msgs', 'cmake_prefix_path')
[9.379s] INFO:colcon.colcon_core.shell:Creating environment hook '/home/ubuntu/software_intro_task/software_intro_task_big_dir/install/teleop_msgs/share/teleop_msgs/hook/cmake_prefix_path.ps1'
[9.380s] INFO:colcon.colcon_core.shell:Creating environment descriptor '/home/ubuntu/software_intro_task/software_intro_task_big_dir/install/teleop_msgs/share/teleop_msgs/hook/cmake_prefix_path.dsv'
[9.382s] INFO:colcon.colcon_core.shell:Creating environment hook '/home/ubuntu/software_intro_task/software_intro_task_big_dir/install/teleop_msgs/share/teleop_msgs/hook/cmake_prefix_path.sh'
[9.383s] Level 1:colcon.colcon_core.environment:checking '/home/ubuntu/software_intro_task/software_intro_task_big_dir/install/teleop_msgs/lib'
[9.383s] Level 1:colcon.colcon_core.shell:create_environment_hook('teleop_msgs', 'ld_library_path_lib')
[9.411s] INFO:colcon.colcon_core.shell:Creating environment hook '/home/ubuntu/software_intro_task/software_intro_task_big_dir/install/teleop_msgs/share/teleop_msgs/hook/ld_library_path_lib.ps1'
[9.412s] INFO:colcon.colcon_core.shell:Creating environment descriptor '/home/ubuntu/software_intro_task/software_intro_task_big_dir/install/teleop_msgs/share/teleop_msgs/hook/ld_library_path_lib.dsv'
[9.413s] INFO:colcon.colcon_core.shell:Creating environment hook '/home/ubuntu/software_intro_task/software_intro_task_big_dir/install/teleop_msgs/share/teleop_msgs/hook/ld_library_path_lib.sh'
[9.414s] Level 1:colcon.colcon_core.environment:checking '/home/ubuntu/software_intro_task/software_intro_task_big_dir/install/teleop_msgs/bin'
[9.415s] Level 1:colcon.colcon_core.environment:checking '/home/ubuntu/software_intro_task/software_intro_task_big_dir/install/teleop_msgs/lib/pkgconfig/teleop_msgs.pc'
[9.415s] Level 1:colcon.colcon_core.environment:checking '/home/ubuntu/software_intro_task/software_intro_task_big_dir/install/teleop_msgs/lib/python3.8/site-packages'
[9.415s] Level 1:colcon.colcon_core.shell:create_environment_hook('teleop_msgs', 'pythonpath')
[9.437s] INFO:colcon.colcon_core.shell:Creating environment hook '/home/ubuntu/software_intro_task/software_intro_task_big_dir/install/teleop_msgs/share/teleop_msgs/hook/pythonpath.ps1'
[9.438s] INFO:colcon.colcon_core.shell:Creating environment descriptor '/home/ubuntu/software_intro_task/software_intro_task_big_dir/install/teleop_msgs/share/teleop_msgs/hook/pythonpath.dsv'
[9.439s] INFO:colcon.colcon_core.shell:Creating environment hook '/home/ubuntu/software_intro_task/software_intro_task_big_dir/install/teleop_msgs/share/teleop_msgs/hook/pythonpath.sh'
[9.441s] Level 1:colcon.colcon_core.environment:checking '/home/ubuntu/software_intro_task/software_intro_task_big_dir/install/teleop_msgs/bin'
[9.463s] INFO:colcon.colcon_core.shell:Creating package script '/home/ubuntu/software_intro_task/software_intro_task_big_dir/install/teleop_msgs/share/teleop_msgs/package.ps1'
[9.464s] INFO:colcon.colcon_core.shell:Creating package descriptor '/home/ubuntu/software_intro_task/software_intro_task_big_dir/install/teleop_msgs/share/teleop_msgs/package.dsv'
[9.465s] INFO:colcon.colcon_core.shell:Creating package script '/home/ubuntu/software_intro_task/software_intro_task_big_dir/install/teleop_msgs/share/teleop_msgs/package.sh'
[9.466s] INFO:colcon.colcon_core.shell:Creating package script '/home/ubuntu/software_intro_task/software_intro_task_big_dir/install/teleop_msgs/share/teleop_msgs/package.bash'
[9.467s] INFO:colcon.colcon_core.shell:Creating package script '/home/ubuntu/software_intro_task/software_intro_task_big_dir/install/teleop_msgs/share/teleop_msgs/package.zsh'
[9.468s] Level 1:colcon.colcon_core.environment:create_file_with_runtime_dependencies(/home/ubuntu/software_intro_task/software_intro_task_big_dir/install/teleop_msgs/share/colcon-core/packages/teleop_msgs)
[9.471s] DEBUG:colcon.colcon_parallel_executor.executor.parallel:closing loop
[9.471s] DEBUG:colcon.colcon_parallel_executor.executor.parallel:loop closed
[9.472s] DEBUG:colcon.colcon_parallel_executor.executor.parallel:run_until_complete finished with '0'
[9.472s] DEBUG:colcon.colcon_core.event_reactor:joining thread
[9.500s] INFO:colcon.colcon_core.plugin_system:Skipping extension 'colcon_notification.desktop_notification.notify_send': Could not find 'notify-send'
[9.501s] INFO:colcon.colcon_core.plugin_system:Skipping extension 'colcon_notification.desktop_notification.terminal_notifier': Not used on non-Darwin systems
[9.501s] INFO:colcon.colcon_core.plugin_system:Skipping extension 'colcon_notification.desktop_notification.win32': Not used on non-Windows systems
[9.501s] INFO:colcon.colcon_notification.desktop_notification:Sending desktop notification using 'notify2'
[9.503s] DEBUG:colcon.colcon_notification.desktop_notification.notify2:Failed to initialize notify2: org.freedesktop.DBus.Error.ServiceUnknown: The name org.freedesktop.Notifications was not provided by any .service files
[9.503s] DEBUG:colcon.colcon_core.event_reactor:joined thread
[9.526s] INFO:colcon.colcon_core.shell:Creating prefix script '/home/ubuntu/software_intro_task/software_intro_task_big_dir/install/local_setup.ps1'
[9.527s] INFO:colcon.colcon_core.shell:Creating prefix util module '/home/ubuntu/software_intro_task/software_intro_task_big_dir/install/_local_setup_util_ps1.py'
[9.529s] INFO:colcon.colcon_core.shell:Creating prefix chain script '/home/ubuntu/software_intro_task/software_intro_task_big_dir/install/setup.ps1'
[9.551s] INFO:colcon.colcon_core.shell:Creating prefix script '/home/ubuntu/software_intro_task/software_intro_task_big_dir/install/local_setup.sh'
[9.551s] INFO:colcon.colcon_core.shell:Creating prefix util module '/home/ubuntu/software_intro_task/software_intro_task_big_dir/install/_local_setup_util_sh.py'
[9.552s] INFO:colcon.colcon_core.shell:Creating prefix chain script '/home/ubuntu/software_intro_task/software_intro_task_big_dir/install/setup.sh'
[9.574s] INFO:colcon.colcon_core.shell:Creating prefix script '/home/ubuntu/software_intro_task/software_intro_task_big_dir/install/local_setup.bash'
[9.575s] INFO:colcon.colcon_core.shell:Creating prefix chain script '/home/ubuntu/software_intro_task/software_intro_task_big_dir/install/setup.bash'
[9.596s] INFO:colcon.colcon_core.shell:Creating prefix script '/home/ubuntu/software_intro_task/software_intro_task_big_dir/install/local_setup.zsh'
[9.597s] INFO:colcon.colcon_core.shell:Creating prefix chain script '/home/ubuntu/software_intro_task/software_intro_task_big_dir/install/setup.zsh'
