[0.012s] Invoking command in '/home/tritonai/Documents/software_intro_task/software_intro_task_big_dir/build/teleop_msgs': CMAKE_PREFIX_PATH=${CMAKE_PREFIX_PATH}:/opt/ros/galactic /opt/cmake-install/bin/cmake /home/tritonai/Documents/software_intro_task/software_intro_task_big_dir/software_intro_task_dir/teleop_msgs -DCMAKE_INSTALL_PREFIX=/home/tritonai/Documents/software_intro_task/software_intro_task_big_dir/install/teleop_msgs
[0.049s] -- The C compiler identification is GNU 9.4.0
[0.092s] -- The CXX compiler identification is GNU 9.4.0
[0.098s] -- Detecting C compiler ABI info
[0.137s] -- Detecting C compiler ABI info - done
[0.144s] -- Check for working C compiler: /usr/bin/cc - skipped
[0.144s] -- Detecting C compile features
[0.145s] -- Detecting C compile features - done
[0.147s] -- Detecting CXX compiler ABI info
[0.198s] -- Detecting CXX compiler ABI info - done
[0.206s] -- Check for working CXX compiler: /usr/bin/c++ - skipped
[0.206s] -- Detecting CXX compile features
[0.206s] -- Detecting CXX compile features - done
[0.208s] -- Found ament_cmake_auto: 1.1.6 (/opt/ros/galactic/share/ament_cmake_auto/cmake)
[0.229s] -- Found PythonInterp: /usr/bin/python3 (found suitable version "3.8.10", minimum required is "3") 
[0.229s] -- Using PYTHON_EXECUTABLE: /usr/bin/python3
[0.378s] -- Using all available rosidl_typesupport_c: rosidl_typesupport_fastrtps_c;rosidl_typesupport_introspection_c
[0.383s] -- Found rosidl_adapter: 2.2.3 (/opt/ros/galactic/share/rosidl_adapter/cmake)
[0.434s] -- Found OpenSSL: /usr/lib/x86_64-linux-gnu/libcrypto.so (found version "1.1.1f")  
[0.456s] -- Found FastRTPS: /opt/ros/galactic/include  
[0.516s] -- Using all available rosidl_typesupport_cpp: rosidl_typesupport_fastrtps_cpp;rosidl_typesupport_introspection_cpp
[0.562s] -- Found rmw_implementation_cmake: 3.3.1 (/opt/ros/galactic/share/rmw_implementation_cmake/cmake)
[0.564s] -- Found rmw_cyclonedds_cpp: 0.22.6 (/opt/ros/galactic/share/rmw_cyclonedds_cpp/cmake)
[0.579s] -- Using RMW implementation 'rmw_cyclonedds_cpp' as default
[0.579s] -- Looking for pthread.h
[0.621s] -- Looking for pthread.h - found
[0.621s] -- Performing Test CMAKE_HAVE_LIBC_PTHREAD
[0.664s] -- Performing Test CMAKE_HAVE_LIBC_PTHREAD - Failed
[0.664s] -- Looking for pthread_create in pthreads
[0.695s] -- Looking for pthread_create in pthreads - not found
[0.695s] -- Looking for pthread_create in pthread
[0.734s] -- Looking for pthread_create in pthread - found
[0.735s] -- Found Threads: TRUE  
[0.919s] -- Found PythonInterp: /usr/bin/python3 (found version "3.8.10") 
[0.977s] -- Found ament_cmake_ros: 0.9.2 (/opt/ros/galactic/share/ament_cmake_ros/cmake)
[1.055s] -- Using all available rosidl_typesupport_c: rosidl_typesupport_fastrtps_c;rosidl_typesupport_introspection_c
[1.059s] -- Using all available rosidl_typesupport_cpp: rosidl_typesupport_fastrtps_cpp;rosidl_typesupport_introspection_cpp
[1.078s] -- Found PythonInterp: /usr/bin/python3 (found suitable version "3.8.10", minimum required is "3.5") 
[1.080s] -- Found python_cmake_module: 0.8.1 (/opt/ros/galactic/share/python_cmake_module/cmake)
[1.101s] -- Found PythonLibs: /usr/lib/x86_64-linux-gnu/libpython3.8.so (found suitable version "3.8.10", minimum required is "3.5") 
[1.101s] -- Using PYTHON_EXECUTABLE: /usr/bin/python3
[1.101s] -- Using PYTHON_INCLUDE_DIRS: /usr/include/python3.8
[1.101s] -- Using PYTHON_LIBRARIES: /usr/lib/x86_64-linux-gnu/libpython3.8.so
[1.118s] -- Found PythonExtra: .so  
[1.150s] -- Found ament_lint_auto: 0.10.7 (/opt/ros/galactic/share/ament_lint_auto/cmake)
[1.167s] -- Added test 'copyright' to check source files copyright and LICENSE
[1.168s] -- Added test 'lint_cmake' to check CMake code style
[1.169s] -- Added test 'xmllint' to check XML markup files
[1.171s] -- Configuring done
[1.197s] -- Generating done
[1.199s] -- Build files have been written to: /home/tritonai/Documents/software_intro_task/software_intro_task_big_dir/build/teleop_msgs
[1.206s] Invoked command in '/home/tritonai/Documents/software_intro_task/software_intro_task_big_dir/build/teleop_msgs' returned '0': CMAKE_PREFIX_PATH=${CMAKE_PREFIX_PATH}:/opt/ros/galactic /opt/cmake-install/bin/cmake /home/tritonai/Documents/software_intro_task/software_intro_task_big_dir/software_intro_task_dir/teleop_msgs -DCMAKE_INSTALL_PREFIX=/home/tritonai/Documents/software_intro_task/software_intro_task_big_dir/install/teleop_msgs
[1.208s] Invoking command in '/home/tritonai/Documents/software_intro_task/software_intro_task_big_dir/build/teleop_msgs': CMAKE_PREFIX_PATH=${CMAKE_PREFIX_PATH}:/opt/ros/galactic /opt/cmake-install/bin/cmake --build /home/tritonai/Documents/software_intro_task/software_intro_task_big_dir/build/teleop_msgs -- -j16 -l16
[1.224s] [  2%] [34m[1mGenerating C code for ROS interfaces[0m
[1.227s] [  5%] [34m[1mGenerating C++ code for ROS interfaces[0m
[1.465s] [  5%] Built target teleop_msgs__cpp
[1.469s] [  7%] [34m[1mGenerating C++ type support for eProsima Fast-RTPS[0m
[1.469s] [ 10%] [34m[1mGenerating C++ type support dispatch for ROS interfaces[0m
[1.469s] [ 12%] [34m[1mGenerating C++ introspection for ROS interfaces[0m
[1.485s] [ 17%] [32mBuilding C object CMakeFiles/teleop_msgs__rosidl_generator_c.dir/rosidl_generator_c/teleop_msgs/srv/detail/e_stop_service__functions.c.o[0m
[1.485s] [ 17%] [32mBuilding C object CMakeFiles/teleop_msgs__rosidl_generator_c.dir/rosidl_generator_c/teleop_msgs/msg/detail/vehicle_control_data__functions.c.o[0m
[1.522s] [ 20%] [32m[1mLinking C shared library libteleop_msgs__rosidl_generator_c.so[0m
[1.540s] [ 20%] Built target teleop_msgs__rosidl_generator_c
[1.544s] [ 25%] [34m[1mGenerating C type support dispatch for ROS interfaces[0m
[1.544s] [ 25%] [34m[1mGenerating C introspection for ROS interfaces[0m
[1.666s] [ 28%] [32mBuilding CXX object CMakeFiles/teleop_msgs__rosidl_typesupport_cpp.dir/rosidl_typesupport_cpp/teleop_msgs/msg/vehicle_control_data__type_support.cpp.o[0m
[1.666s] [ 30%] [32mBuilding CXX object CMakeFiles/teleop_msgs__rosidl_typesupport_cpp.dir/rosidl_typesupport_cpp/teleop_msgs/srv/e_stop_service__type_support.cpp.o[0m
[1.693s] [ 35%] [32mBuilding CXX object CMakeFiles/teleop_msgs__rosidl_typesupport_introspection_cpp.dir/rosidl_typesupport_introspection_cpp/teleop_msgs/srv/detail/e_stop_service__type_support.cpp.o[0m
[1.693s] [ 35%] [32mBuilding CXX object CMakeFiles/teleop_msgs__rosidl_typesupport_introspection_cpp.dir/rosidl_typesupport_introspection_cpp/teleop_msgs/msg/detail/vehicle_control_data__type_support.cpp.o[0m
[1.706s] [ 38%] [32mBuilding CXX object CMakeFiles/teleop_msgs__rosidl_typesupport_fastrtps_cpp.dir/rosidl_typesupport_fastrtps_cpp/teleop_msgs/msg/detail/dds_fastrtps/vehicle_control_data__type_support.cpp.o[0m
[1.706s] [ 41%] [32mBuilding CXX object CMakeFiles/teleop_msgs__rosidl_typesupport_fastrtps_cpp.dir/rosidl_typesupport_fastrtps_cpp/teleop_msgs/srv/detail/dds_fastrtps/e_stop_service__type_support.cpp.o[0m
[1.740s] [ 43%] [32mBuilding CXX object CMakeFiles/teleop_msgs__rosidl_typesupport_c.dir/rosidl_typesupport_c/teleop_msgs/msg/vehicle_control_data__type_support.cpp.o[0m
[1.741s] [ 46%] [32mBuilding CXX object CMakeFiles/teleop_msgs__rosidl_typesupport_c.dir/rosidl_typesupport_c/teleop_msgs/srv/e_stop_service__type_support.cpp.o[0m
[1.771s] [ 51%] [32mBuilding C object CMakeFiles/teleop_msgs__rosidl_typesupport_introspection_c.dir/rosidl_typesupport_introspection_c/teleop_msgs/msg/detail/vehicle_control_data__type_support.c.o[0m
[1.771s] [ 51%] [32m[1mLinking CXX shared library libteleop_msgs__rosidl_typesupport_c.so[0m
[1.771s] [ 53%] [32mBuilding C object CMakeFiles/teleop_msgs__rosidl_typesupport_introspection_c.dir/rosidl_typesupport_introspection_c/teleop_msgs/srv/detail/e_stop_service__type_support.c.o[0m
[1.795s] [ 56%] [32m[1mLinking C shared library libteleop_msgs__rosidl_typesupport_introspection_c.so[0m
[1.804s] [ 56%] Built target teleop_msgs__rosidl_typesupport_c
[1.810s] [ 56%] Built target teleop_msgs__rosidl_typesupport_introspection_c
[1.922s] [ 58%] [32m[1mLinking CXX shared library libteleop_msgs__rosidl_typesupport_cpp.so[0m
[1.944s] [ 58%] Built target teleop_msgs__rosidl_typesupport_cpp
[1.961s] [ 61%] [32m[1mLinking CXX shared library libteleop_msgs__rosidl_typesupport_introspection_cpp.so[0m
[1.984s] [ 61%] Built target teleop_msgs__rosidl_typesupport_introspection_cpp
[2.080s] [ 64%] [32m[1mLinking CXX shared library libteleop_msgs__rosidl_typesupport_fastrtps_cpp.so[0m
[2.135s] [ 64%] Built target teleop_msgs__rosidl_typesupport_fastrtps_cpp
[2.139s] [ 66%] [34m[1mGenerating C type support for eProsima Fast-RTPS[0m
[2.366s] [ 69%] [32mBuilding CXX object CMakeFiles/teleop_msgs__rosidl_typesupport_fastrtps_c.dir/rosidl_typesupport_fastrtps_c/teleop_msgs/msg/detail/vehicle_control_data__type_support_c.cpp.o[0m
[2.367s] [ 71%] [32mBuilding CXX object CMakeFiles/teleop_msgs__rosidl_typesupport_fastrtps_c.dir/rosidl_typesupport_fastrtps_c/teleop_msgs/srv/detail/e_stop_service__type_support_c.cpp.o[0m
[2.667s] [ 74%] [32m[1mLinking CXX shared library libteleop_msgs__rosidl_typesupport_fastrtps_c.so[0m
[2.724s] [ 74%] Built target teleop_msgs__rosidl_typesupport_fastrtps_c
[2.730s] [ 74%] Built target teleop_msgs
[2.737s] [ 76%] [34m[1mGenerating Python code for ROS interfaces[0m
[3.258s] [ 76%] Built target teleop_msgs__py
[3.264s] [ 79%] [32mBuilding C object CMakeFiles/teleop_msgs__python.dir/rosidl_generator_py/teleop_msgs/msg/_vehicle_control_data_s.c.o[0m
[3.264s] [ 82%] [32mBuilding C object CMakeFiles/teleop_msgs__python.dir/rosidl_generator_py/teleop_msgs/srv/_e_stop_service_s.c.o[0m
[3.336s] [ 84%] [32m[1mLinking C shared library rosidl_generator_py/teleop_msgs/libteleop_msgs__python.so[0m
[3.357s] [ 84%] Built target teleop_msgs__python
[3.364s] [ 87%] [32mBuilding C object CMakeFiles/teleop_msgs__rosidl_typesupport_fastrtps_c__pyext.dir/rosidl_generator_py/teleop_msgs/_teleop_msgs_s.ep.rosidl_typesupport_fastrtps_c.c.o[0m
[3.364s] [ 89%] [32mBuilding C object CMakeFiles/teleop_msgs__rosidl_typesupport_introspection_c__pyext.dir/rosidl_generator_py/teleop_msgs/_teleop_msgs_s.ep.rosidl_typesupport_introspection_c.c.o[0m
[3.364s] [ 92%] [32mBuilding C object CMakeFiles/teleop_msgs__rosidl_typesupport_c__pyext.dir/rosidl_generator_py/teleop_msgs/_teleop_msgs_s.ep.rosidl_typesupport_c.c.o[0m
[3.430s] [100%] [32m[1mLinking C shared library rosidl_generator_py/teleop_msgs/teleop_msgs_s__rosidl_typesupport_introspection_c.cpython-38-x86_64-linux-gnu.so[0m
[3.430s] [100%] [32m[1mLinking CXX shared library rosidl_generator_py/teleop_msgs/teleop_msgs_s__rosidl_typesupport_fastrtps_c.cpython-38-x86_64-linux-gnu.so[0m
[3.430s] [100%] [32m[1mLinking C shared library rosidl_generator_py/teleop_msgs/teleop_msgs_s__rosidl_typesupport_c.cpython-38-x86_64-linux-gnu.so[0m
[3.447s] [100%] Built target teleop_msgs__rosidl_typesupport_c__pyext
[3.447s] [100%] Built target teleop_msgs__rosidl_typesupport_introspection_c__pyext
[3.471s] [100%] Built target teleop_msgs__rosidl_typesupport_fastrtps_c__pyext
[3.475s] Invoked command in '/home/tritonai/Documents/software_intro_task/software_intro_task_big_dir/build/teleop_msgs' returned '0': CMAKE_PREFIX_PATH=${CMAKE_PREFIX_PATH}:/opt/ros/galactic /opt/cmake-install/bin/cmake --build /home/tritonai/Documents/software_intro_task/software_intro_task_big_dir/build/teleop_msgs -- -j16 -l16
[3.516s] Invoking command in '/home/tritonai/Documents/software_intro_task/software_intro_task_big_dir/build/teleop_msgs': CMAKE_PREFIX_PATH=${CMAKE_PREFIX_PATH}:/opt/ros/galactic /opt/cmake-install/bin/cmake --install /home/tritonai/Documents/software_intro_task/software_intro_task_big_dir/build/teleop_msgs
[3.518s] -- Install configuration: ""
[3.518s] -- Installing: /home/tritonai/Documents/software_intro_task/software_intro_task_big_dir/install/teleop_msgs/share/ament_index/resource_index/rosidl_interfaces/teleop_msgs
[3.519s] -- Installing: /home/tritonai/Documents/software_intro_task/software_intro_task_big_dir/install/teleop_msgs/include/teleop_msgs
[3.519s] -- Installing: /home/tritonai/Documents/software_intro_task/software_intro_task_big_dir/install/teleop_msgs/include/teleop_msgs/srv
[3.519s] -- Installing: /home/tritonai/Documents/software_intro_task/software_intro_task_big_dir/install/teleop_msgs/include/teleop_msgs/srv/detail
[3.519s] -- Installing: /home/tritonai/Documents/software_intro_task/software_intro_task_big_dir/install/teleop_msgs/include/teleop_msgs/srv/detail/e_stop_service__struct.h
[3.519s] -- Installing: /home/tritonai/Documents/software_intro_task/software_intro_task_big_dir/install/teleop_msgs/include/teleop_msgs/srv/detail/e_stop_service__type_support.h
[3.519s] -- Installing: /home/tritonai/Documents/software_intro_task/software_intro_task_big_dir/install/teleop_msgs/include/teleop_msgs/srv/detail/e_stop_service__functions.c
[3.519s] -- Installing: /home/tritonai/Documents/software_intro_task/software_intro_task_big_dir/install/teleop_msgs/include/teleop_msgs/srv/detail/e_stop_service__functions.h
[3.519s] -- Installing: /home/tritonai/Documents/software_intro_task/software_intro_task_big_dir/install/teleop_msgs/include/teleop_msgs/srv/e_stop_service.h
[3.519s] -- Installing: /home/tritonai/Documents/software_intro_task/software_intro_task_big_dir/install/teleop_msgs/include/teleop_msgs/msg
[3.520s] -- Installing: /home/tritonai/Documents/software_intro_task/software_intro_task_big_dir/install/teleop_msgs/include/teleop_msgs/msg/rosidl_generator_c__visibility_control.h
[3.520s] -- Installing: /home/tritonai/Documents/software_intro_task/software_intro_task_big_dir/install/teleop_msgs/include/teleop_msgs/msg/detail
[3.520s] -- Installing: /home/tritonai/Documents/software_intro_task/software_intro_task_big_dir/install/teleop_msgs/include/teleop_msgs/msg/detail/vehicle_control_data__functions.c
[3.520s] -- Installing: /home/tritonai/Documents/software_intro_task/software_intro_task_big_dir/install/teleop_msgs/include/teleop_msgs/msg/detail/vehicle_control_data__struct.h
[3.520s] -- Installing: /home/tritonai/Documents/software_intro_task/software_intro_task_big_dir/install/teleop_msgs/include/teleop_msgs/msg/detail/vehicle_control_data__type_support.h
[3.520s] -- Installing: /home/tritonai/Documents/software_intro_task/software_intro_task_big_dir/install/teleop_msgs/include/teleop_msgs/msg/detail/vehicle_control_data__functions.h
[3.520s] -- Installing: /home/tritonai/Documents/software_intro_task/software_intro_task_big_dir/install/teleop_msgs/include/teleop_msgs/msg/vehicle_control_data.h
[3.520s] -- Installing: /home/tritonai/Documents/software_intro_task/software_intro_task_big_dir/install/teleop_msgs/share/teleop_msgs/environment/library_path.sh
[3.520s] -- Installing: /home/tritonai/Documents/software_intro_task/software_intro_task_big_dir/install/teleop_msgs/share/teleop_msgs/environment/library_path.dsv
[3.520s] -- Installing: /home/tritonai/Documents/software_intro_task/software_intro_task_big_dir/install/teleop_msgs/lib/libteleop_msgs__rosidl_generator_c.so
[3.520s] -- Set runtime path of "/home/tritonai/Documents/software_intro_task/software_intro_task_big_dir/install/teleop_msgs/lib/libteleop_msgs__rosidl_generator_c.so" to ""
[3.520s] -- Up-to-date: /home/tritonai/Documents/software_intro_task/software_intro_task_big_dir/install/teleop_msgs/include/teleop_msgs
[3.521s] -- Up-to-date: /home/tritonai/Documents/software_intro_task/software_intro_task_big_dir/install/teleop_msgs/include/teleop_msgs/srv
[3.521s] -- Up-to-date: /home/tritonai/Documents/software_intro_task/software_intro_task_big_dir/install/teleop_msgs/include/teleop_msgs/srv/detail
[3.521s] -- Installing: /home/tritonai/Documents/software_intro_task/software_intro_task_big_dir/install/teleop_msgs/include/teleop_msgs/srv/detail/e_stop_service__rosidl_typesupport_fastrtps_c.h
[3.521s] -- Up-to-date: /home/tritonai/Documents/software_intro_task/software_intro_task_big_dir/install/teleop_msgs/include/teleop_msgs/msg
[3.521s] -- Up-to-date: /home/tritonai/Documents/software_intro_task/software_intro_task_big_dir/install/teleop_msgs/include/teleop_msgs/msg/detail
[3.521s] -- Installing: /home/tritonai/Documents/software_intro_task/software_intro_task_big_dir/install/teleop_msgs/include/teleop_msgs/msg/detail/vehicle_control_data__rosidl_typesupport_fastrtps_c.h
[3.521s] -- Installing: /home/tritonai/Documents/software_intro_task/software_intro_task_big_dir/install/teleop_msgs/include/teleop_msgs/msg/rosidl_typesupport_fastrtps_c__visibility_control.h
[3.521s] -- Installing: /home/tritonai/Documents/software_intro_task/software_intro_task_big_dir/install/teleop_msgs/lib/libteleop_msgs__rosidl_typesupport_fastrtps_c.so
[3.521s] -- Set runtime path of "/home/tritonai/Documents/software_intro_task/software_intro_task_big_dir/install/teleop_msgs/lib/libteleop_msgs__rosidl_typesupport_fastrtps_c.so" to ""
[3.522s] -- Up-to-date: /home/tritonai/Documents/software_intro_task/software_intro_task_big_dir/install/teleop_msgs/include/teleop_msgs
[3.522s] -- Up-to-date: /home/tritonai/Documents/software_intro_task/software_intro_task_big_dir/install/teleop_msgs/include/teleop_msgs/srv
[3.522s] -- Up-to-date: /home/tritonai/Documents/software_intro_task/software_intro_task_big_dir/install/teleop_msgs/include/teleop_msgs/srv/detail
[3.522s] -- Installing: /home/tritonai/Documents/software_intro_task/software_intro_task_big_dir/install/teleop_msgs/include/teleop_msgs/srv/detail/e_stop_service__rosidl_typesupport_fastrtps_cpp.hpp
[3.522s] -- Installing: /home/tritonai/Documents/software_intro_task/software_intro_task_big_dir/install/teleop_msgs/include/teleop_msgs/srv/detail/dds_fastrtps
[3.522s] -- Up-to-date: /home/tritonai/Documents/software_intro_task/software_intro_task_big_dir/install/teleop_msgs/include/teleop_msgs/msg
[3.522s] -- Installing: /home/tritonai/Documents/software_intro_task/software_intro_task_big_dir/install/teleop_msgs/include/teleop_msgs/msg/rosidl_typesupport_fastrtps_cpp__visibility_control.h
[3.522s] -- Up-to-date: /home/tritonai/Documents/software_intro_task/software_intro_task_big_dir/install/teleop_msgs/include/teleop_msgs/msg/detail
[3.522s] -- Installing: /home/tritonai/Documents/software_intro_task/software_intro_task_big_dir/install/teleop_msgs/include/teleop_msgs/msg/detail/vehicle_control_data__rosidl_typesupport_fastrtps_cpp.hpp
[3.522s] -- Installing: /home/tritonai/Documents/software_intro_task/software_intro_task_big_dir/install/teleop_msgs/include/teleop_msgs/msg/detail/dds_fastrtps
[3.522s] -- Installing: /home/tritonai/Documents/software_intro_task/software_intro_task_big_dir/install/teleop_msgs/lib/libteleop_msgs__rosidl_typesupport_fastrtps_cpp.so
[3.522s] -- Set runtime path of "/home/tritonai/Documents/software_intro_task/software_intro_task_big_dir/install/teleop_msgs/lib/libteleop_msgs__rosidl_typesupport_fastrtps_cpp.so" to ""
[3.523s] -- Up-to-date: /home/tritonai/Documents/software_intro_task/software_intro_task_big_dir/install/teleop_msgs/include/teleop_msgs
[3.523s] -- Up-to-date: /home/tritonai/Documents/software_intro_task/software_intro_task_big_dir/install/teleop_msgs/include/teleop_msgs/srv
[3.523s] -- Up-to-date: /home/tritonai/Documents/software_intro_task/software_intro_task_big_dir/install/teleop_msgs/include/teleop_msgs/srv/detail
[3.523s] -- Installing: /home/tritonai/Documents/software_intro_task/software_intro_task_big_dir/install/teleop_msgs/include/teleop_msgs/srv/detail/e_stop_service__rosidl_typesupport_introspection_c.h
[3.523s] -- Installing: /home/tritonai/Documents/software_intro_task/software_intro_task_big_dir/install/teleop_msgs/include/teleop_msgs/srv/detail/e_stop_service__type_support.c
[3.523s] -- Up-to-date: /home/tritonai/Documents/software_intro_task/software_intro_task_big_dir/install/teleop_msgs/include/teleop_msgs/msg
[3.523s] -- Up-to-date: /home/tritonai/Documents/software_intro_task/software_intro_task_big_dir/install/teleop_msgs/include/teleop_msgs/msg/detail
[3.523s] -- Installing: /home/tritonai/Documents/software_intro_task/software_intro_task_big_dir/install/teleop_msgs/include/teleop_msgs/msg/detail/vehicle_control_data__type_support.c
[3.523s] -- Installing: /home/tritonai/Documents/software_intro_task/software_intro_task_big_dir/install/teleop_msgs/include/teleop_msgs/msg/detail/vehicle_control_data__rosidl_typesupport_introspection_c.h
[3.524s] -- Installing: /home/tritonai/Documents/software_intro_task/software_intro_task_big_dir/install/teleop_msgs/include/teleop_msgs/msg/rosidl_typesupport_introspection_c__visibility_control.h
[3.524s] -- Installing: /home/tritonai/Documents/software_intro_task/software_intro_task_big_dir/install/teleop_msgs/lib/libteleop_msgs__rosidl_typesupport_introspection_c.so
[3.524s] -- Set runtime path of "/home/tritonai/Documents/software_intro_task/software_intro_task_big_dir/install/teleop_msgs/lib/libteleop_msgs__rosidl_typesupport_introspection_c.so" to ""
[3.524s] -- Installing: /home/tritonai/Documents/software_intro_task/software_intro_task_big_dir/install/teleop_msgs/lib/libteleop_msgs__rosidl_typesupport_c.so
[3.524s] -- Set runtime path of "/home/tritonai/Documents/software_intro_task/software_intro_task_big_dir/install/teleop_msgs/lib/libteleop_msgs__rosidl_typesupport_c.so" to ""
[3.524s] -- Up-to-date: /home/tritonai/Documents/software_intro_task/software_intro_task_big_dir/install/teleop_msgs/include/teleop_msgs
[3.524s] -- Up-to-date: /home/tritonai/Documents/software_intro_task/software_intro_task_big_dir/install/teleop_msgs/include/teleop_msgs/srv
[3.524s] -- Up-to-date: /home/tritonai/Documents/software_intro_task/software_intro_task_big_dir/install/teleop_msgs/include/teleop_msgs/srv/detail
[3.524s] -- Installing: /home/tritonai/Documents/software_intro_task/software_intro_task_big_dir/install/teleop_msgs/include/teleop_msgs/srv/detail/e_stop_service__struct.hpp
[3.524s] -- Installing: /home/tritonai/Documents/software_intro_task/software_intro_task_big_dir/install/teleop_msgs/include/teleop_msgs/srv/detail/e_stop_service__traits.hpp
[3.524s] -- Installing: /home/tritonai/Documents/software_intro_task/software_intro_task_big_dir/install/teleop_msgs/include/teleop_msgs/srv/detail/e_stop_service__builder.hpp
[3.524s] -- Installing: /home/tritonai/Documents/software_intro_task/software_intro_task_big_dir/install/teleop_msgs/include/teleop_msgs/srv/e_stop_service.hpp
[3.525s] -- Up-to-date: /home/tritonai/Documents/software_intro_task/software_intro_task_big_dir/install/teleop_msgs/include/teleop_msgs/msg
[3.525s] -- Up-to-date: /home/tritonai/Documents/software_intro_task/software_intro_task_big_dir/install/teleop_msgs/include/teleop_msgs/msg/detail
[3.525s] -- Installing: /home/tritonai/Documents/software_intro_task/software_intro_task_big_dir/install/teleop_msgs/include/teleop_msgs/msg/detail/vehicle_control_data__builder.hpp
[3.525s] -- Installing: /home/tritonai/Documents/software_intro_task/software_intro_task_big_dir/install/teleop_msgs/include/teleop_msgs/msg/detail/vehicle_control_data__struct.hpp
[3.525s] -- Installing: /home/tritonai/Documents/software_intro_task/software_intro_task_big_dir/install/teleop_msgs/include/teleop_msgs/msg/detail/vehicle_control_data__traits.hpp
[3.525s] -- Installing: /home/tritonai/Documents/software_intro_task/software_intro_task_big_dir/install/teleop_msgs/include/teleop_msgs/msg/vehicle_control_data.hpp
[3.525s] -- Up-to-date: /home/tritonai/Documents/software_intro_task/software_intro_task_big_dir/install/teleop_msgs/include/teleop_msgs
[3.525s] -- Up-to-date: /home/tritonai/Documents/software_intro_task/software_intro_task_big_dir/install/teleop_msgs/include/teleop_msgs/srv
[3.525s] -- Up-to-date: /home/tritonai/Documents/software_intro_task/software_intro_task_big_dir/install/teleop_msgs/include/teleop_msgs/srv/detail
[3.525s] -- Installing: /home/tritonai/Documents/software_intro_task/software_intro_task_big_dir/install/teleop_msgs/include/teleop_msgs/srv/detail/e_stop_service__type_support.cpp
[3.525s] -- Installing: /home/tritonai/Documents/software_intro_task/software_intro_task_big_dir/install/teleop_msgs/include/teleop_msgs/srv/detail/e_stop_service__rosidl_typesupport_introspection_cpp.hpp
[3.525s] -- Up-to-date: /home/tritonai/Documents/software_intro_task/software_intro_task_big_dir/install/teleop_msgs/include/teleop_msgs/msg
[3.525s] -- Up-to-date: /home/tritonai/Documents/software_intro_task/software_intro_task_big_dir/install/teleop_msgs/include/teleop_msgs/msg/detail
[3.525s] -- Installing: /home/tritonai/Documents/software_intro_task/software_intro_task_big_dir/install/teleop_msgs/include/teleop_msgs/msg/detail/vehicle_control_data__type_support.cpp
[3.526s] -- Installing: /home/tritonai/Documents/software_intro_task/software_intro_task_big_dir/install/teleop_msgs/include/teleop_msgs/msg/detail/vehicle_control_data__rosidl_typesupport_introspection_cpp.hpp
[3.526s] -- Installing: /home/tritonai/Documents/software_intro_task/software_intro_task_big_dir/install/teleop_msgs/lib/libteleop_msgs__rosidl_typesupport_introspection_cpp.so
[3.526s] -- Set runtime path of "/home/tritonai/Documents/software_intro_task/software_intro_task_big_dir/install/teleop_msgs/lib/libteleop_msgs__rosidl_typesupport_introspection_cpp.so" to ""
[3.526s] -- Installing: /home/tritonai/Documents/software_intro_task/software_intro_task_big_dir/install/teleop_msgs/lib/libteleop_msgs__rosidl_typesupport_cpp.so
[3.526s] -- Set runtime path of "/home/tritonai/Documents/software_intro_task/software_intro_task_big_dir/install/teleop_msgs/lib/libteleop_msgs__rosidl_typesupport_cpp.so" to ""
[3.526s] -- Installing: /home/tritonai/Documents/software_intro_task/software_intro_task_big_dir/install/teleop_msgs/share/teleop_msgs/environment/pythonpath.sh
[3.526s] -- Installing: /home/tritonai/Documents/software_intro_task/software_intro_task_big_dir/install/teleop_msgs/share/teleop_msgs/environment/pythonpath.dsv
[3.526s] -- Installing: /home/tritonai/Documents/software_intro_task/software_intro_task_big_dir/install/teleop_msgs/lib/python3.8/site-packages/teleop_msgs/__init__.py
[3.549s] Compiling '/home/tritonai/Documents/software_intro_task/software_intro_task_big_dir/install/teleop_msgs/lib/python3.8/site-packages/teleop_msgs/__init__.py'...
[3.552s] -- Installing: /home/tritonai/Documents/software_intro_task/software_intro_task_big_dir/install/teleop_msgs/lib/python3.8/site-packages/teleop_msgs/msg
[3.552s] -- Installing: /home/tritonai/Documents/software_intro_task/software_intro_task_big_dir/install/teleop_msgs/lib/python3.8/site-packages/teleop_msgs/msg/_vehicle_control_data.py
[3.552s] -- Installing: /home/tritonai/Documents/software_intro_task/software_intro_task_big_dir/install/teleop_msgs/lib/python3.8/site-packages/teleop_msgs/msg/_vehicle_control_data_s.c
[3.552s] -- Installing: /home/tritonai/Documents/software_intro_task/software_intro_task_big_dir/install/teleop_msgs/lib/python3.8/site-packages/teleop_msgs/msg/__init__.py
[3.553s] -- Installing: /home/tritonai/Documents/software_intro_task/software_intro_task_big_dir/install/teleop_msgs/lib/python3.8/site-packages/teleop_msgs/srv
[3.553s] -- Installing: /home/tritonai/Documents/software_intro_task/software_intro_task_big_dir/install/teleop_msgs/lib/python3.8/site-packages/teleop_msgs/srv/_e_stop_service_s.c
[3.553s] -- Installing: /home/tritonai/Documents/software_intro_task/software_intro_task_big_dir/install/teleop_msgs/lib/python3.8/site-packages/teleop_msgs/srv/__init__.py
[3.553s] -- Installing: /home/tritonai/Documents/software_intro_task/software_intro_task_big_dir/install/teleop_msgs/lib/python3.8/site-packages/teleop_msgs/srv/_e_stop_service.py
[3.553s] -- Installing: /home/tritonai/Documents/software_intro_task/software_intro_task_big_dir/install/teleop_msgs/lib/python3.8/site-packages/teleop_msgs/teleop_msgs_s__rosidl_typesupport_fastrtps_c.cpython-38-x86_64-linux-gnu.so
[3.553s] -- Set runtime path of "/home/tritonai/Documents/software_intro_task/software_intro_task_big_dir/install/teleop_msgs/lib/python3.8/site-packages/teleop_msgs/teleop_msgs_s__rosidl_typesupport_fastrtps_c.cpython-38-x86_64-linux-gnu.so" to ""
[3.553s] -- Installing: /home/tritonai/Documents/software_intro_task/software_intro_task_big_dir/install/teleop_msgs/lib/python3.8/site-packages/teleop_msgs/teleop_msgs_s__rosidl_typesupport_introspection_c.cpython-38-x86_64-linux-gnu.so
[3.553s] -- Set runtime path of "/home/tritonai/Documents/software_intro_task/software_intro_task_big_dir/install/teleop_msgs/lib/python3.8/site-packages/teleop_msgs/teleop_msgs_s__rosidl_typesupport_introspection_c.cpython-38-x86_64-linux-gnu.so" to ""
[3.553s] -- Installing: /home/tritonai/Documents/software_intro_task/software_intro_task_big_dir/install/teleop_msgs/lib/python3.8/site-packages/teleop_msgs/teleop_msgs_s__rosidl_typesupport_c.cpython-38-x86_64-linux-gnu.so
[3.553s] -- Set runtime path of "/home/tritonai/Documents/software_intro_task/software_intro_task_big_dir/install/teleop_msgs/lib/python3.8/site-packages/teleop_msgs/teleop_msgs_s__rosidl_typesupport_c.cpython-38-x86_64-linux-gnu.so" to ""
[3.554s] -- Installing: /home/tritonai/Documents/software_intro_task/software_intro_task_big_dir/install/teleop_msgs/lib/libteleop_msgs__python.so
[3.554s] -- Set runtime path of "/home/tritonai/Documents/software_intro_task/software_intro_task_big_dir/install/teleop_msgs/lib/libteleop_msgs__python.so" to ""
[3.554s] -- Installing: /home/tritonai/Documents/software_intro_task/software_intro_task_big_dir/install/teleop_msgs/share/teleop_msgs/msg/VehicleControlData.idl
[3.554s] -- Installing: /home/tritonai/Documents/software_intro_task/software_intro_task_big_dir/install/teleop_msgs/share/teleop_msgs/srv/EStopService.idl
[3.554s] -- Installing: /home/tritonai/Documents/software_intro_task/software_intro_task_big_dir/install/teleop_msgs/share/teleop_msgs/msg/VehicleControlData.msg
[3.554s] -- Installing: /home/tritonai/Documents/software_intro_task/software_intro_task_big_dir/install/teleop_msgs/share/teleop_msgs/srv/EStopService.srv
[3.554s] -- Installing: /home/tritonai/Documents/software_intro_task/software_intro_task_big_dir/install/teleop_msgs/share/teleop_msgs/srv/EStopService_Request.msg
[3.554s] -- Installing: /home/tritonai/Documents/software_intro_task/software_intro_task_big_dir/install/teleop_msgs/share/teleop_msgs/srv/EStopService_Response.msg
[3.554s] -- Installing: /home/tritonai/Documents/software_intro_task/software_intro_task_big_dir/install/teleop_msgs/share/ament_index/resource_index/package_run_dependencies/teleop_msgs
[3.554s] -- Installing: /home/tritonai/Documents/software_intro_task/software_intro_task_big_dir/install/teleop_msgs/share/ament_index/resource_index/parent_prefix_path/teleop_msgs
[3.555s] -- Installing: /home/tritonai/Documents/software_intro_task/software_intro_task_big_dir/install/teleop_msgs/share/teleop_msgs/environment/ament_prefix_path.sh
[3.555s] -- Installing: /home/tritonai/Documents/software_intro_task/software_intro_task_big_dir/install/teleop_msgs/share/teleop_msgs/environment/ament_prefix_path.dsv
[3.555s] -- Installing: /home/tritonai/Documents/software_intro_task/software_intro_task_big_dir/install/teleop_msgs/share/teleop_msgs/environment/path.sh
[3.555s] -- Installing: /home/tritonai/Documents/software_intro_task/software_intro_task_big_dir/install/teleop_msgs/share/teleop_msgs/environment/path.dsv
[3.555s] -- Installing: /home/tritonai/Documents/software_intro_task/software_intro_task_big_dir/install/teleop_msgs/share/teleop_msgs/local_setup.bash
[3.555s] -- Installing: /home/tritonai/Documents/software_intro_task/software_intro_task_big_dir/install/teleop_msgs/share/teleop_msgs/local_setup.sh
[3.555s] -- Installing: /home/tritonai/Documents/software_intro_task/software_intro_task_big_dir/install/teleop_msgs/share/teleop_msgs/local_setup.zsh
[3.555s] -- Installing: /home/tritonai/Documents/software_intro_task/software_intro_task_big_dir/install/teleop_msgs/share/teleop_msgs/local_setup.dsv
[3.555s] -- Installing: /home/tritonai/Documents/software_intro_task/software_intro_task_big_dir/install/teleop_msgs/share/teleop_msgs/package.dsv
[3.555s] -- Installing: /home/tritonai/Documents/software_intro_task/software_intro_task_big_dir/install/teleop_msgs/share/ament_index/resource_index/packages/teleop_msgs
[3.556s] -- Installing: /home/tritonai/Documents/software_intro_task/software_intro_task_big_dir/install/teleop_msgs/share/teleop_msgs/cmake/teleop_msgs__rosidl_generator_cExport.cmake
[3.556s] -- Installing: /home/tritonai/Documents/software_intro_task/software_intro_task_big_dir/install/teleop_msgs/share/teleop_msgs/cmake/teleop_msgs__rosidl_generator_cExport-noconfig.cmake
[3.556s] -- Installing: /home/tritonai/Documents/software_intro_task/software_intro_task_big_dir/install/teleop_msgs/share/teleop_msgs/cmake/teleop_msgs__rosidl_typesupport_introspection_cExport.cmake
[3.556s] -- Installing: /home/tritonai/Documents/software_intro_task/software_intro_task_big_dir/install/teleop_msgs/share/teleop_msgs/cmake/teleop_msgs__rosidl_typesupport_introspection_cExport-noconfig.cmake
[3.556s] -- Installing: /home/tritonai/Documents/software_intro_task/software_intro_task_big_dir/install/teleop_msgs/share/teleop_msgs/cmake/teleop_msgs__rosidl_typesupport_cExport.cmake
[3.556s] -- Installing: /home/tritonai/Documents/software_intro_task/software_intro_task_big_dir/install/teleop_msgs/share/teleop_msgs/cmake/teleop_msgs__rosidl_typesupport_cExport-noconfig.cmake
[3.556s] -- Installing: /home/tritonai/Documents/software_intro_task/software_intro_task_big_dir/install/teleop_msgs/share/teleop_msgs/cmake/teleop_msgs__rosidl_generator_cppExport.cmake
[3.556s] -- Installing: /home/tritonai/Documents/software_intro_task/software_intro_task_big_dir/install/teleop_msgs/share/teleop_msgs/cmake/teleop_msgs__rosidl_typesupport_introspection_cppExport.cmake
[3.556s] -- Installing: /home/tritonai/Documents/software_intro_task/software_intro_task_big_dir/install/teleop_msgs/share/teleop_msgs/cmake/teleop_msgs__rosidl_typesupport_introspection_cppExport-noconfig.cmake
[3.557s] -- Installing: /home/tritonai/Documents/software_intro_task/software_intro_task_big_dir/install/teleop_msgs/share/teleop_msgs/cmake/teleop_msgs__rosidl_typesupport_cppExport.cmake
[3.557s] -- Installing: /home/tritonai/Documents/software_intro_task/software_intro_task_big_dir/install/teleop_msgs/share/teleop_msgs/cmake/teleop_msgs__rosidl_typesupport_cppExport-noconfig.cmake
[3.557s] -- Installing: /home/tritonai/Documents/software_intro_task/software_intro_task_big_dir/install/teleop_msgs/share/teleop_msgs/cmake/rosidl_cmake-extras.cmake
[3.557s] -- Installing: /home/tritonai/Documents/software_intro_task/software_intro_task_big_dir/install/teleop_msgs/share/teleop_msgs/cmake/ament_cmake_export_dependencies-extras.cmake
[3.557s] -- Installing: /home/tritonai/Documents/software_intro_task/software_intro_task_big_dir/install/teleop_msgs/share/teleop_msgs/cmake/ament_cmake_export_libraries-extras.cmake
[3.557s] -- Installing: /home/tritonai/Documents/software_intro_task/software_intro_task_big_dir/install/teleop_msgs/share/teleop_msgs/cmake/ament_cmake_export_targets-extras.cmake
[3.557s] -- Installing: /home/tritonai/Documents/software_intro_task/software_intro_task_big_dir/install/teleop_msgs/share/teleop_msgs/cmake/ament_cmake_export_include_directories-extras.cmake
[3.557s] -- Installing: /home/tritonai/Documents/software_intro_task/software_intro_task_big_dir/install/teleop_msgs/share/teleop_msgs/cmake/rosidl_cmake_export_typesupport_libraries-extras.cmake
[3.557s] -- Installing: /home/tritonai/Documents/software_intro_task/software_intro_task_big_dir/install/teleop_msgs/share/teleop_msgs/cmake/rosidl_cmake_export_typesupport_targets-extras.cmake
[3.557s] -- Installing: /home/tritonai/Documents/software_intro_task/software_intro_task_big_dir/install/teleop_msgs/share/teleop_msgs/cmake/teleop_msgsConfig.cmake
[3.558s] -- Installing: /home/tritonai/Documents/software_intro_task/software_intro_task_big_dir/install/teleop_msgs/share/teleop_msgs/cmake/teleop_msgsConfig-version.cmake
[3.558s] -- Installing: /home/tritonai/Documents/software_intro_task/software_intro_task_big_dir/install/teleop_msgs/share/teleop_msgs/package.xml
[3.559s] Invoked command in '/home/tritonai/Documents/software_intro_task/software_intro_task_big_dir/build/teleop_msgs' returned '0': CMAKE_PREFIX_PATH=${CMAKE_PREFIX_PATH}:/opt/ros/galactic /opt/cmake-install/bin/cmake --install /home/tritonai/Documents/software_intro_task/software_intro_task_big_dir/build/teleop_msgs
