[0.076s] Invoking command in '/home/ubuntu/software_intro_task_big_dir/build/teleop_cpp': CMAKE_PREFIX_PATH=/home/ubuntu/software_intro_task/install/teleop_py:/opt/ros/galactic /usr/bin/cmake /home/ubuntu/software_intro_task_big_dir/software_intro_task/teleop_cpp -DCMAKE_INSTALL_PREFIX=/home/ubuntu/software_intro_task_big_dir/install/teleop_cpp
[0.180s] -- The C compiler identification is GNU 9.4.0
[0.254s] -- The CXX compiler identification is GNU 9.4.0
[0.261s] -- Check for working C compiler: /usr/bin/cc
[0.356s] -- Check for working C compiler: /usr/bin/cc -- works
[0.359s] -- Detecting C compiler ABI info
[0.452s] -- Detecting C compiler ABI info - done
[0.470s] -- Detecting C compile features
[0.471s] -- Detecting C compile features - done
[0.475s] -- Check for working CXX compiler: /usr/bin/c++
[0.560s] -- Check for working CXX compiler: /usr/bin/c++ -- works
[0.563s] -- Detecting CXX compiler ABI info
[0.648s] -- Detecting CXX compiler ABI info - done
[0.664s] -- Detecting CXX compile features
[0.665s] -- Detecting CXX compile features - done
[0.670s] -- Found ament_cmake_auto: 1.1.6 (/opt/ros/galactic/share/ament_cmake_auto/cmake)
[0.702s] -- Found PythonInterp: /usr/bin/python3 (found suitable version "3.8.10", minimum required is "3") 
[0.703s] -- Using PYTHON_EXECUTABLE: /usr/bin/python3
[0.921s] -- Using single rosidl_typesupport_c: rosidl_typesupport_introspection_c
[0.932s] -- Found rosidl_adapter: 2.2.3 (/opt/ros/galactic/share/rosidl_adapter/cmake)
[0.963s] -- Using single rosidl_typesupport_cpp: rosidl_typesupport_introspection_cpp
[1.075s] -- Found rmw_implementation_cmake: 3.3.1 (/opt/ros/galactic/share/rmw_implementation_cmake/cmake)
[1.081s] -- Found rmw_cyclonedds_cpp: 0.22.6 (/opt/ros/galactic/share/rmw_cyclonedds_cpp/cmake)
[1.113s] -- Using RMW implementation 'rmw_cyclonedds_cpp' as default
[1.118s] -- Looking for pthread.h
[1.328s] -- Looking for pthread.h - found
[1.328s] -- Performing Test CMAKE_HAVE_LIBC_PTHREAD
[1.404s] -- Performing Test CMAKE_HAVE_LIBC_PTHREAD - Failed
[1.404s] -- Looking for pthread_create in pthreads
[1.469s] -- Looking for pthread_create in pthreads - not found
[1.469s] -- Looking for pthread_create in pthread
[1.544s] -- Looking for pthread_create in pthread - found
[1.548s] -- Found Threads: TRUE  
[1.885s] -- Configuring done
[1.919s] -- Generating done
[1.924s] -- Build files have been written to: /home/ubuntu/software_intro_task_big_dir/build/teleop_cpp
[1.936s] Invoked command in '/home/ubuntu/software_intro_task_big_dir/build/teleop_cpp' returned '0': CMAKE_PREFIX_PATH=/home/ubuntu/software_intro_task/install/teleop_py:/opt/ros/galactic /usr/bin/cmake /home/ubuntu/software_intro_task_big_dir/software_intro_task/teleop_cpp -DCMAKE_INSTALL_PREFIX=/home/ubuntu/software_intro_task_big_dir/install/teleop_cpp
[1.936s] Invoking command in '/home/ubuntu/software_intro_task_big_dir/build/teleop_cpp': CMAKE_PREFIX_PATH=/home/ubuntu/software_intro_task/install/teleop_py:/opt/ros/galactic /usr/bin/cmake --build /home/ubuntu/software_intro_task_big_dir/build/teleop_cpp -- -j1 -l1
[1.976s] [35m[1mScanning dependencies of target teleop_cpp[0m
[1.990s] [ 16%] [32mBuilding CXX object CMakeFiles/teleop_cpp.dir/src/teleop_cpp.cpp.o[0m
[2.402s] [ 33%] [32m[1mLinking CXX shared library libteleop_cpp.so[0m
[2.556s] [ 33%] Built target teleop_cpp
[2.564s] [35m[1mScanning dependencies of target teleop_cpp_node[0m
[2.747s] [ 50%] [32mBuilding CXX object CMakeFiles/teleop_cpp_node.dir/src/teleop_cpp_node.cpp.o[0m
[5.617s] [ 66%] [32m[1mLinking CXX shared library libteleop_cpp_node.so[0m
[5.724s] [ 66%] Built target teleop_cpp_node
[5.737s] [35m[1mScanning dependencies of target teleop_cpp_node_exe[0m
[5.804s] [ 83%] [32mBuilding CXX object CMakeFiles/teleop_cpp_node_exe.dir/rclcpp_components/node_main_teleop_cpp_node_exe.cpp.o[0m
[8.224s] [100%] [32m[1mLinking CXX executable teleop_cpp_node_exe[0m
[8.348s] [100%] Built target teleop_cpp_node_exe
[8.372s] Invoked command in '/home/ubuntu/software_intro_task_big_dir/build/teleop_cpp' returned '0': CMAKE_PREFIX_PATH=/home/ubuntu/software_intro_task/install/teleop_py:/opt/ros/galactic /usr/bin/cmake --build /home/ubuntu/software_intro_task_big_dir/build/teleop_cpp -- -j1 -l1
[8.405s] Invoking command in '/home/ubuntu/software_intro_task_big_dir/build/teleop_cpp': CMAKE_PREFIX_PATH=/home/ubuntu/software_intro_task/install/teleop_py:/opt/ros/galactic /usr/bin/cmake --install /home/ubuntu/software_intro_task_big_dir/build/teleop_cpp
[8.415s] -- Install configuration: ""
[8.416s] -- Installing: /home/ubuntu/software_intro_task_big_dir/install/teleop_cpp/lib/teleop_cpp/teleop_cpp_node_exe
[8.419s] -- Set runtime path of "/home/ubuntu/software_intro_task_big_dir/install/teleop_cpp/lib/teleop_cpp/teleop_cpp_node_exe" to ""
[8.420s] -- Installing: /home/ubuntu/software_intro_task_big_dir/install/teleop_cpp/include
[8.420s] -- Installing: /home/ubuntu/software_intro_task_big_dir/install/teleop_cpp/include/teleop_cpp
[8.421s] -- Installing: /home/ubuntu/software_intro_task_big_dir/install/teleop_cpp/include/teleop_cpp/visibility_control.hpp
[8.421s] -- Installing: /home/ubuntu/software_intro_task_big_dir/install/teleop_cpp/include/teleop_cpp/teleop_cpp_node.hpp
[8.422s] -- Installing: /home/ubuntu/software_intro_task_big_dir/install/teleop_cpp/include/teleop_cpp/teleop_cpp.hpp
[8.423s] -- Installing: /home/ubuntu/software_intro_task_big_dir/install/teleop_cpp/share/teleop_cpp/environment/library_path.sh
[8.423s] -- Installing: /home/ubuntu/software_intro_task_big_dir/install/teleop_cpp/share/teleop_cpp/environment/library_path.dsv
[8.424s] -- Installing: /home/ubuntu/software_intro_task_big_dir/install/teleop_cpp/lib/libteleop_cpp.so
[8.424s] -- Set runtime path of "/home/ubuntu/software_intro_task_big_dir/install/teleop_cpp/lib/libteleop_cpp.so" to ""
[8.424s] -- Installing: /home/ubuntu/software_intro_task_big_dir/install/teleop_cpp/lib/libteleop_cpp_node.so
[8.425s] -- Set runtime path of "/home/ubuntu/software_intro_task_big_dir/install/teleop_cpp/lib/libteleop_cpp_node.so" to ""
[8.425s] -- Installing: /home/ubuntu/software_intro_task_big_dir/install/teleop_cpp/share/teleop_cpp/param
[8.425s] -- Installing: /home/ubuntu/software_intro_task_big_dir/install/teleop_cpp/share/teleop_cpp/param/teleop_cpp.yaml
[8.426s] -- Installing: /home/ubuntu/software_intro_task_big_dir/install/teleop_cpp/share/teleop_cpp/launch
[8.426s] -- Installing: /home/ubuntu/software_intro_task_big_dir/install/teleop_cpp/share/teleop_cpp/launch/teleop_cpp.launch.py
[8.427s] -- Installing: /home/ubuntu/software_intro_task_big_dir/install/teleop_cpp/share/ament_index/resource_index/package_run_dependencies/teleop_cpp
[8.428s] -- Installing: /home/ubuntu/software_intro_task_big_dir/install/teleop_cpp/share/ament_index/resource_index/parent_prefix_path/teleop_cpp
[8.428s] -- Installing: /home/ubuntu/software_intro_task_big_dir/install/teleop_cpp/share/teleop_cpp/environment/ament_prefix_path.sh
[8.428s] -- Installing: /home/ubuntu/software_intro_task_big_dir/install/teleop_cpp/share/teleop_cpp/environment/ament_prefix_path.dsv
[8.429s] -- Installing: /home/ubuntu/software_intro_task_big_dir/install/teleop_cpp/share/teleop_cpp/environment/path.sh
[8.429s] -- Installing: /home/ubuntu/software_intro_task_big_dir/install/teleop_cpp/share/teleop_cpp/environment/path.dsv
[8.430s] -- Installing: /home/ubuntu/software_intro_task_big_dir/install/teleop_cpp/share/teleop_cpp/local_setup.bash
[8.430s] -- Installing: /home/ubuntu/software_intro_task_big_dir/install/teleop_cpp/share/teleop_cpp/local_setup.sh
[8.430s] -- Installing: /home/ubuntu/software_intro_task_big_dir/install/teleop_cpp/share/teleop_cpp/local_setup.zsh
[8.431s] -- Installing: /home/ubuntu/software_intro_task_big_dir/install/teleop_cpp/share/teleop_cpp/local_setup.dsv
[8.431s] -- Installing: /home/ubuntu/software_intro_task_big_dir/install/teleop_cpp/share/teleop_cpp/package.dsv
[8.432s] -- Installing: /home/ubuntu/software_intro_task_big_dir/install/teleop_cpp/share/ament_index/resource_index/packages/teleop_cpp
[8.432s] -- Installing: /home/ubuntu/software_intro_task_big_dir/install/teleop_cpp/share/ament_index/resource_index/rclcpp_components/teleop_cpp
[8.432s] -- Installing: /home/ubuntu/software_intro_task_big_dir/install/teleop_cpp/share/teleop_cpp/cmake/ament_cmake_export_dependencies-extras.cmake
[8.433s] -- Installing: /home/ubuntu/software_intro_task_big_dir/install/teleop_cpp/share/teleop_cpp/cmake/ament_cmake_export_include_directories-extras.cmake
[8.433s] -- Installing: /home/ubuntu/software_intro_task_big_dir/install/teleop_cpp/share/teleop_cpp/cmake/ament_cmake_export_libraries-extras.cmake
[8.433s] -- Installing: /home/ubuntu/software_intro_task_big_dir/install/teleop_cpp/share/teleop_cpp/cmake/teleop_cppConfig.cmake
[8.434s] -- Installing: /home/ubuntu/software_intro_task_big_dir/install/teleop_cpp/share/teleop_cpp/cmake/teleop_cppConfig-version.cmake
[8.434s] -- Installing: /home/ubuntu/software_intro_task_big_dir/install/teleop_cpp/share/teleop_cpp/package.xml
[8.444s] Invoked command in '/home/ubuntu/software_intro_task_big_dir/build/teleop_cpp' returned '0': CMAKE_PREFIX_PATH=/home/ubuntu/software_intro_task/install/teleop_py:/opt/ros/galactic /usr/bin/cmake --install /home/ubuntu/software_intro_task_big_dir/build/teleop_cpp
