[0.293s] DEBUG:colcon:Command line arguments: ['/usr/bin/colcon', 'build', '--packages-select', 'teleop_py']
[0.293s] DEBUG:colcon:Parsed command line arguments: Namespace(allow_overriding=[], ament_cmake_args=None, base_paths=['.'], build_base='build', catkin_cmake_args=None, catkin_skip_building_tests=False, cmake_args=None, cmake_clean_cache=False, cmake_clean_first=False, cmake_force_configure=False, cmake_target=None, cmake_target_skip_unavailable=False, continue_on_error=False, event_handlers=None, executor='parallel', ignore_user_meta=False, install_base='install', log_base=None, log_level=None, main=<bound method BuildVerb.main of <colcon_core.verb.build.BuildVerb object at 0x7fb8ba52b5e0>>, merge_install=False, metas=['./colcon.meta'], packages_above=None, packages_above_and_dependencies=None, packages_above_depth=None, packages_end=None, packages_ignore=None, packages_ignore_regex=None, packages_select=['teleop_py'], packages_select_build_failed=False, packages_select_by_dep=None, packages_select_regex=None, packages_select_test_failures=False, packages_skip=None, packages_skip_build_finished=False, packages_skip_by_dep=None, packages_skip_regex=None, packages_skip_test_passed=False, packages_skip_up_to=None, packages_start=None, packages_up_to=None, packages_up_to_regex=None, parallel_workers=16, paths=None, symlink_install=False, test_result_base=None, verb_extension=<colcon_core.verb.build.BuildVerb object at 0x7fb8ba52b5e0>, verb_name='build', verb_parser=<colcon_defaults.argument_parser.defaults.DefaultArgumentsDecorator object at 0x7fb8ba52bb20>)
[0.315s] Level 1:colcon.colcon_core.package_discovery:discover_packages(colcon_meta) check parameters
[0.315s] Level 1:colcon.colcon_core.package_discovery:discover_packages(recursive) check parameters
[0.315s] Level 1:colcon.colcon_core.package_discovery:discover_packages(ignore) check parameters
[0.315s] Level 1:colcon.colcon_core.package_discovery:discover_packages(path) check parameters
[0.315s] Level 1:colcon.colcon_core.package_discovery:discover_packages(colcon_meta) discover
[0.315s] Level 1:colcon.colcon_core.package_discovery:discover_packages(recursive) discover
[0.315s] INFO:colcon.colcon_core.package_discovery:Crawling recursively for packages in '/home/tritonai/Documents/software_intro_task/software_intro_task_big_dir'
[0.315s] Level 1:colcon.colcon_core.package_identification:_identify(.) by extensions ['ignore', 'ignore_ament_install']
[0.316s] Level 1:colcon.colcon_core.package_identification:_identify(.) by extension 'ignore'
[0.316s] Level 1:colcon.colcon_core.package_identification:_identify(.) by extension 'ignore_ament_install'
[0.316s] Level 1:colcon.colcon_core.package_identification:_identify(.) by extensions ['colcon_pkg']
[0.316s] Level 1:colcon.colcon_core.package_identification:_identify(.) by extension 'colcon_pkg'
[0.316s] Level 1:colcon.colcon_core.package_identification:_identify(.) by extensions ['colcon_meta']
[0.316s] Level 1:colcon.colcon_core.package_identification:_identify(.) by extension 'colcon_meta'
[0.316s] Level 1:colcon.colcon_core.package_identification:_identify(.) by extensions ['ros']
[0.316s] Level 1:colcon.colcon_core.package_identification:_identify(.) by extension 'ros'
[0.331s] Level 1:colcon.colcon_core.package_identification:_identify(.) by extensions ['cmake', 'python']
[0.331s] Level 1:colcon.colcon_core.package_identification:_identify(.) by extension 'cmake'
[0.331s] Level 1:colcon.colcon_core.package_identification:_identify(.) by extension 'python'
[0.331s] Level 1:colcon.colcon_core.package_identification:_identify(.) by extensions ['python_setup_py']
[0.331s] Level 1:colcon.colcon_core.package_identification:_identify(.) by extension 'python_setup_py'
[0.332s] Level 1:colcon.colcon_core.package_identification:_identify(build) by extensions ['ignore', 'ignore_ament_install']
[0.332s] Level 1:colcon.colcon_core.package_identification:_identify(build) by extension 'ignore'
[0.332s] Level 1:colcon.colcon_core.package_identification:_identify(build) ignored
[0.332s] Level 1:colcon.colcon_core.package_identification:_identify(install) by extensions ['ignore', 'ignore_ament_install']
[0.332s] Level 1:colcon.colcon_core.package_identification:_identify(install) by extension 'ignore'
[0.332s] Level 1:colcon.colcon_core.package_identification:_identify(install) ignored
[0.332s] Level 1:colcon.colcon_core.package_identification:_identify(log) by extensions ['ignore', 'ignore_ament_install']
[0.332s] Level 1:colcon.colcon_core.package_identification:_identify(log) by extension 'ignore'
[0.332s] Level 1:colcon.colcon_core.package_identification:_identify(log) ignored
[0.332s] Level 1:colcon.colcon_core.package_identification:_identify(software_intro_task_dir) by extensions ['ignore', 'ignore_ament_install']
[0.332s] Level 1:colcon.colcon_core.package_identification:_identify(software_intro_task_dir) by extension 'ignore'
[0.332s] Level 1:colcon.colcon_core.package_identification:_identify(software_intro_task_dir) by extension 'ignore_ament_install'
[0.332s] Level 1:colcon.colcon_core.package_identification:_identify(software_intro_task_dir) by extensions ['colcon_pkg']
[0.332s] Level 1:colcon.colcon_core.package_identification:_identify(software_intro_task_dir) by extension 'colcon_pkg'
[0.332s] Level 1:colcon.colcon_core.package_identification:_identify(software_intro_task_dir) by extensions ['colcon_meta']
[0.333s] Level 1:colcon.colcon_core.package_identification:_identify(software_intro_task_dir) by extension 'colcon_meta'
[0.333s] Level 1:colcon.colcon_core.package_identification:_identify(software_intro_task_dir) by extensions ['ros']
[0.333s] Level 1:colcon.colcon_core.package_identification:_identify(software_intro_task_dir) by extension 'ros'
[0.333s] Level 1:colcon.colcon_core.package_identification:_identify(software_intro_task_dir) by extensions ['cmake', 'python']
[0.333s] Level 1:colcon.colcon_core.package_identification:_identify(software_intro_task_dir) by extension 'cmake'
[0.333s] Level 1:colcon.colcon_core.package_identification:_identify(software_intro_task_dir) by extension 'python'
[0.333s] Level 1:colcon.colcon_core.package_identification:_identify(software_intro_task_dir) by extensions ['python_setup_py']
[0.333s] Level 1:colcon.colcon_core.package_identification:_identify(software_intro_task_dir) by extension 'python_setup_py'
[0.333s] Level 1:colcon.colcon_core.package_identification:_identify(software_intro_task_dir/teleop_cpp) by extensions ['ignore', 'ignore_ament_install']
[0.333s] Level 1:colcon.colcon_core.package_identification:_identify(software_intro_task_dir/teleop_cpp) by extension 'ignore'
[0.333s] Level 1:colcon.colcon_core.package_identification:_identify(software_intro_task_dir/teleop_cpp) by extension 'ignore_ament_install'
[0.333s] Level 1:colcon.colcon_core.package_identification:_identify(software_intro_task_dir/teleop_cpp) by extensions ['colcon_pkg']
[0.333s] Level 1:colcon.colcon_core.package_identification:_identify(software_intro_task_dir/teleop_cpp) by extension 'colcon_pkg'
[0.333s] Level 1:colcon.colcon_core.package_identification:_identify(software_intro_task_dir/teleop_cpp) by extensions ['colcon_meta']
[0.333s] Level 1:colcon.colcon_core.package_identification:_identify(software_intro_task_dir/teleop_cpp) by extension 'colcon_meta'
[0.333s] Level 1:colcon.colcon_core.package_identification:_identify(software_intro_task_dir/teleop_cpp) by extensions ['ros']
[0.333s] Level 1:colcon.colcon_core.package_identification:_identify(software_intro_task_dir/teleop_cpp) by extension 'ros'
[0.336s] DEBUG:colcon.colcon_core.package_identification:Package 'software_intro_task_dir/teleop_cpp' with type 'ros.ament_cmake' and name 'teleop_cpp'
[0.336s] Level 1:colcon.colcon_core.package_identification:_identify(software_intro_task_dir/teleop_msgs) by extensions ['ignore', 'ignore_ament_install']
[0.336s] Level 1:colcon.colcon_core.package_identification:_identify(software_intro_task_dir/teleop_msgs) by extension 'ignore'
[0.336s] Level 1:colcon.colcon_core.package_identification:_identify(software_intro_task_dir/teleop_msgs) by extension 'ignore_ament_install'
[0.336s] Level 1:colcon.colcon_core.package_identification:_identify(software_intro_task_dir/teleop_msgs) by extensions ['colcon_pkg']
[0.336s] Level 1:colcon.colcon_core.package_identification:_identify(software_intro_task_dir/teleop_msgs) by extension 'colcon_pkg'
[0.336s] Level 1:colcon.colcon_core.package_identification:_identify(software_intro_task_dir/teleop_msgs) by extensions ['colcon_meta']
[0.336s] Level 1:colcon.colcon_core.package_identification:_identify(software_intro_task_dir/teleop_msgs) by extension 'colcon_meta'
[0.336s] Level 1:colcon.colcon_core.package_identification:_identify(software_intro_task_dir/teleop_msgs) by extensions ['ros']
[0.336s] Level 1:colcon.colcon_core.package_identification:_identify(software_intro_task_dir/teleop_msgs) by extension 'ros'
[0.337s] DEBUG:colcon.colcon_core.package_identification:Package 'software_intro_task_dir/teleop_msgs' with type 'ros.ament_cmake' and name 'teleop_msgs'
[0.337s] Level 1:colcon.colcon_core.package_identification:_identify(software_intro_task_dir/teleop_py) by extensions ['ignore', 'ignore_ament_install']
[0.337s] Level 1:colcon.colcon_core.package_identification:_identify(software_intro_task_dir/teleop_py) by extension 'ignore'
[0.337s] Level 1:colcon.colcon_core.package_identification:_identify(software_intro_task_dir/teleop_py) by extension 'ignore_ament_install'
[0.337s] Level 1:colcon.colcon_core.package_identification:_identify(software_intro_task_dir/teleop_py) by extensions ['colcon_pkg']
[0.337s] Level 1:colcon.colcon_core.package_identification:_identify(software_intro_task_dir/teleop_py) by extension 'colcon_pkg'
[0.337s] Level 1:colcon.colcon_core.package_identification:_identify(software_intro_task_dir/teleop_py) by extensions ['colcon_meta']
[0.337s] Level 1:colcon.colcon_core.package_identification:_identify(software_intro_task_dir/teleop_py) by extension 'colcon_meta'
[0.337s] Level 1:colcon.colcon_core.package_identification:_identify(software_intro_task_dir/teleop_py) by extensions ['ros']
[0.337s] Level 1:colcon.colcon_core.package_identification:_identify(software_intro_task_dir/teleop_py) by extension 'ros'
[0.338s] DEBUG:colcon.colcon_core.package_identification:Package 'software_intro_task_dir/teleop_py' with type 'ros.ament_python' and name 'teleop_py'
[0.338s] Level 1:colcon.colcon_core.package_discovery:discover_packages(recursive) using defaults
[0.338s] Level 1:colcon.colcon_core.package_discovery:discover_packages(ignore) discover
[0.338s] Level 1:colcon.colcon_core.package_discovery:discover_packages(ignore) using defaults
[0.338s] Level 1:colcon.colcon_core.package_discovery:discover_packages(path) discover
[0.338s] Level 1:colcon.colcon_core.package_discovery:discover_packages(path) using defaults
[0.355s] INFO:colcon.colcon_core.package_selection:Skipping not selected package 'teleop_cpp' in 'software_intro_task_dir/teleop_cpp'
[0.356s] INFO:colcon.colcon_core.package_selection:Skipping not selected package 'teleop_msgs' in 'software_intro_task_dir/teleop_msgs'
[0.356s] Level 1:colcon.colcon_core.package_discovery:discover_packages(prefix_path) check parameters
[0.356s] Level 1:colcon.colcon_core.package_discovery:discover_packages(prefix_path) discover
[0.359s] DEBUG:colcon.colcon_installed_package_information.package_discovery:Found 341 installed packages in /opt/ros/galactic
[0.361s] Level 1:colcon.colcon_core.package_discovery:discover_packages(prefix_path) using defaults
[0.442s] Level 5:colcon.colcon_core.verb:set package 'teleop_py' build argument 'cmake_args' from command line to 'None'
[0.442s] Level 5:colcon.colcon_core.verb:set package 'teleop_py' build argument 'cmake_target' from command line to 'None'
[0.442s] Level 5:colcon.colcon_core.verb:set package 'teleop_py' build argument 'cmake_target_skip_unavailable' from command line to 'False'
[0.442s] Level 5:colcon.colcon_core.verb:set package 'teleop_py' build argument 'cmake_clean_cache' from command line to 'False'
[0.442s] Level 5:colcon.colcon_core.verb:set package 'teleop_py' build argument 'cmake_clean_first' from command line to 'False'
[0.442s] Level 5:colcon.colcon_core.verb:set package 'teleop_py' build argument 'cmake_force_configure' from command line to 'False'
[0.442s] Level 5:colcon.colcon_core.verb:set package 'teleop_py' build argument 'ament_cmake_args' from command line to 'None'
[0.442s] Level 5:colcon.colcon_core.verb:set package 'teleop_py' build argument 'catkin_cmake_args' from command line to 'None'
[0.442s] Level 5:colcon.colcon_core.verb:set package 'teleop_py' build argument 'catkin_skip_building_tests' from command line to 'False'
[0.442s] DEBUG:colcon.colcon_core.verb:Building package 'teleop_py' with the following arguments: {'ament_cmake_args': None, 'build_base': '/home/tritonai/Documents/software_intro_task/software_intro_task_big_dir/build/teleop_py', 'catkin_cmake_args': None, 'catkin_skip_building_tests': False, 'cmake_args': None, 'cmake_clean_cache': False, 'cmake_clean_first': False, 'cmake_force_configure': False, 'cmake_target': None, 'cmake_target_skip_unavailable': False, 'install_base': '/home/tritonai/Documents/software_intro_task/software_intro_task_big_dir/install/teleop_py', 'merge_install': False, 'path': '/home/tritonai/Documents/software_intro_task/software_intro_task_big_dir/software_intro_task_dir/teleop_py', 'symlink_install': False, 'test_result_base': None}
[0.443s] INFO:colcon.colcon_core.executor:Executing jobs using 'parallel' executor
[0.446s] DEBUG:colcon.colcon_parallel_executor.executor.parallel:run_until_complete
[0.446s] INFO:colcon.colcon_ros.task.ament_python.build:Building ROS package in '/home/tritonai/Documents/software_intro_task/software_intro_task_big_dir/software_intro_task_dir/teleop_py' with build type 'ament_python'
[0.446s] Level 1:colcon.colcon_core.shell:create_environment_hook('teleop_py', 'ament_prefix_path')
[0.449s] INFO:colcon.colcon_core.plugin_system:Skipping extension 'colcon_core.shell.bat': Not used on non-Windows systems
[0.449s] INFO:colcon.colcon_core.shell:Creating environment hook '/home/tritonai/Documents/software_intro_task/software_intro_task_big_dir/install/teleop_py/share/teleop_py/hook/ament_prefix_path.ps1'
[0.450s] INFO:colcon.colcon_core.shell:Creating environment descriptor '/home/tritonai/Documents/software_intro_task/software_intro_task_big_dir/install/teleop_py/share/teleop_py/hook/ament_prefix_path.dsv'
[0.450s] INFO:colcon.colcon_core.shell:Creating environment hook '/home/tritonai/Documents/software_intro_task/software_intro_task_big_dir/install/teleop_py/share/teleop_py/hook/ament_prefix_path.sh'
[0.452s] INFO:colcon.colcon_core.shell:Skip shell extension 'powershell' for command environment: Not usable outside of PowerShell
[0.452s] DEBUG:colcon.colcon_core.shell:Skip shell extension 'dsv' for command environment
[0.659s] INFO:colcon.colcon_core.task.python.build:Building Python package in '/home/tritonai/Documents/software_intro_task/software_intro_task_big_dir/software_intro_task_dir/teleop_py'
[0.661s] INFO:colcon.colcon_core.shell:Skip shell extension 'powershell' for command environment: Not usable outside of PowerShell
[0.661s] DEBUG:colcon.colcon_core.shell:Skip shell extension 'dsv' for command environment
[0.998s] DEBUG:colcon.colcon_core.event_handler.log_command:Invoking command in '/home/tritonai/Documents/software_intro_task/software_intro_task_big_dir/software_intro_task_dir/teleop_py': AMENT_PREFIX_PATH=/home/tritonai/Documents/software_intro_task/software_intro_task_big_dir/install/teleop_msgs:${AMENT_PREFIX_PATH} CMAKE_PREFIX_PATH=/home/tritonai/Documents/software_intro_task/software_intro_task_big_dir/install/teleop_msgs:/opt/cmake-install LD_LIBRARY_PATH=/home/tritonai/Documents/software_intro_task/software_intro_task_big_dir/install/teleop_msgs/lib:${LD_LIBRARY_PATH} PYTHONPATH=/home/tritonai/Documents/software_intro_task/software_intro_task_big_dir/build/teleop_py/prefix_override:/home/tritonai/Documents/software_intro_task/software_intro_task_big_dir/install/teleop_py/lib/python3.8/site-packages:/home/tritonai/Documents/software_intro_task/software_intro_task_big_dir/install/teleop_msgs/lib/python3.8/site-packages:${PYTHONPATH} /usr/bin/python3 setup.py egg_info --egg-base ../../build/teleop_py build --build-base /home/tritonai/Documents/software_intro_task/software_intro_task_big_dir/build/teleop_py/build install --record /home/tritonai/Documents/software_intro_task/software_intro_task_big_dir/build/teleop_py/install.log --single-version-externally-managed
[1.253s] DEBUG:colcon.colcon_core.event_handler.log_command:Invoked command in '/home/tritonai/Documents/software_intro_task/software_intro_task_big_dir/software_intro_task_dir/teleop_py' returned '0': AMENT_PREFIX_PATH=/home/tritonai/Documents/software_intro_task/software_intro_task_big_dir/install/teleop_msgs:${AMENT_PREFIX_PATH} CMAKE_PREFIX_PATH=/home/tritonai/Documents/software_intro_task/software_intro_task_big_dir/install/teleop_msgs:/opt/cmake-install LD_LIBRARY_PATH=/home/tritonai/Documents/software_intro_task/software_intro_task_big_dir/install/teleop_msgs/lib:${LD_LIBRARY_PATH} PYTHONPATH=/home/tritonai/Documents/software_intro_task/software_intro_task_big_dir/build/teleop_py/prefix_override:/home/tritonai/Documents/software_intro_task/software_intro_task_big_dir/install/teleop_py/lib/python3.8/site-packages:/home/tritonai/Documents/software_intro_task/software_intro_task_big_dir/install/teleop_msgs/lib/python3.8/site-packages:${PYTHONPATH} /usr/bin/python3 setup.py egg_info --egg-base ../../build/teleop_py build --build-base /home/tritonai/Documents/software_intro_task/software_intro_task_big_dir/build/teleop_py/build install --record /home/tritonai/Documents/software_intro_task/software_intro_task_big_dir/build/teleop_py/install.log --single-version-externally-managed
[1.258s] Level 1:colcon.colcon_core.environment:checking '/home/tritonai/Documents/software_intro_task/software_intro_task_big_dir/install/teleop_py' for CMake module files
[1.258s] Level 1:colcon.colcon_core.environment:checking '/home/tritonai/Documents/software_intro_task/software_intro_task_big_dir/install/teleop_py' for CMake config files
[1.259s] Level 1:colcon.colcon_core.environment:checking '/home/tritonai/Documents/software_intro_task/software_intro_task_big_dir/install/teleop_py/lib'
[1.259s] Level 1:colcon.colcon_core.environment:checking '/home/tritonai/Documents/software_intro_task/software_intro_task_big_dir/install/teleop_py/bin'
[1.259s] Level 1:colcon.colcon_core.environment:checking '/home/tritonai/Documents/software_intro_task/software_intro_task_big_dir/install/teleop_py/lib/pkgconfig/teleop_py.pc'
[1.259s] Level 1:colcon.colcon_core.environment:checking '/home/tritonai/Documents/software_intro_task/software_intro_task_big_dir/install/teleop_py/lib/python3.8/site-packages'
[1.260s] Level 1:colcon.colcon_core.shell:create_environment_hook('teleop_py', 'pythonpath')
[1.261s] INFO:colcon.colcon_core.shell:Creating environment hook '/home/tritonai/Documents/software_intro_task/software_intro_task_big_dir/install/teleop_py/share/teleop_py/hook/pythonpath.ps1'
[1.261s] INFO:colcon.colcon_core.shell:Creating environment descriptor '/home/tritonai/Documents/software_intro_task/software_intro_task_big_dir/install/teleop_py/share/teleop_py/hook/pythonpath.dsv'
[1.262s] INFO:colcon.colcon_core.shell:Creating environment hook '/home/tritonai/Documents/software_intro_task/software_intro_task_big_dir/install/teleop_py/share/teleop_py/hook/pythonpath.sh'
[1.262s] Level 1:colcon.colcon_core.environment:checking '/home/tritonai/Documents/software_intro_task/software_intro_task_big_dir/install/teleop_py/bin'
[1.262s] Level 1:colcon.colcon_core.environment:create_environment_scripts_only(teleop_py)
[1.264s] INFO:colcon.colcon_core.shell:Creating package script '/home/tritonai/Documents/software_intro_task/software_intro_task_big_dir/install/teleop_py/share/teleop_py/package.ps1'
[1.265s] INFO:colcon.colcon_core.shell:Creating package descriptor '/home/tritonai/Documents/software_intro_task/software_intro_task_big_dir/install/teleop_py/share/teleop_py/package.dsv'
[1.265s] INFO:colcon.colcon_core.shell:Creating package script '/home/tritonai/Documents/software_intro_task/software_intro_task_big_dir/install/teleop_py/share/teleop_py/package.sh'
[1.266s] INFO:colcon.colcon_core.shell:Creating package script '/home/tritonai/Documents/software_intro_task/software_intro_task_big_dir/install/teleop_py/share/teleop_py/package.bash'
[1.266s] INFO:colcon.colcon_core.shell:Creating package script '/home/tritonai/Documents/software_intro_task/software_intro_task_big_dir/install/teleop_py/share/teleop_py/package.zsh'
[1.267s] Level 1:colcon.colcon_core.environment:create_file_with_runtime_dependencies(/home/tritonai/Documents/software_intro_task/software_intro_task_big_dir/install/teleop_py/share/colcon-core/packages/teleop_py)
[1.267s] DEBUG:colcon.colcon_parallel_executor.executor.parallel:closing loop
[1.268s] DEBUG:colcon.colcon_parallel_executor.executor.parallel:loop closed
[1.268s] DEBUG:colcon.colcon_parallel_executor.executor.parallel:run_until_complete finished with '0'
[1.268s] DEBUG:colcon.colcon_core.event_reactor:joining thread
[1.272s] INFO:colcon.colcon_core.plugin_system:Skipping extension 'colcon_notification.desktop_notification.terminal_notifier': Not used on non-Darwin systems
[1.272s] INFO:colcon.colcon_core.plugin_system:Skipping extension 'colcon_notification.desktop_notification.win32': Not used on non-Windows systems
[1.272s] INFO:colcon.colcon_notification.desktop_notification:Sending desktop notification using 'notify2'
[1.278s] DEBUG:colcon.colcon_core.event_reactor:joined thread
[1.280s] INFO:colcon.colcon_core.shell:Creating prefix script '/home/tritonai/Documents/software_intro_task/software_intro_task_big_dir/install/local_setup.ps1'
[1.281s] INFO:colcon.colcon_core.shell:Creating prefix util module '/home/tritonai/Documents/software_intro_task/software_intro_task_big_dir/install/_local_setup_util_ps1.py'
[1.282s] INFO:colcon.colcon_core.shell:Creating prefix chain script '/home/tritonai/Documents/software_intro_task/software_intro_task_big_dir/install/setup.ps1'
[1.283s] INFO:colcon.colcon_core.shell:Creating prefix script '/home/tritonai/Documents/software_intro_task/software_intro_task_big_dir/install/local_setup.sh'
[1.283s] INFO:colcon.colcon_core.shell:Creating prefix util module '/home/tritonai/Documents/software_intro_task/software_intro_task_big_dir/install/_local_setup_util_sh.py'
[1.284s] INFO:colcon.colcon_core.shell:Creating prefix chain script '/home/tritonai/Documents/software_intro_task/software_intro_task_big_dir/install/setup.sh'
[1.285s] INFO:colcon.colcon_core.shell:Creating prefix script '/home/tritonai/Documents/software_intro_task/software_intro_task_big_dir/install/local_setup.bash'
[1.285s] INFO:colcon.colcon_core.shell:Creating prefix chain script '/home/tritonai/Documents/software_intro_task/software_intro_task_big_dir/install/setup.bash'
[1.287s] INFO:colcon.colcon_core.shell:Creating prefix script '/home/tritonai/Documents/software_intro_task/software_intro_task_big_dir/install/local_setup.zsh'
[1.288s] INFO:colcon.colcon_core.shell:Creating prefix chain script '/home/tritonai/Documents/software_intro_task/software_intro_task_big_dir/install/setup.zsh'
