running egg_info
writing ../../build/teleop_py/teleop_py.egg-info/PKG-INFO
writing dependency_links to ../../build/teleop_py/teleop_py.egg-info/dependency_links.txt
writing entry points to ../../build/teleop_py/teleop_py.egg-info/entry_points.txt
writing requirements to ../../build/teleop_py/teleop_py.egg-info/requires.txt
writing top-level names to ../../build/teleop_py/teleop_py.egg-info/top_level.txt
reading manifest file '../../build/teleop_py/teleop_py.egg-info/SOURCES.txt'
writing manifest file '../../build/teleop_py/teleop_py.egg-info/SOURCES.txt'
running build
running build_py
running install
running install_lib
byte-compiling /home/ubuntu/software_intro_task_big_dir/install/teleop_py/lib/python3.8/site-packages/teleop_py/teleop_py_node.py to teleop_py_node.cpython-38.pyc
running install_data
running install_egg_info
removing '/home/ubuntu/software_intro_task_big_dir/install/teleop_py/lib/python3.8/site-packages/teleop_py-1.0.0-py3.8.egg-info' (and everything under it)
Copying ../../build/teleop_py/teleop_py.egg-info to /home/ubuntu/software_intro_task_big_dir/install/teleop_py/lib/python3.8/site-packages/teleop_py-1.0.0-py3.8.egg-info
running install_scripts
Installing service script to /home/ubuntu/software_intro_task_big_dir/install/teleop_py/lib/teleop_py
Installing teleop_py_node_exe script to /home/ubuntu/software_intro_task_big_dir/install/teleop_py/lib/teleop_py
writing list of installed files to '/home/ubuntu/software_intro_task_big_dir/build/teleop_py/install.log'
