[0.071s] Invoking command in '/home/triton-ai/Documents/software_intro_task/software_intro_task_big_dir/build/teleop_msgs': CMAKE_PREFIX_PATH=/opt/ros/humble /usr/bin/cmake /home/triton-ai/Documents/software_intro_task/software_intro_task_big_dir/software_intro_task_dir/teleop_msgs -DCMAKE_INSTALL_PREFIX=/home/triton-ai/Documents/software_intro_task/software_intro_task_big_dir/install/teleop_msgs
[0.127s] -- The C compiler identification is GNU 11.4.0
[0.186s] -- The CXX compiler identification is GNU 11.4.0
[0.197s] -- Detecting C compiler ABI info
[0.271s] -- Detecting C compiler ABI info - done
[0.281s] -- Check for working C compiler: /usr/bin/cc - skipped
[0.281s] -- Detecting C compile features
[0.281s] -- Detecting C compile features - done
[0.285s] -- Detecting CXX compiler ABI info
[0.372s] -- Detecting CXX compiler ABI info - done
[0.382s] -- Check for working CXX compiler: /usr/bin/c++ - skipped
[0.383s] -- Detecting CXX compile features
[0.383s] -- Detecting CXX compile features - done
[0.385s] -- Found ament_cmake_auto: 1.3.5 (/opt/ros/humble/share/ament_cmake_auto/cmake)
[0.576s] -- Found Python3: /usr/bin/python3.10 (found version "3.10.12") found components: Interpreter 
[0.835s] -- Found rosidl_generator_c: 3.1.5 (/opt/ros/humble/share/rosidl_generator_c/cmake)
[0.841s] -- Found rosidl_adapter: 3.1.5 (/opt/ros/humble/share/rosidl_adapter/cmake)
[0.851s] -- Found rosidl_generator_cpp: 3.1.5 (/opt/ros/humble/share/rosidl_generator_cpp/cmake)
[0.869s] -- Using all available rosidl_typesupport_c: rosidl_typesupport_fastrtps_c;rosidl_typesupport_introspection_c
[0.892s] -- Using all available rosidl_typesupport_cpp: rosidl_typesupport_fastrtps_cpp;rosidl_typesupport_introspection_cpp
[0.980s] -- Found rmw_implementation_cmake: 6.1.1 (/opt/ros/humble/share/rmw_implementation_cmake/cmake)
[0.983s] -- Found rmw_fastrtps_cpp: 6.2.4 (/opt/ros/humble/share/rmw_fastrtps_cpp/cmake)
[1.096s] -- Found OpenSSL: /usr/lib/x86_64-linux-gnu/libcrypto.so (found version "3.0.2")  
[1.123s] -- Found FastRTPS: /opt/ros/humble/include  
[1.174s] -- Using RMW implementation 'rmw_fastrtps_cpp' as default
[1.184s] -- Looking for pthread.h
[1.268s] -- Looking for pthread.h - found
[1.269s] -- Performing Test CMAKE_HAVE_LIBC_PTHREAD
[1.346s] -- Performing Test CMAKE_HAVE_LIBC_PTHREAD - Success
[1.347s] -- Found Threads: TRUE  
[1.881s] -- Found ament_cmake_ros: 0.10.0 (/opt/ros/humble/share/ament_cmake_ros/cmake)
[2.252s] -- Using all available rosidl_typesupport_c: rosidl_typesupport_fastrtps_c;rosidl_typesupport_introspection_c
[2.399s] -- Using all available rosidl_typesupport_cpp: rosidl_typesupport_fastrtps_cpp;rosidl_typesupport_introspection_cpp
[2.427s] -- Found PythonInterp: /usr/bin/python3 (found suitable version "3.10.12", minimum required is "3.6") 
[2.429s] -- Found python_cmake_module: 0.10.0 (/opt/ros/humble/share/python_cmake_module/cmake)
[2.469s] -- Found PythonLibs: /usr/lib/x86_64-linux-gnu/libpython3.10.so (found suitable version "3.10.12", minimum required is "3.5") 
[2.470s] -- Using PYTHON_EXECUTABLE: /usr/bin/python3
[2.470s] -- Using PYTHON_INCLUDE_DIRS: /usr/include/python3.10
[2.470s] -- Using PYTHON_LIBRARIES: /usr/lib/x86_64-linux-gnu/libpython3.10.so
[2.496s] -- Found PythonExtra: .so  
[2.552s] -- Found ament_lint_auto: 0.12.8 (/opt/ros/humble/share/ament_lint_auto/cmake)
[2.587s] -- Added test 'copyright' to check source files copyright and LICENSE
[2.591s] -- Added test 'lint_cmake' to check CMake code style
[2.593s] -- Added test 'xmllint' to check XML markup files
[2.597s] -- Configuring done
[2.637s] -- Generating done
[2.641s] -- Build files have been written to: /home/triton-ai/Documents/software_intro_task/software_intro_task_big_dir/build/teleop_msgs
[2.653s] Invoked command in '/home/triton-ai/Documents/software_intro_task/software_intro_task_big_dir/build/teleop_msgs' returned '0': CMAKE_PREFIX_PATH=/opt/ros/humble /usr/bin/cmake /home/triton-ai/Documents/software_intro_task/software_intro_task_big_dir/software_intro_task_dir/teleop_msgs -DCMAKE_INSTALL_PREFIX=/home/triton-ai/Documents/software_intro_task/software_intro_task_big_dir/install/teleop_msgs
[2.655s] Invoking command in '/home/triton-ai/Documents/software_intro_task/software_intro_task_big_dir/build/teleop_msgs': CMAKE_PREFIX_PATH=/opt/ros/humble /usr/bin/cmake --build /home/triton-ai/Documents/software_intro_task/software_intro_task_big_dir/build/teleop_msgs -- -j4 -l4
[2.700s] [  2%] [34m[1mGenerating C code for ROS interfaces[0m
[2.711s] [  5%] [34m[1mGenerating C++ code for ROS interfaces[0m
[2.720s] [  5%] Built target ament_cmake_python_copy_teleop_msgs
[3.030s] running egg_info
[3.031s] creating teleop_msgs.egg-info
[3.032s] writing teleop_msgs.egg-info/PKG-INFO
[3.032s] writing dependency_links to teleop_msgs.egg-info/dependency_links.txt
[3.032s] writing top-level names to teleop_msgs.egg-info/top_level.txt
[3.032s] writing manifest file 'teleop_msgs.egg-info/SOURCES.txt'
[3.034s] reading manifest file 'teleop_msgs.egg-info/SOURCES.txt'
[3.035s] writing manifest file 'teleop_msgs.egg-info/SOURCES.txt'
[3.064s] [  5%] Built target ament_cmake_python_build_teleop_msgs_egg
[3.112s] [  5%] Built target teleop_msgs__cpp
[3.122s] [  7%] [34m[1mGenerating C++ type support dispatch for ROS interfaces[0m
[3.122s] [ 10%] [34m[1mGenerating C++ type support for eProsima Fast-RTPS[0m
[3.123s] [ 12%] [34m[1mGenerating C++ introspection for ROS interfaces[0m
[3.144s] [ 15%] [32mBuilding C object CMakeFiles/teleop_msgs__rosidl_generator_c.dir/rosidl_generator_c/teleop_msgs/msg/detail/vehicle_control_data__functions.c.o[0m
[3.196s] [ 17%] [32mBuilding C object CMakeFiles/teleop_msgs__rosidl_generator_c.dir/rosidl_generator_c/teleop_msgs/srv/detail/e_stop_service__functions.c.o[0m
[3.257s] [ 20%] [32m[1mLinking C shared library libteleop_msgs__rosidl_generator_c.so[0m
[3.295s] [ 20%] Built target teleop_msgs__rosidl_generator_c
[3.305s] [ 23%] [34m[1mGenerating C type support for eProsima Fast-RTPS[0m
[3.459s] [ 25%] [32mBuilding CXX object CMakeFiles/teleop_msgs__rosidl_typesupport_cpp.dir/rosidl_typesupport_cpp/teleop_msgs/msg/vehicle_control_data__type_support.cpp.o[0m
[3.504s] [ 28%] [32mBuilding CXX object CMakeFiles/teleop_msgs__rosidl_typesupport_introspection_cpp.dir/rosidl_typesupport_introspection_cpp/teleop_msgs/msg/detail/vehicle_control_data__type_support.cpp.o[0m
[3.534s] [ 30%] [32mBuilding CXX object CMakeFiles/teleop_msgs__rosidl_typesupport_fastrtps_cpp.dir/rosidl_typesupport_fastrtps_cpp/teleop_msgs/msg/detail/dds_fastrtps/vehicle_control_data__type_support.cpp.o[0m
[3.694s] [ 33%] [32mBuilding CXX object CMakeFiles/teleop_msgs__rosidl_typesupport_fastrtps_c.dir/rosidl_typesupport_fastrtps_c/teleop_msgs/msg/detail/vehicle_control_data__type_support_c.cpp.o[0m
[3.805s] [ 35%] [32mBuilding CXX object CMakeFiles/teleop_msgs__rosidl_typesupport_cpp.dir/rosidl_typesupport_cpp/teleop_msgs/srv/e_stop_service__type_support.cpp.o[0m
[3.996s] [ 38%] [32mBuilding CXX object CMakeFiles/teleop_msgs__rosidl_typesupport_introspection_cpp.dir/rosidl_typesupport_introspection_cpp/teleop_msgs/srv/detail/e_stop_service__type_support.cpp.o[0m
[4.049s] [ 41%] [32mBuilding CXX object CMakeFiles/teleop_msgs__rosidl_typesupport_fastrtps_cpp.dir/rosidl_typesupport_fastrtps_cpp/teleop_msgs/srv/detail/dds_fastrtps/e_stop_service__type_support.cpp.o[0m
[4.125s] [ 43%] [32mBuilding CXX object CMakeFiles/teleop_msgs__rosidl_typesupport_fastrtps_c.dir/rosidl_typesupport_fastrtps_c/teleop_msgs/srv/detail/e_stop_service__type_support_c.cpp.o[0m
[4.153s] [ 46%] [32m[1mLinking CXX shared library libteleop_msgs__rosidl_typesupport_cpp.so[0m
[4.198s] [ 46%] Built target teleop_msgs__rosidl_typesupport_cpp
[4.209s] [ 48%] [34m[1mGenerating C introspection for ROS interfaces[0m
[4.492s] [ 51%] [32m[1mLinking CXX shared library libteleop_msgs__rosidl_typesupport_introspection_cpp.so[0m
[4.538s] [ 51%] Built target teleop_msgs__rosidl_typesupport_introspection_cpp
[4.551s] [ 53%] [34m[1mGenerating C type support dispatch for ROS interfaces[0m
[4.567s] [ 56%] [32m[1mLinking CXX shared library libteleop_msgs__rosidl_typesupport_fastrtps_c.so[0m
[4.584s] [ 58%] [32m[1mLinking CXX shared library libteleop_msgs__rosidl_typesupport_fastrtps_cpp.so[0m
[4.605s] [ 61%] [32mBuilding C object CMakeFiles/teleop_msgs__rosidl_typesupport_introspection_c.dir/rosidl_typesupport_introspection_c/teleop_msgs/msg/detail/vehicle_control_data__type_support.c.o[0m
[4.646s] [ 64%] [32mBuilding C object CMakeFiles/teleop_msgs__rosidl_typesupport_introspection_c.dir/rosidl_typesupport_introspection_c/teleop_msgs/srv/detail/e_stop_service__type_support.c.o[0m
[4.668s] [ 64%] Built target teleop_msgs__rosidl_typesupport_fastrtps_c
[4.683s] [ 64%] Built target teleop_msgs__rosidl_typesupport_fastrtps_cpp
[4.688s] [ 66%] [32m[1mLinking C shared library libteleop_msgs__rosidl_typesupport_introspection_c.so[0m
[4.721s] [ 66%] Built target teleop_msgs__rosidl_typesupport_introspection_c
[4.876s] [ 71%] [32mBuilding CXX object CMakeFiles/teleop_msgs__rosidl_typesupport_c.dir/rosidl_typesupport_c/teleop_msgs/srv/e_stop_service__type_support.cpp.o[0m
[4.876s] [ 71%] [32mBuilding CXX object CMakeFiles/teleop_msgs__rosidl_typesupport_c.dir/rosidl_typesupport_c/teleop_msgs/msg/vehicle_control_data__type_support.cpp.o[0m
[4.908s] [ 74%] [32m[1mLinking CXX shared library libteleop_msgs__rosidl_typesupport_c.so[0m
[4.952s] [ 74%] Built target teleop_msgs__rosidl_typesupport_c
[4.973s] [ 74%] Built target teleop_msgs
[4.995s] [ 76%] [34m[1mGenerating Python code for ROS interfaces[0m
[5.534s] [ 76%] Built target teleop_msgs__py
[5.559s] [ 82%] [32mBuilding C object CMakeFiles/teleop_msgs__rosidl_generator_py.dir/rosidl_generator_py/teleop_msgs/srv/_e_stop_service_s.c.o[0m
[5.559s] [ 82%] [32mBuilding C object CMakeFiles/teleop_msgs__rosidl_generator_py.dir/rosidl_generator_py/teleop_msgs/msg/_vehicle_control_data_s.c.o[0m
[5.679s] [ 84%] [32m[1mLinking C shared library rosidl_generator_py/teleop_msgs/libteleop_msgs__rosidl_generator_py.so[0m
[5.725s] [ 84%] Built target teleop_msgs__rosidl_generator_py
[5.747s] [ 92%] [32mBuilding C object CMakeFiles/teleop_msgs__rosidl_typesupport_c__pyext.dir/rosidl_generator_py/teleop_msgs/_teleop_msgs_s.ep.rosidl_typesupport_c.c.o[0m
[5.747s] [ 92%] [32mBuilding C object CMakeFiles/teleop_msgs__rosidl_typesupport_fastrtps_c__pyext.dir/rosidl_generator_py/teleop_msgs/_teleop_msgs_s.ep.rosidl_typesupport_fastrtps_c.c.o[0m
[5.748s] [ 92%] [32mBuilding C object CMakeFiles/teleop_msgs__rosidl_typesupport_introspection_c__pyext.dir/rosidl_generator_py/teleop_msgs/_teleop_msgs_s.ep.rosidl_typesupport_introspection_c.c.o[0m
[5.863s] [ 94%] [32m[1mLinking C shared library rosidl_generator_py/teleop_msgs/teleop_msgs_s__rosidl_typesupport_c.cpython-310-x86_64-linux-gnu.so[0m
[5.864s] [ 97%] [32m[1mLinking C shared library rosidl_generator_py/teleop_msgs/teleop_msgs_s__rosidl_typesupport_introspection_c.cpython-310-x86_64-linux-gnu.so[0m
[5.871s] [100%] [32m[1mLinking C shared library rosidl_generator_py/teleop_msgs/teleop_msgs_s__rosidl_typesupport_fastrtps_c.cpython-310-x86_64-linux-gnu.so[0m
[5.899s] [100%] Built target teleop_msgs__rosidl_typesupport_c__pyext
[5.899s] [100%] Built target teleop_msgs__rosidl_typesupport_introspection_c__pyext
[5.910s] [100%] Built target teleop_msgs__rosidl_typesupport_fastrtps_c__pyext
[5.921s] Invoked command in '/home/triton-ai/Documents/software_intro_task/software_intro_task_big_dir/build/teleop_msgs' returned '0': CMAKE_PREFIX_PATH=/opt/ros/humble /usr/bin/cmake --build /home/triton-ai/Documents/software_intro_task/software_intro_task_big_dir/build/teleop_msgs -- -j4 -l4
[6.003s] Invoking command in '/home/triton-ai/Documents/software_intro_task/software_intro_task_big_dir/build/teleop_msgs': CMAKE_PREFIX_PATH=/opt/ros/humble /usr/bin/cmake --install /home/triton-ai/Documents/software_intro_task/software_intro_task_big_dir/build/teleop_msgs
[6.011s] -- Install configuration: ""
[6.011s] -- Installing: /home/triton-ai/Documents/software_intro_task/software_intro_task_big_dir/install/teleop_msgs/share/ament_index/resource_index/rosidl_interfaces/teleop_msgs
[6.012s] -- Installing: /home/triton-ai/Documents/software_intro_task/software_intro_task_big_dir/install/teleop_msgs/include/teleop_msgs/teleop_msgs
[6.012s] -- Installing: /home/triton-ai/Documents/software_intro_task/software_intro_task_big_dir/install/teleop_msgs/include/teleop_msgs/teleop_msgs/msg
[6.012s] -- Installing: /home/triton-ai/Documents/software_intro_task/software_intro_task_big_dir/install/teleop_msgs/include/teleop_msgs/teleop_msgs/msg/rosidl_generator_c__visibility_control.h
[6.012s] -- Installing: /home/triton-ai/Documents/software_intro_task/software_intro_task_big_dir/install/teleop_msgs/include/teleop_msgs/teleop_msgs/msg/detail
[6.012s] -- Installing: /home/triton-ai/Documents/software_intro_task/software_intro_task_big_dir/install/teleop_msgs/include/teleop_msgs/teleop_msgs/msg/detail/vehicle_control_data__struct.h
[6.012s] -- Installing: /home/triton-ai/Documents/software_intro_task/software_intro_task_big_dir/install/teleop_msgs/include/teleop_msgs/teleop_msgs/msg/detail/vehicle_control_data__functions.c
[6.012s] -- Installing: /home/triton-ai/Documents/software_intro_task/software_intro_task_big_dir/install/teleop_msgs/include/teleop_msgs/teleop_msgs/msg/detail/vehicle_control_data__type_support.h
[6.013s] -- Installing: /home/triton-ai/Documents/software_intro_task/software_intro_task_big_dir/install/teleop_msgs/include/teleop_msgs/teleop_msgs/msg/detail/vehicle_control_data__functions.h
[6.013s] -- Installing: /home/triton-ai/Documents/software_intro_task/software_intro_task_big_dir/install/teleop_msgs/include/teleop_msgs/teleop_msgs/msg/vehicle_control_data.h
[6.013s] -- Installing: /home/triton-ai/Documents/software_intro_task/software_intro_task_big_dir/install/teleop_msgs/include/teleop_msgs/teleop_msgs/srv
[6.013s] -- Installing: /home/triton-ai/Documents/software_intro_task/software_intro_task_big_dir/install/teleop_msgs/include/teleop_msgs/teleop_msgs/srv/e_stop_service.h
[6.013s] -- Installing: /home/triton-ai/Documents/software_intro_task/software_intro_task_big_dir/install/teleop_msgs/include/teleop_msgs/teleop_msgs/srv/detail
[6.013s] -- Installing: /home/triton-ai/Documents/software_intro_task/software_intro_task_big_dir/install/teleop_msgs/include/teleop_msgs/teleop_msgs/srv/detail/e_stop_service__functions.c
[6.013s] -- Installing: /home/triton-ai/Documents/software_intro_task/software_intro_task_big_dir/install/teleop_msgs/include/teleop_msgs/teleop_msgs/srv/detail/e_stop_service__type_support.h
[6.013s] -- Installing: /home/triton-ai/Documents/software_intro_task/software_intro_task_big_dir/install/teleop_msgs/include/teleop_msgs/teleop_msgs/srv/detail/e_stop_service__functions.h
[6.014s] -- Installing: /home/triton-ai/Documents/software_intro_task/software_intro_task_big_dir/install/teleop_msgs/include/teleop_msgs/teleop_msgs/srv/detail/e_stop_service__struct.h
[6.014s] -- Installing: /home/triton-ai/Documents/software_intro_task/software_intro_task_big_dir/install/teleop_msgs/share/teleop_msgs/environment/library_path.sh
[6.014s] -- Installing: /home/triton-ai/Documents/software_intro_task/software_intro_task_big_dir/install/teleop_msgs/share/teleop_msgs/environment/library_path.dsv
[6.014s] -- Installing: /home/triton-ai/Documents/software_intro_task/software_intro_task_big_dir/install/teleop_msgs/lib/libteleop_msgs__rosidl_generator_c.so
[6.014s] -- Set runtime path of "/home/triton-ai/Documents/software_intro_task/software_intro_task_big_dir/install/teleop_msgs/lib/libteleop_msgs__rosidl_generator_c.so" to ""
[6.015s] -- Up-to-date: /home/triton-ai/Documents/software_intro_task/software_intro_task_big_dir/install/teleop_msgs/include/teleop_msgs/teleop_msgs
[6.015s] -- Up-to-date: /home/triton-ai/Documents/software_intro_task/software_intro_task_big_dir/install/teleop_msgs/include/teleop_msgs/teleop_msgs/msg
[6.015s] -- Installing: /home/triton-ai/Documents/software_intro_task/software_intro_task_big_dir/install/teleop_msgs/include/teleop_msgs/teleop_msgs/msg/rosidl_typesupport_fastrtps_c__visibility_control.h
[6.015s] -- Up-to-date: /home/triton-ai/Documents/software_intro_task/software_intro_task_big_dir/install/teleop_msgs/include/teleop_msgs/teleop_msgs/msg/detail
[6.015s] -- Installing: /home/triton-ai/Documents/software_intro_task/software_intro_task_big_dir/install/teleop_msgs/include/teleop_msgs/teleop_msgs/msg/detail/vehicle_control_data__rosidl_typesupport_fastrtps_c.h
[6.015s] -- Up-to-date: /home/triton-ai/Documents/software_intro_task/software_intro_task_big_dir/install/teleop_msgs/include/teleop_msgs/teleop_msgs/srv
[6.015s] -- Up-to-date: /home/triton-ai/Documents/software_intro_task/software_intro_task_big_dir/install/teleop_msgs/include/teleop_msgs/teleop_msgs/srv/detail
[6.015s] -- Installing: /home/triton-ai/Documents/software_intro_task/software_intro_task_big_dir/install/teleop_msgs/include/teleop_msgs/teleop_msgs/srv/detail/e_stop_service__rosidl_typesupport_fastrtps_c.h
[6.015s] -- Installing: /home/triton-ai/Documents/software_intro_task/software_intro_task_big_dir/install/teleop_msgs/lib/libteleop_msgs__rosidl_typesupport_fastrtps_c.so
[6.016s] -- Set runtime path of "/home/triton-ai/Documents/software_intro_task/software_intro_task_big_dir/install/teleop_msgs/lib/libteleop_msgs__rosidl_typesupport_fastrtps_c.so" to ""
[6.016s] -- Up-to-date: /home/triton-ai/Documents/software_intro_task/software_intro_task_big_dir/install/teleop_msgs/include/teleop_msgs/teleop_msgs
[6.016s] -- Up-to-date: /home/triton-ai/Documents/software_intro_task/software_intro_task_big_dir/install/teleop_msgs/include/teleop_msgs/teleop_msgs/msg
[6.016s] -- Up-to-date: /home/triton-ai/Documents/software_intro_task/software_intro_task_big_dir/install/teleop_msgs/include/teleop_msgs/teleop_msgs/msg/detail
[6.016s] -- Installing: /home/triton-ai/Documents/software_intro_task/software_intro_task_big_dir/install/teleop_msgs/include/teleop_msgs/teleop_msgs/msg/detail/vehicle_control_data__struct.hpp
[6.016s] -- Installing: /home/triton-ai/Documents/software_intro_task/software_intro_task_big_dir/install/teleop_msgs/include/teleop_msgs/teleop_msgs/msg/detail/vehicle_control_data__traits.hpp
[6.016s] -- Installing: /home/triton-ai/Documents/software_intro_task/software_intro_task_big_dir/install/teleop_msgs/include/teleop_msgs/teleop_msgs/msg/detail/vehicle_control_data__builder.hpp
[6.016s] -- Installing: /home/triton-ai/Documents/software_intro_task/software_intro_task_big_dir/install/teleop_msgs/include/teleop_msgs/teleop_msgs/msg/vehicle_control_data.hpp
[6.017s] -- Up-to-date: /home/triton-ai/Documents/software_intro_task/software_intro_task_big_dir/install/teleop_msgs/include/teleop_msgs/teleop_msgs/srv
[6.017s] -- Up-to-date: /home/triton-ai/Documents/software_intro_task/software_intro_task_big_dir/install/teleop_msgs/include/teleop_msgs/teleop_msgs/srv/detail
[6.017s] -- Installing: /home/triton-ai/Documents/software_intro_task/software_intro_task_big_dir/install/teleop_msgs/include/teleop_msgs/teleop_msgs/srv/detail/e_stop_service__traits.hpp
[6.017s] -- Installing: /home/triton-ai/Documents/software_intro_task/software_intro_task_big_dir/install/teleop_msgs/include/teleop_msgs/teleop_msgs/srv/detail/e_stop_service__struct.hpp
[6.017s] -- Installing: /home/triton-ai/Documents/software_intro_task/software_intro_task_big_dir/install/teleop_msgs/include/teleop_msgs/teleop_msgs/srv/detail/e_stop_service__builder.hpp
[6.017s] -- Installing: /home/triton-ai/Documents/software_intro_task/software_intro_task_big_dir/install/teleop_msgs/include/teleop_msgs/teleop_msgs/srv/e_stop_service.hpp
[6.017s] -- Up-to-date: /home/triton-ai/Documents/software_intro_task/software_intro_task_big_dir/install/teleop_msgs/include/teleop_msgs/teleop_msgs
[6.017s] -- Up-to-date: /home/triton-ai/Documents/software_intro_task/software_intro_task_big_dir/install/teleop_msgs/include/teleop_msgs/teleop_msgs/msg
[6.018s] -- Up-to-date: /home/triton-ai/Documents/software_intro_task/software_intro_task_big_dir/install/teleop_msgs/include/teleop_msgs/teleop_msgs/msg/detail
[6.018s] -- Installing: /home/triton-ai/Documents/software_intro_task/software_intro_task_big_dir/install/teleop_msgs/include/teleop_msgs/teleop_msgs/msg/detail/dds_fastrtps
[6.018s] -- Installing: /home/triton-ai/Documents/software_intro_task/software_intro_task_big_dir/install/teleop_msgs/include/teleop_msgs/teleop_msgs/msg/detail/vehicle_control_data__rosidl_typesupport_fastrtps_cpp.hpp
[6.018s] -- Installing: /home/triton-ai/Documents/software_intro_task/software_intro_task_big_dir/install/teleop_msgs/include/teleop_msgs/teleop_msgs/msg/rosidl_typesupport_fastrtps_cpp__visibility_control.h
[6.018s] -- Up-to-date: /home/triton-ai/Documents/software_intro_task/software_intro_task_big_dir/install/teleop_msgs/include/teleop_msgs/teleop_msgs/srv
[6.018s] -- Up-to-date: /home/triton-ai/Documents/software_intro_task/software_intro_task_big_dir/install/teleop_msgs/include/teleop_msgs/teleop_msgs/srv/detail
[6.018s] -- Installing: /home/triton-ai/Documents/software_intro_task/software_intro_task_big_dir/install/teleop_msgs/include/teleop_msgs/teleop_msgs/srv/detail/dds_fastrtps
[6.018s] -- Installing: /home/triton-ai/Documents/software_intro_task/software_intro_task_big_dir/install/teleop_msgs/include/teleop_msgs/teleop_msgs/srv/detail/e_stop_service__rosidl_typesupport_fastrtps_cpp.hpp
[6.018s] -- Installing: /home/triton-ai/Documents/software_intro_task/software_intro_task_big_dir/install/teleop_msgs/lib/libteleop_msgs__rosidl_typesupport_fastrtps_cpp.so
[6.019s] -- Set runtime path of "/home/triton-ai/Documents/software_intro_task/software_intro_task_big_dir/install/teleop_msgs/lib/libteleop_msgs__rosidl_typesupport_fastrtps_cpp.so" to ""
[6.019s] -- Up-to-date: /home/triton-ai/Documents/software_intro_task/software_intro_task_big_dir/install/teleop_msgs/include/teleop_msgs/teleop_msgs
[6.019s] -- Up-to-date: /home/triton-ai/Documents/software_intro_task/software_intro_task_big_dir/install/teleop_msgs/include/teleop_msgs/teleop_msgs/msg
[6.019s] -- Up-to-date: /home/triton-ai/Documents/software_intro_task/software_intro_task_big_dir/install/teleop_msgs/include/teleop_msgs/teleop_msgs/msg/detail
[6.019s] -- Installing: /home/triton-ai/Documents/software_intro_task/software_intro_task_big_dir/install/teleop_msgs/include/teleop_msgs/teleop_msgs/msg/detail/vehicle_control_data__rosidl_typesupport_introspection_c.h
[6.019s] -- Installing: /home/triton-ai/Documents/software_intro_task/software_intro_task_big_dir/install/teleop_msgs/include/teleop_msgs/teleop_msgs/msg/detail/vehicle_control_data__type_support.c
[6.019s] -- Installing: /home/triton-ai/Documents/software_intro_task/software_intro_task_big_dir/install/teleop_msgs/include/teleop_msgs/teleop_msgs/msg/rosidl_typesupport_introspection_c__visibility_control.h
[6.019s] -- Up-to-date: /home/triton-ai/Documents/software_intro_task/software_intro_task_big_dir/install/teleop_msgs/include/teleop_msgs/teleop_msgs/srv
[6.019s] -- Up-to-date: /home/triton-ai/Documents/software_intro_task/software_intro_task_big_dir/install/teleop_msgs/include/teleop_msgs/teleop_msgs/srv/detail
[6.019s] -- Installing: /home/triton-ai/Documents/software_intro_task/software_intro_task_big_dir/install/teleop_msgs/include/teleop_msgs/teleop_msgs/srv/detail/e_stop_service__rosidl_typesupport_introspection_c.h
[6.020s] -- Installing: /home/triton-ai/Documents/software_intro_task/software_intro_task_big_dir/install/teleop_msgs/include/teleop_msgs/teleop_msgs/srv/detail/e_stop_service__type_support.c
[6.020s] -- Installing: /home/triton-ai/Documents/software_intro_task/software_intro_task_big_dir/install/teleop_msgs/lib/libteleop_msgs__rosidl_typesupport_introspection_c.so
[6.020s] -- Set runtime path of "/home/triton-ai/Documents/software_intro_task/software_intro_task_big_dir/install/teleop_msgs/lib/libteleop_msgs__rosidl_typesupport_introspection_c.so" to ""
[6.020s] -- Installing: /home/triton-ai/Documents/software_intro_task/software_intro_task_big_dir/install/teleop_msgs/lib/libteleop_msgs__rosidl_typesupport_c.so
[6.020s] -- Set runtime path of "/home/triton-ai/Documents/software_intro_task/software_intro_task_big_dir/install/teleop_msgs/lib/libteleop_msgs__rosidl_typesupport_c.so" to ""
[6.020s] -- Up-to-date: /home/triton-ai/Documents/software_intro_task/software_intro_task_big_dir/install/teleop_msgs/include/teleop_msgs/teleop_msgs
[6.020s] -- Up-to-date: /home/triton-ai/Documents/software_intro_task/software_intro_task_big_dir/install/teleop_msgs/include/teleop_msgs/teleop_msgs/msg
[6.021s] -- Up-to-date: /home/triton-ai/Documents/software_intro_task/software_intro_task_big_dir/install/teleop_msgs/include/teleop_msgs/teleop_msgs/msg/detail
[6.021s] -- Installing: /home/triton-ai/Documents/software_intro_task/software_intro_task_big_dir/install/teleop_msgs/include/teleop_msgs/teleop_msgs/msg/detail/vehicle_control_data__rosidl_typesupport_introspection_cpp.hpp
[6.021s] -- Installing: /home/triton-ai/Documents/software_intro_task/software_intro_task_big_dir/install/teleop_msgs/include/teleop_msgs/teleop_msgs/msg/detail/vehicle_control_data__type_support.cpp
[6.021s] -- Up-to-date: /home/triton-ai/Documents/software_intro_task/software_intro_task_big_dir/install/teleop_msgs/include/teleop_msgs/teleop_msgs/srv
[6.021s] -- Up-to-date: /home/triton-ai/Documents/software_intro_task/software_intro_task_big_dir/install/teleop_msgs/include/teleop_msgs/teleop_msgs/srv/detail
[6.021s] -- Installing: /home/triton-ai/Documents/software_intro_task/software_intro_task_big_dir/install/teleop_msgs/include/teleop_msgs/teleop_msgs/srv/detail/e_stop_service__rosidl_typesupport_introspection_cpp.hpp
[6.021s] -- Installing: /home/triton-ai/Documents/software_intro_task/software_intro_task_big_dir/install/teleop_msgs/include/teleop_msgs/teleop_msgs/srv/detail/e_stop_service__type_support.cpp
[6.021s] -- Installing: /home/triton-ai/Documents/software_intro_task/software_intro_task_big_dir/install/teleop_msgs/lib/libteleop_msgs__rosidl_typesupport_introspection_cpp.so
[6.021s] -- Set runtime path of "/home/triton-ai/Documents/software_intro_task/software_intro_task_big_dir/install/teleop_msgs/lib/libteleop_msgs__rosidl_typesupport_introspection_cpp.so" to ""
[6.021s] -- Installing: /home/triton-ai/Documents/software_intro_task/software_intro_task_big_dir/install/teleop_msgs/lib/libteleop_msgs__rosidl_typesupport_cpp.so
[6.022s] -- Set runtime path of "/home/triton-ai/Documents/software_intro_task/software_intro_task_big_dir/install/teleop_msgs/lib/libteleop_msgs__rosidl_typesupport_cpp.so" to ""
[6.022s] -- Installing: /home/triton-ai/Documents/software_intro_task/software_intro_task_big_dir/install/teleop_msgs/share/teleop_msgs/environment/pythonpath.sh
[6.022s] -- Installing: /home/triton-ai/Documents/software_intro_task/software_intro_task_big_dir/install/teleop_msgs/share/teleop_msgs/environment/pythonpath.dsv
[6.022s] -- Installing: /home/triton-ai/Documents/software_intro_task/software_intro_task_big_dir/install/teleop_msgs/local/lib/python3.10/dist-packages/teleop_msgs-1.0.0-py3.10.egg-info
[6.022s] -- Installing: /home/triton-ai/Documents/software_intro_task/software_intro_task_big_dir/install/teleop_msgs/local/lib/python3.10/dist-packages/teleop_msgs-1.0.0-py3.10.egg-info/dependency_links.txt
[6.022s] -- Installing: /home/triton-ai/Documents/software_intro_task/software_intro_task_big_dir/install/teleop_msgs/local/lib/python3.10/dist-packages/teleop_msgs-1.0.0-py3.10.egg-info/top_level.txt
[6.022s] -- Installing: /home/triton-ai/Documents/software_intro_task/software_intro_task_big_dir/install/teleop_msgs/local/lib/python3.10/dist-packages/teleop_msgs-1.0.0-py3.10.egg-info/SOURCES.txt
[6.022s] -- Installing: /home/triton-ai/Documents/software_intro_task/software_intro_task_big_dir/install/teleop_msgs/local/lib/python3.10/dist-packages/teleop_msgs-1.0.0-py3.10.egg-info/PKG-INFO
[6.023s] -- Installing: /home/triton-ai/Documents/software_intro_task/software_intro_task_big_dir/install/teleop_msgs/local/lib/python3.10/dist-packages/teleop_msgs
[6.023s] -- Installing: /home/triton-ai/Documents/software_intro_task/software_intro_task_big_dir/install/teleop_msgs/local/lib/python3.10/dist-packages/teleop_msgs/teleop_msgs_s__rosidl_typesupport_fastrtps_c.cpython-310-x86_64-linux-gnu.so
[6.023s] -- Installing: /home/triton-ai/Documents/software_intro_task/software_intro_task_big_dir/install/teleop_msgs/local/lib/python3.10/dist-packages/teleop_msgs/msg
[6.023s] -- Installing: /home/triton-ai/Documents/software_intro_task/software_intro_task_big_dir/install/teleop_msgs/local/lib/python3.10/dist-packages/teleop_msgs/msg/_vehicle_control_data_s.c
[6.023s] -- Installing: /home/triton-ai/Documents/software_intro_task/software_intro_task_big_dir/install/teleop_msgs/local/lib/python3.10/dist-packages/teleop_msgs/msg/_vehicle_control_data.py
[6.023s] -- Installing: /home/triton-ai/Documents/software_intro_task/software_intro_task_big_dir/install/teleop_msgs/local/lib/python3.10/dist-packages/teleop_msgs/msg/__init__.py
[6.023s] -- Installing: /home/triton-ai/Documents/software_intro_task/software_intro_task_big_dir/install/teleop_msgs/local/lib/python3.10/dist-packages/teleop_msgs/__init__.py
[6.023s] -- Installing: /home/triton-ai/Documents/software_intro_task/software_intro_task_big_dir/install/teleop_msgs/local/lib/python3.10/dist-packages/teleop_msgs/srv
[6.024s] -- Installing: /home/triton-ai/Documents/software_intro_task/software_intro_task_big_dir/install/teleop_msgs/local/lib/python3.10/dist-packages/teleop_msgs/srv/_e_stop_service.py
[6.024s] -- Installing: /home/triton-ai/Documents/software_intro_task/software_intro_task_big_dir/install/teleop_msgs/local/lib/python3.10/dist-packages/teleop_msgs/srv/__init__.py
[6.024s] -- Installing: /home/triton-ai/Documents/software_intro_task/software_intro_task_big_dir/install/teleop_msgs/local/lib/python3.10/dist-packages/teleop_msgs/srv/_e_stop_service_s.c
[6.024s] -- Installing: /home/triton-ai/Documents/software_intro_task/software_intro_task_big_dir/install/teleop_msgs/local/lib/python3.10/dist-packages/teleop_msgs/libteleop_msgs__rosidl_generator_py.so
[6.024s] -- Installing: /home/triton-ai/Documents/software_intro_task/software_intro_task_big_dir/install/teleop_msgs/local/lib/python3.10/dist-packages/teleop_msgs/teleop_msgs_s__rosidl_typesupport_introspection_c.cpython-310-x86_64-linux-gnu.so
[6.024s] -- Installing: /home/triton-ai/Documents/software_intro_task/software_intro_task_big_dir/install/teleop_msgs/local/lib/python3.10/dist-packages/teleop_msgs/teleop_msgs_s__rosidl_typesupport_c.cpython-310-x86_64-linux-gnu.so
[6.024s] -- Installing: /home/triton-ai/Documents/software_intro_task/software_intro_task_big_dir/install/teleop_msgs/local/lib/python3.10/dist-packages/teleop_msgs/_teleop_msgs_s.ep.rosidl_typesupport_fastrtps_c.c
[6.025s] -- Installing: /home/triton-ai/Documents/software_intro_task/software_intro_task_big_dir/install/teleop_msgs/local/lib/python3.10/dist-packages/teleop_msgs/_teleop_msgs_s.ep.rosidl_typesupport_c.c
[6.025s] -- Installing: /home/triton-ai/Documents/software_intro_task/software_intro_task_big_dir/install/teleop_msgs/local/lib/python3.10/dist-packages/teleop_msgs/_teleop_msgs_s.ep.rosidl_typesupport_introspection_c.c
[6.063s] Listing '/home/triton-ai/Documents/software_intro_task/software_intro_task_big_dir/install/teleop_msgs/local/lib/python3.10/dist-packages/teleop_msgs'...
[6.063s] Compiling '/home/triton-ai/Documents/software_intro_task/software_intro_task_big_dir/install/teleop_msgs/local/lib/python3.10/dist-packages/teleop_msgs/__init__.py'...
[6.063s] Listing '/home/triton-ai/Documents/software_intro_task/software_intro_task_big_dir/install/teleop_msgs/local/lib/python3.10/dist-packages/teleop_msgs/msg'...
[6.063s] Compiling '/home/triton-ai/Documents/software_intro_task/software_intro_task_big_dir/install/teleop_msgs/local/lib/python3.10/dist-packages/teleop_msgs/msg/__init__.py'...
[6.063s] Compiling '/home/triton-ai/Documents/software_intro_task/software_intro_task_big_dir/install/teleop_msgs/local/lib/python3.10/dist-packages/teleop_msgs/msg/_vehicle_control_data.py'...
[6.063s] Listing '/home/triton-ai/Documents/software_intro_task/software_intro_task_big_dir/install/teleop_msgs/local/lib/python3.10/dist-packages/teleop_msgs/srv'...
[6.064s] Compiling '/home/triton-ai/Documents/software_intro_task/software_intro_task_big_dir/install/teleop_msgs/local/lib/python3.10/dist-packages/teleop_msgs/srv/__init__.py'...
[6.064s] Compiling '/home/triton-ai/Documents/software_intro_task/software_intro_task_big_dir/install/teleop_msgs/local/lib/python3.10/dist-packages/teleop_msgs/srv/_e_stop_service.py'...
[6.068s] -- Installing: /home/triton-ai/Documents/software_intro_task/software_intro_task_big_dir/install/teleop_msgs/local/lib/python3.10/dist-packages/teleop_msgs/teleop_msgs_s__rosidl_typesupport_fastrtps_c.cpython-310-x86_64-linux-gnu.so
[6.068s] -- Set runtime path of "/home/triton-ai/Documents/software_intro_task/software_intro_task_big_dir/install/teleop_msgs/local/lib/python3.10/dist-packages/teleop_msgs/teleop_msgs_s__rosidl_typesupport_fastrtps_c.cpython-310-x86_64-linux-gnu.so" to ""
[6.068s] -- Installing: /home/triton-ai/Documents/software_intro_task/software_intro_task_big_dir/install/teleop_msgs/local/lib/python3.10/dist-packages/teleop_msgs/teleop_msgs_s__rosidl_typesupport_introspection_c.cpython-310-x86_64-linux-gnu.so
[6.069s] -- Set runtime path of "/home/triton-ai/Documents/software_intro_task/software_intro_task_big_dir/install/teleop_msgs/local/lib/python3.10/dist-packages/teleop_msgs/teleop_msgs_s__rosidl_typesupport_introspection_c.cpython-310-x86_64-linux-gnu.so" to ""
[6.069s] -- Installing: /home/triton-ai/Documents/software_intro_task/software_intro_task_big_dir/install/teleop_msgs/local/lib/python3.10/dist-packages/teleop_msgs/teleop_msgs_s__rosidl_typesupport_c.cpython-310-x86_64-linux-gnu.so
[6.070s] -- Set runtime path of "/home/triton-ai/Documents/software_intro_task/software_intro_task_big_dir/install/teleop_msgs/local/lib/python3.10/dist-packages/teleop_msgs/teleop_msgs_s__rosidl_typesupport_c.cpython-310-x86_64-linux-gnu.so" to ""
[6.070s] -- Installing: /home/triton-ai/Documents/software_intro_task/software_intro_task_big_dir/install/teleop_msgs/lib/libteleop_msgs__rosidl_generator_py.so
[6.070s] -- Set runtime path of "/home/triton-ai/Documents/software_intro_task/software_intro_task_big_dir/install/teleop_msgs/lib/libteleop_msgs__rosidl_generator_py.so" to ""
[6.070s] -- Installing: /home/triton-ai/Documents/software_intro_task/software_intro_task_big_dir/install/teleop_msgs/share/teleop_msgs/msg/VehicleControlData.idl
[6.071s] -- Installing: /home/triton-ai/Documents/software_intro_task/software_intro_task_big_dir/install/teleop_msgs/share/teleop_msgs/srv/EStopService.idl
[6.071s] -- Installing: /home/triton-ai/Documents/software_intro_task/software_intro_task_big_dir/install/teleop_msgs/share/teleop_msgs/msg/VehicleControlData.msg
[6.071s] -- Installing: /home/triton-ai/Documents/software_intro_task/software_intro_task_big_dir/install/teleop_msgs/share/teleop_msgs/srv/EStopService.srv
[6.071s] -- Installing: /home/triton-ai/Documents/software_intro_task/software_intro_task_big_dir/install/teleop_msgs/share/teleop_msgs/srv/EStopService_Request.msg
[6.071s] -- Installing: /home/triton-ai/Documents/software_intro_task/software_intro_task_big_dir/install/teleop_msgs/share/teleop_msgs/srv/EStopService_Response.msg
[6.071s] -- Installing: /home/triton-ai/Documents/software_intro_task/software_intro_task_big_dir/install/teleop_msgs/share/ament_index/resource_index/package_run_dependencies/teleop_msgs
[6.072s] -- Installing: /home/triton-ai/Documents/software_intro_task/software_intro_task_big_dir/install/teleop_msgs/share/ament_index/resource_index/parent_prefix_path/teleop_msgs
[6.072s] -- Installing: /home/triton-ai/Documents/software_intro_task/software_intro_task_big_dir/install/teleop_msgs/share/teleop_msgs/environment/ament_prefix_path.sh
[6.072s] -- Installing: /home/triton-ai/Documents/software_intro_task/software_intro_task_big_dir/install/teleop_msgs/share/teleop_msgs/environment/ament_prefix_path.dsv
[6.072s] -- Installing: /home/triton-ai/Documents/software_intro_task/software_intro_task_big_dir/install/teleop_msgs/share/teleop_msgs/environment/path.sh
[6.072s] -- Installing: /home/triton-ai/Documents/software_intro_task/software_intro_task_big_dir/install/teleop_msgs/share/teleop_msgs/environment/path.dsv
[6.073s] -- Installing: /home/triton-ai/Documents/software_intro_task/software_intro_task_big_dir/install/teleop_msgs/share/teleop_msgs/local_setup.bash
[6.073s] -- Installing: /home/triton-ai/Documents/software_intro_task/software_intro_task_big_dir/install/teleop_msgs/share/teleop_msgs/local_setup.sh
[6.073s] -- Installing: /home/triton-ai/Documents/software_intro_task/software_intro_task_big_dir/install/teleop_msgs/share/teleop_msgs/local_setup.zsh
[6.073s] -- Installing: /home/triton-ai/Documents/software_intro_task/software_intro_task_big_dir/install/teleop_msgs/share/teleop_msgs/local_setup.dsv
[6.073s] -- Installing: /home/triton-ai/Documents/software_intro_task/software_intro_task_big_dir/install/teleop_msgs/share/teleop_msgs/package.dsv
[6.073s] -- Installing: /home/triton-ai/Documents/software_intro_task/software_intro_task_big_dir/install/teleop_msgs/share/ament_index/resource_index/packages/teleop_msgs
[6.074s] -- Installing: /home/triton-ai/Documents/software_intro_task/software_intro_task_big_dir/install/teleop_msgs/share/teleop_msgs/cmake/export_teleop_msgs__rosidl_generator_cExport.cmake
[6.074s] -- Installing: /home/triton-ai/Documents/software_intro_task/software_intro_task_big_dir/install/teleop_msgs/share/teleop_msgs/cmake/export_teleop_msgs__rosidl_generator_cExport-noconfig.cmake
[6.074s] -- Installing: /home/triton-ai/Documents/software_intro_task/software_intro_task_big_dir/install/teleop_msgs/share/teleop_msgs/cmake/export_teleop_msgs__rosidl_typesupport_fastrtps_cExport.cmake
[6.074s] -- Installing: /home/triton-ai/Documents/software_intro_task/software_intro_task_big_dir/install/teleop_msgs/share/teleop_msgs/cmake/export_teleop_msgs__rosidl_typesupport_fastrtps_cExport-noconfig.cmake
[6.074s] -- Installing: /home/triton-ai/Documents/software_intro_task/software_intro_task_big_dir/install/teleop_msgs/share/teleop_msgs/cmake/export_teleop_msgs__rosidl_generator_cppExport.cmake
[6.075s] -- Installing: /home/triton-ai/Documents/software_intro_task/software_intro_task_big_dir/install/teleop_msgs/share/teleop_msgs/cmake/export_teleop_msgs__rosidl_typesupport_fastrtps_cppExport.cmake
[6.075s] -- Installing: /home/triton-ai/Documents/software_intro_task/software_intro_task_big_dir/install/teleop_msgs/share/teleop_msgs/cmake/export_teleop_msgs__rosidl_typesupport_fastrtps_cppExport-noconfig.cmake
[6.075s] -- Installing: /home/triton-ai/Documents/software_intro_task/software_intro_task_big_dir/install/teleop_msgs/share/teleop_msgs/cmake/teleop_msgs__rosidl_typesupport_introspection_cExport.cmake
[6.075s] -- Installing: /home/triton-ai/Documents/software_intro_task/software_intro_task_big_dir/install/teleop_msgs/share/teleop_msgs/cmake/teleop_msgs__rosidl_typesupport_introspection_cExport-noconfig.cmake
[6.075s] -- Installing: /home/triton-ai/Documents/software_intro_task/software_intro_task_big_dir/install/teleop_msgs/share/teleop_msgs/cmake/teleop_msgs__rosidl_typesupport_cExport.cmake
[6.076s] -- Installing: /home/triton-ai/Documents/software_intro_task/software_intro_task_big_dir/install/teleop_msgs/share/teleop_msgs/cmake/teleop_msgs__rosidl_typesupport_cExport-noconfig.cmake
[6.076s] -- Installing: /home/triton-ai/Documents/software_intro_task/software_intro_task_big_dir/install/teleop_msgs/share/teleop_msgs/cmake/teleop_msgs__rosidl_typesupport_introspection_cppExport.cmake
[6.076s] -- Installing: /home/triton-ai/Documents/software_intro_task/software_intro_task_big_dir/install/teleop_msgs/share/teleop_msgs/cmake/teleop_msgs__rosidl_typesupport_introspection_cppExport-noconfig.cmake
[6.076s] -- Installing: /home/triton-ai/Documents/software_intro_task/software_intro_task_big_dir/install/teleop_msgs/share/teleop_msgs/cmake/teleop_msgs__rosidl_typesupport_cppExport.cmake
[6.076s] -- Installing: /home/triton-ai/Documents/software_intro_task/software_intro_task_big_dir/install/teleop_msgs/share/teleop_msgs/cmake/teleop_msgs__rosidl_typesupport_cppExport-noconfig.cmake
[6.077s] -- Installing: /home/triton-ai/Documents/software_intro_task/software_intro_task_big_dir/install/teleop_msgs/share/teleop_msgs/cmake/export_teleop_msgs__rosidl_generator_pyExport.cmake
[6.077s] -- Installing: /home/triton-ai/Documents/software_intro_task/software_intro_task_big_dir/install/teleop_msgs/share/teleop_msgs/cmake/export_teleop_msgs__rosidl_generator_pyExport-noconfig.cmake
[6.077s] -- Installing: /home/triton-ai/Documents/software_intro_task/software_intro_task_big_dir/install/teleop_msgs/share/teleop_msgs/cmake/rosidl_cmake-extras.cmake
[6.077s] -- Installing: /home/triton-ai/Documents/software_intro_task/software_intro_task_big_dir/install/teleop_msgs/share/teleop_msgs/cmake/ament_cmake_export_include_directories-extras.cmake
[6.077s] -- Installing: /home/triton-ai/Documents/software_intro_task/software_intro_task_big_dir/install/teleop_msgs/share/teleop_msgs/cmake/ament_cmake_export_libraries-extras.cmake
[6.078s] -- Installing: /home/triton-ai/Documents/software_intro_task/software_intro_task_big_dir/install/teleop_msgs/share/teleop_msgs/cmake/ament_cmake_export_targets-extras.cmake
[6.078s] -- Installing: /home/triton-ai/Documents/software_intro_task/software_intro_task_big_dir/install/teleop_msgs/share/teleop_msgs/cmake/rosidl_cmake_export_typesupport_targets-extras.cmake
[6.078s] -- Installing: /home/triton-ai/Documents/software_intro_task/software_intro_task_big_dir/install/teleop_msgs/share/teleop_msgs/cmake/ament_cmake_export_dependencies-extras.cmake
[6.078s] -- Installing: /home/triton-ai/Documents/software_intro_task/software_intro_task_big_dir/install/teleop_msgs/share/teleop_msgs/cmake/rosidl_cmake_export_typesupport_libraries-extras.cmake
[6.079s] -- Installing: /home/triton-ai/Documents/software_intro_task/software_intro_task_big_dir/install/teleop_msgs/share/teleop_msgs/cmake/teleop_msgsConfig.cmake
[6.079s] -- Installing: /home/triton-ai/Documents/software_intro_task/software_intro_task_big_dir/install/teleop_msgs/share/teleop_msgs/cmake/teleop_msgsConfig-version.cmake
[6.079s] -- Installing: /home/triton-ai/Documents/software_intro_task/software_intro_task_big_dir/install/teleop_msgs/share/teleop_msgs/package.xml
[6.082s] Invoked command in '/home/triton-ai/Documents/software_intro_task/software_intro_task_big_dir/build/teleop_msgs' returned '0': CMAKE_PREFIX_PATH=/opt/ros/humble /usr/bin/cmake --install /home/triton-ai/Documents/software_intro_task/software_intro_task_big_dir/build/teleop_msgs
