[1.325s] DEBUG:colcon:Command line arguments: ['/usr/bin/colcon', 'build', '--packages-select', 'teleop_msgs']
[1.325s] DEBUG:colcon:Parsed command line arguments: Namespace(log_base=None, log_level=None, verb_name='build', build_base='build', install_base='install', merge_install=False, symlink_install=False, test_result_base=None, continue_on_error=False, executor='parallel', parallel_workers=4, event_handlers=None, ignore_user_meta=False, metas=['./colcon.meta'], base_paths=['.'], packages_ignore=None, packages_ignore_regex=None, paths=None, packages_up_to=None, packages_up_to_regex=None, packages_above=None, packages_above_and_dependencies=None, packages_above_depth=None, packages_select_by_dep=None, packages_skip_by_dep=None, packages_skip_up_to=None, packages_select_build_failed=False, packages_skip_build_finished=False, packages_select_test_failures=False, packages_skip_test_passed=False, packages_select=['teleop_msgs'], packages_skip=None, packages_select_regex=None, packages_skip_regex=None, packages_start=None, packages_end=None, allow_overriding=[], cmake_args=None, cmake_target=None, cmake_target_skip_unavailable=False, cmake_clean_cache=False, cmake_clean_first=False, cmake_force_configure=False, ament_cmake_args=None, catkin_cmake_args=None, catkin_skip_building_tests=False, verb_parser=<colcon_defaults.argument_parser.defaults.DefaultArgumentsDecorator object at 0x7f5319ea3790>, verb_extension=<colcon_core.verb.build.BuildVerb object at 0x7f531b097f40>, main=<bound method BuildVerb.main of <colcon_core.verb.build.BuildVerb object at 0x7f531b097f40>>)
[1.385s] Level 1:colcon.colcon_core.package_discovery:discover_packages(colcon_meta) check parameters
[1.385s] Level 1:colcon.colcon_core.package_discovery:discover_packages(recursive) check parameters
[1.385s] Level 1:colcon.colcon_core.package_discovery:discover_packages(ignore) check parameters
[1.385s] Level 1:colcon.colcon_core.package_discovery:discover_packages(path) check parameters
[1.385s] Level 1:colcon.colcon_core.package_discovery:discover_packages(colcon_meta) discover
[1.385s] Level 1:colcon.colcon_core.package_discovery:discover_packages(recursive) discover
[1.385s] INFO:colcon.colcon_core.package_discovery:Crawling recursively for packages in '/home/triton-ai/Documents/software_intro_task/software_intro_task_big_dir'
[1.385s] Level 1:colcon.colcon_core.package_identification:_identify(.) by extensions ['ignore', 'ignore_ament_install']
[1.386s] Level 1:colcon.colcon_core.package_identification:_identify(.) by extension 'ignore'
[1.386s] Level 1:colcon.colcon_core.package_identification:_identify(.) by extension 'ignore_ament_install'
[1.386s] Level 1:colcon.colcon_core.package_identification:_identify(.) by extensions ['colcon_pkg']
[1.386s] Level 1:colcon.colcon_core.package_identification:_identify(.) by extension 'colcon_pkg'
[1.386s] Level 1:colcon.colcon_core.package_identification:_identify(.) by extensions ['colcon_meta']
[1.386s] Level 1:colcon.colcon_core.package_identification:_identify(.) by extension 'colcon_meta'
[1.386s] Level 1:colcon.colcon_core.package_identification:_identify(.) by extensions ['ros']
[1.386s] Level 1:colcon.colcon_core.package_identification:_identify(.) by extension 'ros'
[1.399s] Level 1:colcon.colcon_core.package_identification:_identify(.) by extensions ['cmake', 'python']
[1.399s] Level 1:colcon.colcon_core.package_identification:_identify(.) by extension 'cmake'
[1.399s] Level 1:colcon.colcon_core.package_identification:_identify(.) by extension 'python'
[1.399s] Level 1:colcon.colcon_core.package_identification:_identify(.) by extensions ['python_setup_py']
[1.399s] Level 1:colcon.colcon_core.package_identification:_identify(.) by extension 'python_setup_py'
[1.400s] Level 1:colcon.colcon_core.package_identification:_identify(build) by extensions ['ignore', 'ignore_ament_install']
[1.400s] Level 1:colcon.colcon_core.package_identification:_identify(build) by extension 'ignore'
[1.400s] Level 1:colcon.colcon_core.package_identification:_identify(build) ignored
[1.400s] Level 1:colcon.colcon_core.package_identification:_identify(install) by extensions ['ignore', 'ignore_ament_install']
[1.400s] Level 1:colcon.colcon_core.package_identification:_identify(install) by extension 'ignore'
[1.400s] Level 1:colcon.colcon_core.package_identification:_identify(install) ignored
[1.400s] Level 1:colcon.colcon_core.package_identification:_identify(log) by extensions ['ignore', 'ignore_ament_install']
[1.400s] Level 1:colcon.colcon_core.package_identification:_identify(log) by extension 'ignore'
[1.400s] Level 1:colcon.colcon_core.package_identification:_identify(log) ignored
[1.400s] Level 1:colcon.colcon_core.package_identification:_identify(software_intro_task_dir) by extensions ['ignore', 'ignore_ament_install']
[1.400s] Level 1:colcon.colcon_core.package_identification:_identify(software_intro_task_dir) by extension 'ignore'
[1.401s] Level 1:colcon.colcon_core.package_identification:_identify(software_intro_task_dir) by extension 'ignore_ament_install'
[1.401s] Level 1:colcon.colcon_core.package_identification:_identify(software_intro_task_dir) by extensions ['colcon_pkg']
[1.401s] Level 1:colcon.colcon_core.package_identification:_identify(software_intro_task_dir) by extension 'colcon_pkg'
[1.401s] Level 1:colcon.colcon_core.package_identification:_identify(software_intro_task_dir) by extensions ['colcon_meta']
[1.401s] Level 1:colcon.colcon_core.package_identification:_identify(software_intro_task_dir) by extension 'colcon_meta'
[1.401s] Level 1:colcon.colcon_core.package_identification:_identify(software_intro_task_dir) by extensions ['ros']
[1.401s] Level 1:colcon.colcon_core.package_identification:_identify(software_intro_task_dir) by extension 'ros'
[1.401s] Level 1:colcon.colcon_core.package_identification:_identify(software_intro_task_dir) by extensions ['cmake', 'python']
[1.401s] Level 1:colcon.colcon_core.package_identification:_identify(software_intro_task_dir) by extension 'cmake'
[1.401s] Level 1:colcon.colcon_core.package_identification:_identify(software_intro_task_dir) by extension 'python'
[1.401s] Level 1:colcon.colcon_core.package_identification:_identify(software_intro_task_dir) by extensions ['python_setup_py']
[1.401s] Level 1:colcon.colcon_core.package_identification:_identify(software_intro_task_dir) by extension 'python_setup_py'
[1.401s] Level 1:colcon.colcon_core.package_identification:_identify(software_intro_task_dir/teleop_cpp) by extensions ['ignore', 'ignore_ament_install']
[1.401s] Level 1:colcon.colcon_core.package_identification:_identify(software_intro_task_dir/teleop_cpp) by extension 'ignore'
[1.401s] Level 1:colcon.colcon_core.package_identification:_identify(software_intro_task_dir/teleop_cpp) by extension 'ignore_ament_install'
[1.402s] Level 1:colcon.colcon_core.package_identification:_identify(software_intro_task_dir/teleop_cpp) by extensions ['colcon_pkg']
[1.402s] Level 1:colcon.colcon_core.package_identification:_identify(software_intro_task_dir/teleop_cpp) by extension 'colcon_pkg'
[1.402s] Level 1:colcon.colcon_core.package_identification:_identify(software_intro_task_dir/teleop_cpp) by extensions ['colcon_meta']
[1.402s] Level 1:colcon.colcon_core.package_identification:_identify(software_intro_task_dir/teleop_cpp) by extension 'colcon_meta'
[1.402s] Level 1:colcon.colcon_core.package_identification:_identify(software_intro_task_dir/teleop_cpp) by extensions ['ros']
[1.402s] Level 1:colcon.colcon_core.package_identification:_identify(software_intro_task_dir/teleop_cpp) by extension 'ros'
[1.405s] DEBUG:colcon.colcon_core.package_identification:Package 'software_intro_task_dir/teleop_cpp' with type 'ros.ament_cmake' and name 'teleop_cpp'
[1.405s] Level 1:colcon.colcon_core.package_identification:_identify(software_intro_task_dir/teleop_msgs) by extensions ['ignore', 'ignore_ament_install']
[1.405s] Level 1:colcon.colcon_core.package_identification:_identify(software_intro_task_dir/teleop_msgs) by extension 'ignore'
[1.405s] Level 1:colcon.colcon_core.package_identification:_identify(software_intro_task_dir/teleop_msgs) by extension 'ignore_ament_install'
[1.405s] Level 1:colcon.colcon_core.package_identification:_identify(software_intro_task_dir/teleop_msgs) by extensions ['colcon_pkg']
[1.405s] Level 1:colcon.colcon_core.package_identification:_identify(software_intro_task_dir/teleop_msgs) by extension 'colcon_pkg'
[1.405s] Level 1:colcon.colcon_core.package_identification:_identify(software_intro_task_dir/teleop_msgs) by extensions ['colcon_meta']
[1.405s] Level 1:colcon.colcon_core.package_identification:_identify(software_intro_task_dir/teleop_msgs) by extension 'colcon_meta'
[1.405s] Level 1:colcon.colcon_core.package_identification:_identify(software_intro_task_dir/teleop_msgs) by extensions ['ros']
[1.405s] Level 1:colcon.colcon_core.package_identification:_identify(software_intro_task_dir/teleop_msgs) by extension 'ros'
[1.406s] DEBUG:colcon.colcon_core.package_identification:Package 'software_intro_task_dir/teleop_msgs' with type 'ros.ament_cmake' and name 'teleop_msgs'
[1.406s] Level 1:colcon.colcon_core.package_identification:_identify(software_intro_task_dir/teleop_py) by extensions ['ignore', 'ignore_ament_install']
[1.406s] Level 1:colcon.colcon_core.package_identification:_identify(software_intro_task_dir/teleop_py) by extension 'ignore'
[1.406s] Level 1:colcon.colcon_core.package_identification:_identify(software_intro_task_dir/teleop_py) by extension 'ignore_ament_install'
[1.406s] Level 1:colcon.colcon_core.package_identification:_identify(software_intro_task_dir/teleop_py) by extensions ['colcon_pkg']
[1.406s] Level 1:colcon.colcon_core.package_identification:_identify(software_intro_task_dir/teleop_py) by extension 'colcon_pkg'
[1.406s] Level 1:colcon.colcon_core.package_identification:_identify(software_intro_task_dir/teleop_py) by extensions ['colcon_meta']
[1.406s] Level 1:colcon.colcon_core.package_identification:_identify(software_intro_task_dir/teleop_py) by extension 'colcon_meta'
[1.407s] Level 1:colcon.colcon_core.package_identification:_identify(software_intro_task_dir/teleop_py) by extensions ['ros']
[1.407s] Level 1:colcon.colcon_core.package_identification:_identify(software_intro_task_dir/teleop_py) by extension 'ros'
[1.407s] DEBUG:colcon.colcon_core.package_identification:Package 'software_intro_task_dir/teleop_py' with type 'ros.ament_python' and name 'teleop_py'
[1.407s] Level 1:colcon.colcon_core.package_discovery:discover_packages(recursive) using defaults
[1.407s] Level 1:colcon.colcon_core.package_discovery:discover_packages(ignore) discover
[1.407s] Level 1:colcon.colcon_core.package_discovery:discover_packages(ignore) using defaults
[1.408s] Level 1:colcon.colcon_core.package_discovery:discover_packages(path) discover
[1.408s] Level 1:colcon.colcon_core.package_discovery:discover_packages(path) using defaults
[1.488s] INFO:colcon.colcon_core.package_selection:Skipping not selected package 'teleop_cpp' in 'software_intro_task_dir/teleop_cpp'
[1.488s] INFO:colcon.colcon_core.package_selection:Skipping not selected package 'teleop_py' in 'software_intro_task_dir/teleop_py'
[1.528s] Level 1:colcon.colcon_core.package_discovery:discover_packages(prefix_path) check parameters
[1.528s] Level 1:colcon.colcon_core.package_discovery:discover_packages(prefix_path) discover
[1.570s] DEBUG:colcon.colcon_installed_package_information.package_discovery:Found 271 installed packages in /opt/ros/humble
[1.572s] Level 1:colcon.colcon_core.package_discovery:discover_packages(prefix_path) using defaults
[1.693s] Level 5:colcon.colcon_core.verb:set package 'teleop_msgs' build argument 'cmake_args' from command line to 'None'
[1.693s] Level 5:colcon.colcon_core.verb:set package 'teleop_msgs' build argument 'cmake_target' from command line to 'None'
[1.693s] Level 5:colcon.colcon_core.verb:set package 'teleop_msgs' build argument 'cmake_target_skip_unavailable' from command line to 'False'
[1.693s] Level 5:colcon.colcon_core.verb:set package 'teleop_msgs' build argument 'cmake_clean_cache' from command line to 'False'
[1.693s] Level 5:colcon.colcon_core.verb:set package 'teleop_msgs' build argument 'cmake_clean_first' from command line to 'False'
[1.693s] Level 5:colcon.colcon_core.verb:set package 'teleop_msgs' build argument 'cmake_force_configure' from command line to 'False'
[1.693s] Level 5:colcon.colcon_core.verb:set package 'teleop_msgs' build argument 'ament_cmake_args' from command line to 'None'
[1.693s] Level 5:colcon.colcon_core.verb:set package 'teleop_msgs' build argument 'catkin_cmake_args' from command line to 'None'
[1.694s] Level 5:colcon.colcon_core.verb:set package 'teleop_msgs' build argument 'catkin_skip_building_tests' from command line to 'False'
[1.694s] DEBUG:colcon.colcon_core.verb:Building package 'teleop_msgs' with the following arguments: {'ament_cmake_args': None, 'build_base': '/home/triton-ai/Documents/software_intro_task/software_intro_task_big_dir/build/teleop_msgs', 'catkin_cmake_args': None, 'catkin_skip_building_tests': False, 'cmake_args': None, 'cmake_clean_cache': False, 'cmake_clean_first': False, 'cmake_force_configure': False, 'cmake_target': None, 'cmake_target_skip_unavailable': False, 'install_base': '/home/triton-ai/Documents/software_intro_task/software_intro_task_big_dir/install/teleop_msgs', 'merge_install': False, 'path': '/home/triton-ai/Documents/software_intro_task/software_intro_task_big_dir/software_intro_task_dir/teleop_msgs', 'symlink_install': False, 'test_result_base': None}
[1.714s] INFO:colcon.colcon_core.executor:Executing jobs using 'parallel' executor
[1.735s] DEBUG:colcon.colcon_parallel_executor.executor.parallel:run_until_complete
[1.735s] INFO:colcon.colcon_ros.task.ament_cmake.build:Building ROS package in '/home/triton-ai/Documents/software_intro_task/software_intro_task_big_dir/software_intro_task_dir/teleop_msgs' with build type 'ament_cmake'
[1.735s] INFO:colcon.colcon_cmake.task.cmake.build:Building CMake package in '/home/triton-ai/Documents/software_intro_task/software_intro_task_big_dir/software_intro_task_dir/teleop_msgs'
[1.758s] INFO:colcon.colcon_core.plugin_system:Skipping extension 'colcon_core.shell.bat': Not used on non-Windows systems
[1.758s] INFO:colcon.colcon_core.shell:Skip shell extension 'powershell' for command environment: Not usable outside of PowerShell
[1.758s] DEBUG:colcon.colcon_core.shell:Skip shell extension 'dsv' for command environment
[1.807s] DEBUG:colcon.colcon_core.event_handler.log_command:Invoking command in '/home/triton-ai/Documents/software_intro_task/software_intro_task_big_dir/build/teleop_msgs': CMAKE_PREFIX_PATH=/opt/ros/humble /usr/bin/cmake /home/triton-ai/Documents/software_intro_task/software_intro_task_big_dir/software_intro_task_dir/teleop_msgs -DCMAKE_INSTALL_PREFIX=/home/triton-ai/Documents/software_intro_task/software_intro_task_big_dir/install/teleop_msgs
[4.389s] DEBUG:colcon.colcon_core.event_handler.log_command:Invoked command in '/home/triton-ai/Documents/software_intro_task/software_intro_task_big_dir/build/teleop_msgs' returned '0': CMAKE_PREFIX_PATH=/opt/ros/humble /usr/bin/cmake /home/triton-ai/Documents/software_intro_task/software_intro_task_big_dir/software_intro_task_dir/teleop_msgs -DCMAKE_INSTALL_PREFIX=/home/triton-ai/Documents/software_intro_task/software_intro_task_big_dir/install/teleop_msgs
[4.391s] DEBUG:colcon.colcon_core.event_handler.log_command:Invoking command in '/home/triton-ai/Documents/software_intro_task/software_intro_task_big_dir/build/teleop_msgs': CMAKE_PREFIX_PATH=/opt/ros/humble /usr/bin/cmake --build /home/triton-ai/Documents/software_intro_task/software_intro_task_big_dir/build/teleop_msgs -- -j4 -l4
[7.657s] DEBUG:colcon.colcon_core.event_handler.log_command:Invoked command in '/home/triton-ai/Documents/software_intro_task/software_intro_task_big_dir/build/teleop_msgs' returned '0': CMAKE_PREFIX_PATH=/opt/ros/humble /usr/bin/cmake --build /home/triton-ai/Documents/software_intro_task/software_intro_task_big_dir/build/teleop_msgs -- -j4 -l4
[7.739s] DEBUG:colcon.colcon_core.event_handler.log_command:Invoking command in '/home/triton-ai/Documents/software_intro_task/software_intro_task_big_dir/build/teleop_msgs': CMAKE_PREFIX_PATH=/opt/ros/humble /usr/bin/cmake --install /home/triton-ai/Documents/software_intro_task/software_intro_task_big_dir/build/teleop_msgs
[7.817s] Level 1:colcon.colcon_core.environment:create_environment_scripts_only(teleop_msgs)
[7.818s] DEBUG:colcon.colcon_core.event_handler.log_command:Invoked command in '/home/triton-ai/Documents/software_intro_task/software_intro_task_big_dir/build/teleop_msgs' returned '0': CMAKE_PREFIX_PATH=/opt/ros/humble /usr/bin/cmake --install /home/triton-ai/Documents/software_intro_task/software_intro_task_big_dir/build/teleop_msgs
[7.866s] Level 1:colcon.colcon_core.environment:checking '/home/triton-ai/Documents/software_intro_task/software_intro_task_big_dir/install/teleop_msgs' for CMake module files
[7.868s] Level 1:colcon.colcon_core.environment:checking '/home/triton-ai/Documents/software_intro_task/software_intro_task_big_dir/install/teleop_msgs' for CMake config files
[7.869s] Level 1:colcon.colcon_core.shell:create_environment_hook('teleop_msgs', 'cmake_prefix_path')
[7.901s] INFO:colcon.colcon_core.shell:Creating environment hook '/home/triton-ai/Documents/software_intro_task/software_intro_task_big_dir/install/teleop_msgs/share/teleop_msgs/hook/cmake_prefix_path.ps1'
[7.902s] INFO:colcon.colcon_core.shell:Creating environment descriptor '/home/triton-ai/Documents/software_intro_task/software_intro_task_big_dir/install/teleop_msgs/share/teleop_msgs/hook/cmake_prefix_path.dsv'
[7.903s] INFO:colcon.colcon_core.shell:Creating environment hook '/home/triton-ai/Documents/software_intro_task/software_intro_task_big_dir/install/teleop_msgs/share/teleop_msgs/hook/cmake_prefix_path.sh'
[7.904s] Level 1:colcon.colcon_core.environment:checking '/home/triton-ai/Documents/software_intro_task/software_intro_task_big_dir/install/teleop_msgs/lib'
[7.904s] Level 1:colcon.colcon_core.shell:create_environment_hook('teleop_msgs', 'ld_library_path_lib')
[7.927s] INFO:colcon.colcon_core.shell:Creating environment hook '/home/triton-ai/Documents/software_intro_task/software_intro_task_big_dir/install/teleop_msgs/share/teleop_msgs/hook/ld_library_path_lib.ps1'
[7.928s] INFO:colcon.colcon_core.shell:Creating environment descriptor '/home/triton-ai/Documents/software_intro_task/software_intro_task_big_dir/install/teleop_msgs/share/teleop_msgs/hook/ld_library_path_lib.dsv'
[7.928s] INFO:colcon.colcon_core.shell:Creating environment hook '/home/triton-ai/Documents/software_intro_task/software_intro_task_big_dir/install/teleop_msgs/share/teleop_msgs/hook/ld_library_path_lib.sh'
[7.928s] Level 1:colcon.colcon_core.environment:checking '/home/triton-ai/Documents/software_intro_task/software_intro_task_big_dir/install/teleop_msgs/bin'
[7.928s] Level 1:colcon.colcon_core.environment:checking '/home/triton-ai/Documents/software_intro_task/software_intro_task_big_dir/install/teleop_msgs/lib/pkgconfig/teleop_msgs.pc'
[7.929s] Level 1:colcon.colcon_core.environment:checking '/home/triton-ai/Documents/software_intro_task/software_intro_task_big_dir/install/teleop_msgs/lib/python3.10/site-packages'
[7.929s] Level 1:colcon.colcon_core.environment:checking '/home/triton-ai/Documents/software_intro_task/software_intro_task_big_dir/install/teleop_msgs/bin'
[7.950s] INFO:colcon.colcon_core.shell:Creating package script '/home/triton-ai/Documents/software_intro_task/software_intro_task_big_dir/install/teleop_msgs/share/teleop_msgs/package.ps1'
[7.950s] INFO:colcon.colcon_core.shell:Creating package descriptor '/home/triton-ai/Documents/software_intro_task/software_intro_task_big_dir/install/teleop_msgs/share/teleop_msgs/package.dsv'
[7.951s] INFO:colcon.colcon_core.shell:Creating package script '/home/triton-ai/Documents/software_intro_task/software_intro_task_big_dir/install/teleop_msgs/share/teleop_msgs/package.sh'
[7.952s] INFO:colcon.colcon_core.shell:Creating package script '/home/triton-ai/Documents/software_intro_task/software_intro_task_big_dir/install/teleop_msgs/share/teleop_msgs/package.bash'
[7.953s] INFO:colcon.colcon_core.shell:Creating package script '/home/triton-ai/Documents/software_intro_task/software_intro_task_big_dir/install/teleop_msgs/share/teleop_msgs/package.zsh'
[7.953s] Level 1:colcon.colcon_core.environment:create_file_with_runtime_dependencies(/home/triton-ai/Documents/software_intro_task/software_intro_task_big_dir/install/teleop_msgs/share/colcon-core/packages/teleop_msgs)
[8.059s] Level 1:colcon.colcon_core.environment:create_environment_scripts_only(teleop_msgs)
[8.081s] Level 1:colcon.colcon_core.environment:checking '/home/triton-ai/Documents/software_intro_task/software_intro_task_big_dir/install/teleop_msgs' for CMake module files
[8.082s] Level 1:colcon.colcon_core.environment:checking '/home/triton-ai/Documents/software_intro_task/software_intro_task_big_dir/install/teleop_msgs' for CMake config files
[8.082s] Level 1:colcon.colcon_core.shell:create_environment_hook('teleop_msgs', 'cmake_prefix_path')
[8.103s] INFO:colcon.colcon_core.shell:Creating environment hook '/home/triton-ai/Documents/software_intro_task/software_intro_task_big_dir/install/teleop_msgs/share/teleop_msgs/hook/cmake_prefix_path.ps1'
[8.104s] INFO:colcon.colcon_core.shell:Creating environment descriptor '/home/triton-ai/Documents/software_intro_task/software_intro_task_big_dir/install/teleop_msgs/share/teleop_msgs/hook/cmake_prefix_path.dsv'
[8.104s] INFO:colcon.colcon_core.shell:Creating environment hook '/home/triton-ai/Documents/software_intro_task/software_intro_task_big_dir/install/teleop_msgs/share/teleop_msgs/hook/cmake_prefix_path.sh'
[8.105s] Level 1:colcon.colcon_core.environment:checking '/home/triton-ai/Documents/software_intro_task/software_intro_task_big_dir/install/teleop_msgs/lib'
[8.105s] Level 1:colcon.colcon_core.shell:create_environment_hook('teleop_msgs', 'ld_library_path_lib')
[8.125s] INFO:colcon.colcon_core.shell:Creating environment hook '/home/triton-ai/Documents/software_intro_task/software_intro_task_big_dir/install/teleop_msgs/share/teleop_msgs/hook/ld_library_path_lib.ps1'
[8.125s] INFO:colcon.colcon_core.shell:Creating environment descriptor '/home/triton-ai/Documents/software_intro_task/software_intro_task_big_dir/install/teleop_msgs/share/teleop_msgs/hook/ld_library_path_lib.dsv'
[8.126s] INFO:colcon.colcon_core.shell:Creating environment hook '/home/triton-ai/Documents/software_intro_task/software_intro_task_big_dir/install/teleop_msgs/share/teleop_msgs/hook/ld_library_path_lib.sh'
[8.126s] Level 1:colcon.colcon_core.environment:checking '/home/triton-ai/Documents/software_intro_task/software_intro_task_big_dir/install/teleop_msgs/bin'
[8.126s] Level 1:colcon.colcon_core.environment:checking '/home/triton-ai/Documents/software_intro_task/software_intro_task_big_dir/install/teleop_msgs/lib/pkgconfig/teleop_msgs.pc'
[8.126s] Level 1:colcon.colcon_core.environment:checking '/home/triton-ai/Documents/software_intro_task/software_intro_task_big_dir/install/teleop_msgs/lib/python3.10/site-packages'
[8.127s] Level 1:colcon.colcon_core.environment:checking '/home/triton-ai/Documents/software_intro_task/software_intro_task_big_dir/install/teleop_msgs/bin'
[8.146s] INFO:colcon.colcon_core.shell:Creating package script '/home/triton-ai/Documents/software_intro_task/software_intro_task_big_dir/install/teleop_msgs/share/teleop_msgs/package.ps1'
[8.147s] INFO:colcon.colcon_core.shell:Creating package descriptor '/home/triton-ai/Documents/software_intro_task/software_intro_task_big_dir/install/teleop_msgs/share/teleop_msgs/package.dsv'
[8.148s] INFO:colcon.colcon_core.shell:Creating package script '/home/triton-ai/Documents/software_intro_task/software_intro_task_big_dir/install/teleop_msgs/share/teleop_msgs/package.sh'
[8.148s] INFO:colcon.colcon_core.shell:Creating package script '/home/triton-ai/Documents/software_intro_task/software_intro_task_big_dir/install/teleop_msgs/share/teleop_msgs/package.bash'
[8.149s] INFO:colcon.colcon_core.shell:Creating package script '/home/triton-ai/Documents/software_intro_task/software_intro_task_big_dir/install/teleop_msgs/share/teleop_msgs/package.zsh'
[8.149s] Level 1:colcon.colcon_core.environment:create_file_with_runtime_dependencies(/home/triton-ai/Documents/software_intro_task/software_intro_task_big_dir/install/teleop_msgs/share/colcon-core/packages/teleop_msgs)
[8.149s] DEBUG:colcon.colcon_parallel_executor.executor.parallel:closing loop
[8.150s] DEBUG:colcon.colcon_parallel_executor.executor.parallel:loop closed
[8.150s] DEBUG:colcon.colcon_parallel_executor.executor.parallel:run_until_complete finished with '0'
[8.150s] DEBUG:colcon.colcon_core.event_reactor:joining thread
[8.176s] INFO:colcon.colcon_core.plugin_system:Skipping extension 'colcon_notification.desktop_notification.terminal_notifier': Not used on non-Darwin systems
[8.176s] INFO:colcon.colcon_core.plugin_system:Skipping extension 'colcon_notification.desktop_notification.win32': Not used on non-Windows systems
[8.176s] INFO:colcon.colcon_notification.desktop_notification:Sending desktop notification using 'notify2'
[8.201s] DEBUG:colcon.colcon_core.event_reactor:joined thread
[8.222s] INFO:colcon.colcon_core.shell:Creating prefix script '/home/triton-ai/Documents/software_intro_task/software_intro_task_big_dir/install/local_setup.ps1'
[8.223s] INFO:colcon.colcon_core.shell:Creating prefix util module '/home/triton-ai/Documents/software_intro_task/software_intro_task_big_dir/install/_local_setup_util_ps1.py'
[8.225s] INFO:colcon.colcon_core.shell:Creating prefix chain script '/home/triton-ai/Documents/software_intro_task/software_intro_task_big_dir/install/setup.ps1'
[8.257s] INFO:colcon.colcon_core.shell:Creating prefix script '/home/triton-ai/Documents/software_intro_task/software_intro_task_big_dir/install/local_setup.sh'
[8.258s] INFO:colcon.colcon_core.shell:Creating prefix util module '/home/triton-ai/Documents/software_intro_task/software_intro_task_big_dir/install/_local_setup_util_sh.py'
[8.258s] INFO:colcon.colcon_core.shell:Creating prefix chain script '/home/triton-ai/Documents/software_intro_task/software_intro_task_big_dir/install/setup.sh'
[8.280s] INFO:colcon.colcon_core.shell:Creating prefix script '/home/triton-ai/Documents/software_intro_task/software_intro_task_big_dir/install/local_setup.bash'
[8.280s] INFO:colcon.colcon_core.shell:Creating prefix chain script '/home/triton-ai/Documents/software_intro_task/software_intro_task_big_dir/install/setup.bash'
[8.301s] INFO:colcon.colcon_core.shell:Creating prefix script '/home/triton-ai/Documents/software_intro_task/software_intro_task_big_dir/install/local_setup.zsh'
[8.302s] INFO:colcon.colcon_core.shell:Creating prefix chain script '/home/triton-ai/Documents/software_intro_task/software_intro_task_big_dir/install/setup.zsh'
