[0.110s] Invoking command in '/home/ubuntu/software_intro_task_big_dir/build/teleop_msgs': CMAKE_PREFIX_PATH=/opt/ros/galactic /usr/bin/cmake --build /home/ubuntu/software_intro_task_big_dir/build/teleop_msgs -- -j1 -l1
[0.168s] [  3%] Built target teleop_msgs__cpp
[0.202s] [ 17%] Built target teleop_msgs__rosidl_typesupport_introspection_cpp
[0.261s] [ 31%] Built target teleop_msgs__rosidl_typesupport_cpp
[0.278s] [ 44%] Built target teleop_msgs__rosidl_generator_c
[0.296s] [ 58%] Built target teleop_msgs__rosidl_typesupport_introspection_c
[0.315s] [ 72%] Built target teleop_msgs__rosidl_typesupport_c
[0.330s] [ 72%] Built target teleop_msgs
[0.348s] [ 75%] Built target teleop_msgs__py
[0.368s] [ 86%] Built target teleop_msgs__python
[0.387s] [ 93%] Built target teleop_msgs__rosidl_typesupport_c__pyext
[0.404s] [100%] Built target teleop_msgs__rosidl_typesupport_introspection_c__pyext
[0.423s] Invoked command in '/home/ubuntu/software_intro_task_big_dir/build/teleop_msgs' returned '0': CMAKE_PREFIX_PATH=/opt/ros/galactic /usr/bin/cmake --build /home/ubuntu/software_intro_task_big_dir/build/teleop_msgs -- -j1 -l1
[0.464s] Invoking command in '/home/ubuntu/software_intro_task_big_dir/build/teleop_msgs': CMAKE_PREFIX_PATH=/opt/ros/galactic /usr/bin/cmake --install /home/ubuntu/software_intro_task_big_dir/build/teleop_msgs
[0.472s] -- Install configuration: ""
[0.472s] -- Up-to-date: /home/ubuntu/software_intro_task_big_dir/install/teleop_msgs/share/ament_index/resource_index/rosidl_interfaces/teleop_msgs
[0.473s] -- Up-to-date: /home/ubuntu/software_intro_task_big_dir/install/teleop_msgs/include/teleop_msgs
[0.473s] -- Up-to-date: /home/ubuntu/software_intro_task_big_dir/install/teleop_msgs/include/teleop_msgs/srv
[0.474s] -- Up-to-date: /home/ubuntu/software_intro_task_big_dir/install/teleop_msgs/include/teleop_msgs/srv/e_stop_service.h
[0.475s] -- Up-to-date: /home/ubuntu/software_intro_task_big_dir/install/teleop_msgs/include/teleop_msgs/srv/detail
[0.475s] -- Up-to-date: /home/ubuntu/software_intro_task_big_dir/install/teleop_msgs/include/teleop_msgs/srv/detail/e_stop_service__functions.h
[0.476s] -- Up-to-date: /home/ubuntu/software_intro_task_big_dir/install/teleop_msgs/include/teleop_msgs/srv/detail/e_stop_service__struct.h
[0.476s] -- Up-to-date: /home/ubuntu/software_intro_task_big_dir/install/teleop_msgs/include/teleop_msgs/srv/detail/e_stop_service__type_support.h
[0.477s] -- Up-to-date: /home/ubuntu/software_intro_task_big_dir/install/teleop_msgs/include/teleop_msgs/srv/detail/e_stop_service__functions.c
[0.477s] -- Up-to-date: /home/ubuntu/software_intro_task_big_dir/install/teleop_msgs/include/teleop_msgs/msg
[0.477s] -- Up-to-date: /home/ubuntu/software_intro_task_big_dir/install/teleop_msgs/include/teleop_msgs/msg/rosidl_generator_c__visibility_control.h
[0.477s] -- Up-to-date: /home/ubuntu/software_intro_task_big_dir/install/teleop_msgs/include/teleop_msgs/msg/vehicle_control_data.h
[0.477s] -- Up-to-date: /home/ubuntu/software_intro_task_big_dir/install/teleop_msgs/include/teleop_msgs/msg/detail
[0.477s] -- Up-to-date: /home/ubuntu/software_intro_task_big_dir/install/teleop_msgs/include/teleop_msgs/msg/detail/vehicle_control_data__type_support.h
[0.477s] -- Up-to-date: /home/ubuntu/software_intro_task_big_dir/install/teleop_msgs/include/teleop_msgs/msg/detail/vehicle_control_data__functions.c
[0.477s] -- Up-to-date: /home/ubuntu/software_intro_task_big_dir/install/teleop_msgs/include/teleop_msgs/msg/detail/vehicle_control_data__struct.h
[0.478s] -- Up-to-date: /home/ubuntu/software_intro_task_big_dir/install/teleop_msgs/include/teleop_msgs/msg/detail/vehicle_control_data__functions.h
[0.479s] -- Up-to-date: /home/ubuntu/software_intro_task_big_dir/install/teleop_msgs/share/teleop_msgs/environment/library_path.sh
[0.479s] -- Up-to-date: /home/ubuntu/software_intro_task_big_dir/install/teleop_msgs/share/teleop_msgs/environment/library_path.dsv
[0.480s] -- Up-to-date: /home/ubuntu/software_intro_task_big_dir/install/teleop_msgs/lib/libteleop_msgs__rosidl_generator_c.so
[0.480s] -- Up-to-date: /home/ubuntu/software_intro_task_big_dir/install/teleop_msgs/include/teleop_msgs
[0.480s] -- Up-to-date: /home/ubuntu/software_intro_task_big_dir/install/teleop_msgs/include/teleop_msgs/srv
[0.480s] -- Up-to-date: /home/ubuntu/software_intro_task_big_dir/install/teleop_msgs/include/teleop_msgs/srv/detail
[0.480s] -- Up-to-date: /home/ubuntu/software_intro_task_big_dir/install/teleop_msgs/include/teleop_msgs/srv/detail/e_stop_service__rosidl_typesupport_introspection_c.h
[0.480s] -- Up-to-date: /home/ubuntu/software_intro_task_big_dir/install/teleop_msgs/include/teleop_msgs/srv/detail/e_stop_service__type_support.c
[0.480s] -- Up-to-date: /home/ubuntu/software_intro_task_big_dir/install/teleop_msgs/include/teleop_msgs/msg
[0.481s] -- Up-to-date: /home/ubuntu/software_intro_task_big_dir/install/teleop_msgs/include/teleop_msgs/msg/rosidl_typesupport_introspection_c__visibility_control.h
[0.481s] -- Up-to-date: /home/ubuntu/software_intro_task_big_dir/install/teleop_msgs/include/teleop_msgs/msg/detail
[0.481s] -- Up-to-date: /home/ubuntu/software_intro_task_big_dir/install/teleop_msgs/include/teleop_msgs/msg/detail/vehicle_control_data__rosidl_typesupport_introspection_c.h
[0.481s] -- Up-to-date: /home/ubuntu/software_intro_task_big_dir/install/teleop_msgs/include/teleop_msgs/msg/detail/vehicle_control_data__type_support.c
[0.481s] -- Up-to-date: /home/ubuntu/software_intro_task_big_dir/install/teleop_msgs/lib/libteleop_msgs__rosidl_typesupport_introspection_c.so
[0.482s] -- Up-to-date: /home/ubuntu/software_intro_task_big_dir/install/teleop_msgs/lib/libteleop_msgs__rosidl_typesupport_c.so
[0.483s] -- Up-to-date: /home/ubuntu/software_intro_task_big_dir/install/teleop_msgs/include/teleop_msgs
[0.483s] -- Up-to-date: /home/ubuntu/software_intro_task_big_dir/install/teleop_msgs/include/teleop_msgs/srv
[0.483s] -- Up-to-date: /home/ubuntu/software_intro_task_big_dir/install/teleop_msgs/include/teleop_msgs/srv/e_stop_service.hpp
[0.483s] -- Up-to-date: /home/ubuntu/software_intro_task_big_dir/install/teleop_msgs/include/teleop_msgs/srv/detail
[0.483s] -- Up-to-date: /home/ubuntu/software_intro_task_big_dir/install/teleop_msgs/include/teleop_msgs/srv/detail/e_stop_service__traits.hpp
[0.483s] -- Up-to-date: /home/ubuntu/software_intro_task_big_dir/install/teleop_msgs/include/teleop_msgs/srv/detail/e_stop_service__builder.hpp
[0.483s] -- Up-to-date: /home/ubuntu/software_intro_task_big_dir/install/teleop_msgs/include/teleop_msgs/srv/detail/e_stop_service__struct.hpp
[0.483s] -- Up-to-date: /home/ubuntu/software_intro_task_big_dir/install/teleop_msgs/include/teleop_msgs/msg
[0.483s] -- Up-to-date: /home/ubuntu/software_intro_task_big_dir/install/teleop_msgs/include/teleop_msgs/msg/vehicle_control_data.hpp
[0.484s] -- Up-to-date: /home/ubuntu/software_intro_task_big_dir/install/teleop_msgs/include/teleop_msgs/msg/detail
[0.484s] -- Up-to-date: /home/ubuntu/software_intro_task_big_dir/install/teleop_msgs/include/teleop_msgs/msg/detail/vehicle_control_data__struct.hpp
[0.484s] -- Up-to-date: /home/ubuntu/software_intro_task_big_dir/install/teleop_msgs/include/teleop_msgs/msg/detail/vehicle_control_data__traits.hpp
[0.484s] -- Up-to-date: /home/ubuntu/software_intro_task_big_dir/install/teleop_msgs/include/teleop_msgs/msg/detail/vehicle_control_data__builder.hpp
[0.484s] -- Up-to-date: /home/ubuntu/software_intro_task_big_dir/install/teleop_msgs/include/teleop_msgs
[0.484s] -- Up-to-date: /home/ubuntu/software_intro_task_big_dir/install/teleop_msgs/include/teleop_msgs/srv
[0.484s] -- Up-to-date: /home/ubuntu/software_intro_task_big_dir/install/teleop_msgs/include/teleop_msgs/srv/detail
[0.484s] -- Up-to-date: /home/ubuntu/software_intro_task_big_dir/install/teleop_msgs/include/teleop_msgs/srv/detail/e_stop_service__type_support.cpp
[0.484s] -- Up-to-date: /home/ubuntu/software_intro_task_big_dir/install/teleop_msgs/include/teleop_msgs/srv/detail/e_stop_service__rosidl_typesupport_introspection_cpp.hpp
[0.487s] -- Up-to-date: /home/ubuntu/software_intro_task_big_dir/install/teleop_msgs/include/teleop_msgs/msg
[0.487s] -- Up-to-date: /home/ubuntu/software_intro_task_big_dir/install/teleop_msgs/include/teleop_msgs/msg/detail
[0.487s] -- Up-to-date: /home/ubuntu/software_intro_task_big_dir/install/teleop_msgs/include/teleop_msgs/msg/detail/vehicle_control_data__rosidl_typesupport_introspection_cpp.hpp
[0.487s] -- Up-to-date: /home/ubuntu/software_intro_task_big_dir/install/teleop_msgs/include/teleop_msgs/msg/detail/vehicle_control_data__type_support.cpp
[0.488s] -- Up-to-date: /home/ubuntu/software_intro_task_big_dir/install/teleop_msgs/lib/libteleop_msgs__rosidl_typesupport_introspection_cpp.so
[0.488s] -- Up-to-date: /home/ubuntu/software_intro_task_big_dir/install/teleop_msgs/lib/libteleop_msgs__rosidl_typesupport_cpp.so
[0.488s] -- Up-to-date: /home/ubuntu/software_intro_task_big_dir/install/teleop_msgs/share/teleop_msgs/environment/pythonpath.sh
[0.488s] -- Up-to-date: /home/ubuntu/software_intro_task_big_dir/install/teleop_msgs/share/teleop_msgs/environment/pythonpath.dsv
[0.488s] -- Up-to-date: /home/ubuntu/software_intro_task_big_dir/install/teleop_msgs/lib/python3.8/site-packages/teleop_msgs/__init__.py
[0.531s] -- Up-to-date: /home/ubuntu/software_intro_task_big_dir/install/teleop_msgs/lib/python3.8/site-packages/teleop_msgs/msg
[0.531s] -- Up-to-date: /home/ubuntu/software_intro_task_big_dir/install/teleop_msgs/lib/python3.8/site-packages/teleop_msgs/msg/_vehicle_control_data_s.c
[0.531s] -- Up-to-date: /home/ubuntu/software_intro_task_big_dir/install/teleop_msgs/lib/python3.8/site-packages/teleop_msgs/msg/__init__.py
[0.532s] -- Up-to-date: /home/ubuntu/software_intro_task_big_dir/install/teleop_msgs/lib/python3.8/site-packages/teleop_msgs/msg/_vehicle_control_data.py
[0.533s] -- Up-to-date: /home/ubuntu/software_intro_task_big_dir/install/teleop_msgs/lib/python3.8/site-packages/teleop_msgs/srv
[0.533s] -- Up-to-date: /home/ubuntu/software_intro_task_big_dir/install/teleop_msgs/lib/python3.8/site-packages/teleop_msgs/srv/__init__.py
[0.533s] -- Up-to-date: /home/ubuntu/software_intro_task_big_dir/install/teleop_msgs/lib/python3.8/site-packages/teleop_msgs/srv/_e_stop_service_s.c
[0.533s] -- Up-to-date: /home/ubuntu/software_intro_task_big_dir/install/teleop_msgs/lib/python3.8/site-packages/teleop_msgs/srv/_e_stop_service.py
[0.533s] -- Up-to-date: /home/ubuntu/software_intro_task_big_dir/install/teleop_msgs/lib/python3.8/site-packages/teleop_msgs/teleop_msgs_s__rosidl_typesupport_introspection_c.cpython-38-aarch64-linux-gnu.so
[0.535s] -- Up-to-date: /home/ubuntu/software_intro_task_big_dir/install/teleop_msgs/lib/python3.8/site-packages/teleop_msgs/teleop_msgs_s__rosidl_typesupport_c.cpython-38-aarch64-linux-gnu.so
[0.536s] -- Up-to-date: /home/ubuntu/software_intro_task_big_dir/install/teleop_msgs/lib/libteleop_msgs__python.so
[0.537s] -- Up-to-date: /home/ubuntu/software_intro_task_big_dir/install/teleop_msgs/share/teleop_msgs/msg/VehicleControlData.idl
[0.537s] -- Up-to-date: /home/ubuntu/software_intro_task_big_dir/install/teleop_msgs/share/teleop_msgs/srv/EStopService.idl
[0.538s] -- Up-to-date: /home/ubuntu/software_intro_task_big_dir/install/teleop_msgs/share/teleop_msgs/msg/VehicleControlData.msg
[0.538s] -- Up-to-date: /home/ubuntu/software_intro_task_big_dir/install/teleop_msgs/share/teleop_msgs/srv/EStopService.srv
[0.538s] -- Up-to-date: /home/ubuntu/software_intro_task_big_dir/install/teleop_msgs/share/teleop_msgs/srv/EStopService_Request.msg
[0.538s] -- Up-to-date: /home/ubuntu/software_intro_task_big_dir/install/teleop_msgs/share/teleop_msgs/srv/EStopService_Response.msg
[0.538s] -- Up-to-date: /home/ubuntu/software_intro_task_big_dir/install/teleop_msgs/share/ament_index/resource_index/package_run_dependencies/teleop_msgs
[0.538s] -- Up-to-date: /home/ubuntu/software_intro_task_big_dir/install/teleop_msgs/share/ament_index/resource_index/parent_prefix_path/teleop_msgs
[0.538s] -- Up-to-date: /home/ubuntu/software_intro_task_big_dir/install/teleop_msgs/share/teleop_msgs/environment/ament_prefix_path.sh
[0.538s] -- Up-to-date: /home/ubuntu/software_intro_task_big_dir/install/teleop_msgs/share/teleop_msgs/environment/ament_prefix_path.dsv
[0.539s] -- Up-to-date: /home/ubuntu/software_intro_task_big_dir/install/teleop_msgs/share/teleop_msgs/environment/path.sh
[0.539s] -- Up-to-date: /home/ubuntu/software_intro_task_big_dir/install/teleop_msgs/share/teleop_msgs/environment/path.dsv
[0.539s] -- Up-to-date: /home/ubuntu/software_intro_task_big_dir/install/teleop_msgs/share/teleop_msgs/local_setup.bash
[0.539s] -- Up-to-date: /home/ubuntu/software_intro_task_big_dir/install/teleop_msgs/share/teleop_msgs/local_setup.sh
[0.539s] -- Up-to-date: /home/ubuntu/software_intro_task_big_dir/install/teleop_msgs/share/teleop_msgs/local_setup.zsh
[0.539s] -- Up-to-date: /home/ubuntu/software_intro_task_big_dir/install/teleop_msgs/share/teleop_msgs/local_setup.dsv
[0.539s] -- Installing: /home/ubuntu/software_intro_task_big_dir/install/teleop_msgs/share/teleop_msgs/package.dsv
[0.540s] -- Up-to-date: /home/ubuntu/software_intro_task_big_dir/install/teleop_msgs/share/ament_index/resource_index/packages/teleop_msgs
[0.540s] -- Up-to-date: /home/ubuntu/software_intro_task_big_dir/install/teleop_msgs/share/teleop_msgs/cmake/teleop_msgs__rosidl_generator_cExport.cmake
[0.543s] -- Up-to-date: /home/ubuntu/software_intro_task_big_dir/install/teleop_msgs/share/teleop_msgs/cmake/teleop_msgs__rosidl_generator_cExport-noconfig.cmake
[0.543s] -- Up-to-date: /home/ubuntu/software_intro_task_big_dir/install/teleop_msgs/share/teleop_msgs/cmake/teleop_msgs__rosidl_typesupport_introspection_cExport.cmake
[0.544s] -- Up-to-date: /home/ubuntu/software_intro_task_big_dir/install/teleop_msgs/share/teleop_msgs/cmake/teleop_msgs__rosidl_typesupport_introspection_cExport-noconfig.cmake
[0.544s] -- Up-to-date: /home/ubuntu/software_intro_task_big_dir/install/teleop_msgs/share/teleop_msgs/cmake/teleop_msgs__rosidl_typesupport_cExport.cmake
[0.544s] -- Up-to-date: /home/ubuntu/software_intro_task_big_dir/install/teleop_msgs/share/teleop_msgs/cmake/teleop_msgs__rosidl_typesupport_cExport-noconfig.cmake
[0.544s] -- Up-to-date: /home/ubuntu/software_intro_task_big_dir/install/teleop_msgs/share/teleop_msgs/cmake/teleop_msgs__rosidl_generator_cppExport.cmake
[0.544s] -- Up-to-date: /home/ubuntu/software_intro_task_big_dir/install/teleop_msgs/share/teleop_msgs/cmake/teleop_msgs__rosidl_typesupport_introspection_cppExport.cmake
[0.544s] -- Up-to-date: /home/ubuntu/software_intro_task_big_dir/install/teleop_msgs/share/teleop_msgs/cmake/teleop_msgs__rosidl_typesupport_introspection_cppExport-noconfig.cmake
[0.545s] -- Up-to-date: /home/ubuntu/software_intro_task_big_dir/install/teleop_msgs/share/teleop_msgs/cmake/teleop_msgs__rosidl_typesupport_cppExport.cmake
[0.545s] -- Up-to-date: /home/ubuntu/software_intro_task_big_dir/install/teleop_msgs/share/teleop_msgs/cmake/teleop_msgs__rosidl_typesupport_cppExport-noconfig.cmake
[0.545s] -- Up-to-date: /home/ubuntu/software_intro_task_big_dir/install/teleop_msgs/share/teleop_msgs/cmake/rosidl_cmake-extras.cmake
[0.545s] -- Up-to-date: /home/ubuntu/software_intro_task_big_dir/install/teleop_msgs/share/teleop_msgs/cmake/ament_cmake_export_dependencies-extras.cmake
[0.545s] -- Up-to-date: /home/ubuntu/software_intro_task_big_dir/install/teleop_msgs/share/teleop_msgs/cmake/ament_cmake_export_libraries-extras.cmake
[0.545s] -- Up-to-date: /home/ubuntu/software_intro_task_big_dir/install/teleop_msgs/share/teleop_msgs/cmake/ament_cmake_export_targets-extras.cmake
[0.545s] -- Up-to-date: /home/ubuntu/software_intro_task_big_dir/install/teleop_msgs/share/teleop_msgs/cmake/ament_cmake_export_include_directories-extras.cmake
[0.546s] -- Up-to-date: /home/ubuntu/software_intro_task_big_dir/install/teleop_msgs/share/teleop_msgs/cmake/rosidl_cmake_export_typesupport_targets-extras.cmake
[0.546s] -- Up-to-date: /home/ubuntu/software_intro_task_big_dir/install/teleop_msgs/share/teleop_msgs/cmake/teleop_msgsConfig.cmake
[0.546s] -- Up-to-date: /home/ubuntu/software_intro_task_big_dir/install/teleop_msgs/share/teleop_msgs/cmake/teleop_msgsConfig-version.cmake
[0.546s] -- Up-to-date: /home/ubuntu/software_intro_task_big_dir/install/teleop_msgs/share/teleop_msgs/package.xml
[0.555s] Invoked command in '/home/ubuntu/software_intro_task_big_dir/build/teleop_msgs' returned '0': CMAKE_PREFIX_PATH=/opt/ros/galactic /usr/bin/cmake --install /home/ubuntu/software_intro_task_big_dir/build/teleop_msgs
