[0.123s] Invoking command in '/home/ubuntu/software_intro_task_big_dir/build/teleop_msgs': CMAKE_PREFIX_PATH=/opt/ros/galactic /usr/bin/cmake --build /home/ubuntu/software_intro_task_big_dir/build/teleop_msgs -- -j1 -l1
[0.175s] [  3%] Built target teleop_msgs__cpp
[0.191s] [ 17%] Built target teleop_msgs__rosidl_typesupport_introspection_cpp
[0.209s] [ 31%] Built target teleop_msgs__rosidl_typesupport_cpp
[0.229s] [ 44%] Built target teleop_msgs__rosidl_generator_c
[0.256s] [ 58%] Built target teleop_msgs__rosidl_typesupport_introspection_c
[0.276s] [ 72%] Built target teleop_msgs__rosidl_typesupport_c
[0.292s] [ 72%] Built target teleop_msgs
[0.308s] [ 75%] Built target teleop_msgs__py
[0.327s] [ 86%] Built target teleop_msgs__python
[0.345s] [ 93%] Built target teleop_msgs__rosidl_typesupport_c__pyext
[0.361s] [100%] Built target teleop_msgs__rosidl_typesupport_introspection_c__pyext
[0.379s] Invoked command in '/home/ubuntu/software_intro_task_big_dir/build/teleop_msgs' returned '0': CMAKE_PREFIX_PATH=/opt/ros/galactic /usr/bin/cmake --build /home/ubuntu/software_intro_task_big_dir/build/teleop_msgs -- -j1 -l1
[0.419s] Invoking command in '/home/ubuntu/software_intro_task_big_dir/build/teleop_msgs': CMAKE_PREFIX_PATH=/opt/ros/galactic /usr/bin/cmake --install /home/ubuntu/software_intro_task_big_dir/build/teleop_msgs
[0.428s] -- Install configuration: ""
[0.429s] -- Up-to-date: /home/ubuntu/software_intro_task_big_dir/install/teleop_msgs/share/ament_index/resource_index/rosidl_interfaces/teleop_msgs
[0.429s] -- Up-to-date: /home/ubuntu/software_intro_task_big_dir/install/teleop_msgs/include/teleop_msgs
[0.430s] -- Up-to-date: /home/ubuntu/software_intro_task_big_dir/install/teleop_msgs/include/teleop_msgs/srv
[0.431s] -- Up-to-date: /home/ubuntu/software_intro_task_big_dir/install/teleop_msgs/include/teleop_msgs/srv/e_stop_service.h
[0.431s] -- Up-to-date: /home/ubuntu/software_intro_task_big_dir/install/teleop_msgs/include/teleop_msgs/srv/detail
[0.432s] -- Up-to-date: /home/ubuntu/software_intro_task_big_dir/install/teleop_msgs/include/teleop_msgs/srv/detail/e_stop_service__functions.h
[0.432s] -- Up-to-date: /home/ubuntu/software_intro_task_big_dir/install/teleop_msgs/include/teleop_msgs/srv/detail/e_stop_service__struct.h
[0.433s] -- Up-to-date: /home/ubuntu/software_intro_task_big_dir/install/teleop_msgs/include/teleop_msgs/srv/detail/e_stop_service__type_support.h
[0.433s] -- Up-to-date: /home/ubuntu/software_intro_task_big_dir/install/teleop_msgs/include/teleop_msgs/srv/detail/e_stop_service__functions.c
[0.433s] -- Up-to-date: /home/ubuntu/software_intro_task_big_dir/install/teleop_msgs/include/teleop_msgs/msg
[0.433s] -- Up-to-date: /home/ubuntu/software_intro_task_big_dir/install/teleop_msgs/include/teleop_msgs/msg/rosidl_generator_c__visibility_control.h
[0.433s] -- Up-to-date: /home/ubuntu/software_intro_task_big_dir/install/teleop_msgs/include/teleop_msgs/msg/vehicle_control_data.h
[0.433s] -- Up-to-date: /home/ubuntu/software_intro_task_big_dir/install/teleop_msgs/include/teleop_msgs/msg/detail
[0.435s] -- Up-to-date: /home/ubuntu/software_intro_task_big_dir/install/teleop_msgs/include/teleop_msgs/msg/detail/vehicle_control_data__type_support.h
[0.435s] -- Up-to-date: /home/ubuntu/software_intro_task_big_dir/install/teleop_msgs/include/teleop_msgs/msg/detail/vehicle_control_data__functions.c
[0.436s] -- Up-to-date: /home/ubuntu/software_intro_task_big_dir/install/teleop_msgs/include/teleop_msgs/msg/detail/vehicle_control_data__struct.h
[0.436s] -- Up-to-date: /home/ubuntu/software_intro_task_big_dir/install/teleop_msgs/include/teleop_msgs/msg/detail/vehicle_control_data__functions.h
[0.436s] -- Up-to-date: /home/ubuntu/software_intro_task_big_dir/install/teleop_msgs/share/teleop_msgs/environment/library_path.sh
[0.436s] -- Up-to-date: /home/ubuntu/software_intro_task_big_dir/install/teleop_msgs/share/teleop_msgs/environment/library_path.dsv
[0.436s] -- Up-to-date: /home/ubuntu/software_intro_task_big_dir/install/teleop_msgs/lib/libteleop_msgs__rosidl_generator_c.so
[0.437s] -- Up-to-date: /home/ubuntu/software_intro_task_big_dir/install/teleop_msgs/include/teleop_msgs
[0.437s] -- Up-to-date: /home/ubuntu/software_intro_task_big_dir/install/teleop_msgs/include/teleop_msgs/srv
[0.437s] -- Up-to-date: /home/ubuntu/software_intro_task_big_dir/install/teleop_msgs/include/teleop_msgs/srv/detail
[0.437s] -- Up-to-date: /home/ubuntu/software_intro_task_big_dir/install/teleop_msgs/include/teleop_msgs/srv/detail/e_stop_service__rosidl_typesupport_introspection_c.h
[0.437s] -- Up-to-date: /home/ubuntu/software_intro_task_big_dir/install/teleop_msgs/include/teleop_msgs/srv/detail/e_stop_service__type_support.c
[0.437s] -- Up-to-date: /home/ubuntu/software_intro_task_big_dir/install/teleop_msgs/include/teleop_msgs/msg
[0.437s] -- Up-to-date: /home/ubuntu/software_intro_task_big_dir/install/teleop_msgs/include/teleop_msgs/msg/rosidl_typesupport_introspection_c__visibility_control.h
[0.437s] -- Up-to-date: /home/ubuntu/software_intro_task_big_dir/install/teleop_msgs/include/teleop_msgs/msg/detail
[0.437s] -- Up-to-date: /home/ubuntu/software_intro_task_big_dir/install/teleop_msgs/include/teleop_msgs/msg/detail/vehicle_control_data__rosidl_typesupport_introspection_c.h
[0.437s] -- Up-to-date: /home/ubuntu/software_intro_task_big_dir/install/teleop_msgs/include/teleop_msgs/msg/detail/vehicle_control_data__type_support.c
[0.438s] -- Up-to-date: /home/ubuntu/software_intro_task_big_dir/install/teleop_msgs/lib/libteleop_msgs__rosidl_typesupport_introspection_c.so
[0.438s] -- Up-to-date: /home/ubuntu/software_intro_task_big_dir/install/teleop_msgs/lib/libteleop_msgs__rosidl_typesupport_c.so
[0.438s] -- Up-to-date: /home/ubuntu/software_intro_task_big_dir/install/teleop_msgs/include/teleop_msgs
[0.439s] -- Up-to-date: /home/ubuntu/software_intro_task_big_dir/install/teleop_msgs/include/teleop_msgs/srv
[0.439s] -- Up-to-date: /home/ubuntu/software_intro_task_big_dir/install/teleop_msgs/include/teleop_msgs/srv/e_stop_service.hpp
[0.439s] -- Up-to-date: /home/ubuntu/software_intro_task_big_dir/install/teleop_msgs/include/teleop_msgs/srv/detail
[0.439s] -- Up-to-date: /home/ubuntu/software_intro_task_big_dir/install/teleop_msgs/include/teleop_msgs/srv/detail/e_stop_service__traits.hpp
[0.439s] -- Up-to-date: /home/ubuntu/software_intro_task_big_dir/install/teleop_msgs/include/teleop_msgs/srv/detail/e_stop_service__builder.hpp
[0.439s] -- Up-to-date: /home/ubuntu/software_intro_task_big_dir/install/teleop_msgs/include/teleop_msgs/srv/detail/e_stop_service__struct.hpp
[0.439s] -- Up-to-date: /home/ubuntu/software_intro_task_big_dir/install/teleop_msgs/include/teleop_msgs/msg
[0.439s] -- Up-to-date: /home/ubuntu/software_intro_task_big_dir/install/teleop_msgs/include/teleop_msgs/msg/vehicle_control_data.hpp
[0.439s] -- Up-to-date: /home/ubuntu/software_intro_task_big_dir/install/teleop_msgs/include/teleop_msgs/msg/detail
[0.443s] -- Up-to-date: /home/ubuntu/software_intro_task_big_dir/install/teleop_msgs/include/teleop_msgs/msg/detail/vehicle_control_data__struct.hpp
[0.443s] -- Up-to-date: /home/ubuntu/software_intro_task_big_dir/install/teleop_msgs/include/teleop_msgs/msg/detail/vehicle_control_data__traits.hpp
[0.443s] -- Up-to-date: /home/ubuntu/software_intro_task_big_dir/install/teleop_msgs/include/teleop_msgs/msg/detail/vehicle_control_data__builder.hpp
[0.444s] -- Up-to-date: /home/ubuntu/software_intro_task_big_dir/install/teleop_msgs/include/teleop_msgs
[0.444s] -- Up-to-date: /home/ubuntu/software_intro_task_big_dir/install/teleop_msgs/include/teleop_msgs/srv
[0.444s] -- Up-to-date: /home/ubuntu/software_intro_task_big_dir/install/teleop_msgs/include/teleop_msgs/srv/detail
[0.444s] -- Up-to-date: /home/ubuntu/software_intro_task_big_dir/install/teleop_msgs/include/teleop_msgs/srv/detail/e_stop_service__type_support.cpp
[0.444s] -- Up-to-date: /home/ubuntu/software_intro_task_big_dir/install/teleop_msgs/include/teleop_msgs/srv/detail/e_stop_service__rosidl_typesupport_introspection_cpp.hpp
[0.444s] -- Up-to-date: /home/ubuntu/software_intro_task_big_dir/install/teleop_msgs/include/teleop_msgs/msg
[0.444s] -- Up-to-date: /home/ubuntu/software_intro_task_big_dir/install/teleop_msgs/include/teleop_msgs/msg/detail
[0.444s] -- Up-to-date: /home/ubuntu/software_intro_task_big_dir/install/teleop_msgs/include/teleop_msgs/msg/detail/vehicle_control_data__rosidl_typesupport_introspection_cpp.hpp
[0.444s] -- Up-to-date: /home/ubuntu/software_intro_task_big_dir/install/teleop_msgs/include/teleop_msgs/msg/detail/vehicle_control_data__type_support.cpp
[0.445s] -- Up-to-date: /home/ubuntu/software_intro_task_big_dir/install/teleop_msgs/lib/libteleop_msgs__rosidl_typesupport_introspection_cpp.so
[0.445s] -- Up-to-date: /home/ubuntu/software_intro_task_big_dir/install/teleop_msgs/lib/libteleop_msgs__rosidl_typesupport_cpp.so
[0.445s] -- Up-to-date: /home/ubuntu/software_intro_task_big_dir/install/teleop_msgs/share/teleop_msgs/environment/pythonpath.sh
[0.446s] -- Up-to-date: /home/ubuntu/software_intro_task_big_dir/install/teleop_msgs/share/teleop_msgs/environment/pythonpath.dsv
[0.446s] -- Up-to-date: /home/ubuntu/software_intro_task_big_dir/install/teleop_msgs/lib/python3.8/site-packages/teleop_msgs/__init__.py
[0.487s] -- Up-to-date: /home/ubuntu/software_intro_task_big_dir/install/teleop_msgs/lib/python3.8/site-packages/teleop_msgs/msg
[0.487s] -- Up-to-date: /home/ubuntu/software_intro_task_big_dir/install/teleop_msgs/lib/python3.8/site-packages/teleop_msgs/msg/_vehicle_control_data_s.c
[0.487s] -- Up-to-date: /home/ubuntu/software_intro_task_big_dir/install/teleop_msgs/lib/python3.8/site-packages/teleop_msgs/msg/__init__.py
[0.487s] -- Up-to-date: /home/ubuntu/software_intro_task_big_dir/install/teleop_msgs/lib/python3.8/site-packages/teleop_msgs/msg/_vehicle_control_data.py
[0.489s] -- Up-to-date: /home/ubuntu/software_intro_task_big_dir/install/teleop_msgs/lib/python3.8/site-packages/teleop_msgs/srv
[0.489s] -- Up-to-date: /home/ubuntu/software_intro_task_big_dir/install/teleop_msgs/lib/python3.8/site-packages/teleop_msgs/srv/__init__.py
[0.489s] -- Up-to-date: /home/ubuntu/software_intro_task_big_dir/install/teleop_msgs/lib/python3.8/site-packages/teleop_msgs/srv/_e_stop_service_s.c
[0.489s] -- Up-to-date: /home/ubuntu/software_intro_task_big_dir/install/teleop_msgs/lib/python3.8/site-packages/teleop_msgs/srv/_e_stop_service.py
[0.489s] -- Up-to-date: /home/ubuntu/software_intro_task_big_dir/install/teleop_msgs/lib/python3.8/site-packages/teleop_msgs/teleop_msgs_s__rosidl_typesupport_introspection_c.cpython-38-aarch64-linux-gnu.so
[0.491s] -- Up-to-date: /home/ubuntu/software_intro_task_big_dir/install/teleop_msgs/lib/python3.8/site-packages/teleop_msgs/teleop_msgs_s__rosidl_typesupport_c.cpython-38-aarch64-linux-gnu.so
[0.492s] -- Up-to-date: /home/ubuntu/software_intro_task_big_dir/install/teleop_msgs/lib/libteleop_msgs__python.so
[0.492s] -- Up-to-date: /home/ubuntu/software_intro_task_big_dir/install/teleop_msgs/share/teleop_msgs/msg/VehicleControlData.idl
[0.492s] -- Up-to-date: /home/ubuntu/software_intro_task_big_dir/install/teleop_msgs/share/teleop_msgs/srv/EStopService.idl
[0.492s] -- Up-to-date: /home/ubuntu/software_intro_task_big_dir/install/teleop_msgs/share/teleop_msgs/msg/VehicleControlData.msg
[0.492s] -- Up-to-date: /home/ubuntu/software_intro_task_big_dir/install/teleop_msgs/share/teleop_msgs/srv/EStopService.srv
[0.495s] -- Up-to-date: /home/ubuntu/software_intro_task_big_dir/install/teleop_msgs/share/teleop_msgs/srv/EStopService_Request.msg
[0.495s] -- Up-to-date: /home/ubuntu/software_intro_task_big_dir/install/teleop_msgs/share/teleop_msgs/srv/EStopService_Response.msg
[0.495s] -- Up-to-date: /home/ubuntu/software_intro_task_big_dir/install/teleop_msgs/share/ament_index/resource_index/package_run_dependencies/teleop_msgs
[0.495s] -- Up-to-date: /home/ubuntu/software_intro_task_big_dir/install/teleop_msgs/share/ament_index/resource_index/parent_prefix_path/teleop_msgs
[0.495s] -- Up-to-date: /home/ubuntu/software_intro_task_big_dir/install/teleop_msgs/share/teleop_msgs/environment/ament_prefix_path.sh
[0.495s] -- Up-to-date: /home/ubuntu/software_intro_task_big_dir/install/teleop_msgs/share/teleop_msgs/environment/ament_prefix_path.dsv
[0.496s] -- Up-to-date: /home/ubuntu/software_intro_task_big_dir/install/teleop_msgs/share/teleop_msgs/environment/path.sh
[0.496s] -- Up-to-date: /home/ubuntu/software_intro_task_big_dir/install/teleop_msgs/share/teleop_msgs/environment/path.dsv
[0.496s] -- Up-to-date: /home/ubuntu/software_intro_task_big_dir/install/teleop_msgs/share/teleop_msgs/local_setup.bash
[0.496s] -- Up-to-date: /home/ubuntu/software_intro_task_big_dir/install/teleop_msgs/share/teleop_msgs/local_setup.sh
[0.496s] -- Up-to-date: /home/ubuntu/software_intro_task_big_dir/install/teleop_msgs/share/teleop_msgs/local_setup.zsh
[0.496s] -- Up-to-date: /home/ubuntu/software_intro_task_big_dir/install/teleop_msgs/share/teleop_msgs/local_setup.dsv
[0.496s] -- Installing: /home/ubuntu/software_intro_task_big_dir/install/teleop_msgs/share/teleop_msgs/package.dsv
[0.497s] -- Up-to-date: /home/ubuntu/software_intro_task_big_dir/install/teleop_msgs/share/ament_index/resource_index/packages/teleop_msgs
[0.497s] -- Up-to-date: /home/ubuntu/software_intro_task_big_dir/install/teleop_msgs/share/teleop_msgs/cmake/teleop_msgs__rosidl_generator_cExport.cmake
[0.497s] -- Up-to-date: /home/ubuntu/software_intro_task_big_dir/install/teleop_msgs/share/teleop_msgs/cmake/teleop_msgs__rosidl_generator_cExport-noconfig.cmake
[0.497s] -- Up-to-date: /home/ubuntu/software_intro_task_big_dir/install/teleop_msgs/share/teleop_msgs/cmake/teleop_msgs__rosidl_typesupport_introspection_cExport.cmake
[0.497s] -- Up-to-date: /home/ubuntu/software_intro_task_big_dir/install/teleop_msgs/share/teleop_msgs/cmake/teleop_msgs__rosidl_typesupport_introspection_cExport-noconfig.cmake
[0.498s] -- Up-to-date: /home/ubuntu/software_intro_task_big_dir/install/teleop_msgs/share/teleop_msgs/cmake/teleop_msgs__rosidl_typesupport_cExport.cmake
[0.498s] -- Up-to-date: /home/ubuntu/software_intro_task_big_dir/install/teleop_msgs/share/teleop_msgs/cmake/teleop_msgs__rosidl_typesupport_cExport-noconfig.cmake
[0.499s] -- Up-to-date: /home/ubuntu/software_intro_task_big_dir/install/teleop_msgs/share/teleop_msgs/cmake/teleop_msgs__rosidl_generator_cppExport.cmake
[0.500s] -- Up-to-date: /home/ubuntu/software_intro_task_big_dir/install/teleop_msgs/share/teleop_msgs/cmake/teleop_msgs__rosidl_typesupport_introspection_cppExport.cmake
[0.500s] -- Up-to-date: /home/ubuntu/software_intro_task_big_dir/install/teleop_msgs/share/teleop_msgs/cmake/teleop_msgs__rosidl_typesupport_introspection_cppExport-noconfig.cmake
[0.500s] -- Up-to-date: /home/ubuntu/software_intro_task_big_dir/install/teleop_msgs/share/teleop_msgs/cmake/teleop_msgs__rosidl_typesupport_cppExport.cmake
[0.500s] -- Up-to-date: /home/ubuntu/software_intro_task_big_dir/install/teleop_msgs/share/teleop_msgs/cmake/teleop_msgs__rosidl_typesupport_cppExport-noconfig.cmake
[0.501s] -- Up-to-date: /home/ubuntu/software_intro_task_big_dir/install/teleop_msgs/share/teleop_msgs/cmake/rosidl_cmake-extras.cmake
[0.501s] -- Up-to-date: /home/ubuntu/software_intro_task_big_dir/install/teleop_msgs/share/teleop_msgs/cmake/ament_cmake_export_dependencies-extras.cmake
[0.501s] -- Up-to-date: /home/ubuntu/software_intro_task_big_dir/install/teleop_msgs/share/teleop_msgs/cmake/ament_cmake_export_libraries-extras.cmake
[0.501s] -- Up-to-date: /home/ubuntu/software_intro_task_big_dir/install/teleop_msgs/share/teleop_msgs/cmake/ament_cmake_export_targets-extras.cmake
[0.501s] -- Up-to-date: /home/ubuntu/software_intro_task_big_dir/install/teleop_msgs/share/teleop_msgs/cmake/ament_cmake_export_include_directories-extras.cmake
[0.501s] -- Up-to-date: /home/ubuntu/software_intro_task_big_dir/install/teleop_msgs/share/teleop_msgs/cmake/rosidl_cmake_export_typesupport_targets-extras.cmake
[0.502s] -- Up-to-date: /home/ubuntu/software_intro_task_big_dir/install/teleop_msgs/share/teleop_msgs/cmake/teleop_msgsConfig.cmake
[0.502s] -- Up-to-date: /home/ubuntu/software_intro_task_big_dir/install/teleop_msgs/share/teleop_msgs/cmake/teleop_msgsConfig-version.cmake
[0.503s] -- Up-to-date: /home/ubuntu/software_intro_task_big_dir/install/teleop_msgs/share/teleop_msgs/package.xml
[0.508s] Invoked command in '/home/ubuntu/software_intro_task_big_dir/build/teleop_msgs' returned '0': CMAKE_PREFIX_PATH=/opt/ros/galactic /usr/bin/cmake --install /home/ubuntu/software_intro_task_big_dir/build/teleop_msgs
